0 0 0.0 0.0 0.0 0.0 0 0 0 0.0 0.0001208 0.0 0.0 
10000 16 167.727 -6.0 -0.098 0.4802 0 0 0 0.0 -0.0202518 0.0 0.0042692 
20000 29 302.642 -12.0 -0.175 0.8621 0 0 0 0.0 0.0121363 0.0 0.0026516 
30000 174 75.188 -130.0 -0.703 0.5789 0 0 0 0.0014454 0.0032959 0.0004781 0.0169169 
40000 264 136.965 -204.0 -0.765 1.1942 0 0 0 0.0014568 0.0053368 0.0003628 0.1341166 
50000 274 294.837 -204.0 -0.625 2.5866 0 0 0 0.0013095 -0.0058511 0.0002317 0.0976193 
60000 284 423.831 -204.0 -0.511 3.7048 0 0 0 0.0011652 -0.045246 0.0001511 0.10365 
70000 294 529.228 -204.0 -0.417 4.6494 0 0 0 0.00102 0.0856047 0.0001055 0.1185964 
80000 348 324.713 -245.0 -0.593 2.8734 0 0 0 0.0010873 0.0489011 8.55e-05 0.0996582 
90000 359 446.025 -244.0 -0.456 3.9446 0 0 0 0.0011464 -0.0469005 6.69e-05 -0.0428343 
100000 380 467.782 -256.0 -0.485 4.1254 0 0 0 0.0011693 0.0851678 5.28e-05 0.1461508 
110000 393 529.907 -256.0 -0.374 4.6778 0 0 0 0.0012433 -0.0372738 4.76e-05 0.1589566 
120000 406 582.145 -254.0 -0.251 5.12 0 0 0 0.0012692 0.104267 4.14e-05 0.0994707 
130000 425 565.047 -249.0 -0.086 4.9935 0 0 0 0.0013455 0.1761048 3e-05 0.0960257 
140000 456 457.84 -254.0 -0.092 4.03 0 0 0 0.0013467 -0.000664 2.55e-05 0.1179108 
150000 475 463.659 -250.0 0.007 4.0793 0 0 0 0.0013689 -0.0709916 2.19e-05 -0.132666 
160000 490 524.102 -246.0 0.07 4.6392 0 0 0 0.0014082 -0.0796745 2.11e-05 0.1394747 
170000 505 570.929 -241.0 0.136 5.0553 0 0 0 0.0013754 0.1446495 2.21e-05 -0.1806042 
180000 525 528.069 -242.0 0.061 4.6818 0 0 0 0.0013827 -0.0653883 1.69e-05 -0.0962803 
190000 538 586.936 -243.0 0.023 5.1954 0 0 0 0.0013845 -0.0946213 1.54e-05 -0.0175896 
200000 556 570.344 -236.0 0.128 5.0461 0 0 0 0.0014002 0.0178252 1.43e-05 -0.0521782 
210000 592 423.272 -232.0 0.143 3.746 0 0 0 0.0013151 0.2171505 1.76e-05 0.063442 
220000 615 436.099 -235.0 0.033 3.8537 0 0 0 0.0012726 -0.1081379 1.54e-05 0.2070626 
230000 637 438.897 -225.0 0.178 3.8641 0 0 0 0.0012479 -0.0117729 1.61e-05 0.0959247 
240000 693 250.704 -238.0 -0.097 2.2291 0 0 0 0.0012465 -0.0166283 1.23e-05 0.0464147 
250000 745 213.02 -256.0 -0.261 1.9039 0 0 0 0.0012494 -0.0704213 1.06e-05 0.0496945 
260000 804 161.359 -270.0 -0.298 1.4429 0 0 0 0.001227 -0.0011951 8.8e-06 -0.105254 
270000 856 173.413 -292.0 -0.391 1.5509 0 0 0 0.0012101 0.0396873 7.1e-06 0.0625582 
280000 897 219.238 -314.0 -0.468 1.9509 0 0 0 0.0011516 0.0028029 7.2e-06 0.0456607 
290000 934 249.506 -290.0 0.125 2.2022 0 0 0 0.0010748 -0.0885766 6.5e-06 0.0712996 
300000 1027 138.041 -244.0 0.412 1.2392 0 0 0 0.0010421 -0.0691873 7.8e-06 0.0599181 
310000 1111 127.284 -206.0 0.424 1.1507 0 0 0 0.0009809 0.0274846 5.8e-06 0.0602765 
320000 1185 122.35 -178.0 0.281 1.0971 0 0 0 0.000964 0.0259522 7.5e-06 -0.004019 
330000 1294 98.616 -193.0 -0.062 0.8802 0 0 0 0.0009325 -0.0647493 5.7e-06 0.0667714 
340000 1373 115.845 -172.0 0.244 1.0324 0 0 0 0.0009055 -0.0845947 5.2e-06 0.0532319 
350000 1505 67.782 -73.0 0.792 0.6163 0 0 0 0.0008791 -0.0035913 6.1e-06 0.0059327 
360000 1622 74.404 31.0 0.924 0.6673 0 0 0 0.0008465 0.0568838 6.6e-06 -0.0749166 
370000 1798 49.812 198.0 0.948 0.4559 0 0 0 0.0008385 0.0340659 5.2e-06 -0.0338791 
380000 1974 46.626 372.0 0.996 0.4213 0 0 0 0.0008233 0.045209 4.9e-06 0.0244708 
390000 2156 51.928 554.0 1.0 0.4765 0 0 0 0.0007899 -0.0481541 9.1e-06 -0.0497915 
400000 2360 49.652 757.0 0.996 0.4519 0 0 0 0.0007634 -0.0170421 4.6e-06 0.0229136 
410000 2573 47.504 962.0 0.959 0.4306 0 0 0 0.0007569 0.1381293 3.9e-06 0.0434336 
420000 2717 58.199 1103.0 0.99 0.5272 0 0 0 0.0007188 0.0920451 4.2e-06 0.0289051 
430000 2860 79.104 1243.0 0.952 0.7152 0 0 0 0.0006769 -0.074158 5e-06 -0.0331151 
440000 3076 45.94 1459.0 0.999 0.4196 0 0 0 0.0006553 0.0372515 3.2e-06 0.0060593 
450000 3296 49.626 1679.0 1.0 0.4552 0 0 0 0.0006188 0.0350026 2.9e-06 0.0401931 
460000 3490 61.303 1872.0 0.981 0.5581 0 0 0 0.0006024 0.0043831 3e-06 -0.1080344 
470000 3689 47.126 2068.0 0.995 0.4357 0 0 0 0.0005604 -0.0171541 4.6e-06 0.0352395 
480000 3923 51.534 2302.0 1.0 0.4675 0 0 0 0.0005411 0.016593 3.7e-06 0.0179297 
490000 4115 55.798 2491.0 0.982 0.5094 0 0 0 0.0005113 0.0585797 5.2e-06 -0.0485849 
500000 4364 38.514 2740.0 1.0 0.3546 0 0 0 0.0004959 -0.0352968 3.8e-06 -0.0278574 
510000 4624 38.557 2998.0 0.96 0.3548 0 0 0 0.0004855 0.1274677 6.8e-06 -0.0099344 
520000 4881 41.27 3255.0 1.0 0.3844 0 0 0 0.0004687 -0.0073824 3.3e-06 -0.01741 
530000 5118 40.618 3491.0 0.997 0.3729 0 0 0 0.0004394 0.0050117 3.6e-06 0.0027509 
540000 5353 42.282 3724.0 0.967 0.3926 0 0 0 0.0004122 -0.026025 5.2e-06 0.0210119 
550000 5568 42.821 3933.0 0.927 0.3926 0 0 0 0.000393 -0.005389 4.7e-06 -0.004179 
560000 5822 38.074 4187.0 1.0 0.3496 0 0 0 0.0003781 -0.0424283 2e-06 -0.0049325 
570000 6044 46.002 4406.0 0.991 0.4242 0 0 0 0.0003561 -0.0387547 4.4e-06 0.0008864 
580000 6266 44.934 4623.0 0.992 0.4169 0 0 0 0.0003301 0.0224262 2.3e-06 -0.0629345 
590000 6513 42.886 4868.0 1.0 0.3811 0 0 0 0.0003157 0.2629197 4.2e-06 -0.0278497 
600000 6741 43.361 5095.0 0.999 0.3972 0 0 0 0.0003096 -0.0118619 2.8e-06 -0.0344506 
610000 6995 41.361 5343.0 0.977 0.3807 0 0 0 0.0002944 -0.0351107 1.1e-06 -0.0431826 
620000 7231 39.229 5576.0 0.997 0.3633 0 0 0 0.0002906 -0.017503 2.7e-06 0.0019117 
630000 7447 46.991 5791.0 1.0 0.4365 0 0 0 0.0002716 0.0597348 3.4e-06 0.0630607 
640000 7675 47.63 6017.0 0.999 0.441 0 0 0 0.0002715 0.0013577 1.8e-06 -0.000441 
650000 7918 42.674 6260.0 1.0 0.3847 0 0 0 0.0002708 0.0596685 2.8e-06 -0.0077925 
660000 8077 56.679 6414.0 0.972 0.5153 0 0 0 0.0002572 -0.0121921 2.5e-06 -0.0672413 
670000 8301 43.955 6634.0 0.969 0.4064 0 0 0 0.0002617 -0.0146747 2.6e-06 -0.0403653 
680000 8547 41.521 6874.0 0.963 0.3789 0 0 0 0.0002674 -0.0530754 3.1e-06 -0.0578217 
690000 8765 50.05 7088.0 0.962 0.4527 0 0 0 0.0002709 -0.0012072 5.5e-06 -0.0226145 
700000 8970 51.711 7289.0 0.995 0.4783 0 0 0 0.0002614 -0.0379411 1.23e-05 -0.0165218 
710000 9192 43.53 7509.0 0.997 0.4022 0 0 0 0.0002633 -0.0398134 2.6e-06 -0.0434255 
720000 9381 54.832 7689.0 0.923 0.5053 0 0 0 0.0002578 0.1762453 8.9e-06 -0.0404357 
730000 9580 52.257 7885.0 0.985 0.4772 0 0 0 0.0002644 -0.0371623 3.2e-06 -0.0142583 
740000 9789 46.189 8089.0 0.968 0.4173 0 0 0 0.0002692 -0.0142233 2.7e-06 0.0047434 
750000 10002 49.803 8300.0 0.995 0.4565 0 0 0 0.0002709 0.038829 2.1e-06 -0.0230984 
760000 10220 44.458 8518.0 1.0 0.407 0 0 0 0.0002643 -0.0300497 5e-06 -0.0058473 
770000 10439 47.285 8737.0 1.0 0.4394 0 0 0 0.0002574 -0.0037296 3.3e-06 0.0235374 
780000 10651 45.324 8945.0 0.998 0.4207 0 0 0 0.0002623 -0.0242402 2.6e-06 -0.0498554 
790000 10853 50.643 9147.0 1.0 0.4648 0 0 0 0.0002628 -0.0346097 1.5e-06 -0.0113677 
800000 11067 42.774 9359.0 0.999 0.3933 0 0 0 0.000266 -0.0420307 8.1e-06 -0.0017661 
810000 11289 42.783 9577.0 0.983 0.3932 0 0 0 0.0002601 -0.0433907 1.8e-06 0.0410328 
820000 11503 46.235 9786.0 0.977 0.4196 0 0 0 0.0002567 -0.0182138 1.2e-06 -0.0408986 
830000 11718 42.096 10001.0 1.0 0.3852 0 0 0 0.0002572 -0.0170794 2.9e-06 -0.0020999 
840000 11932 48.535 10215.0 1.0 0.438 0 0 0 0.0002552 -0.0731346 3.8e-06 0.1639111 
850000 12153 42.363 10436.0 1.0 0.3846 0 0 0 0.0002548 0.0109057 9e-07 0.0105212 
860000 12367 48.232 10648.0 0.999 0.4458 0 0 0 0.0002553 0.0039898 2.9e-06 -0.0137038 
870000 12564 56.815 10841.0 0.986 0.517 0 0 0 0.0002604 -0.0294549 1.4e-06 -0.0156238 
880000 12778 46.95 11055.0 1.0 0.4335 0 0 0 0.0002514 0.1511603 1.2e-06 0.0690835 
890000 12931 64.737 11205.0 0.964 0.5926 0 0 0 0.0002393 0.27471 1.2e-06 0.1232788 
900000 13120 52.866 11388.0 0.972 0.4865 0 0 0 0.0002534 -0.0849997 1.2e-06 0.1157883 
910000 13324 58.299 11590.0 0.985 0.5322 0 0 0 0.0002388 -0.0473735 4.3e-06 -0.0126636 
920000 13524 49.286 11785.0 0.954 0.455 0 0 0 0.0002374 -0.0369738 2e-06 -0.0415163 
930000 13754 44.708 12011.0 0.987 0.4116 0 0 0 0.0002359 -0.0411205 1.5e-06 -0.0271648 
940000 13969 47.964 12220.0 0.975 0.4399 0 0 0 0.0002315 0.1840991 1.3e-06 0.0364215 
950000 14142 63.576 12388.0 0.982 0.5838 0 0 0 0.0002357 -0.0142241 3.4e-06 -0.0887889 
960000 14337 51.615 12579.0 0.986 0.4718 0 0 0 0.0002293 -0.052276 1.5e-06 -0.0036594 
970000 14508 50.054 12748.0 0.996 0.4593 0 0 0 0.0002329 0.1241448 4.3e-06 0.0226334 
980000 14687 60.396 12919.0 0.973 0.5506 0 0 0 0.0002333 -0.0345272 4.1e-06 -0.0650283 
990000 14883 50.725 13111.0 0.997 0.4583 0 0 0 0.0002326 0.0763142 2.2e-06 0.094976 
