MultiEnvParallel
env_name		   =  basic.wad
envs_count      =  128
threads_count   =  16




model_ppo
Sequential(
  (0): Conv2d(3, 16, kernel_size=(3, 3), stride=(2, 2), padding=(1, 1))
  (1): ReLU()
  (2): Conv2d(16, 32, kernel_size=(3, 3), stride=(2, 2), padding=(1, 1))
  (3): ReLU()
  (4): Conv2d(32, 64, kernel_size=(3, 3), stride=(2, 2), padding=(1, 1))
  (5): ReLU()
  (6): Conv2d(64, 64, kernel_size=(3, 3), stride=(1, 1), padding=(1, 1))
  (7): ReLU()
  (8): Flatten(start_dim=1, end_dim=-1)
  (9): Linear(in_features=8192, out_features=512, bias=True)
)
GRUCell(512, 256)
ModelFC(
  (act0): ReLU()
  (lin0): Linear(in_features=768, out_features=512, bias=True)
  (act1): ReLU()
  (lin1): Linear(in_features=512, out_features=12, bias=True)
)
ModelCritic(
  (act0): ReLU()
  (hidden): Linear(in_features=768, out_features=512, bias=True)
  (act1): ReLU()
  (value): Linear(in_features=512, out_features=1, bias=True)
)
ModelFC(
  (act0): ReLU()
  (lin0): Linear(in_features=512, out_features=512, bias=True)
  (act1): ReLU()
  (lin1): Linear(in_features=512, out_features=512, bias=True)
)



starting training
128 3 3 0.0 0.0 5.08 -0.0010162 0.0005496  {} 
256 3 3 0.0 0.0 4.88 -0.0001075 4.18e-05  {} 
384 3 3 0.0 0.0 4.79 -0.0010415 0.0006173  {} 
512 3 3 0.0 0.0 4.69 -0.0010151 0.0008964  {} 
640 3 3 0.0 0.0 4.46 -0.0010729 0.0007012  {} 
768 3 3 0.0 0.0 4.47 -0.0021599 0.0012354  {} 
896 3 3 0.0 0.0 4.53 -0.0009103 0.0005376  {} 
1024 3 3 0.0 0.0 4.48 9.23e-05 4.21e-05  {} 
1152 3 3 0.0 0.0 4.65 0.0001758 3.5e-06  {} 
1280 4 4 0.0 0.0 4.63 0.0001324 5e-07  {} 
1408 4 4 0.0 0.0 4.8 -0.0019879 0.0010154  {} 
1536 4 4 0.0 0.0 4.73 -0.0019897 0.0011158  {} 
1664 4 4 0.0 0.0 4.99 -0.0019472 0.0013514  {} 
1792 5 5 0.0 0.0 5.0 -0.0029617 0.0020288  {} 
1920 6 6 0.0 0.0 5.15 -0.0018006 0.0011824  {} 
2048 6 6 0.0 0.0 5.11 -0.0013987 0.0010768  {} 
2176 6 6 0.0 0.0 4.98 0.0005746 8.44e-05  {} 
2304 6 6 0.0 0.0 4.83 -0.0029049 0.0020501  {} 
2432 6 6 0.0 0.0 4.88 -0.000347 0.0010831  {} 
2560 6 6 0.0 0.0 4.83 -0.0008356 0.0012762  {} 
2688 6 6 0.0 0.0 4.67 -8.21e-05 0.0010505  {} 
2816 6 6 0.0 0.0 4.66 -0.0015166 0.0020566  {} 
2944 6 6 0.0 0.0 4.36 -0.0016498 0.001901  {} 
3072 7 7 0.0 0.0 4.34 0.0006311 0.0006847  {} 
3200 8 8 0.0 0.0 4.29 -0.0005239 0.0013763  {} 
3328 8 8 0.0 0.0 4.25 -0.0014941 0.0016416  {} 
3456 8 8 0.0 0.0 4.28 -0.003101 0.0028619  {} 
3584 8 8 0.0 0.0 4.51 -0.008739 0.006627  {} 
3712 8 8 0.0 0.0 4.54 -0.0015743 0.0028806  {} 
3840 8 8 0.0 0.0 4.44 0.0007483 0.0014347  {} 
3968 8 8 0.0 0.0 4.49 -0.0017937 0.0019579  {} 
4096 8 8 0.0 0.0 4.48 -0.0035723 0.0035603  {} 
4224 8 8 0.0 0.0 4.48 -0.0006644 0.0028957  {} 
4352 9 9 0.0 0.0 4.67 -0.0003854 0.0042513  {} 
4480 9 9 0.0 0.0 4.67 0.0019177 0.0030541  {} 
4608 13 13 0.1 0.1 4.58 -0.0049461 0.0054077  {} 
4736 19 19 0.05314410000000002 0.05314410000000002 4.85 -0.0053542 0.0066287  {} 
4864 20 20 0.04782969000000002 0.04782969000000002 4.77 -0.0065441 0.0070797  {} 
4992 21 21 0.043046721000000024 0.043046721000000024 4.61 -0.0122401 0.0111235  {} 
5120 26 26 0.025418658283290013 0.025418658283290013 4.77 -0.0106133 0.0126246  {} 
5248 28 28 0.020589113209464913 0.020589113209464913 4.72 -0.0042629 0.0100182  {} 
5376 35 35 0.009847709021836121 0.009847709021836121 4.54 -0.0031593 0.0107152  {} 
5504 38 38 0.007178979876918534 0.007178979876918534 4.51 -0.0097602 0.0152433  {} 
5632 39 39 0.006461081889226681 0.006461081889226681 4.45 -0.0083939 0.0142962  {} 
5760 41 41 0.09523347633027361 0.09523347633027361 4.49 -0.0136783 0.0176311  {} 
5888 45 45 0.15248268382029254 0.15248268382029254 4.29 -0.0231996 0.0220832  {} 
6016 47 47 0.12351097389443697 0.12351097389443697 4.18 -0.0310078 0.0296041  {} 
6144 50 50 0.09003949996904455 0.09003949996904455 4.07 -0.018982 0.0280337  {} 



saving new best with score =  0.04541360100501479



6272 51 51 0.08103554997214009 0.08103554997214009 4.12 -0.0120079 0.0304203  {} 



saving new best with score =  0.046872240904513314






saving new best with score =  0.04818501681406198






saving new best with score =  0.04936651513265579






saving new best with score =  0.05042986361939021






saving new best with score =  0.05138687725745119






saving new best with score =  0.052248189531706075






saving new best with score =  0.05302337057853548



6400 58 58 0.0387590523414697 0.0387590523414697 4.15 -0.0176593 0.034934  {} 



saving new best with score =  0.05572103352068192






saving new best with score =  0.06014893016861374






saving new best with score =  0.06413403715175235



6528 61 61 0.19925534915693144 0.19925534915693144 4.22 -0.0222482 0.0405541  {} 



saving new best with score =  0.06972063343657713






saving new best with score =  0.0727485700929194






saving new best with score =  0.07747371308362748






saving new best with score =  0.08172634177526474






saving new best with score =  0.08555370759773828



6656 66 66 0.26426829112367656 0.26426829112367656 4.27 -0.0190139 0.0386056  {} 



saving new best with score =  0.09099833683796446






saving new best with score =  0.09589850315416802






saving new best with score =  0.10230865283875122



6784 69 69 0.3736515842291602 0.3736515842291602 4.28 -0.0086553 0.0401931  {} 



saving new best with score =  0.11007778755487613






saving new best with score =  0.11707000879938852






saving new best with score =  0.12336300791944967



6912 72 72 0.35339200490305783 0.35339200490305783 4.36 -0.0230023 0.0443259  {} 



saving new best with score =  0.1310267071275047



7040 73 73 0.41805280441275205 0.41805280441275205 4.29 -0.0153054 0.0425729  {} 



saving new best with score =  0.13992403641475426






saving new best with score =  0.1499316327732788






saving new best with score =  0.16093846949595092



7168 76 76 0.5757604944168963 0.5757604944168963 4.36 -0.0203586 0.0473305  {} 



saving new best with score =  0.17084462254635582






saving new best with score =  0.18176016029172026






saving new best with score =  0.19158414426254822






saving new best with score =  0.20042572983629342






saving new best with score =  0.21038315685266412






saving new best with score =  0.21934484116739766



7296 82 82 0.46159273291340985 0.46159273291340985 4.38 -0.0305753 0.0507291  {} 



saving new best with score =  0.22941035705065793






saving new best with score =  0.23846932134559218



7424 84 84 0.463890113659862 0.463890113659862 4.31 -0.0255715 0.050838  {} 



saving new best with score =  0.2486223892110329






saving new best with score =  0.25776015028992966






saving new best with score =  0.2679841352609367



7552 87 87 0.5191758928580394 0.5191758928580394 4.24 -0.0367146 0.0524383  {} 
7680 87 87 0.5191758928580394 0.5191758928580394 4.22 -0.0194781 0.0504832  {} 



saving new best with score =  0.279185721734843






saving new best with score =  0.2912671495613587






saving new best with score =  0.3021404346052229






saving new best with score =  0.31392639114470056



7808 91 91 0.6845313033041597 0.6845313033041597 4.18 -0.0267566 0.0492064  {} 



saving new best with score =  0.32653375203023055






saving new best with score =  0.3378803768272075






saving new best with score =  0.3480923391444868






saving new best with score =  0.3592831052300381



7936 95 95 0.7120209880978592 0.7120209880978592 4.2 -0.0388727 0.0540342  {} 



saving new best with score =  0.3713547947070343






saving new best with score =  0.3822193152363309






saving new best with score =  0.3939973837126978






saving new best with score =  0.40459764534142806






saving new best with score =  0.41613788080728525






saving new best with score =  0.4285240927265567






saving new best with score =  0.4416716834539011



8064 102 102 0.730311531342143 0.730311531342143 4.25 -0.0460462 0.0519902  {} 



saving new best with score =  0.455504515108511






saving new best with score =  0.46995406359765984






saving new best with score =  0.4849586572378939






saving new best with score =  0.4984627915141045






saving new best with score =  0.5126165123626941



8192 107 107 0.750751656142222 0.750751656142222 4.18 -0.037932 0.0545198  {} 



saving new best with score =  0.5273548611264247






saving new best with score =  0.5386193750137822



8320 109 109 0.6981088414751997 0.6981088414751997 4.22 -0.0350734 0.0468243  {} 



saving new best with score =  0.548757437512404






saving new best with score =  0.5598816937611637






saving new best with score =  0.5698935243850474






saving new best with score =  0.5809041719465425






saving new best with score =  0.5908137547518882






saving new best with score =  0.5997323792766995






saving new best with score =  0.6097591413490295



8448 116 116 0.7656063947401794 0.7656063947401794 4.17 -0.036937 0.0389703  {} 



saving new best with score =  0.6187832272141265






saving new best with score =  0.6289049044927139






saving new best with score =  0.6380144140434425






saving new best with score =  0.6462129726390983






saving new best with score =  0.6555916753751885






saving new best with score =  0.6660325078376697



8576 122 122 0.8754336280271157 0.8754336280271157 4.15 -0.0185951 0.039419  {} 



saving new best with score =  0.6754292570539028






saving new best with score =  0.6838863313485125






saving new best with score =  0.6914976982136612






saving new best with score =  0.6983479283922952






saving new best with score =  0.7065131355530656



8704 127 127 0.9264448030137316 0.9264448030137316 4.09 -0.0356717 0.0308207  {} 



saving new best with score =  0.713861821997759






saving new best with score =  0.7224756397979831






saving new best with score =  0.7322280758181848






saving new best with score =  0.7410052682363664






saving new best with score =  0.7509047414127298



8832 132 132 0.9565663917315783 0.9565663917315783 4.19 -0.0163645 0.0318094  {} 



saving new best with score =  0.7598142672714567






saving new best with score =  0.7698328405443111






saving new best with score =  0.77884955648988






saving new best with score =  0.788964600840892






saving new best with score =  0.7980681407568028






saving new best with score =  0.8062613266811225



8960 138 138 0.9769175997882217 0.9769175997882217 4.22 -0.0347164 0.0278365  {} 



saving new best with score =  0.8136351940130103






saving new best with score =  0.8202716746117094






saving new best with score =  0.8262445071505382






saving new best with score =  0.8316200564354844






saving new best with score =  0.8384580507919361






saving new best with score =  0.8446122457127424



9088 144 144 0.9877330661490523 0.9877330661490523 4.17 -0.017118 0.0270607  {} 



saving new best with score =  0.8501510211414682






saving new best with score =  0.8551359190273214






saving new best with score =  0.8616223271245893






saving new best with score =  0.8674600944121303






saving new best with score =  0.8747140849709173



9216 149 149 0.9927564982303538 0.9927564982303538 4.15 -0.0241781 0.0251871  {} 



saving new best with score =  0.8812426764738255






saving new best with score =  0.887118408826443






saving new best with score =  0.8924065679437986






saving new best with score =  0.8971659111494188






saving new best with score =  0.901449320034477






saving new best with score =  0.9053043880310292






saving new best with score =  0.9107739492279263






saving new best with score =  0.9156965543051336



9344 157 157 0.9968819100025903 0.9968819100025903 4.12 -0.0183519 0.0242259  {} 



saving new best with score =  0.9201268988746203






saving new best with score =  0.9261142089871582






saving new best with score =  0.9315027880884424






saving new best with score =  0.9363525092795981



9472 161 161 0.9979542211526995 0.9979542211526995 4.16 -0.0158636 0.0179171  {} 



saving new best with score =  0.9407172583516383






saving new best with score =  0.9446455325164744






saving new best with score =  0.948180979264827






saving new best with score =  0.9533628813383443






saving new best with score =  0.9580265932045099






saving new best with score =  0.9622239338840589



9600 167 167 0.9989127892436116 0.9989127892436116 4.23 -0.022566 0.0163564  {} 



saving new best with score =  0.9660015404956529






saving new best with score =  0.9694013864460876






saving new best with score =  0.9724612478014789






saving new best with score =  0.9752151230213311






saving new best with score =  0.9776936107191979






saving new best with score =  0.9799242496472782



9728 173 173 0.9994222116284143 0.9994222116284143 4.17 -0.0168214 0.0139078  {} 



saving new best with score =  0.9819318246825501






saving new best with score =  0.9837386422142952






saving new best with score =  0.9853647779928657






saving new best with score =  0.986828300193579






saving new best with score =  0.9881454701742212






saving new best with score =  0.989330923156799



9856 179 179 0.9997236456130144 0.9997236456130144 4.2 -0.0164313 0.0141697  {} 



saving new best with score =  0.9903978308411192






saving new best with score =  0.9913580477570072






saving new best with score =  0.9922222429813066






saving new best with score =  0.9930000186831758






saving new best with score =  0.9937000168148583






saving new best with score =  0.9943300151333725






saving new best with score =  0.9948970136200351



9984 186 186 0.9998531339482261 0.9998531339482261 4.18 -0.0141287 0.0141412  {} 



saving new best with score =  0.9954073122580316






saving new best with score =  0.9958665810322285






saving new best with score =  0.9962799229290056






saving new best with score =  0.996651930636105






saving new best with score =  0.9969867375724943






saving new best with score =  0.997288063815245






saving new best with score =  0.9975592574337206






saving new best with score =  0.9978033316903485



10112 194 194 0.9999367789804492 0.9999367789804492 4.27 -0.0248571 0.0108942  {} 



saving new best with score =  0.9980229985213136






saving new best with score =  0.9982206986691822






saving new best with score =  0.9983986288022639






saving new best with score =  0.9985587659220375






saving new best with score =  0.9987028893298338






saving new best with score =  0.9988326003968504






saving new best with score =  0.9989493403571654



10240 201 201 0.9999697615823339 0.9999697615823339 4.25 -0.0052454 0.0126617  {} 



saving new best with score =  0.9990544063214489






saving new best with score =  0.999148965689304






saving new best with score =  0.9992340691203736






saving new best with score =  0.9993106622083363






saving new best with score =  0.9993795959875027






saving new best with score =  0.9994416363887524






saving new best with score =  0.9994974727498771






saving new best with score =  0.9995477254748895






saving new best with score =  0.9995929529274004






saving new best with score =  0.9996336576346604



10368 211 211 0.999989456515697 0.999989456515697 4.33 -0.0191152 0.0125489  {} 



saving new best with score =  0.9996702918711944






saving new best with score =  0.999703262684075






saving new best with score =  0.9997329364156674






saving new best with score =  0.9997596427741007






saving new best with score =  0.9997836784966906






saving new best with score =  0.9998053106470215






saving new best with score =  0.9998247795823193






saving new best with score =  0.9998423016240874






saving new best with score =  0.9998580714616787



10496 220 220 0.9999959152381555 0.9999959152381555 4.39 -0.0228027 0.011244  {} 



saving new best with score =  0.9998722643155108






saving new best with score =  0.9998850378839598






saving new best with score =  0.9998965340955638






saving new best with score =  0.9999068806860074






saving new best with score =  0.9999161926174067






saving new best with score =  0.999924573355666






saving new best with score =  0.9999321160200995






saving new best with score =  0.9999389044180894






saving new best with score =  0.9999450139762806






