0 0 0.0 0.0 0.0 0.0 0 0 0 0.0 0.0017981 0.0 0.0 
1000 0 0.0 0.0 0.0 0.0 0 0 0 0.0092207 0.0041419 0.0679406 0.0033173 
2000 1 28.88 -1.0 -0.02 0.4124 0 0 0 0.0053377 0.0033213 0.0819982 0.0015955 
3000 2 48.982 0.0 0.0 0.7015 0 0 0 0.0037602 0.0033226 0.0753845 0.002221 
4000 3 76.883 -1.0 -0.02 1.1004 0 0 0 0.0027234 0.0024205 0.0641515 0.0010508 
5000 3 76.883 -1.0 -0.02 1.1004 0 0 0 0.0023718 0.0021412 0.0535465 0.0010527 
6000 4 104.225 -2.0 -0.039 1.4884 0 0 0 0.0021348 0.0021239 0.0451171 0.0011766 
7000 5 131.021 -3.0 -0.058 1.8822 0 0 0 0.0018028 0.0021042 0.0378841 0.0011237 
8000 5 131.021 -3.0 -0.058 1.8822 0 0 0 0.0017207 0.0015681 0.0330406 0.0005426 
9000 6 157.28 -4.0 -0.077 2.2587 0 0 0 0.0015915 0.0014287 0.0286009 0.0006053 
10000 7 183.015 -5.0 -0.096 2.6268 0 0 0 0.001358 0.0015492 0.0248498 0.0006148 
11000 8 195.954 -4.0 -0.074 2.8223 0 0 0 0.0013577 0.0013435 0.0218838 0.0006462 
12000 9 219.655 -3.0 -0.052 3.1668 0 0 0 0.0013615 0.0013556 0.0192257 0.0010362 
13000 9 219.655 -3.0 -0.052 3.1668 0 0 0 0.0013229 0.0013985 0.0176794 0.0008236 
14000 10 244.142 -4.0 -0.071 3.5167 0 0 0 0.0012532 0.0011402 0.0163545 0.0009017 
15000 11 268.139 -5.0 -0.09 3.8593 0 0 0 0.0011803 0.001236 0.0148103 0.0007006 
16000 11 268.139 -5.0 -0.09 3.8593 0 0 0 0.0011921 0.0011879 0.0134781 0.0011579 
17000 12 291.656 -6.0 -0.108 4.192 0 0 0 0.0011801 0.0013432 0.0129227 0.0014012 
18000 13 314.703 -7.0 -0.126 4.5375 0 0 0 0.0011681 0.001069 0.0122573 0.0006803 
19000 13 314.703 -7.0 -0.126 4.5375 0 0 0 0.0011136 0.0010257 0.0119646 0.0006622 
20000 14 337.289 -8.0 -0.143 4.8577 0 0 0 0.0010626 0.0011815 0.011479 0.0011255 
21000 15 359.423 -9.0 -0.161 5.1732 0 0 0 0.001052 0.0009245 0.0111361 0.0007922 
22000 15 359.423 -9.0 -0.161 5.1732 0 0 0 0.0010267 0.0012549 0.0107587 0.0013261 
23000 17 379.533 -9.0 -0.154 5.4644 0 0 0 0.0009877 0.0009185 0.0106111 0.0008316 
24000 19 388.249 -7.0 -0.108 5.5811 0 0 0 0.0010169 0.0010646 0.0099926 0.0008289 
25000 20 409.364 -8.0 -0.126 5.8977 0 0 0 0.0008899 0.0010211 0.0095335 0.0009045 
26000 23 400.034 -5.0 -0.06 5.7463 0 0 0 0.0009217 0.0008271 0.009341 0.0004378 
27000 23 400.034 -5.0 -0.06 5.7463 0 0 0 0.0008486 0.0009247 0.0087007 0.0004612 
28000 24 420.913 -6.0 -0.078 6.0614 0 0 0 0.000816 0.0007718 0.0080665 0.0005286 
29000 25 441.375 -7.0 -0.097 6.3486 0 0 0 0.0008395 0.0008048 0.0078484 0.0002645 
30000 27 451.15 -5.0 -0.053 6.4901 0 0 0 0.0008053 0.0008502 0.0073966 0.0008192 
31000 28 460.307 -4.0 -0.032 6.6207 0 0 0 0.0007909 0.0008729 0.006896 0.0007421 
32000 29 455.321 -3.0 -0.012 6.5543 0 0 0 0.0007435 0.000616 0.0065011 0.0005658 
33000 30 475.094 -4.0 -0.032 6.8361 0 0 0 0.000721 0.0007821 0.0060711 0.0006256 
34000 30 475.094 -4.0 -0.032 6.8361 0 0 0 0.0006487 0.0008464 0.0057925 0.0006978 
35000 31 494.473 -5.0 -0.051 7.1129 0 0 0 0.0007262 0.0006501 0.0057384 0.0004043 
36000 32 513.463 -6.0 -0.07 7.3864 0 0 0 0.0006938 0.0007848 0.0053852 0.0005512 
37000 33 532.074 -7.0 -0.088 7.672 0 0 0 0.00067 0.0008544 0.0049456 0.0006171 
38000 34 533.672 -6.0 -0.067 7.6982 0 0 0 0.0006748 0.0005538 0.0047696 0.0005252 
39000 36 541.601 -6.0 -0.064 7.7983 0 0 0 0.0006548 0.0006701 0.0048406 0.0006182 
40000 36 541.601 -6.0 -0.064 7.7983 0 0 0 0.0006319 0.0008045 0.0046921 0.0005608 
41000 39 545.034 -5.0 -0.04 7.8446 0 0 0 0.0006726 0.0005836 0.0047009 0.0004515 
42000 41 531.031 -3.0 0.002 7.6408 0 0 0 0.000704 0.0007503 0.0045708 0.0006661 
43000 42 549.29 -4.0 -0.018 7.9206 0 0 0 0.0006549 0.0006796 0.0045641 0.0004754 
44000 42 549.29 -4.0 -0.018 7.9206 0 0 0 0.0006414 0.0005398 0.0044686 0.0003595 
45000 44 564.901 -4.0 -0.017 8.1313 0 0 0 0.000626 0.0007072 0.0043513 0.0003255 
46000 45 582.483 -5.0 -0.037 8.4008 0 0 0 0.0005669 0.000602 0.004261 0.0005023 
47000 45 582.483 -5.0 -0.037 8.4008 0 0 0 0.000591 0.0006004 0.0042225 0.0004117 
48000 46 599.713 -6.0 -0.056 8.6455 0 0 0 0.0005896 0.0006909 0.0041817 0.0005768 
49000 49 594.935 -3.0 0.006 8.5753 0 0 0 0.0006035 0.0006876 0.0040861 0.0006024 
50000 49 594.935 -3.0 0.006 8.5753 0 0 0 0.0005845 0.0005879 0.0038945 0.0005175 
51000 50 611.916 -4.0 -0.014 8.832 0 0 0 0.0006099 0.000621 0.0038604 0.0005531 
52000 51 617.818 -3.0 0.006 8.9172 0 0 0 0.0005625 0.0005483 0.0036741 0.0005553 
53000 52 634.341 -4.0 -0.014 9.1456 0 0 0 0.0005658 0.0005021 0.0036828 0.0004429 
54000 52 634.341 -4.0 -0.014 9.1456 0 0 0 0.0005398 0.0006313 0.0036328 0.0004626 
55000 53 650.535 -5.0 -0.034 9.3752 0 0 0 0.0004816 0.0004357 0.0038172 0.0002501 
56000 54 666.404 -6.0 -0.053 9.618 0 0 0 0.0005056 0.0005323 0.0037432 0.000241 
57000 54 666.404 -6.0 -0.053 9.618 0 0 0 0.0004864 0.0005478 0.0036796 0.000433 
58000 56 673.537 -6.0 -0.051 9.7152 0 0 0 0.0005436 0.0005429 0.0036814 0.0003597 
59000 57 688.946 -7.0 -0.07 9.9344 0 0 0 0.0005334 0.000607 0.0035012 0.0004386 
60000 57 688.946 -7.0 -0.07 9.9344 0 0 0 0.0005321 0.0005912 0.0033228 0.0004519 
61000 59 690.586 -7.0 -0.066 9.9665 0 0 0 0.0005148 0.0005517 0.0033137 0.0003461 
62000 62 674.993 -4.0 -0.004 9.7378 0 0 0 0.0005008 0.0004766 0.0034555 0.0004025 
63000 62 674.993 -4.0 -0.004 9.7378 0 0 0 0.0004681 0.0006057 0.003287 0.0002877 
64000 63 690.373 -5.0 -0.024 9.9564 0 0 0 0.0004505 0.0003913 0.0034348 0.0002563 
65000 65 698.137 -5.0 -0.022 10.0692 0 0 0 0.0004717 0.0004762 0.0033869 0.0003783 
66000 66 707.374 -4.0 -0.002 10.2024 0 0 0 0.0004419 0.0006133 0.0033151 0.0005047 
67000 66 707.374 -4.0 -0.002 10.2024 0 0 0 0.0004776 0.0004601 0.0031689 0.0005044 
68000 67 722.107 -5.0 -0.022 10.4098 0 0 0 0.0004804 0.000491 0.0031268 0.0004811 
69000 68 736.544 -6.0 -0.041 10.6264 0 0 0 0.0004962 0.0005605 0.0030787 0.0005807 
70000 68 736.544 -6.0 -0.041 10.6264 0 0 0 0.000484 0.0005421 0.0029898 0.0004831 
71000 69 750.694 -7.0 -0.061 10.8276 0 0 0 0.0005021 0.0004877 0.0029815 0.0004665 
72000 70 764.56 -8.0 -0.079 11.0231 0 0 0 0.0005021 0.0005781 0.0028755 0.000528 
73000 70 764.56 -8.0 -0.079 11.0231 0 0 0 0.0005147 0.0005866 0.0027983 0.0005033 
74000 71 778.148 -9.0 -0.098 11.2154 0 0 0 0.0004815 0.0004219 0.002962 0.0003614 
75000 72 791.465 -10.0 -0.116 11.4166 0 0 0 0.0004247 0.0004161 0.002936 0.0003848 
76000 72 791.465 -10.0 -0.116 11.4166 0 0 0 0.000389 0.0003997 0.0028369 0.0004875 
77000 74 790.406 -10.0 -0.111 11.4006 0 0 0 0.0004015 0.0004563 0.002674 0.0005669 
78000 75 803.478 -11.0 -0.129 11.5851 0 0 0 0.0004069 0.0004209 0.0024898 0.0006013 
79000 75 803.478 -11.0 -0.129 11.5851 0 0 0 0.000391 0.0004319 0.0024282 0.0005105 
80000 76 816.288 -12.0 -0.146 11.7628 0 0 0 0.0003917 0.000407 0.0023016 0.0006529 
81000 77 828.842 -13.0 -0.163 11.958 0 0 0 0.0003901 0.0004131 0.0023197 0.0005734 
82000 78 841.146 -14.0 -0.18 12.1273 0 0 0 0.0003825 0.0004407 0.0024434 0.0007356 
83000 79 836.943 -13.0 -0.156 12.0664 0 0 0 0.0004037 0.000432 0.0026304 0.0005487 
84000 79 836.943 -13.0 -0.156 12.0664 0 0 0 0.000422 0.0004829 0.0027277 0.0005165 
85000 80 849.084 -14.0 -0.173 12.2367 0 0 0 0.0004508 0.0004687 0.0027832 0.0004209 
86000 81 860.982 -15.0 -0.19 12.4058 0 0 0 0.0004039 0.0004636 0.0028729 0.000364 
87000 82 870.402 -14.0 -0.166 12.5501 0 0 0 0.000407 0.0004409 0.0027538 0.0004122 
88000 83 859.474 -13.0 -0.143 12.3855 0 0 0 0.0004535 0.0004963 0.0025897 0.0005954 
89000 84 871.165 -14.0 -0.16 12.566 0 0 0 0.0004095 0.0003955 0.0026409 0.0004075 
90000 84 871.165 -14.0 -0.16 12.566 0 0 0 0.0004268 0.0004582 0.0025066 0.0005058 
91000 86 878.489 -14.0 -0.153 12.663 0 0 0 0.0004221 0.0004458 0.0025263 0.0003862 
92000 86 878.489 -14.0 -0.153 12.663 0 0 0 0.0003788 0.0003212 0.0026952 0.0003017 
93000 87 889.799 -15.0 -0.17 12.8431 0 0 0 0.000375 0.0004304 0.0027355 0.0003824 
94000 89 885.206 -15.0 -0.163 12.7727 0 0 0 0.000403 0.0004167 0.0026744 0.0002726 
95000 89 885.206 -15.0 -0.163 12.7727 0 0 0 0.0003474 0.0004421 0.0026356 0.0004164 
96000 93 858.845 -13.0 -0.11 12.3886 0 0 0 0.0004084 0.0004379 0.002566 0.000373 
97000 93 858.845 -13.0 -0.11 12.3886 0 0 0 0.0003901 0.000417 0.002539 0.0004504 
98000 95 860.997 -13.0 -0.105 12.4139 0 0 0 0.0003701 0.0003934 0.0024444 0.0003872 
99000 95 860.997 -13.0 -0.105 12.4139 0 0 0 0.0003854 0.0003759 0.0024359 0.0004424 
100000 96 872.657 -14.0 -0.123 12.5955 0 0 0 0.0004496 0.0005102 0.0023383 0.0003983 
101000 97 884.084 -15.0 -0.141 12.7578 0 0 0 0.0003836 0.0004122 0.0024716 0.0003875 
102000 97 884.084 -15.0 -0.141 12.7578 0 0 0 0.0003914 0.0004027 0.0024418 0.0003939 
103000 98 895.282 -16.0 -0.158 12.9083 0 0 0 0.0003694 0.0004213 0.0022831 0.0004873 
104000 100 893.491 -16.0 -0.151 12.8943 0 0 0 0.0003643 0.0004103 0.0022206 0.0004599 
105000 100 893.491 -16.0 -0.151 12.8943 0 0 0 0.0003855 0.0004423 0.0022618 0.0003993 
106000 103 878.29 -15.0 -0.122 12.671 0 0 0 0.0003229 0.0003478 0.0023539 0.000319 
107000 106 844.045 -12.0 -0.056 12.1802 0 0 0 0.0004001 0.0003932 0.0023776 0.0003173 
108000 106 844.045 -12.0 -0.056 12.1802 0 0 0 0.0003789 0.0003592 0.0024111 0.0002848 
109000 107 856.044 -13.0 -0.075 12.3492 0 0 0 0.0003331 0.0003827 0.0023543 0.0003585 
110000 108 867.803 -14.0 -0.093 12.5104 0 0 0 0.0003122 0.000315 0.0023008 0.0003982 
111000 110 862.423 -12.0 -0.05 12.4422 0 0 0 0.0003441 0.0003738 0.0020826 0.0004524 
112000 112 842.662 -10.0 -0.009 12.1463 0 0 0 0.000364 0.0004027 0.0021004 0.0003933 
113000 114 833.503 -8.0 0.031 12.0235 0 0 0 0.0003278 0.00048 0.0020134 0.0004648 
114000 115 827.613 -7.0 0.051 11.9352 0 0 0 0.0003115 0.0002951 0.0020525 0.000418 
115000 117 824.592 -5.0 0.088 11.8967 0 0 0 0.0003185 0.0003569 0.0019895 0.0003729 
116000 119 811.353 -3.0 0.124 11.7154 0 0 0 0.0003369 0.0003659 0.0021355 0.000363 
117000 119 811.353 -3.0 0.124 11.7154 0 0 0 0.0003051 0.0002986 0.0020541 0.0003743 
118000 120 823.426 -2.0 0.142 11.8873 0 0 0 0.0003143 0.0003333 0.0020062 0.0003729 
119000 121 821.198 -1.0 0.159 11.8464 0 0 0 0.0003196 0.0003065 0.00208 0.0003423 
120000 122 833.654 -2.0 0.136 12.0181 0 0 0 0.0003344 0.000339 0.0020532 0.0003851 
121000 123 845.861 -3.0 0.113 12.2063 0 0 0 0.0002831 0.0003257 0.0020772 0.0003511 
122000 123 845.861 -3.0 0.113 12.2063 0 0 0 0.0003068 0.0003308 0.0021769 0.0002673 
123000 124 857.823 -4.0 0.091 12.3734 0 0 0 0.0003206 0.0003182 0.0022675 0.0003461 
124000 125 869.547 -5.0 0.069 12.5371 0 0 0 0.0002798 0.0002919 0.0020367 0.0003785 
125000 125 869.547 -5.0 0.069 12.5371 0 0 0 0.0003046 0.0003663 0.0018974 0.0003738 
126000 126 881.036 -6.0 0.048 12.7172 0 0 0 0.0002773 0.0002057 0.0018074 0.0004591 
127000 127 892.295 -7.0 0.027 12.8775 0 0 0 0.0002931 0.000361 0.0017584 0.0004257 
128000 127 892.295 -7.0 0.027 12.8775 0 0 0 0.0002659 0.0002804 0.0016838 0.000417 
129000 128 903.329 -8.0 0.006 13.033 0 0 0 0.0003108 0.0003748 0.0017541 0.0003478 
130000 129 909.503 -7.0 0.026 13.1299 0 0 0 0.0003068 0.0003066 0.0018978 0.0003147 
131000 130 920.193 -8.0 0.006 13.2824 0 0 0 0.0002655 0.0002963 0.0019537 0.0003454 
132000 130 920.193 -8.0 0.006 13.2824 0 0 0 0.0002959 0.0003123 0.0019004 0.0003471 
133000 132 915.495 -8.0 0.006 13.2195 0 0 0 0.000277 0.0003028 0.0019212 0.00031 
134000 133 912.265 -7.0 0.026 13.1564 0 0 0 0.0002704 0.0002182 0.0018232 0.0003261 
135000 134 922.9 -8.0 0.005 13.3235 0 0 0 0.0002835 0.0003191 0.001892 0.0002973 
136000 134 922.9 -8.0 0.005 13.3235 0 0 0 0.000268 0.0003508 0.0018961 0.0003077 
137000 135 933.322 -9.0 -0.015 13.4696 0 0 0 0.0002711 0.0002406 0.00202 0.0002239 
138000 137 921.273 -7.0 0.025 13.2961 0 0 0 0.0002906 0.000321 0.0019286 0.0003503 
139000 138 926.828 -6.0 0.045 13.3695 0 0 0 0.0002836 0.0003798 0.00185 0.0003671 
140000 138 926.828 -6.0 0.045 13.3695 0 0 0 0.0002652 0.0002655 0.0018366 0.0003328 
141000 140 926.448 -6.0 0.043 13.3765 0 0 0 0.0003175 0.0003369 0.0017513 0.0003283 
142000 141 925.799 -5.0 0.063 13.3704 0 0 0 0.0002873 0.0002635 0.0017997 0.0003498 
143000 143 920.499 -5.0 0.06 13.2782 0 0 0 0.0002918 0.0003319 0.001781 0.0003159 
144000 143 920.499 -5.0 0.06 13.2782 0 0 0 0.000278 0.0003154 0.0018486 0.0002752 
145000 145 913.75 -5.0 0.058 13.1879 0 0 0 0.0003015 0.0003074 0.0018251 0.0003107 
146000 146 924.355 -6.0 0.037 13.3381 0 0 0 0.0002733 0.0003161 0.0017262 0.0003842 
147000 147 908.788 -5.0 0.057 13.1105 0 0 0 0.0002866 0.0003133 0.0017254 0.0002889 
148000 149 906.042 -5.0 0.055 13.0907 0 0 0 0.0003003 0.0003785 0.001719 0.0003009 
149000 150 894.081 -4.0 0.074 12.9087 0 0 0 0.0002597 0.0002257 0.001754 0.0002824 
150000 154 855.459 -2.0 0.108 12.3521 0 0 0 0.0002812 0.0003188 0.0017166 0.0003231 
151000 154 855.459 -2.0 0.108 12.3521 0 0 0 0.0002583 0.0003546 0.0017215 0.0003215 
152000 156 859.185 -2.0 0.104 12.4077 0 0 0 0.0003072 0.0003039 0.0017126 0.0002685 
153000 156 859.185 -2.0 0.104 12.4077 0 0 0 0.0002725 0.0002469 0.0018504 0.0001975 
154000 158 854.724 -2.0 0.1 12.3294 0 0 0 0.0002435 0.0002727 0.0019232 0.0002107 
155000 159 866.509 -3.0 0.078 12.5128 0 0 0 0.0002578 0.0002875 0.0019426 0.000283 
156000 160 878.059 -4.0 0.057 12.6745 0 0 0 0.0002527 0.0003236 0.0018646 0.0002746 
157000 162 853.836 -2.0 0.094 12.3224 0 0 0 0.0002709 0.0002668 0.0018165 0.000236 
158000 163 864.539 -1.0 0.112 12.4817 0 0 0 0.000268 0.0002549 0.0018507 0.0002448 
159000 163 864.539 -1.0 0.112 12.4817 0 0 0 0.0002233 0.0002331 0.0018466 0.0002332 
160000 164 876.128 -2.0 0.09 12.6446 0 0 0 0.0002366 0.000249 0.0019355 0.0001637 
161000 165 887.486 -3.0 0.068 12.8223 0 0 0 0.0001989 0.0001996 0.0020338 0.0001585 
162000 165 887.486 -3.0 0.068 12.8223 0 0 0 0.0002174 0.0002736 0.0019838 0.0001897 
163000 166 898.616 -4.0 0.047 12.9786 0 0 0 0.0002354 0.0002974 0.0018835 0.0002671 
164000 168 894.693 -4.0 0.045 12.9148 0 0 0 0.0002526 0.0002882 0.001769 0.0003066 
165000 172 847.636 0.0 0.119 12.2509 0 0 0 0.0002579 0.0002575 0.0017252 0.0002629 
166000 173 836.863 1.0 0.137 12.0894 0 0 0 0.0002724 0.0003396 0.0017041 0.0002758 
167000 174 844.126 2.0 0.154 12.1846 0 0 0 0.0002564 0.0002688 0.001706 0.000274 
168000 175 856.124 1.0 0.131 12.3724 0 0 0 0.0002284 0.0002548 0.001681 0.0002822 
169000 175 856.124 1.0 0.131 12.3724 0 0 0 0.000221 0.0001611 0.001668 0.0002853 
170000 177 853.103 1.0 0.126 12.3227 0 0 0 0.0002354 0.0002889 0.0016618 0.0002611 
171000 178 864.921 0.0 0.104 12.4865 0 0 0 0.0002127 0.0003382 0.0016982 0.0002568 
172000 178 864.921 0.0 0.104 12.4865 0 0 0 0.0002472 0.0002339 0.0017001 0.0002745 
173000 180 856.228 2.0 0.139 12.3622 0 0 0 0.0002442 0.0002821 0.0017135 0.0002507 
174000 182 851.444 2.0 0.134 12.3017 0 0 0 0.000238 0.0002862 0.0016697 0.000301 
175000 182 851.444 2.0 0.134 12.3017 0 0 0 0.0002406 0.0002235 0.0016402 0.0002461 
176000 183 863.295 1.0 0.112 12.4683 0 0 0 0.0002085 0.0002588 0.0017162 0.0002525 
177000 187 827.725 5.0 0.181 11.9613 0 0 0 0.0002511 0.0002705 0.001742 0.0002515 
178000 187 827.725 5.0 0.181 11.9613 0 0 0 0.000246 0.0001814 0.0016944 0.0002589 
179000 188 840.051 4.0 0.157 12.1348 0 0 0 0.0002343 0.0003021 0.001703 0.0002482 
180000 190 835.918 6.0 0.19 12.0825 0 0 0 0.0002558 0.0002817 0.0017281 0.0001921 
181000 190 835.918 6.0 0.19 12.0825 0 0 0 0.000223 0.0002609 0.0017983 0.0002177 
182000 192 831.858 6.0 0.183 12.0165 0 0 0 0.0002334 0.0002991 0.0017105 0.0002548 
183000 193 834.241 7.0 0.2 12.0619 0 0 0 0.0002622 0.0002908 0.0016645 0.00024 
184000 194 846.436 6.0 0.176 12.2272 0 0 0 0.0002536 0.0002629 0.0015744 0.0003002 
185000 195 853.147 7.0 0.192 12.3198 0 0 0 0.0002648 0.0003366 0.0015914 0.0002819 
186000 195 853.147 7.0 0.192 12.3198 0 0 0 0.0002408 0.0002702 0.0015967 0.0002428 
187000 197 848.425 7.0 0.185 12.2574 0 0 0 0.0002641 0.0003145 0.0016172 0.0002106 
188000 198 860.336 6.0 0.161 12.4274 0 0 0 0.0002792 0.0003453 0.0016425 0.0002633 
189000 198 860.336 6.0 0.161 12.4274 0 0 0 0.0002714 0.0002783 0.0016972 0.00024 
190000 199 872.01 5.0 0.138 12.6106 0 0 0 0.000259 0.0002742 0.0016584 0.0002372 
191000 202 847.536 8.0 0.189 12.2415 0 0 0 0.0002501 0.0003165 0.0016602 0.0002578 
192000 202 847.536 8.0 0.189 12.2415 0 0 0 0.0002605 0.0002941 0.0016881 0.0002306 
193000 206 816.377 10.0 0.214 11.8073 0 0 0 0.0002598 0.0002932 0.0015963 0.0002667 
194000 207 828.93 9.0 0.19 11.9838 0 0 0 0.0002441 0.0003099 0.0015865 0.0003001 
195000 207 828.93 9.0 0.19 11.9838 0 0 0 0.0002597 0.000355 0.0015482 0.0002765 
196000 210 817.307 10.0 0.199 11.8165 0 0 0 0.0002643 0.0002457 0.001584 0.0002636 
197000 212 794.508 12.0 0.231 11.4903 0 0 0 0.0002559 0.0002878 0.0016502 0.0002531 
198000 213 807.498 11.0 0.206 11.6764 0 0 0 0.0002643 0.000268 0.0016656 0.0002382 
199000 213 807.498 11.0 0.206 11.6764 0 0 0 0.0002363 0.0002647 0.0016571 0.0002151 
200000 214 820.228 10.0 0.182 11.8553 0 0 0 0.0002077 0.0001676 0.0018117 0.0001792 
201000 216 819.029 10.0 0.175 11.8504 0 0 0 0.0002152 0.0002496 0.0017692 0.0002265 
202000 216 819.029 10.0 0.175 11.8504 0 0 0 0.0002235 0.0002575 0.0018039 0.0002332 
203000 218 815.718 10.0 0.169 11.7886 0 0 0 0.0002389 0.0002537 0.0017975 0.0001909 
204000 219 828.284 9.0 0.145 11.9822 0 0 0 0.0001957 0.0002463 0.0017884 0.0002039 
205000 219 828.284 9.0 0.145 11.9822 0 0 0 0.0002254 0.0001911 0.0017478 0.0002248 
206000 220 840.598 8.0 0.122 12.1581 0 0 0 0.0002156 0.0002872 0.0017669 0.0002212 
207000 221 852.666 7.0 0.1 12.3268 0 0 0 0.000243 0.0002023 0.0017039 0.0002234 
208000 222 864.493 6.0 0.078 12.4925 0 0 0 0.0002165 0.0002512 0.0017657 0.0002003 
209000 223 855.163 7.0 0.096 12.3743 0 0 0 0.0002295 0.000247 0.0017353 0.0002285 
210000 224 866.94 6.0 0.074 12.5453 0 0 0 0.0002391 0.0002404 0.0016675 0.0002214 
211000 224 866.94 6.0 0.074 12.5453 0 0 0 0.0002351 0.000244 0.00165 0.0002328 
212000 225 878.481 5.0 0.053 12.7074 0 0 0 0.0001823 0.0001853 0.0017281 0.0001871 
213000 226 889.791 4.0 0.032 12.8642 0 0 0 0.0002116 0.0001826 0.0016512 0.0002956 
214000 232 803.574 10.0 0.142 11.629 0 0 0 0.0002407 0.000287 0.0015475 0.0002968 
215000 233 816.383 9.0 0.119 11.8012 0 0 0 0.0001985 0.0002354 0.0015364 0.0002859 
216000 235 794.471 11.0 0.154 11.4828 0 0 0 0.0001936 0.0001839 0.0016152 0.0002299 
217000 240 738.501 16.0 0.236 10.6836 0 0 0 0.0002336 0.0002871 0.0016013 0.0002138 
218000 241 735.791 17.0 0.251 10.6322 0 0 0 0.0001882 0.0001745 0.0016896 0.0001876 
219000 242 749.955 16.0 0.226 10.8516 0 0 0 0.0002251 0.0002408 0.0016888 0.0002242 
220000 242 749.955 16.0 0.226 10.8516 0 0 0 0.0002132 0.0002385 0.0016718 0.000239 
221000 244 765.74 16.0 0.217 11.0846 0 0 0 0.0002001 0.0002453 0.0015882 0.000239 
222000 245 769.225 17.0 0.233 11.1278 0 0 0 0.0002208 0.0002266 0.0015995 0.0002277 
223000 249 723.973 21.0 0.293 10.4779 0 0 0 0.0002289 0.0002921 0.0016512 0.0002026 
224000 249 723.973 21.0 0.293 10.4779 0 0 0 0.0002231 0.0002198 0.0016591 0.000226 
225000 250 738.374 20.0 0.267 10.6787 0 0 0 0.0002053 0.0002321 0.0016126 0.0002331 
226000 252 742.016 20.0 0.257 10.7316 0 0 0 0.0002247 0.0002668 0.0016567 0.0002474 
227000 254 728.81 22.0 0.286 10.5522 0 0 0 0.000259 0.0002485 0.0016303 0.000213 
228000 254 728.81 22.0 0.286 10.5522 0 0 0 0.0002013 0.0001693 0.0017154 0.0002143 
229000 259 699.191 25.0 0.318 10.1114 0 0 0 0.0002367 0.0002413 0.0017723 0.0001592 
230000 259 699.191 25.0 0.318 10.1114 0 0 0 0.0002002 0.0002668 0.0017629 0.0001575 
231000 261 700.786 25.0 0.305 10.1407 0 0 0 0.0001881 0.0001417 0.0017663 0.0001977 
232000 262 715.65 24.0 0.279 10.3538 0 0 0 0.000226 0.0002625 0.0017268 0.0002005 
233000 263 717.857 25.0 0.294 10.3965 0 0 0 0.0002185 0.0002107 0.0016503 0.0002364 
234000 264 732.38 24.0 0.268 10.6023 0 0 0 0.0002045 0.0002257 0.0015773 0.0002283 
235000 264 732.38 24.0 0.268 10.6023 0 0 0 0.0002284 0.0002463 0.0016414 0.0002097 
236000 266 743.78 24.0 0.258 10.7673 0 0 0 0.0001999 0.000232 0.001704 0.0002177 
237000 267 737.124 25.0 0.273 10.6689 0 0 0 0.0002246 0.0002837 0.0017889 0.0001932 
238000 268 742.622 26.0 0.287 10.7514 0 0 0 0.0002421 0.0002523 0.0017676 0.0002043 
239000 269 756.649 25.0 0.261 10.9679 0 0 0 0.0002261 0.0002598 0.0016798 0.000212 
240000 269 756.649 25.0 0.261 10.9679 0 0 0 0.0002148 0.0002468 0.0016213 0.0002058 
241000 271 756.168 25.0 0.251 10.9483 0 0 0 0.0001975 0.0001832 0.0016044 0.0002221 
242000 272 769.925 24.0 0.226 11.1611 0 0 0 0.0002151 0.0002382 0.0016521 0.0001891 
243000 272 769.925 24.0 0.226 11.1611 0 0 0 0.0001973 0.0002185 0.001714 0.0001903 
244000 273 783.407 23.0 0.202 11.3515 0 0 0 0.0001959 0.0001694 0.0016749 0.0001759 
245000 274 783.058 24.0 0.218 11.3482 0 0 0 0.0001907 0.000231 0.0016974 0.0001878 
246000 276 784.352 24.0 0.21 11.3666 0 0 0 0.0002243 0.0002558 0.0017043 0.0002007 
247000 280 736.911 28.0 0.271 10.6708 0 0 0 0.0002395 0.0002034 0.0016442 0.0002022 
248000 281 751.053 27.0 0.246 10.8726 0 0 0 0.0002008 0.0001946 0.0017757 0.0001438 
249000 282 759.932 28.0 0.261 11.0131 0 0 0 0.0001716 0.0002148 0.0018063 0.000173 
250000 282 759.932 28.0 0.261 11.0131 0 0 0 0.0001827 0.0001748 0.0017635 0.000202 
251000 284 767.761 28.0 0.251 11.1293 0 0 0 0.0002007 0.0003075 0.0016675 0.0002401 
252000 288 715.38 32.0 0.309 10.3744 0 0 0 0.0002291 0.0002735 0.0016424 0.0001792 
253000 290 715.874 32.0 0.297 10.3758 0 0 0 0.0002208 0.0002164 0.001633 0.0001979 
254000 290 715.874 32.0 0.297 10.3758 0 0 0 0.0002025 0.0001772 0.0016567 0.0001891 
255000 291 730.436 31.0 0.271 10.5799 0 0 0 0.0001793 0.0002818 0.0017387 0.0001598 
256000 293 730.873 31.0 0.261 10.5934 0 0 0 0.0001893 0.0001901 0.0016765 0.0002032 
257000 299 670.596 37.0 0.345 9.7314 0 0 0 0.0002129 0.0002376 0.0016814 0.0001821 
258000 299 670.596 37.0 0.345 9.7314 0 0 0 0.0001922 0.0002868 0.0017115 0.0001679 
259000 300 686.064 36.0 0.318 9.9469 0 0 0 0.0001633 0.0001125 0.0017414 0.000178 
260000 301 701.222 35.0 0.292 10.1595 0 0 0 0.0001924 0.0002042 0.0017197 0.0001677 
261000 302 690.898 36.0 0.306 10.0211 0 0 0 0.0001767 0.0002854 0.0018248 0.0001422 
262000 303 705.96 35.0 0.28 10.2349 0 0 0 0.0002 0.0002356 0.0017949 0.0001577 
263000 305 707.226 35.0 0.269 10.2602 0 0 0 0.0001775 0.0002182 0.0017653 0.0001713 
264000 305 707.226 35.0 0.269 10.2602 0 0 0 0.0002125 0.0001718 0.0017267 0.0002075 
265000 309 686.054 37.0 0.288 9.9589 0 0 0 0.0001866 0.0002219 0.0016673 0.0001946 
266000 309 686.054 37.0 0.288 9.9589 0 0 0 0.0001847 0.0001765 0.0017604 0.0001755 
267000 310 701.213 36.0 0.263 10.1746 0 0 0 0.0001898 0.0002834 0.0018041 0.0001504 
268000 311 716.068 35.0 0.237 10.3857 0 0 0 0.0001947 0.0001544 0.0017777 0.000138 
269000 311 716.068 35.0 0.237 10.3857 0 0 0 0.0001762 0.0001985 0.0017455 0.00019 
270000 315 696.492 37.0 0.259 10.1085 0 0 0 0.0002047 0.0001935 0.0017025 0.0002167 
271000 317 698.153 37.0 0.249 10.1381 0 0 0 0.0001824 0.0002869 0.0016352 0.0002001 
272000 317 698.153 37.0 0.249 10.1381 0 0 0 0.0001966 0.0001829 0.0016154 0.0002091 
273000 318 713.07 36.0 0.224 10.3486 0 0 0 0.0002243 0.0003035 0.0016043 0.0002048 
274000 320 714.535 36.0 0.216 10.3691 0 0 0 0.0002312 0.0002674 0.0016158 0.0001744 
275000 321 718.924 37.0 0.231 10.4259 0 0 0 0.0002248 0.0002248 0.0015944 0.000181 
276000 323 695.271 39.0 0.262 10.0831 0 0 0 0.0002039 0.0001973 0.0016504 0.0001862 
277000 324 710.246 38.0 0.236 10.2946 0 0 0 0.0001914 0.0002365 0.0017052 0.0001759 
278000 324 710.246 38.0 0.236 10.2946 0 0 0 0.0001908 0.0002136 0.0017049 0.0001987 
279000 326 714.382 38.0 0.227 10.3614 0 0 0 0.0001707 0.0001609 0.0016914 0.0001921 
280000 328 714.995 38.0 0.219 10.3802 0 0 0 0.0002004 0.0002411 0.0016661 0.0001867 
281000 328 714.995 38.0 0.219 10.3802 0 0 0 0.0001749 0.0001881 0.0016407 0.000195 
282000 332 703.527 40.0 0.242 10.2151 0 0 0 0.0002389 0.0002911 0.0016028 0.0002093 
283000 336 653.21 44.0 0.301 9.4708 0 0 0 0.0001878 0.0002052 0.0015685 0.0001808 
284000 339 643.784 45.0 0.303 9.3389 0 0 0 0.000222 0.0002117 0.0016294 0.0001796 
285000 340 638.409 46.0 0.317 9.2638 0 0 0 0.0001928 0.0001939 0.001654 0.0001846 
286000 345 609.437 49.0 0.346 8.8453 0 0 0 0.0001936 0.0002152 0.001647 0.0001843 
287000 347 602.161 51.0 0.372 8.7321 0 0 0 0.0002067 0.0001849 0.0016279 0.0001951 
288000 347 602.161 51.0 0.372 8.7321 0 0 0 0.0001854 0.0002349 0.0015952 0.0002028 
289000 349 609.898 51.0 0.358 8.8538 0 0 0 0.0001889 0.0001628 0.0016221 0.0001628 
290000 354 575.62 56.0 0.419 8.3617 0 0 0 0.0002037 0.0003155 0.0016701 0.0001787 
291000 354 575.62 56.0 0.419 8.3617 0 0 0 0.0002046 0.0001902 0.0016524 0.0001882 
292000 355 592.987 55.0 0.391 8.6094 0 0 0 0.000188 0.0001725 0.0015765 0.0002089 
293000 359 579.769 57.0 0.401 8.4247 0 0 0 0.0002098 0.0001889 0.0015988 0.000185 
294000 359 579.769 57.0 0.401 8.4247 0 0 0 0.0001831 0.0002712 0.0016467 0.0001584 
295000 361 589.353 57.0 0.385 8.5645 0 0 0 0.0001745 0.0001676 0.001704 0.0001558 
296000 363 595.357 57.0 0.37 8.6382 0 0 0 0.0002078 0.0002339 0.0017287 0.0001475 
297000 363 595.357 57.0 0.37 8.6382 0 0 0 0.0001772 0.000177 0.0017648 0.000137 
298000 364 612.33 56.0 0.343 8.8969 0 0 0 0.000151 0.0001467 0.0019285 0.0001213 
299000 367 606.144 57.0 0.343 8.8024 0 0 0 0.0001702 0.0002399 0.0018678 0.0001461 
300000 367 606.144 57.0 0.343 8.8024 0 0 0 0.0001609 0.0002006 0.0018127 0.0001664 
301000 372 580.36 60.0 0.369 8.4168 0 0 0 0.0001815 0.0001865 0.0017309 0.0001743 
302000 372 580.36 60.0 0.369 8.4168 0 0 0 0.0001856 0.0001932 0.0017435 0.0001561 
303000 373 597.632 59.0 0.342 8.6771 0 0 0 0.0001631 0.0002152 0.0017692 0.0001697 
304000 375 603.109 59.0 0.329 8.7502 0 0 0 0.0001935 0.0001945 0.0017605 0.0001391 
305000 376 604.666 60.0 0.342 8.7812 0 0 0 0.000161 0.0001681 0.0018154 0.0001341 
306000 377 621.453 59.0 0.315 9.021 0 0 0 0.0001506 0.0001317 0.0018473 0.0001251 
307000 377 621.453 59.0 0.315 9.021 0 0 0 0.0001669 0.0001723 0.0018291 0.0001634 
308000 382 595.047 62.0 0.344 8.6428 0 0 0 0.0002074 0.0002917 0.0017543 0.0001537 
309000 387 565.28 67.0 0.407 8.201 0 0 0 0.00018 0.0001281 0.001804 0.0001532 
310000 387 565.28 67.0 0.407 8.201 0 0 0 0.0001839 0.0002151 0.0017672 0.0001488 
311000 389 571.597 67.0 0.392 8.3026 0 0 0 0.0001555 0.0001647 0.0017773 0.0001782 
312000 390 589.045 66.0 0.364 8.551 0 0 0 0.0001935 0.0002053 0.0017152 0.0001861 
313000 390 589.045 66.0 0.364 8.551 0 0 0 0.0001806 0.000192 0.0017452 0.0001629 
314000 392 595.941 66.0 0.35 8.6411 0 0 0 0.0001758 0.0001956 0.0017845 0.0001492 
315000 393 612.902 65.0 0.323 8.8831 0 0 0 0.0001818 0.0002112 0.0017197 0.0001802 
316000 393 612.902 65.0 0.323 8.8831 0 0 0 0.0001713 0.0002018 0.0016922 0.0001702 
317000 394 629.524 64.0 0.296 9.1393 0 0 0 0.0001616 0.0001888 0.0016562 0.0001757 
318000 396 633.338 64.0 0.285 9.1864 0 0 0 0.0001508 0.0001562 0.0016454 0.0001593 
319000 396 633.338 64.0 0.285 9.1864 0 0 0 0.0001593 0.000206 0.0017347 0.000162 
320000 398 638.1 64.0 0.274 9.2578 0 0 0 0.000173 0.000209 0.0017412 0.0001579 
321000 400 641.894 64.0 0.264 9.3229 0 0 0 0.000171 0.0002099 0.0017199 0.0001744 
322000 400 641.894 64.0 0.264 9.3229 0 0 0 0.0001895 0.0002086 0.0017009 0.0001439 
323000 401 657.936 63.0 0.238 9.5472 0 0 0 0.0001904 0.0002556 0.0016906 0.0001713 
324000 404 649.486 64.0 0.245 9.4198 0 0 0 0.0002163 0.0001844 0.0016326 0.0001753 
325000 408 620.343 68.0 0.303 9.0045 0 0 0 0.0001952 0.0002509 0.0016178 0.000186 
326000 410 614.937 70.0 0.331 8.9119 0 0 0 0.0002099 0.0002391 0.0016661 0.0001412 
327000 418 534.213 78.0 0.431 7.7498 0 0 0 0.0001914 0.0002587 0.0017 0.000148 
328000 420 541.9 78.0 0.414 7.852 0 0 0 0.0002116 0.0002102 0.001675 0.0001478 
329000 420 541.9 78.0 0.414 7.852 0 0 0 0.0001748 0.0001735 0.0017466 0.0001295 
330000 422 550.044 78.0 0.398 7.9742 0 0 0 0.0001732 0.0001725 0.0017239 0.0001839 
331000 423 567.923 77.0 0.37 8.246 0 0 0 0.0001791 0.0002637 0.0016898 0.0001619 
332000 423 567.923 77.0 0.37 8.246 0 0 0 0.0001732 0.0001272 0.0016099 0.0001869 
333000 427 554.898 79.0 0.381 8.0363 0 0 0 0.0001879 0.0002455 0.001643 0.0001671 
334000 435 495.679 87.0 0.474 7.1901 0 0 0 0.0001831 0.0001954 0.0016901 0.0001835 
335000 435 495.679 87.0 0.474 7.1901 0 0 0 0.0002131 0.000234 0.0016134 0.0001843 
336000 437 506.572 87.0 0.455 7.3455 0 0 0 0.0002055 0.0002535 0.0015732 0.000179 
337000 441 497.295 89.0 0.46 7.2048 0 0 0 0.0002055 0.0001959 0.0016087 0.0001613 
338000 442 488.829 90.0 0.471 7.0878 0 0 0 0.0001885 0.0002345 0.0016454 0.0001814 
339000 444 498.854 90.0 0.453 7.2382 0 0 0 0.0002047 0.0002115 0.0016194 0.0001974 
340000 444 498.854 90.0 0.453 7.2382 0 0 0 0.0001723 0.0001805 0.0016109 0.0001752 
341000 446 508.021 90.0 0.435 7.3643 0 0 0 0.000172 0.0001759 0.0016889 0.0001503 
342000 450 504.579 92.0 0.441 7.3151 0 0 0 0.000154 0.0002159 0.0017184 0.000155 
343000 450 504.579 92.0 0.441 7.3151 0 0 0 0.0001886 0.0002059 0.0016478 0.0001623 
344000 455 487.351 95.0 0.458 7.0675 0 0 0 0.0001871 0.0001867 0.0016739 0.0001541 
345000 455 487.351 95.0 0.458 7.0675 0 0 0 0.0001651 0.0001513 0.0016641 0.0001845 
346000 456 506.484 94.0 0.429 7.34 0 0 0 0.0001687 0.0001465 0.0016467 0.0001629 
347000 461 489.882 97.0 0.447 7.1149 0 0 0 0.0001649 0.000296 0.0016721 0.0001577 
348000 461 489.882 97.0 0.447 7.1149 0 0 0 0.0001652 0.0001312 0.001618 0.0001652 
349000 462 508.965 96.0 0.418 7.3878 0 0 0 0.0002064 0.0002677 0.0015815 0.000163 
350000 466 502.734 98.0 0.425 7.3056 0 0 0 0.0001788 0.0001911 0.0016831 0.0001561 
351000 478 405.994 110.0 0.549 5.8984 0 0 0 0.0002067 0.0002316 0.0016258 0.000163 
352000 482 384.753 114.0 0.584 5.5854 0 0 0 0.0001769 0.00021 0.0016887 0.0001466 
353000 484 399.399 114.0 0.561 5.8015 0 0 0 0.0002015 0.0001516 0.0016371 0.0001803 
354000 484 399.399 114.0 0.561 5.8015 0 0 0 0.0001839 0.000215 0.0015927 0.0001764 
355000 486 412.446 114.0 0.54 5.9858 0 0 0 0.0001933 0.0001765 0.0016073 0.0001543 
356000 489 417.56 115.0 0.528 6.0629 0 0 0 0.0001865 0.0002111 0.0016524 0.0001729 
357000 489 417.56 115.0 0.528 6.0629 0 0 0 0.0001498 0.0001265 0.0016715 0.0001685 
358000 490 438.088 114.0 0.498 6.3699 0 0 0 0.0001835 0.000157 0.0016857 0.0001656 
359000 491 458.207 113.0 0.468 6.6549 0 0 0 0.0001522 0.0002244 0.0017046 0.000155 
360000 491 458.207 113.0 0.468 6.6549 0 0 0 0.0001715 0.0001465 0.0016254 0.0001672 
361000 492 477.923 112.0 0.438 6.9383 0 0 0 0.0001698 0.0002398 0.0016197 0.0001494 
362000 493 497.244 111.0 0.41 7.2148 0 0 0 0.0001824 0.0001789 0.0017239 0.0001531 
363000 495 506.776 111.0 0.394 7.3608 0 0 0 0.0001596 0.0001975 0.0016743 0.0001812 
364000 498 496.661 114.0 0.429 7.2123 0 0 0 0.0001529 0.0001856 0.0016124 0.0001856 
365000 502 464.512 118.0 0.474 6.7513 0 0 0 0.0001752 0.0002174 0.0016406 0.000155 
366000 503 484.102 117.0 0.444 7.0335 0 0 0 0.0001775 0.0001876 0.0017079 0.0001509 
367000 506 465.128 120.0 0.477 6.7606 0 0 0 0.0001908 0.0001699 0.0017092 0.0001506 
368000 513 424.436 127.0 0.546 6.1691 0 0 0 0.0001648 0.0001581 0.0016699 0.0001629 
369000 514 444.827 126.0 0.515 6.4635 0 0 0 0.0001824 0.0002421 0.001618 0.0001778 
370000 514 444.827 126.0 0.515 6.4635 0 0 0 0.0001604 0.0002205 0.0016506 0.0001566 
371000 519 431.578 129.0 0.525 6.2629 0 0 0 0.0001878 0.0001527 0.0016434 0.000157 
372000 521 438.584 131.0 0.544 6.368 0 0 0 0.0002009 0.00021 0.0015844 0.0001564 
373000 521 438.584 131.0 0.544 6.368 0 0 0 0.0001615 0.0002087 0.001676 0.0001411 
374000 522 458.692 130.0 0.513 6.6545 0 0 0 0.0001816 0.0002069 0.0016636 0.0001572 
375000 527 444.726 133.0 0.523 6.4574 0 0 0 0.0001913 0.0001997 0.0016875 0.0001518 
376000 527 444.726 133.0 0.523 6.4574 0 0 0 0.0001499 0.0001572 0.0017257 0.0001456 
377000 538 394.874 142.0 0.585 5.7438 0 0 0 0.0001957 0.0002133 0.0016597 0.000149 
378000 538 394.874 142.0 0.585 5.7438 0 0 0 0.0001592 0.0001662 0.0016814 0.0001527 
379000 542 402.269 144.0 0.58 5.8371 0 0 0 0.0001729 0.0001579 0.0017138 0.0001491 
380000 547 369.998 149.0 0.62 5.3784 0 0 0 0.0001757 0.0002623 0.0017008 0.0001627 
381000 550 376.985 150.0 0.604 5.4869 0 0 0 0.0001633 0.0001566 0.0016339 0.0001789 
382000 555 356.553 155.0 0.642 5.1791 0 0 0 0.0001956 0.0002255 0.001715 0.0001292 
383000 558 347.748 158.0 0.663 5.0567 0 0 0 0.0001672 0.0001674 0.0017921 0.0001443 
384000 560 363.62 158.0 0.637 5.2923 0 0 0 0.0001778 0.0001832 0.0017466 0.0001482 
385000 560 363.62 158.0 0.637 5.2923 0 0 0 0.0001777 0.0002301 0.0017382 0.0001582 
386000 567 345.465 163.0 0.65 5.0282 0 0 0 0.0001966 0.0001915 0.0016038 0.0001649 
387000 568 367.436 162.0 0.617 5.341 0 0 0 0.0001562 0.0001832 0.0016368 0.0001721 
388000 570 373.392 164.0 0.632 5.4227 0 0 0 0.0001717 0.0002316 0.0016555 0.000176 
389000 578 331.061 172.0 0.687 4.8169 0 0 0 0.0002115 0.0002301 0.0016336 0.0001393 
390000 578 331.061 172.0 0.687 4.8169 0 0 0 0.0001615 0.0001961 0.001663 0.0001629 
391000 580 347.893 172.0 0.66 5.0631 0 0 0 0.000163 0.0001362 0.0015932 0.000181 
392000 582 362.819 172.0 0.634 5.2736 0 0 0 0.0001775 0.0001689 0.0016504 0.0001593 
393000 582 362.819 172.0 0.634 5.2736 0 0 0 0.0001539 0.0001538 0.001678 0.0001998 
394000 584 377.814 172.0 0.609 5.4962 0 0 0 0.0001718 0.000159 0.0016426 0.0001807 
395000 592 353.607 178.0 0.633 5.1386 0 0 0 0.0001688 0.0002174 0.001578 0.0001618 
396000 605 286.212 191.0 0.718 4.1579 0 0 0 0.0001778 0.0001978 0.0016723 0.0001598 
397000 606 303.208 192.0 0.723 4.4068 0 0 0 0.0001731 0.0001696 0.0016779 0.0001671 
398000 606 303.208 192.0 0.723 4.4068 0 0 0 0.0001688 0.000146 0.0017233 0.0001417 
399000 609 317.025 193.0 0.701 4.6092 0 0 0 0.000168 0.000224 0.0017463 0.0001411 
400000 610 339.565 192.0 0.667 4.9315 0 0 0 0.0001641 0.0001619 0.0017303 0.0001435 
401000 610 339.565 192.0 0.667 4.9315 0 0 0 0.0001777 0.0002094 0.0017771 0.0001263 
402000 614 349.196 196.0 0.693 5.0735 0 0 0 0.0001499 0.0001781 0.0018732 0.0001311 
403000 614 349.196 196.0 0.693 5.0735 0 0 0 0.0001771 0.0001985 0.0017921 0.0001338 
404000 623 323.815 203.0 0.71 4.7092 0 0 0 0.0001934 0.0002541 0.0017117 0.0001611 
405000 625 317.505 205.0 0.722 4.6054 0 0 0 0.0001775 0.0001634 0.0017392 0.0001423 
406000 632 305.217 210.0 0.723 4.4306 0 0 0 0.0001918 0.0002412 0.0016802 0.0001688 
407000 632 305.217 210.0 0.723 4.4306 0 0 0 0.0001656 0.0001426 0.0016806 0.0001605 
408000 634 322.113 210.0 0.695 4.6874 0 0 0 0.0001837 0.0002301 0.0016951 0.0001576 
409000 636 338.3 210.0 0.668 4.9122 0 0 0 0.0001689 0.0001319 0.0017189 0.0001305 
410000 636 338.3 210.0 0.668 4.9122 0 0 0 0.0001555 0.0001907 0.0017541 0.00013 
411000 649 293.576 221.0 0.713 4.2608 0 0 0 0.0001451 0.0001941 0.0017411 0.0001542 
412000 649 293.576 221.0 0.713 4.2608 0 0 0 0.0001754 0.0001446 0.0017067 0.000166 
413000 650 316.584 220.0 0.679 4.6107 0 0 0 0.0001724 0.000255 0.0016625 0.0001684 
414000 653 330.148 221.0 0.659 4.8077 0 0 0 0.0001793 0.0002172 0.0016058 0.0001552 
415000 653 330.148 221.0 0.659 4.8077 0 0 0 0.0001904 0.0001837 0.0015758 0.0001621 
416000 658 333.191 224.0 0.655 4.8449 0 0 0 0.0001981 0.0001911 0.0015982 0.0001575 
417000 658 333.191 224.0 0.655 4.8449 0 0 0 0.0001562 0.0001589 0.0016956 0.0001457 
418000 670 296.313 234.0 0.697 4.3192 0 0 0 0.0001821 0.0001849 0.0016595 0.0001646 
419000 670 296.313 234.0 0.697 4.3192 0 0 0 0.000167 0.0002263 0.0017052 0.0001436 
420000 671 319.266 233.0 0.663 4.6499 0 0 0 0.0001656 0.0001424 0.0016725 0.0001579 
421000 675 327.136 235.0 0.652 4.7568 0 0 0 0.0001763 0.000194 0.0016556 0.0001399 
422000 689 263.468 249.0 0.738 3.8456 0 0 0 0.0001981 0.0002497 0.0016354 0.0001686 
423000 689 263.468 249.0 0.738 3.8456 0 0 0 0.0001846 0.0001692 0.0016309 0.0001402 
424000 695 266.422 253.0 0.731 3.8897 0 0 0 0.0001646 0.0001618 0.0017457 0.000123 
425000 704 233.648 262.0 0.776 3.4125 0 0 0 0.0001699 0.0001476 0.0017668 0.0001256 
426000 706 247.773 264.0 0.785 3.6162 0 0 0 0.0001484 0.0001626 0.0017888 0.0001256 
427000 707 271.698 263.0 0.749 3.9571 0 0 0 0.0001516 0.0001852 0.0017804 0.0001369 
428000 716 244.259 272.0 0.791 3.5684 0 0 0 0.0001765 0.000214 0.0017652 0.0001562 
429000 718 247.294 274.0 0.799 3.6163 0 0 0 0.0001882 0.0001885 0.0016761 0.0001723 
430000 723 239.272 279.0 0.818 3.4874 0 0 0 0.0001597 0.0001492 0.0016721 0.0001401 
431000 725 258.639 279.0 0.786 3.7792 0 0 0 0.0001785 0.0002156 0.0016524 0.0001406 
432000 725 258.639 279.0 0.786 3.7792 0 0 0 0.0001874 0.0002056 0.0016907 0.0001345 
433000 730 264.897 282.0 0.77 3.8685 0 0 0 0.0001565 0.0001804 0.0016402 0.0001394 
434000 732 275.53 284.0 0.779 4.0162 0 0 0 0.0001755 0.0002 0.0016413 0.0001475 
435000 732 275.53 284.0 0.779 4.0162 0 0 0 0.0001396 0.0001293 0.0016357 0.0001474 
436000 736 285.233 286.0 0.759 4.1599 0 0 0 0.00017 0.0001896 0.0016709 0.0001417 
437000 738 302.9 286.0 0.729 4.4227 0 0 0 0.0001631 0.0001962 0.0016597 0.0001463 
438000 738 302.9 286.0 0.729 4.4227 0 0 0 0.0001687 0.0001945 0.0016966 0.0001348 
439000 744 298.244 290.0 0.724 4.3392 0 0 0 0.0001861 0.0002131 0.0016532 0.0001286 
440000 747 310.272 291.0 0.702 4.51 0 0 0 0.000187 0.0002103 0.0016889 0.0001362 
441000 747 310.272 291.0 0.702 4.51 0 0 0 0.0001706 0.0001737 0.0016651 0.0001481 
442000 755 293.158 297.0 0.711 4.2583 0 0 0 0.0001733 0.0002365 0.0016416 0.0001513 
443000 755 293.158 297.0 0.711 4.2583 0 0 0 0.0001635 0.0001628 0.0015921 0.0001656 
444000 760 295.32 300.0 0.702 4.295 0 0 0 0.0001763 0.0002028 0.0016435 0.000136 
445000 762 315.468 300.0 0.675 4.5955 0 0 0 0.0001931 0.0002324 0.0016454 0.0001341 
446000 763 329.318 301.0 0.681 4.7988 0 0 0 0.0001926 0.0001992 0.0016032 0.0001759 
447000 766 329.927 304.0 0.7 4.8069 0 0 0 0.0001868 0.0002122 0.0015837 0.0001516 
448000 780 263.857 318.0 0.774 3.8448 0 0 0 0.0001602 0.0001636 0.0017303 0.0001187 
449000 780 263.857 318.0 0.774 3.8448 0 0 0 0.0001561 0.0002188 0.0017286 0.0001464 
450000 783 277.026 319.0 0.749 4.0248 0 0 0 0.0001806 0.0001845 0.0017327 0.0001223 
451000 784 300.366 318.0 0.714 4.378 0 0 0 0.0001782 0.0001875 0.0017153 0.0001418 
452000 784 300.366 318.0 0.714 4.378 0 0 0 0.000191 0.0002323 0.0016573 0.0001601 
453000 785 323.239 317.0 0.68 4.7051 0 0 0 0.0001778 0.0001953 0.0015854 0.0001353 
454000 789 332.998 319.0 0.667 4.841 0 0 0 0.0001754 0.0001614 0.0015654 0.0001607 
455000 795 310.401 325.0 0.705 4.5267 0 0 0 0.0001775 0.0001681 0.0015749 0.000166 
456000 799 305.648 329.0 0.728 4.4442 0 0 0 0.0001732 0.0002036 0.0015635 0.0001475 
457000 799 305.648 329.0 0.728 4.4442 0 0 0 0.0001792 0.0001687 0.0015866 0.0001544 
458000 805 300.17 333.0 0.723 4.3728 0 0 0 0.0001925 0.0002279 0.0016059 0.00014 
459000 807 303.687 335.0 0.734 4.4238 0 0 0 0.0001819 0.000175 0.0016256 0.0001443 
460000 810 305.259 338.0 0.749 4.4491 0 0 0 0.0001672 0.0002073 0.001647 0.0001464 
461000 812 321.913 338.0 0.72 4.695 0 0 0 0.0001612 0.0001622 0.0016397 0.000132 
462000 812 321.913 338.0 0.72 4.695 0 0 0 0.0001623 0.0002036 0.0016919 0.0001287 
463000 815 339.381 339.0 0.698 4.9377 0 0 0 0.0002071 0.0002374 0.001672 0.0001399 
464000 819 340.201 343.0 0.722 4.9495 0 0 0 0.0001848 0.0002575 0.0016384 0.0001293 
465000 835 263.296 359.0 0.798 3.8349 0 0 0 0.0001964 0.0002191 0.0016556 0.0001375 
466000 838 249.687 362.0 0.81 3.6392 0 0 0 0.0001649 0.0001647 0.0016933 0.0001407 
467000 844 255.802 366.0 0.796 3.732 0 0 0 0.0001713 0.0002301 0.0016287 0.0001565 
468000 845 265.586 367.0 0.8 3.8595 0 0 0 0.0001842 0.000191 0.0015713 0.0001605 
469000 849 269.677 371.0 0.815 3.9295 0 0 0 0.0001659 0.0002117 0.001628 0.0001515 
470000 852 256.039 374.0 0.826 3.7154 0 0 0 0.0001795 0.0001996 0.0016093 0.0001425 
471000 853 279.798 373.0 0.79 4.077 0 0 0 0.0001694 0.0001798 0.0016366 0.0001346 
472000 853 279.798 373.0 0.79 4.077 0 0 0 0.0001585 0.0001484 0.0016067 0.000159 
473000 862 277.149 380.0 0.791 4.0368 0 0 0 0.0001728 0.0001938 0.0015662 0.0001565 
474000 862 277.149 380.0 0.791 4.0368 0 0 0 0.0001943 0.00021 0.001572 0.0001485 
475000 864 295.276 380.0 0.76 4.2948 0 0 0 0.0001806 0.0002235 0.0015522 0.0001529 
476000 867 307.011 381.0 0.735 4.4693 0 0 0 0.0001699 0.0001451 0.0015843 0.0001402 
477000 879 256.501 393.0 0.792 3.7365 0 0 0 0.0001843 0.0002268 0.0015481 0.0001582 
478000 879 256.501 393.0 0.792 3.7365 0 0 0 0.0001555 0.0001204 0.0016195 0.0001606 
479000 882 273.634 394.0 0.766 3.9838 0 0 0 0.0001666 0.0001947 0.0016534 0.0001465 
480000 883 297.041 393.0 0.731 4.3182 0 0 0 0.0001512 0.0001432 0.0016387 0.0001759 
481000 883 297.041 393.0 0.731 4.3182 0 0 0 0.0001553 0.0001361 0.0016257 0.00016 
482000 884 319.98 392.0 0.696 4.6656 0 0 0 0.0001558 0.0002128 0.0016066 0.0001392 
483000 888 324.113 394.0 0.682 4.7244 0 0 0 0.0001745 0.0001654 0.0015812 0.0001427 
484000 893 311.741 399.0 0.713 4.5313 0 0 0 0.0001711 0.0002084 0.0015955 0.0001669 
485000 895 305.853 401.0 0.724 4.4564 0 0 0 0.0001882 0.0002106 0.0016032 0.0001384 
486000 899 300.411 405.0 0.746 4.3713 0 0 0 0.00018 0.0002174 0.0017103 0.000133 
487000 907 285.788 411.0 0.749 4.1685 0 0 0 0.0001754 0.0002005 0.0016783 0.0001223 
488000 907 285.788 411.0 0.749 4.1685 0 0 0 0.0001462 0.000203 0.001638 0.0001515 
489000 912 291.27 414.0 0.736 4.2516 0 0 0 0.00017 0.0001914 0.0016231 0.000146 
490000 912 291.27 414.0 0.736 4.2516 0 0 0 0.0001565 0.0001877 0.0016241 0.0001066 
491000 922 274.853 422.0 0.751 3.9974 0 0 0 0.0001627 0.0002185 0.001699 0.0001161 
492000 922 274.853 422.0 0.751 3.9974 0 0 0 0.0001435 0.0001453 0.0017023 0.0001371 
493000 924 292.712 422.0 0.722 4.2634 0 0 0 0.0001703 0.0002155 0.001652 0.0001282 
494000 926 310.143 422.0 0.693 4.5042 0 0 0 0.0001585 0.0001595 0.0016179 0.0001436 
495000 926 310.143 422.0 0.693 4.5042 0 0 0 0.0001415 0.0001241 0.0016281 0.0001396 
496000 934 300.226 428.0 0.704 4.3646 0 0 0 0.0001774 0.000274 0.0016175 0.0001289 
497000 935 310.882 429.0 0.71 4.531 0 0 0 0.0001493 0.0001538 0.0017306 0.0001204 
498000 935 310.882 429.0 0.71 4.531 0 0 0 0.0001721 0.000178 0.0016833 0.0001596 
499000 936 333.544 428.0 0.676 4.8534 0 0 0 0.0001433 0.0001579 0.0017466 9.9e-05 
500000 944 313.754 434.0 0.69 4.5586 0 0 0 0.0001527 0.0002199 0.0017368 0.0001106 
501000 946 309.92 436.0 0.702 4.5141 0 0 0 0.0001685 0.0001795 0.0016746 0.0001533 
502000 948 326.91 436.0 0.675 4.7522 0 0 0 0.0001556 0.0001444 0.0016127 0.0001655 
503000 963 261.065 451.0 0.76 3.795 0 0 0 0.0001701 0.000177 0.0015414 0.0001551 
504000 963 261.065 451.0 0.76 3.795 0 0 0 0.0001621 0.0001617 0.0015554 0.0001369 
505000 966 276.335 452.0 0.735 4.0267 0 0 0 0.000149 0.0002039 0.0016197 0.0001294 
506000 969 288.886 453.0 0.713 4.1984 0 0 0 0.0001712 0.0001761 0.0016932 0.000127 
507000 972 273.568 456.0 0.729 3.9824 0 0 0 0.00016 0.0002189 0.0016626 0.0001257 
508000 978 275.91 460.0 0.724 4.0148 0 0 0 0.0001707 0.0001778 0.0016101 0.0001305 
509000 978 275.91 460.0 0.724 4.0148 0 0 0 0.0001469 0.0001754 0.0016049 0.0001365 
510000 980 294.606 460.0 0.696 4.2904 0 0 0 0.0001633 0.0001927 0.0015604 0.0001292 
511000 982 312.942 460.0 0.669 4.5549 0 0 0 0.0001526 0.0001568 0.0015622 0.0001566 
512000 983 308.383 461.0 0.675 4.4934 0 0 0 0.0001499 0.0001511 0.0016474 0.0001158 
513000 986 319.133 462.0 0.656 4.6353 0 0 0 0.0001515 0.0002203 0.0017217 0.0001087 
514000 995 286.999 471.0 0.713 4.1797 0 0 0 0.0001642 0.0001511 0.0017324 0.0001331 
515000 995 286.999 471.0 0.713 4.1797 0 0 0 0.0001406 0.00013 0.0016192 0.0001412 
516000 996 310.139 470.0 0.679 4.5135 0 0 0 0.0001441 0.0001786 0.00166 0.0001376 
517000 997 332.816 469.0 0.645 4.8417 0 0 0 0.0001454 0.0001579 0.0016208 0.000154 
518000 997 332.816 469.0 0.645 4.8417 0 0 0 0.0001764 0.0001885 0.0016866 0.0001223 
519000 1004 330.022 474.0 0.657 4.8015 0 0 0 0.0001673 0.0001861 0.0016403 0.0001321 
520000 1011 295.293 481.0 0.702 4.3017 0 0 0 0.0001629 0.000182 0.0015755 0.0001394 
521000 1014 304.573 484.0 0.72 4.4428 0 0 0 0.0001688 0.0001734 0.001538 0.0001324 
522000 1017 311.664 487.0 0.736 4.5485 0 0 0 0.0001631 0.0001871 0.00156 0.000134 
523000 1020 300.158 490.0 0.752 4.3667 0 0 0 0.0001865 0.000222 0.0015876 0.0001291 
524000 1021 311.455 491.0 0.757 4.5362 0 0 0 0.0001615 0.000201 0.00161 0.0001231 
525000 1030 290.083 498.0 0.763 4.227 0 0 0 0.0001587 0.0001399 0.0016464 0.0001394 
526000 1040 255.346 508.0 0.806 3.724 0 0 0 0.0001786 0.000244 0.0016541 0.0001287 
527000 1042 246.702 510.0 0.814 3.5879 0 0 0 0.0001704 0.0001306 0.0016456 0.0001255 
528000 1048 247.122 516.0 0.835 3.609 0 0 0 0.0001587 0.0001972 0.0016992 0.0001192 
529000 1048 247.122 516.0 0.835 3.609 0 0 0 0.000169 0.0001848 0.0017191 0.0001237 
530000 1052 257.055 518.0 0.81 3.7538 0 0 0 0.0001661 0.0001599 0.0016732 0.0001452 
531000 1053 280.794 517.0 0.774 4.0956 0 0 0 0.000165 0.0001814 0.0016046 0.0001372 
532000 1053 280.794 517.0 0.774 4.0956 0 0 0 0.0001641 0.0001409 0.0015657 0.0001349 
533000 1054 304.058 516.0 0.739 4.4299 0 0 0 0.0001468 0.0002006 0.0016539 0.0001115 
534000 1057 315.179 517.0 0.716 4.5946 0 0 0 0.0001576 0.0001697 0.001717 0.0001336 
535000 1057 315.179 517.0 0.716 4.5946 0 0 0 0.0001345 0.000145 0.0016978 0.0001309 
536000 1059 332.06 517.0 0.688 4.8447 0 0 0 0.0001384 0.0001054 0.0017594 0.0001419 
537000 1063 332.415 521.0 0.712 4.8354 0 0 0 0.0001731 0.000184 0.0016106 0.0001665 
538000 1064 354.647 520.0 0.678 5.1705 0 0 0 0.0001424 0.0001931 0.0015254 0.0001492 
539000 1064 354.647 520.0 0.678 5.1705 0 0 0 0.0001796 0.0001649 0.0015201 0.0001373 
540000 1077 303.502 531.0 0.721 4.4282 0 0 0 0.0001684 0.0002369 0.0015463 0.0001264 
541000 1077 303.502 531.0 0.721 4.4282 0 0 0 0.0001495 0.0001084 0.0016076 0.0001529 
542000 1081 320.785 533.0 0.705 4.6661 0 0 0 0.0001632 0.0002067 0.001613 0.0001172 
543000 1087 292.663 539.0 0.738 4.2675 0 0 0 0.0001666 0.0001648 0.001625 0.0001489 
544000 1088 315.689 538.0 0.704 4.5946 0 0 0 0.0001457 0.000164 0.0015485 0.00015 
545000 1104 246.062 554.0 0.786 3.5758 0 0 0 0.0001716 0.0001908 0.0015656 0.0001321 
546000 1104 246.062 554.0 0.786 3.5758 0 0 0 0.000158 0.0001652 0.0015955 0.0001241 
547000 1107 265.654 555.0 0.76 3.8624 0 0 0 0.0001368 0.0001394 0.0017003 0.0001264 
548000 1107 265.654 555.0 0.76 3.8624 0 0 0 0.0001327 0.0001626 0.0016746 0.0001283 
549000 1108 289.221 554.0 0.725 4.2127 0 0 0 0.0001701 0.0002386 0.0016785 0.000132 
550000 1112 288.125 558.0 0.746 4.1831 0 0 0 0.0001608 0.000135 0.0016946 0.0001025 
551000 1113 311.243 557.0 0.711 4.5316 0 0 0 0.0001476 0.0001614 0.0017115 0.0001344 
552000 1122 282.951 566.0 0.759 4.1166 0 0 0 0.0001714 0.0001976 0.0016728 0.0001169 
553000 1124 272.955 568.0 0.769 3.9633 0 0 0 0.0001441 0.0001647 0.0016207 0.0001466 
554000 1137 240.951 579.0 0.791 3.4966 0 0 0 0.0001547 0.0001742 0.0015707 0.0001289 
555000 1146 219.477 588.0 0.825 3.187 0 0 0 0.0001607 0.0001807 0.0015884 0.0001321 
556000 1155 193.196 597.0 0.854 2.8167 0 0 0 0.0001582 0.0002194 0.0015806 0.0001193 
557000 1155 193.196 597.0 0.854 2.8167 0 0 0 0.0001578 0.0001526 0.0016278 0.0001252 
558000 1158 211.902 598.0 0.825 3.0796 0 0 0 0.000159 0.0001482 0.0016709 0.0001329 
559000 1160 233.073 598.0 0.792 3.3913 0 0 0 0.0001391 0.0001646 0.0016377 0.000146 
560000 1162 248.098 600.0 0.801 3.5986 0 0 0 0.0001409 0.0001405 0.0017522 0.0001252 
561000 1165 240.925 603.0 0.812 3.4926 0 0 0 0.0001604 0.0002433 0.0016458 0.0001469 
562000 1173 227.767 611.0 0.84 3.3062 0 0 0 0.0001688 0.0002161 0.0015684 0.0001372 
563000 1177 225.612 615.0 0.853 3.2881 0 0 0 0.0001833 0.0001592 0.0015411 0.0001372 
564000 1179 246.14 615.0 0.819 3.5958 0 0 0 0.0001498 0.0002072 0.0015841 0.0001435 
565000 1179 246.14 615.0 0.819 3.5958 0 0 0 0.0001381 0.0001331 0.0015544 0.0001487 
566000 1184 254.391 618.0 0.8 3.709 0 0 0 0.0001605 0.0001574 0.001577 0.0001306 
567000 1188 249.919 622.0 0.815 3.6377 0 0 0 0.000165 0.0002134 0.0015705 0.0001428 
568000 1194 251.269 626.0 0.8 3.6638 0 0 0 0.0001558 0.0001471 0.0016236 0.0001333 
569000 1200 225.757 632.0 0.823 3.2871 0 0 0 0.0001779 0.0001659 0.001613 0.0001426 
570000 1201 250.122 631.0 0.787 3.6536 0 0 0 0.0001483 0.0001782 0.0015902 0.0001481 
571000 1201 250.122 631.0 0.787 3.6536 0 0 0 0.0001657 0.0001655 0.0015837 0.0001222 
572000 1205 276.368 633.0 0.766 4.0187 0 0 0 0.0001536 0.0001824 0.0016062 0.0001223 
573000 1206 273.361 634.0 0.77 3.9737 0 0 0 0.0001441 0.0001596 0.0015696 0.0001435 
574000 1219 240.644 645.0 0.792 3.5073 0 0 0 0.0001367 0.0001531 0.0015395 0.0001445 
575000 1226 215.152 652.0 0.819 3.1226 0 0 0 0.0001577 0.0002028 0.0015553 0.0001432 
576000 1232 217.441 658.0 0.84 3.172 0 0 0 0.0001484 0.0001477 0.0015912 0.0001466 
577000 1234 215.194 660.0 0.846 3.1302 0 0 0 0.0001395 0.0001702 0.0015832 0.0001509 
578000 1235 239.77 659.0 0.809 3.5013 0 0 0 0.0001599 0.0002098 0.0016355 0.000111 
579000 1236 263.855 658.0 0.773 3.8488 0 0 0 0.0001501 0.0001604 0.0016901 0.0001309 
580000 1244 230.062 666.0 0.807 3.349 0 0 0 0.00016 0.000124 0.0016166 0.0001403 
581000 1248 241.936 668.0 0.784 3.5332 0 0 0 0.0001455 0.0002086 0.0016395 0.000129 
582000 1253 238.117 673.0 0.805 3.4736 0 0 0 0.0001446 0.0001274 0.0016627 0.0001386 
583000 1254 237.355 674.0 0.809 3.4533 0 0 0 0.0001653 0.0002187 0.0016104 0.0001242 
584000 1261 234.83 679.0 0.799 3.4286 0 0 0 0.0001678 0.0001711 0.0015813 0.0001451 
585000 1261 234.83 679.0 0.799 3.4286 0 0 0 0.0001376 0.0001376 0.0015852 0.0001462 
586000 1262 259.014 678.0 0.763 3.7738 0 0 0 0.0001589 0.0001657 0.0016114 0.0001508 
587000 1267 266.06 681.0 0.749 3.8883 0 0 0 0.0001473 0.0001987 0.0015803 0.0001408 
588000 1272 246.063 686.0 0.773 3.5929 0 0 0 0.0001572 0.0001373 0.0015524 0.000139 
589000 1277 244.366 691.0 0.795 3.5642 0 0 0 0.0001479 0.0001682 0.0015881 0.0001333 
590000 1278 268.359 690.0 0.759 3.9112 0 0 0 0.0001437 0.0001751 0.0016595 0.000118 
591000 1279 273.932 691.0 0.764 4.0068 0 0 0 0.000129 0.00012 0.0016384 0.0001341 
592000 1288 257.314 700.0 0.803 3.7449 0 0 0 0.0001438 0.0001649 0.0016041 0.0001165 
593000 1291 244.63 703.0 0.814 3.5601 0 0 0 0.0001485 0.0002363 0.0016033 0.0001311 
594000 1292 268.617 702.0 0.778 3.9224 0 0 0 0.0001535 0.0001573 0.0015946 0.0001292 
595000 1293 292.125 701.0 0.743 4.2602 0 0 0 0.0001833 0.0002133 0.001561 0.0001301 
596000 1298 266.544 706.0 0.767 3.8871 0 0 0 0.0001598 0.0001954 0.0015817 0.0001215 
597000 1303 274.355 709.0 0.753 3.9985 0 0 0 0.0001656 0.0002173 0.0016258 0.0001212 
598000 1307 256.592 713.0 0.772 3.7325 0 0 0 0.0001412 0.0001692 0.001639 0.0001224 
599000 1308 280.34 712.0 0.737 4.0899 0 0 0 0.0001491 0.0001407 0.0016849 0.000119 
600000 1309 303.613 711.0 0.702 4.4204 0 0 0 0.0001536 0.0001899 0.0016649 0.000136 
601000 1309 303.613 711.0 0.702 4.4204 0 0 0 0.0001737 0.0001921 0.0016145 0.0001113 
602000 1316 298.868 716.0 0.706 4.3467 0 0 0 0.0001664 0.0001826 0.0016133 0.0001352 
603000 1325 260.724 725.0 0.755 3.7904 0 0 0 0.0001418 0.0001509 0.0016254 0.0001188 
604000 1334 242.339 734.0 0.795 3.5249 0 0 0 0.0001561 0.0001746 0.0016414 0.0001242 
605000 1335 237.892 735.0 0.8 3.4575 0 0 0 0.0001493 0.0001477 0.0015748 0.0001137 
606000 1340 249.983 740.0 0.819 3.6449 0 0 0 0.000136 0.0001792 0.0015969 0.0001279 
607000 1347 236.507 747.0 0.843 3.4426 0 0 0 0.0001729 0.0001966 0.0016035 0.0001267 
608000 1348 232.897 748.0 0.846 3.3982 0 0 0 0.000159 0.0001727 0.0017008 0.0001061 
609000 1353 245.104 751.0 0.824 3.5697 0 0 0 0.0001461 0.0001379 0.0016349 0.0001474 
610000 1353 245.104 751.0 0.824 3.5697 0 0 0 0.0001638 0.0002068 0.0016352 0.0001092 
611000 1363 230.207 759.0 0.823 3.358 0 0 0 0.0001613 0.0001848 0.0016035 0.0001132 
612000 1363 230.207 759.0 0.823 3.358 0 0 0 0.0001577 0.0001541 0.0016405 0.0001093 
613000 1366 246.783 760.0 0.795 3.5968 0 0 0 0.0001772 0.0001677 0.0015749 0.0001392 
614000 1370 259.486 762.0 0.773 3.776 0 0 0 0.000149 0.0002076 0.0015717 0.0001194 
615000 1372 257.514 764.0 0.782 3.7611 0 0 0 0.000148 0.0001466 0.0016051 0.0001393 
616000 1375 271.896 765.0 0.756 3.9768 0 0 0 0.0001637 0.0001874 0.0016086 0.0001249 
617000 1375 271.896 765.0 0.756 3.9768 0 0 0 0.0001705 0.0001519 0.0015434 0.0001462 
618000 1383 267.687 771.0 0.758 3.8975 0 0 0 0.000155 0.0001622 0.001615 0.0001341 
619000 1383 267.687 771.0 0.758 3.8975 0 0 0 0.0001574 0.0002118 0.0016702 9.76e-05 
620000 1385 285.889 771.0 0.728 4.1771 0 0 0 0.0001383 0.0001494 0.0017326 0.0001223 
621000 1388 298.14 772.0 0.706 4.3599 0 0 0 0.0001464 0.0001731 0.0016679 0.0001339 
622000 1389 307.377 773.0 0.712 4.494 0 0 0 0.0001452 0.0001736 0.0016511 0.0001184 
623000 1389 307.377 773.0 0.712 4.494 0 0 0 0.0001502 0.0001677 0.0016776 0.0001398 
624000 1391 323.987 773.0 0.684 4.7242 0 0 0 0.0001295 0.0001437 0.0015874 0.0001494 
625000 1395 327.668 775.0 0.671 4.7749 0 0 0 0.0001796 0.0001799 0.0015683 0.0001188 
626000 1395 327.668 775.0 0.671 4.7749 0 0 0 0.0001604 0.0002004 0.0016611 0.0001092 
627000 1408 281.939 786.0 0.716 4.1006 0 0 0 0.0001535 0.000118 0.0017142 0.0001246 
628000 1410 299.937 786.0 0.688 4.3666 0 0 0 0.0001439 0.0002152 0.0016728 0.0001194 
629000 1410 299.937 786.0 0.688 4.3666 0 0 0 0.0001547 0.0001646 0.0016123 0.000144 
630000 1418 288.009 792.0 0.699 4.2049 0 0 0 0.0001626 0.0001852 0.0015971 0.0001409 
631000 1420 282.16 794.0 0.711 4.1143 0 0 0 0.0001685 0.0002022 0.0015769 0.0001506 
632000 1434 243.144 806.0 0.752 3.5487 0 0 0 0.0001843 0.000214 0.0015528 0.0001155 
633000 1445 210.994 817.0 0.801 3.0817 0 0 0 0.0001822 0.0001832 0.0015745 0.0001179 
634000 1445 210.994 817.0 0.801 3.0817 0 0 0 0.0001833 0.0001686 0.0015899 0.0001331 
635000 1446 235.654 816.0 0.765 3.4355 0 0 0 0.0001394 0.0001457 0.0015643 0.000132 
636000 1449 252.122 817.0 0.741 3.6681 0 0 0 0.0001476 0.0001468 0.0016094 0.000132 
637000 1449 252.122 817.0 0.741 3.6681 0 0 0 0.0001281 0.0001718 0.0016215 0.0001263 
638000 1458 246.811 824.0 0.75 3.5999 0 0 0 0.0001576 0.0002117 0.0016653 0.0001276 
639000 1468 213.886 834.0 0.795 3.1176 0 0 0 0.000161 0.0001657 0.0016042 0.0001199 
640000 1468 213.886 834.0 0.795 3.1176 0 0 0 0.0001431 0.0001435 0.0015913 0.000132 
641000 1475 220.696 839.0 0.787 3.2178 0 0 0 0.0001645 0.0001678 0.0015924 0.0001395 
642000 1484 206.628 848.0 0.822 3.0117 0 0 0 0.0001646 0.0001768 0.0015776 0.0001337 
643000 1484 206.628 848.0 0.822 3.0117 0 0 0 0.000152 0.0002016 0.0015484 0.0001343 
644000 1487 223.043 849.0 0.794 3.2599 0 0 0 0.0001714 0.0001946 0.0015618 0.0001304 
645000 1497 210.198 859.0 0.832 3.0589 0 0 0 0.0001596 0.0001565 0.0015447 0.0001291 
646000 1497 210.198 859.0 0.832 3.0589 0 0 0 0.0001513 0.0001453 0.0015837 0.000125 
647000 1499 230.497 859.0 0.799 3.368 0 0 0 0.0001311 0.0001727 0.0016235 0.0001107 
648000 1501 245.803 861.0 0.807 3.578 0 0 0 0.0001585 0.0001886 0.0016048 0.0001325 
649000 1501 245.803 861.0 0.807 3.578 0 0 0 0.0001626 0.000182 0.0015999 0.0001241 
650000 1504 259.526 864.0 0.819 3.7905 0 0 0 0.0001488 0.0001498 0.0015927 0.0001346 
651000 1509 265.36 867.0 0.799 3.8767 0 0 0 0.0001433 0.0001661 0.0015518 0.000134 
652000 1509 265.36 867.0 0.799 3.8767 0 0 0 0.0001376 0.0001173 0.0015238 0.0001185 
653000 1511 283.574 867.0 0.768 4.1355 0 0 0 0.000129 0.0001651 0.0015725 0.0001195 
654000 1513 301.487 867.0 0.738 4.4064 0 0 0 0.0001656 0.0002081 0.001549 0.0001261 
655000 1515 313.901 869.0 0.748 4.5882 0 0 0 0.0001524 0.0001427 0.0015502 0.0001284 
656000 1518 297.991 872.0 0.763 4.3572 0 0 0 0.0001467 0.0001181 0.0015339 0.0001422 
657000 1527 278.704 881.0 0.803 4.0659 0 0 0 0.0001465 0.0002064 0.0016096 0.0001124 
658000 1527 278.704 881.0 0.803 4.0659 0 0 0 0.0001421 0.0001561 0.001656 0.000118 
659000 1528 296.49 882.0 0.807 4.3246 0 0 0 0.0001489 0.0001384 0.001569 0.0001299 
660000 1531 309.462 883.0 0.779 4.5242 0 0 0 0.000148 0.0001465 0.0015416 0.0001394 
661000 1531 309.462 883.0 0.779 4.5242 0 0 0 0.0001416 0.0001833 0.0015883 0.000126 
662000 1533 325.849 883.0 0.749 4.7561 0 0 0 0.000125 0.0001437 0.0015988 0.0001179 
663000 1541 310.692 889.0 0.752 4.5391 0 0 0 0.000158 0.0002189 0.0015976 0.0001308 
664000 1551 264.029 899.0 0.797 3.8538 0 0 0 0.0001511 0.0001291 0.0015931 0.000125 
665000 1552 284.789 900.0 0.801 4.1509 0 0 0 0.0001644 0.0001982 0.0015508 0.000131 
666000 1552 284.789 900.0 0.801 4.1509 0 0 0 0.0001414 0.0001156 0.0015549 0.0001353 
667000 1554 302.213 900.0 0.77 4.4131 0 0 0 0.0001361 0.0001644 0.001561 0.0001142 
668000 1557 313.569 901.0 0.745 4.5795 0 0 0 0.0001293 0.0001354 0.0015487 0.0001381 
669000 1557 313.569 901.0 0.745 4.5795 0 0 0 0.0001318 0.0001005 0.0016019 0.0001166 
670000 1563 306.734 905.0 0.738 4.4708 0 0 0 0.0001414 0.0001822 0.0015572 0.0001198 
671000 1573 269.221 915.0 0.786 3.9229 0 0 0 0.0001629 0.0001732 0.0015464 0.0001433 
672000 1578 272.113 918.0 0.77 3.9798 0 0 0 0.0001381 0.0001567 0.0015768 0.0001291 
673000 1594 212.052 934.0 0.833 3.094 0 0 0 0.0001482 0.0002088 0.0015445 0.0001327 
674000 1594 212.052 934.0 0.833 3.094 0 0 0 0.0001612 0.0001612 0.0015229 0.0001219 
675000 1606 196.302 944.0 0.837 2.8586 0 0 0 0.0001643 0.0001504 0.0015099 0.0001337 
676000 1606 196.302 944.0 0.837 2.8586 0 0 0 0.0001595 0.0002038 0.0015553 0.0001087 
677000 1610 209.634 946.0 0.812 3.0574 0 0 0 0.0001583 0.0001467 0.0015867 0.0001134 
678000 1619 205.937 953.0 0.809 3.0062 0 0 0 0.0001703 0.0002082 0.0015589 0.0001289 
679000 1625 200.416 959.0 0.831 2.9384 0 0 0 0.00013 0.0001212 0.0016034 0.0001321 
680000 1628 198.524 962.0 0.841 2.9108 0 0 0 0.0001486 0.0001367 0.0016117 0.0001207 
681000 1630 219.725 962.0 0.808 3.2063 0 0 0 0.0001235 0.0001814 0.001552 0.0001285 
682000 1632 213.855 964.0 0.816 3.1194 0 0 0 0.0001591 0.0001565 0.0015449 0.0001078 
683000 1640 216.487 970.0 0.808 3.1558 0 0 0 0.0001142 0.0001171 0.0016184 0.0001126 
684000 1644 205.709 974.0 0.823 3.0097 0 0 0 0.0001505 0.0001625 0.0015386 0.0001352 
685000 1648 219.22 976.0 0.799 3.2034 0 0 0 0.0001396 0.000155 0.0015073 0.0001437 
686000 1652 208.071 980.0 0.815 3.0337 0 0 0 0.0001443 0.0001703 0.0015205 0.000142 
687000 1656 225.046 982.0 0.792 3.2789 0 0 0 0.0001284 0.0001391 0.0016457 0.0001116 
688000 1656 225.046 982.0 0.792 3.2789 0 0 0 0.0001577 0.0001677 0.0015869 0.0001424 
689000 1662 225.349 988.0 0.815 3.2837 0 0 0 0.0001353 0.0001578 0.0014635 0.0001356 
690000 1664 245.307 988.0 0.784 3.5825 0 0 0 0.0001424 0.0001562 0.0015335 0.0001155 
691000 1664 245.307 988.0 0.784 3.5825 0 0 0 0.000154 0.0001816 0.0015121 0.0001338 
692000 1671 244.641 993.0 0.777 3.5777 0 0 0 0.0001234 0.0001488 0.0015618 0.0001213 
693000 1671 244.641 993.0 0.777 3.5777 0 0 0 0.0001337 0.0001476 0.0015361 0.0001255 
694000 1676 250.173 996.0 0.761 3.6546 0 0 0 0.0001411 0.0001362 0.0016091 0.0001334 
695000 1681 259.156 999.0 0.747 3.7857 0 0 0 0.00015 0.0001881 0.0015801 0.0001237 
696000 1686 243.81 1004.0 0.772 3.5638 0 0 0 0.0001589 0.0001681 0.0015674 0.0001263 
697000 1690 252.092 1008.0 0.789 3.6769 0 0 0 0.0001557 0.0001792 0.0015445 0.0001348 
698000 1690 252.092 1008.0 0.789 3.6769 0 0 0 0.0001433 0.000172 0.0015583 0.0001219 
699000 1696 253.162 1012.0 0.777 3.6967 0 0 0 0.0001369 0.00018 0.0015965 0.0001171 
700000 1698 272.139 1012.0 0.747 3.9614 0 0 0 0.0001442 0.0001722 0.0015467 0.000135 
701000 1710 224.422 1024.0 0.801 3.276 0 0 0 0.0001546 0.0001953 0.0015737 0.0001168 
702000 1710 224.422 1024.0 0.801 3.276 0 0 0 0.0001618 0.0001654 0.0015621 0.0001261 
703000 1720 225.257 1032.0 0.804 3.277 0 0 0 0.0001235 0.0001526 0.0015909 0.000109 
704000 1720 225.257 1032.0 0.804 3.277 0 0 0 0.0001513 0.0001637 0.0016212 0.0001033 
705000 1728 227.076 1038.0 0.799 3.3118 0 0 0 0.0001417 0.0001499 0.0016656 0.0001105 
706000 1744 176.73 1054.0 0.854 2.5871 0 0 0 0.0001585 0.0001548 0.0016394 0.0001163 
707000 1754 165.433 1064.0 0.881 2.414 0 0 0 0.0001665 0.0001912 0.0015687 0.0001227 
708000 1754 165.433 1064.0 0.881 2.414 0 0 0 0.0001375 0.0001107 0.0016179 0.0001244 
709000 1762 172.4 1070.0 0.864 2.5162 0 0 0 0.0001655 0.0002327 0.0015902 0.0001365 
710000 1762 172.4 1070.0 0.864 2.5162 0 0 0 0.0001492 0.0001147 0.0015525 0.0001355 
711000 1768 189.685 1074.0 0.843 2.7752 0 0 0 0.0001511 0.0001492 0.0015858 0.0001206 
712000 1768 189.685 1074.0 0.843 2.7752 0 0 0 0.0001432 0.0001943 0.0015944 0.0001152 
713000 1777 191.9 1081.0 0.835 2.8069 0 0 0 0.0001691 0.0001652 0.0016069 0.0001273 
714000 1777 191.9 1081.0 0.835 2.8069 0 0 0 0.0001515 0.0001419 0.0016285 0.0001127 
715000 1782 203.634 1084.0 0.814 2.9826 0 0 0 0.0001249 0.0001214 0.0016585 0.0001173 
716000 1790 203.154 1090.0 0.807 2.9666 0 0 0 0.0001579 0.0001912 0.0016397 0.0001 
717000 1792 196.116 1092.0 0.815 2.8572 0 0 0 0.0001356 0.0001463 0.0016835 0.0001195 
718000 1810 166.338 1110.0 0.871 2.4238 0 0 0 0.0001665 0.0001858 0.0016006 0.0001249 
719000 1815 170.65 1115.0 0.884 2.5025 0 0 0 0.0001446 0.0001773 0.0015523 0.0001185 
720000 1831 140.715 1131.0 0.916 2.0514 0 0 0 0.0001524 0.0001777 0.0015838 0.0001126 
721000 1834 139.721 1134.0 0.921 2.0382 0 0 0 0.0001319 0.0001856 0.001588 0.0001289 
722000 1837 160.171 1135.0 0.887 2.343 0 0 0 0.0001518 0.0001617 0.0016064 0.0001079 
723000 1837 160.171 1135.0 0.887 2.343 0 0 0 0.0001256 0.0001335 0.0016494 0.0001015 
724000 1839 182.531 1135.0 0.852 2.6584 0 0 0 0.0001513 0.0001469 0.0015764 0.0001432 
725000 1841 204.385 1135.0 0.819 2.9861 0 0 0 0.0001256 0.0001654 0.0015753 0.0001213 
726000 1841 204.385 1135.0 0.819 2.9861 0 0 0 0.0001548 0.0001698 0.0015679 0.0001164 
727000 1850 205.043 1142.0 0.815 2.99 0 0 0 0.0001336 0.0001292 0.0016517 0.0001125 
728000 1852 212.371 1144.0 0.822 3.1137 0 0 0 0.0001518 0.0001639 0.0016994 0.000133 
729000 1854 213.621 1146.0 0.829 3.1144 0 0 0 0.0001255 0.0001129 0.0016025 0.0001264 
730000 1860 214.434 1152.0 0.849 3.129 0 0 0 0.0001298 0.000135 0.0016777 0.0001116 
731000 1866 207.733 1158.0 0.866 3.0357 0 0 0 0.0001456 0.0002221 0.0016073 0.0001157 
732000 1868 228.489 1158.0 0.832 3.3305 0 0 0 0.0001527 0.0001643 0.0016051 0.0001206 
733000 1869 242.759 1159.0 0.836 3.5518 0 0 0 0.0001458 0.0001655 0.0015761 0.0001215 
734000 1876 223.326 1166.0 0.857 3.2583 0 0 0 0.0001366 0.0001285 0.0015916 0.0001167 
735000 1877 247.74 1165.0 0.82 3.6103 0 0 0 0.0001431 0.0001364 0.0015456 0.0001185 
736000 1877 247.74 1165.0 0.82 3.6103 0 0 0 0.0001504 0.0001743 0.0015271 0.0001336 
737000 1885 242.225 1171.0 0.812 3.5303 0 0 0 0.000144 0.0001599 0.0015258 0.0001247 
738000 1885 242.225 1171.0 0.812 3.5303 0 0 0 0.000145 0.0001503 0.0015568 0.0001137 
739000 1896 225.285 1180.0 0.817 3.2913 0 0 0 0.0001474 0.0001648 0.0015905 0.000123 
740000 1896 225.285 1180.0 0.817 3.2913 0 0 0 0.0001433 0.0001726 0.0015014 0.0001243 
741000 1918 174.886 1200.0 0.856 2.5592 0 0 0 0.0001601 0.0001957 0.0015637 0.0001047 
742000 1918 174.886 1200.0 0.856 2.5592 0 0 0 0.0001354 0.0001559 0.0016161 0.0001145 
743000 1926 188.771 1206.0 0.843 2.758 0 0 0 0.0001587 0.0001842 0.0015453 0.0001176 
744000 1941 156.508 1221.0 0.884 2.2907 0 0 0 0.0001342 0.0001339 0.0015665 0.0001221 
745000 1947 142.91 1227.0 0.897 2.0984 0 0 0 0.0001405 0.0001501 0.0015301 0.000126 
746000 1951 154.627 1231.0 0.905 2.2591 0 0 0 0.0001444 0.000142 0.0015138 0.0001325 
747000 1955 172.496 1233.0 0.875 2.5134 0 0 0 0.0001375 0.0001645 0.0015622 0.0001247 
748000 1978 125.122 1256.0 0.921 1.8225 0 0 0 0.0001528 0.0001522 0.0015616 0.0001222 
749000 1986 114.608 1264.0 0.933 1.6807 0 0 0 0.0001578 0.0002002 0.0015387 0.0001132 
750000 1990 134.745 1266.0 0.901 1.9803 0 0 0 0.000158 0.0001838 0.0015533 0.000119 
751000 2000 115.809 1276.0 0.919 1.6972 0 0 0 0.0001588 0.0001325 0.0016041 0.0001132 
752000 2010 121.498 1286.0 0.934 1.7736 0 0 0 0.0001536 0.0001856 0.0015935 0.0001152 
753000 2012 123.811 1288.0 0.936 1.8113 0 0 0 0.0001602 0.0001344 0.0015807 0.0001288 
754000 2019 137.674 1293.0 0.909 2.0093 0 0 0 0.0001446 0.000139 0.0016578 0.0001132 
755000 2030 120.205 1304.0 0.927 1.7628 0 0 0 0.0001645 0.0001949 0.0015936 0.0001152 
756000 2031 146.681 1303.0 0.889 2.1464 0 0 0 0.0001378 0.0001174 0.0015377 0.0001315 
757000 2031 146.681 1303.0 0.889 2.1464 0 0 0 0.0001418 0.0001832 0.0014799 0.0001184 
758000 2032 172.628 1302.0 0.851 2.5221 0 0 0 0.0001322 0.0001497 0.0014426 0.0001235 
759000 2033 198.055 1301.0 0.814 2.9063 0 0 0 0.0001392 0.0001482 0.0014674 0.0001237 
760000 2035 209.88 1303.0 0.821 3.0644 0 0 0 0.0001525 0.0001502 0.0015755 0.0001048 
761000 2035 209.88 1303.0 0.821 3.0644 0 0 0 0.0001269 0.0001457 0.0015951 0.0001342 
762000 2054 176.02 1320.0 0.851 2.5796 0 0 0 0.0001569 0.0001866 0.0015023 0.0001283 
763000 2057 167.934 1323.0 0.859 2.4651 0 0 0 0.0001415 9.22e-05 0.0015741 0.0001323 
764000 2059 190.327 1323.0 0.826 2.7785 0 0 0 0.0001308 0.0001566 0.0016083 0.0001057 
765000 2059 190.327 1323.0 0.826 2.7785 0 0 0 0.0001543 0.0001421 0.001531 0.000133 
766000 2066 195.84 1328.0 0.813 2.8533 0 0 0 0.0001492 0.0002002 0.001474 0.0001287 
767000 2068 216.836 1330.0 0.821 3.172 0 0 0 0.0001625 0.0001556 0.0014547 0.0001456 
768000 2068 216.836 1330.0 0.821 3.172 0 0 0 0.0001483 0.0001418 0.0014732 0.0001248 
769000 2078 206.767 1338.0 0.82 3.0281 0 0 0 0.0001307 0.0001657 0.0015642 0.0001083 
770000 2083 202.883 1343.0 0.837 2.9623 0 0 0 0.0001373 0.0001278 0.0015356 0.0001435 
771000 2086 219.802 1344.0 0.809 3.2114 0 0 0 0.0001214 0.000138 0.0015325 0.000132 
772000 2086 219.802 1344.0 0.809 3.2114 0 0 0 0.0001386 0.0001315 0.001575 0.0001143 
773000 2100 196.364 1356.0 0.825 2.8623 0 0 0 0.0001284 0.0001903 0.0015951 0.000114 
774000 2100 196.364 1356.0 0.825 2.8623 0 0 0 0.0001402 0.0001839 0.001586 0.0001199 
775000 2102 217.37 1356.0 0.793 3.164 0 0 0 0.0001535 0.0001652 0.0015521 0.0001289 
776000 2104 233.193 1358.0 0.801 3.3947 0 0 0 0.0001331 0.0001353 0.0014986 0.0001295 
777000 2105 257.409 1357.0 0.765 3.746 0 0 0 0.0001389 0.0001689 0.0014933 0.0001098 
778000 2107 250.013 1359.0 0.774 3.6581 0 0 0 0.0001309 0.0001427 0.001512 0.0001303 
779000 2112 256.539 1364.0 0.796 3.7369 0 0 0 0.00013 0.0001048 0.001485 0.0001488 
780000 2112 256.539 1364.0 0.796 3.7369 0 0 0 0.000118 0.0001616 0.0014898 0.0001293 
781000 2120 257.076 1370.0 0.792 3.7479 0 0 0 0.0001535 0.0001784 0.0015118 0.0001223 
782000 2121 256.554 1371.0 0.796 3.7422 0 0 0 0.0001478 0.0001382 0.0015615 0.0001169 
783000 2123 275.257 1371.0 0.765 4.0238 0 0 0 0.000138 0.0001627 0.0015673 0.0001105 
784000 2123 275.257 1371.0 0.765 4.0238 0 0 0 0.0001284 0.0001331 0.0016111 0.0001124 
785000 2124 298.632 1370.0 0.729 4.3601 0 0 0 0.0001527 0.0001372 0.0015908 0.00011 
786000 2128 306.189 1374.0 0.75 4.4766 0 0 0 0.0001323 0.0001602 0.0015705 0.0001181 
787000 2128 306.189 1374.0 0.75 4.4766 0 0 0 0.0001284 0.0001349 0.0015757 0.0001142 
788000 2131 318.521 1375.0 0.727 4.5471 0 0 0 0.0001387 0.000134 0.0015816 0.0001191 
789000 2135 323.384 1377.0 0.71 4.4709 0 0 0 0.0001394 0.0001585 0.0015451 0.0001238 
790000 2164 196.0 1406.0 0.839 2.6425 0 0 0 0.0001512 0.0001666 0.0015215 0.0001197 
791000 2164 196.0 1406.0 0.839 2.6425 0 0 0 0.0001311 0.0001673 0.0015274 0.0001091 
792000 2178 179.501 1418.0 0.848 2.2876 0 0 0 0.0001442 0.0001187 0.0015762 0.0001125 
793000 2185 162.426 1425.0 0.868 2.0518 0 0 0 0.0001224 0.0001678 0.0016117 0.0001139 
794000 2191 174.66 1429.0 0.847 2.1045 0 0 0 0.0001562 0.0001643 0.0015784 0.0001121 
795000 2194 169.634 1432.0 0.856 2.0282 0 0 0 0.0001351 0.0001743 0.0016334 0.0001161 
796000 2199 186.836 1437.0 0.87 2.145 0 0 0 0.0001426 0.0001655 0.0016665 0.000107 
797000 2204 176.48 1442.0 0.882 2.0089 0 0 0 0.0001512 0.0001566 0.0016183 0.0001145 
798000 2213 172.951 1451.0 0.902 1.9242 0 0 0 0.0001289 0.0001443 0.0015867 0.0001147 
799000 2213 172.951 1451.0 0.902 1.9242 0 0 0 0.0001519 0.0001695 0.001548 0.0001065 
800000 2218 185.042 1454.0 0.874 2.014 0 0 0 0.0001443 0.0001333 0.0015142 0.0001319 
801000 2222 200.241 1456.0 0.846 2.132 0 0 0 0.0001431 0.0002052 0.0015317 0.000112 
802000 2226 192.774 1460.0 0.858 2.0385 0 0 0 0.000126 0.0001545 0.0016669 0.0001015 
803000 2230 195.67 1464.0 0.869 2.0532 0 0 0 0.000155 0.0001582 0.0016151 0.0001154 
804000 2237 199.448 1469.0 0.851 2.0619 0 0 0 0.0001529 0.000162 0.0016299 0.0001039 
805000 2244 176.553 1476.0 0.871 1.8168 0 0 0 0.0001577 0.0002063 0.0015534 0.0001108 
806000 2251 182.013 1481.0 0.852 1.8421 0 0 0 0.0001379 0.000114 0.0015803 0.0001106 
807000 2251 182.013 1481.0 0.852 1.8421 0 0 0 0.0001565 0.0002107 0.0015447 0.0001228 
808000 2253 203.867 1481.0 0.819 2.0361 0 0 0 0.0001458 0.0001387 0.0015114 0.0001327 
809000 2258 216.071 1484.0 0.799 2.1506 0 0 0 0.0001483 0.0001429 0.0015117 0.0001277 
810000 2267 190.961 1493.0 0.833 1.8906 0 0 0 0.0001326 0.0001272 0.0015121 0.0001228 
811000 2267 190.961 1493.0 0.833 1.8906 0 0 0 0.00011 0.0001342 0.0015999 9.97e-05 
812000 2269 212.022 1493.0 0.8 2.0935 0 0 0 0.0001155 0.0001388 0.0016264 0.0001225 
813000 2279 202.641 1501.0 0.803 1.9844 0 0 0 0.0001225 0.0001432 0.0016203 0.000115 
814000 2279 202.641 1501.0 0.803 1.9844 0 0 0 0.0001237 0.0001411 0.0015411 0.0001093 
815000 2297 171.335 1517.0 0.835 1.6651 0 0 0 0.0001116 0.0001285 0.0015162 0.0001193 
816000 2302 173.542 1522.0 0.851 1.6803 0 0 0 0.0001374 0.0001549 0.001616 0.000114 
817000 2302 173.542 1522.0 0.851 1.6803 0 0 0 0.0001273 0.0001477 0.0015608 0.0001243 
818000 2317 159.229 1535.0 0.86 1.5275 0 0 0 0.0001617 0.0002167 0.0015107 0.0001068 
819000 2317 159.229 1535.0 0.86 1.5275 0 0 0 0.0001558 0.0001339 0.0015085 0.0001068 
820000 2318 184.924 1534.0 0.822 1.7739 0 0 0 0.0001373 0.0001267 0.0015256 0.0001211 
821000 2324 193.093 1538.0 0.807 1.8379 0 0 0 0.0001473 0.000195 0.0015606 0.0001064 
822000 2324 193.093 1538.0 0.807 1.8379 0 0 0 0.0001278 0.0001635 0.0016055 0.0001104 
823000 2338 176.095 1550.0 0.823 1.6692 0 0 0 0.0001333 0.0001066 0.0015445 0.0001299 
824000 2339 178.493 1551.0 0.827 1.6973 0 0 0 0.000126 0.0001443 0.0015846 0.0001248 
825000 2340 203.803 1550.0 0.79 1.9332 0 0 0 0.000142 0.0001656 0.0014827 0.0001286 
826000 2343 220.581 1551.0 0.764 2.0982 0 0 0 0.0001575 0.000168 0.0014847 0.0001208 
827000 2348 202.782 1556.0 0.787 1.9253 0 0 0 0.0001311 0.0001424 0.001518 0.0001063 
828000 2359 187.716 1567.0 0.829 1.7808 0 0 0 0.0001373 0.0001723 0.0015601 0.0001059 
829000 2359 187.716 1567.0 0.829 1.7808 0 0 0 0.0001248 9.16e-05 0.001584 0.0001239 
830000 2360 212.842 1566.0 0.793 2.0125 0 0 0 0.0001257 0.0001596 0.0015589 0.0001305 
831000 2366 220.149 1570.0 0.78 2.0929 0 0 0 0.0001359 0.0001975 0.0015138 0.0001133 
832000 2366 220.149 1570.0 0.78 2.0929 0 0 0 0.0001344 0.0001112 0.001561 0.0001266 
833000 2372 233.752 1574.0 0.769 2.2155 0 0 0 0.0001221 0.0001399 0.0015843 0.0001105 
834000 2375 226.149 1577.0 0.783 2.1373 0 0 0 0.0001232 0.0001817 0.0015605 0.0001127 
835000 2385 215.617 1587.0 0.823 2.0544 0 0 0 0.0001472 0.0001644 0.001572 0.0001244 
836000 2387 208.466 1589.0 0.83 1.9805 0 0 0 0.0001248 0.0001241 0.0016076 0.0001064 
837000 2392 223.307 1592.0 0.809 2.1309 0 0 0 0.0001497 0.0001538 0.0015739 0.0001288 
838000 2392 223.307 1592.0 0.809 2.1309 0 0 0 0.0001288 0.0001461 0.0015834 0.0001201 
839000 2393 247.72 1591.0 0.773 2.3558 0 0 0 0.000117 7.75e-05 0.0015864 0.0001228 
840000 2397 259.146 1593.0 0.753 2.463 0 0 0 0.0001238 0.0001621 0.0015358 0.0001216 
841000 2402 249.917 1598.0 0.777 2.3698 0 0 0 0.0001441 0.000153 0.0016013 0.0001132 
842000 2402 249.917 1598.0 0.777 2.3698 0 0 0 0.0001569 0.0001808 0.0015619 0.0001099 
843000 2417 216.022 1611.0 0.805 2.0512 0 0 0 0.0001422 0.000191 0.0015346 0.0001121 
844000 2417 216.022 1611.0 0.805 2.0512 0 0 0 0.000143 0.0001245 0.0015469 0.0001161 
845000 2437 176.057 1629.0 0.842 1.6678 0 0 0 0.0001392 0.0002062 0.0015676 0.0001143 
846000 2438 172.975 1630.0 0.846 1.6368 0 0 0 0.000155 0.0001411 0.0016011 0.0001084 
847000 2441 187.6 1633.0 0.855 1.7746 0 0 0 0.0001349 0.0001573 0.0016309 9.65e-05 
848000 2449 189.196 1639.0 0.842 1.7936 0 0 0 0.0001302 0.0001522 0.001671 9.46e-05 
849000 2456 169.777 1646.0 0.863 1.6151 0 0 0 0.000131 0.0001275 0.0016791 0.0001143 
850000 2466 159.8 1656.0 0.888 1.5116 0 0 0 0.0001578 0.0001838 0.0015419 0.0001168 
851000 2471 167.6 1661.0 0.898 1.5924 0 0 0 0.0001512 0.0001423 0.0015408 0.0001103 
852000 2471 167.6 1661.0 0.898 1.5924 0 0 0 0.0001385 0.0001564 0.0016015 9.28e-05 
853000 2480 171.772 1668.0 0.881 1.6314 0 0 0 0.0001443 0.0001564 0.0014887 0.0001352 
854000 2480 171.772 1668.0 0.881 1.6314 0 0 0 0.0001273 0.000117 0.0014715 0.000122 
855000 2489 174.668 1675.0 0.867 1.6634 0 0 0 0.0001349 0.0001629 0.0015223 0.0001135 
856000 2490 190.195 1676.0 0.87 1.8025 0 0 0 0.0001448 0.0001511 0.001544 0.0001143 
857000 2491 215.271 1675.0 0.832 2.0339 0 0 0 0.0001547 0.0001741 0.0015391 0.0001052 
858000 2491 215.271 1675.0 0.832 2.0339 0 0 0 0.0001562 0.0001854 0.00154 0.0001036 
859000 2507 189.798 1689.0 0.849 1.7875 0 0 0 0.0001327 0.0001419 0.0015617 0.000111 
860000 2519 166.962 1701.0 0.882 1.5717 0 0 0 0.0001406 0.0001836 0.0015933 0.0001018 
861000 2535 134.364 1717.0 0.914 1.2608 0 0 0 0.0001358 0.0001349 0.0015581 0.0001061 
862000 2550 119.411 1732.0 0.937 1.1262 0 0 0 0.0001548 0.0001895 0.001572 0.0001025 
863000 2551 125.263 1733.0 0.938 1.1799 0 0 0 0.0001563 0.0001562 0.0015332 0.0001154 
864000 2554 149.176 1734.0 0.903 1.4049 0 0 0 0.0001197 0.0001308 0.0015233 0.0001149 
865000 2580 103.631 1760.0 0.943 0.9725 0 0 0 0.0001519 0.0001499 0.0015107 0.0001106 
866000 2596 92.729 1776.0 0.959 0.8776 0 0 0 0.0001246 0.0001629 0.0015649 0.0001112 
867000 2598 90.286 1778.0 0.96 0.86 0 0 0 0.0001452 0.0001145 0.001572 0.0001129 
868000 2604 109.086 1782.0 0.929 1.0373 0 0 0 0.0001173 0.0001469 0.0015545 0.0001007 
869000 2604 109.086 1782.0 0.929 1.0373 0 0 0 0.0001125 0.0001322 0.0015925 0.0001025 
870000 2606 133.868 1782.0 0.892 1.2811 0 0 0 0.0001297 0.0001302 0.0016222 9.72e-05 
871000 2617 136.873 1791.0 0.881 1.3053 0 0 0 0.0001451 0.0001991 0.0015702 0.0001029 
872000 2617 136.873 1791.0 0.881 1.3053 0 0 0 0.0001488 0.0001228 0.0015553 0.0001083 
873000 2633 130.733 1807.0 0.914 1.2475 0 0 0 0.0001313 0.0001286 0.0015284 0.000119 
874000 2651 107.459 1825.0 0.94 1.0352 0 0 0 0.0001536 0.0001896 0.0015015 0.0001064 
875000 2656 101.617 1830.0 0.946 0.9702 0 0 0 0.0001594 0.0001224 0.0015204 0.0001163 
876000 2664 117.465 1836.0 0.919 1.1202 0 0 0 0.0001304 0.0001616 0.0015419 9.6e-05 
877000 2679 103.053 1851.0 0.94 0.9826 0 0 0 0.0001305 0.0001145 0.0016762 8.95e-05 
878000 2693 84.011 1865.0 0.955 0.8036 0 0 0 0.0001232 0.0001221 0.0016751 0.0001145 
879000 2700 102.485 1870.0 0.926 0.9775 0 0 0 0.0001311 0.0001939 0.0016042 0.0001097 
880000 2713 85.851 1883.0 0.943 0.8183 0 0 0 0.0001283 0.0001023 0.0015818 0.0001172 
881000 2721 101.185 1891.0 0.951 0.9577 0 0 0 0.0001136 0.0001392 0.0015555 0.0001089 
882000 2730 93.518 1900.0 0.959 0.8884 0 0 0 0.0001352 0.0001316 0.0015399 0.0001035 
883000 2738 104.09 1908.0 0.965 0.9817 0 0 0 0.0001397 0.0002003 0.0015876 0.0001014 
884000 2738 104.09 1908.0 0.965 0.9817 0 0 0 0.0001235 0.0001066 0.0016777 9.38e-05 
885000 2740 129.05 1908.0 0.928 1.2104 0 0 0 0.000141 0.0001846 0.0015618 0.000113 
886000 2749 135.904 1915.0 0.906 1.2743 0 0 0 0.0001187 0.0001473 0.0015624 0.0001103 
887000 2749 135.904 1915.0 0.906 1.2743 0 0 0 0.0001422 0.0001255 0.0015861 0.0001168 
888000 2762 136.769 1926.0 0.896 1.2961 0 0 0 0.0001287 0.0001287 0.0016007 0.0001243 
889000 2768 129.378 1932.0 0.908 1.2239 0 0 0 0.0001251 0.0001155 0.0015137 0.0001294 
890000 2774 143.646 1936.0 0.882 1.3682 0 0 0 0.0001349 0.0001779 0.0015205 0.0001064 
891000 2776 139.11 1938.0 0.887 1.3202 0 0 0 0.0001177 0.0001156 0.0015629 0.0001086 
892000 2791 132.369 1951.0 0.886 1.2536 0 0 0 0.0001293 0.000133 0.0015493 0.0001173 
893000 2813 101.458 1973.0 0.927 0.9597 0 0 0 0.0001237 0.0001486 0.0015318 0.0001125 
894000 2813 101.458 1973.0 0.927 0.9597 0 0 0 0.0001368 0.0001238 0.0015633 0.0001033 
895000 2815 126.143 1973.0 0.891 1.1873 0 0 0 9.9e-05 0.0001095 0.0015866 0.0001131 
896000 2819 145.772 1975.0 0.862 1.3651 0 0 0 0.0001142 0.0001103 0.0016384 0.0001018 
897000 2819 145.772 1975.0 0.862 1.3651 0 0 0 0.0001054 0.0001304 0.0016695 0.0001135 
898000 2820 171.737 1974.0 0.824 1.6236 0 0 0 0.0001246 0.0001759 0.0016222 9.78e-05 
899000 2824 187.744 1976.0 0.8 1.7786 0 0 0 0.0001327 0.0001435 0.0015876 0.0001196 
900000 2829 177.014 1981.0 0.82 1.6787 0 0 0 0.0001383 0.0001476 0.0016073 0.0001148 
901000 2839 173.91 1991.0 0.853 1.6537 0 0 0 0.000134 0.0001543 0.0015774 0.0001235 
902000 2865 117.275 2017.0 0.913 1.1085 0 0 0 0.0001324 0.0001087 0.0016293 0.0001126 
903000 2888 91.037 2040.0 0.945 0.8549 0 0 0 0.0001347 0.0001882 0.0016532 9.12e-05 
904000 2891 97.539 2043.0 0.948 0.9207 0 0 0 0.0001631 0.0001367 0.0016113 0.0001212 
905000 2891 97.539 2043.0 0.948 0.9207 0 0 0 0.0001279 0.0001392 0.0016328 0.0001263 
906000 2898 115.31 2048.0 0.92 1.0853 0 0 0 0.0001379 0.000132 0.0015906 0.0001164 
907000 2899 141.884 2047.0 0.881 1.3377 0 0 0 0.000137 0.0001787 0.0015862 8.9e-05 
908000 2899 141.884 2047.0 0.881 1.3377 0 0 0 0.000135 0.0001193 0.0017169 8.57e-05 
909000 2910 143.14 2056.0 0.872 1.3535 0 0 0 0.0001202 0.0001117 0.0016894 0.0001261 
910000 2912 166.594 2056.0 0.838 1.5834 0 0 0 0.0001261 0.0001335 0.0015499 0.0001067 
911000 2914 162.437 2058.0 0.845 1.5441 0 0 0 0.0001333 0.0001709 0.0015804 0.0001046 
912000 2918 179.157 2060.0 0.819 1.6995 0 0 0 0.0001097 0.0001109 0.001611 0.0001008 
913000 2925 175.213 2067.0 0.843 1.67 0 0 0 0.000135 0.0001703 0.0016191 9.83e-05 
914000 2925 175.213 2067.0 0.843 1.67 0 0 0 0.0001249 0.0001238 0.0015649 0.0001082 
915000 2928 194.731 2068.0 0.814 1.8556 0 0 0 0.0001219 0.0001465 0.0015608 0.0001131 
916000 2930 216.502 2068.0 0.782 2.0536 0 0 0 0.0001605 0.0001683 0.0015649 0.0001058 
917000 2946 175.748 2084.0 0.842 1.6628 0 0 0 0.0001466 0.00016 0.0015128 0.0001006 
918000 2960 140.274 2098.0 0.881 1.3313 0 0 0 0.0001277 0.0001305 0.0015546 0.0001132 
919000 2962 164.282 2098.0 0.847 1.56 0 0 0 0.0001241 0.0001378 0.0015462 0.0001228 
920000 2969 156.03 2105.0 0.867 1.4727 0 0 0 0.0001251 0.0001238 0.001585 0.0001019 
921000 2969 156.03 2105.0 0.867 1.4727 0 0 0 0.0001333 0.0001302 0.0016456 0.0001061 
922000 2981 154.577 2115.0 0.863 1.4686 0 0 0 0.0001357 0.0001597 0.0015578 0.0001085 
923000 2981 154.577 2115.0 0.863 1.4686 0 0 0 0.0001347 0.0001549 0.0015607 9.03e-05 
924000 2987 170.06 2119.0 0.843 1.6052 0 0 0 0.0001419 0.0001439 0.0016302 0.0001043 
925000 2993 179.278 2123.0 0.825 1.6766 0 0 0 0.0001467 0.0001684 0.0015867 9.54e-05 
926000 2994 176.013 2124.0 0.828 1.6448 0 0 0 0.0001408 0.000149 0.0015449 0.0001131 
927000 2996 200.765 2124.0 0.796 1.8746 0 0 0 0.0001445 0.0001313 0.0015752 0.0001092 
928000 2996 200.765 2124.0 0.796 1.8746 0 0 0 0.0001197 0.0001355 0.0015697 0.0001073 
929000 2997 225.63 2123.0 0.76 2.101 0 0 0 0.0001351 0.0001813 0.0015274 0.0001074 
930000 3004 230.758 2128.0 0.756 2.1589 0 0 0 0.0001196 0.0001077 0.0015287 0.0001198 
931000 3009 211.772 2133.0 0.78 1.9789 0 0 0 0.000118 9.71e-05 0.0015389 0.0001324 
932000 3013 224.535 2135.0 0.759 2.0995 0 0 0 0.0001287 0.0001522 0.0015666 0.0001018 
933000 3020 217.852 2142.0 0.791 2.0414 0 0 0 0.0001138 0.0001238 0.001555 0.0001139 
934000 3026 197.757 2148.0 0.815 1.8544 0 0 0 0.0001464 0.0001678 0.0015097 0.0001288 
935000 3028 218.629 2148.0 0.783 2.0625 0 0 0 0.000125 0.000144 0.0015011 0.0001198 
936000 3030 218.687 2150.0 0.791 2.0594 0 0 0 0.0001606 0.0001657 0.0015113 9.73e-05 
937000 3041 206.321 2159.0 0.8 1.936 0 0 0 0.0001252 0.000116 0.0016266 0.0001085 
938000 3052 183.146 2170.0 0.84 1.7121 0 0 0 0.0001216 0.0001123 0.0015915 0.0001117 
939000 3068 149.369 2186.0 0.884 1.4029 0 0 0 0.0001301 0.0001537 0.0015907 0.0001148 
940000 3068 149.369 2186.0 0.884 1.4029 0 0 0 0.0001253 0.0001331 0.001587 0.0001223 
941000 3077 155.326 2193.0 0.869 1.4598 0 0 0 0.000138 0.0001261 0.0015389 0.0001202 
942000 3083 156.923 2199.0 0.884 1.4744 0 0 0 0.000125 0.0001248 0.001606 0.0001002 
943000 3083 156.923 2199.0 0.884 1.4744 0 0 0 0.000121 0.0001388 0.0015725 0.0001104 
944000 3085 184.371 2199.0 0.85 1.73 0 0 0 0.0001314 0.0001512 0.0015256 0.0001047 
945000 3088 202.493 2200.0 0.82 1.9043 0 0 0 0.0001364 0.0001456 0.0014927 0.0001202 
946000 3102 169.103 2214.0 0.864 1.5977 0 0 0 0.0001407 0.0001705 0.0014865 0.0001082 
947000 3117 141.699 2229.0 0.9 1.343 0 0 0 0.0001312 0.0001318 0.0015167 0.0001044 
948000 3132 117.662 2244.0 0.926 1.1124 0 0 0 0.0001497 0.0001377 0.0015739 0.000106 
949000 3132 117.662 2244.0 0.926 1.1124 0 0 0 0.0001177 0.0001085 0.0015809 0.0001093 
950000 3144 131.234 2254.0 0.91 1.2367 0 0 0 0.0001246 0.0001272 0.0016151 9.39e-05 
951000 3170 93.407 2280.0 0.947 0.8813 0 0 0 0.0001378 0.0001678 0.0015768 0.0001163 
952000 3170 93.407 2280.0 0.947 0.8813 0 0 0 0.0001247 0.000119 0.001541 0.0001067 
953000 3188 93.677 2296.0 0.935 0.8817 0 0 0 0.0001396 0.0001613 0.0015909 0.0001064 
954000 3188 93.677 2296.0 0.935 0.8817 0 0 0 0.0001148 7.48e-05 0.0015609 0.0001218 
955000 3189 113.563 2297.0 0.936 1.0717 0 0 0 0.0001211 0.0001562 0.0015303 0.0001135 
956000 3204 115.802 2312.0 0.953 1.0915 0 0 0 0.0001524 0.000179 0.0015358 9.31e-05 
957000 3207 110.871 2315.0 0.955 1.0489 0 0 0 0.000146 0.0001279 0.0015045 0.0001223 
958000 3210 133.959 2316.0 0.92 1.2658 0 0 0 0.0001512 0.0001704 0.0015087 0.0001076 
959000 3212 138.646 2318.0 0.923 1.3108 0 0 0 0.0001484 0.0001325 0.0015034 0.000111 
960000 3224 139.864 2328.0 0.907 1.3217 0 0 0 0.000118 0.0001214 0.0015354 0.0001046 
961000 3232 132.48 2336.0 0.921 1.2581 0 0 0 0.0001458 0.0001643 0.0015508 9.56e-05 
962000 3233 142.351 2337.0 0.923 1.3514 0 0 0 0.000125 0.0001403 0.0015828 9.46e-05 
963000 3238 157.669 2340.0 0.893 1.4925 0 0 0 0.0001426 0.0001308 0.001556 0.0001134 
964000 3238 157.669 2340.0 0.893 1.4925 0 0 0 0.0001258 0.0001331 0.001523 0.0001155 
965000 3246 163.592 2346.0 0.875 1.5526 0 0 0 0.0001159 0.0001166 0.0015645 0.0001113 
966000 3257 155.096 2357.0 0.9 1.4706 0 0 0 0.0001336 0.0001747 0.0015265 0.0001158 
967000 3263 153.689 2363.0 0.911 1.4598 0 0 0 0.0001463 0.0001749 0.0014867 0.0001277 
968000 3265 155.646 2365.0 0.915 1.4773 0 0 0 0.0001105 7.84e-05 0.0015049 0.0001274 
969000 3278 147.953 2378.0 0.934 1.406 0 0 0 0.0001379 0.0001592 0.0015049 0.0001117 
970000 3286 130.077 2386.0 0.944 1.2284 0 0 0 0.000126 0.0001057 0.0014906 0.0001218 
971000 3307 112.285 2407.0 0.963 1.0606 0 0 0 0.0001399 0.0001611 0.0015332 0.0001117 
972000 3321 93.193 2421.0 0.972 0.8845 0 0 0 0.0001417 0.000103 0.0015636 0.0001174 
973000 3324 116.956 2422.0 0.936 1.1059 0 0 0 0.0001144 0.000145 0.0015895 0.0001092 
974000 3328 110.518 2426.0 0.941 1.0444 0 0 0 0.0001152 0.0001292 0.0015982 0.0001052 
975000 3335 125.28 2431.0 0.913 1.1842 0 0 0 0.0001454 0.0001917 0.0015339 0.0001231 
976000 3335 125.28 2431.0 0.913 1.1842 0 0 0 0.0001144 0.000103 0.0015391 0.0001141 
977000 3338 146.798 2432.0 0.88 1.3914 0 0 0 0.0001245 0.0001554 0.0015112 9.81e-05 
978000 3348 149.306 2442.0 0.902 1.4107 0 0 0 0.0001306 0.0001365 0.0015152 0.0001017 
979000 3358 132.674 2452.0 0.92 1.2556 0 0 0 0.0001273 0.0001231 0.0015751 0.000101 
980000 3379 107.586 2473.0 0.947 1.0209 0 0 0 0.0001248 9.73e-05 0.0015675 0.0001131 
981000 3379 107.586 2473.0 0.947 1.0209 0 0 0 0.0001076 0.0001364 0.0016494 8.49e-05 
982000 3391 112.62 2485.0 0.959 1.0668 0 0 0 0.0001406 0.0001722 0.001567 9.84e-05 
983000 3394 114.015 2488.0 0.961 1.0776 0 0 0 0.0001405 0.0001374 0.0015124 0.0001037 
984000 3399 138.193 2491.0 0.928 1.3061 0 0 0 0.0001249 0.0001487 0.0015031 0.0001133 
985000 3424 99.436 2516.0 0.957 0.942 0 0 0 0.0001278 0.00014 0.0014384 0.0001089 
986000 3447 78.807 2539.0 0.973 0.7417 0 0 0 0.0001332 0.0001257 0.0014438 0.0001113 
987000 3457 73.526 2549.0 0.978 0.6932 0 0 0 0.0001327 0.0001552 0.0015282 0.0001081 
988000 3459 99.517 2549.0 0.939 0.9442 0 0 0 0.0001029 0.0001159 0.0015461 0.0001063 
989000 3472 83.155 2562.0 0.953 0.7895 0 0 0 0.0001338 0.000155 0.0015273 0.0001148 
990000 3476 105.718 2564.0 0.919 1.0044 0 0 0 0.000113 0.0001374 0.0015349 0.000102 
991000 3476 105.718 2564.0 0.919 1.0044 0 0 0 0.0001269 0.0001193 0.001557 0.0001228 
992000 3478 131.074 2564.0 0.883 1.2526 0 0 0 0.0001143 0.0001406 0.0014904 0.0001156 
993000 3484 145.274 2568.0 0.861 1.3871 0 0 0 0.000125 0.0001266 0.0014628 0.0001246 
994000 3499 117.858 2583.0 0.897 1.1266 0 0 0 0.0001455 0.000181 0.0014457 0.0001163 
995000 3507 124.572 2591.0 0.912 1.1924 0 0 0 0.0001444 0.0001554 0.0014606 0.0001103 
996000 3526 101.645 2610.0 0.94 0.975 0 0 0 0.0001396 0.0001379 0.0015221 0.0001158 
997000 3533 92.89 2617.0 0.948 0.8906 0 0 0 0.0001349 0.0001668 0.0014683 0.0001214 
998000 3534 119.912 2616.0 0.909 1.1373 0 0 0 0.0001236 0.0001205 0.001468 0.0001134 
999000 3544 112.567 2626.0 0.926 1.0596 0 0 0 0.0001235 0.0001295 0.0014825 0.0001162 
