1000 2 7 21.150000000000002 1.3617628000000002 20.83 0.149519 
2000 4 12 68.6815 1.7588173157720002 20.84 -0.0173882 
3000 6 20 73.582015 1.6171435628200623 20.94 -0.1560999 
4000 8 26 74.15143215 1.408956392168657 21.01 -0.0091614 
5000 10 32 107.4626600415 1.7499011940105036 20.92 -0.0051773 
6000 12 37 118.994754633615 2.2810191560512623 20.85 -0.0493962 
7000 13 40 135.5952791702535 2.9368629647613704 20.75 0.0459857 
8000 14 44 140.53575125322814 2.576575791179935 21.23 0.0378765 
9000 16 50 145.33395851511483 2.476046015040456 20.97 -0.0262706 
10000 18 54 197.42050639724303 3.2711337904680433 21.71 0.0269511 
11000 19 58 203.67845575751872 3.649690879926083 21.32 -0.0216129 
12000 20 62 201.81061018176686 3.444262186319503 20.74 -0.0069865 
13000 22 66 193.01659424723118 2.8195804204442263 21.13 -0.0041876 
14000 24 72 220.99344134025728 3.2915796382213003 20.9 -0.0126874 
15000 25 77 222.89409720623155 3.211744860573296 20.91 0.0560105 
16000 27 81 230.94421873704755 2.98572580302214 21.14 0.0095286 
17000 28 86 239.8497968633428 3.7802212294265445 20.97 0.0001362 
18000 30 90 243.17833545930768 3.9903031486267566 20.62 0.080151 
19000 31 94 247.8605019133769 5.067337895814016 20.65 0.0655995 
20000 32 97 282.0744517220392 6.123089326048419 21.0 0.0286584 
21000 33 99 305.8670065498353 7.1597023540992195 21.28 -0.031432 
22000 34 103 353.7803058948518 6.712680714524497 20.75 0.0092106 
23000 36 107 350.31204777483 6.396889816799522 20.44 -0.0513952 
24000 37 110 358.280842997347 6.624332676446852 20.6 0.0185536 
25000 38 114 353.4527586976123 6.44102466901678 20.59 0.0220366 
26000 40 120 346.44673454506596 4.8231005911269484 20.68 -0.0076806 
27000 41 123 341.3020610905594 5.473040330931547 21.08 -0.0058284 
28000 43 128 334.65466948335313 5.76344558501177 20.43 -0.0246602 
29000 44 132 334.18920253501784 5.809696648326224 20.3 0.059381 
30000 45 136 362.2702822815161 6.033141970966836 20.97 0.0350253 
31000 47 140 340.23892864802804 5.911744447151342 20.6 -0.0084993 
32000 48 145 333.21503578322523 5.4624959785983975 20.69 -0.0058466 
33000 50 150 295.3041789844125 4.912519250402568 20.35 0.0494279 
34000 52 155 299.74638497737413 4.313083492170212 20.85 -0.0018268 
35000 53 160 305.2717464796367 4.194202671291588 20.06 0.0607364 
36000 55 164 295.37011464850576 4.981216372634411 20.38 0.0652738 
37000 56 168 327.83310318365517 5.6058760620854375 20.66 -0.0821395 
38000 58 173 335.3948135787607 5.4569037559008295 20.41 -0.0395963 
39000 59 177 327.35533222088463 5.625174554246534 20.09 0.0788962 
40000 60 181 358.11979899879617 5.279977025041152 20.01 0.0298717 
41000 62 185 387.42703718902493 6.9339929261295 20.69 -0.0480069 
42000 64 191 361.8159001231102 5.745913134655189 20.69 0.0510788 
43000 65 195 358.6343101107992 6.630593607647269 20.01 0.0489782 
44000 67 199 367.4937911897474 7.204532465977373 20.12 0.0369436 
45000 69 205 354.0699708636954 5.886052938251481 20.39 -0.0169305 
46000 70 209 349.6629737773259 6.372139332786798 20.19 -0.0171016 
47000 71 213 373.1966763995933 6.888960616241418 19.91 -0.0466368 
48000 74 219 362.3853770953035 6.884020118855956 20.69 0.0458335 
49000 75 221 371.14683938577315 8.236056296273325 20.11 0.0188303 
50000 76 224 383.53215544719586 8.435085039983255 20.0 -0.0172042 
51000 77 229 381.17893990247626 7.373443365259712 19.99 0.0397337 
52000 79 235 356.05494132100574 5.937899115476986 19.99 0.0722957 
53000 81 239 322.60450247001467 5.34225560966445 20.16 -0.037792 
54000 83 243 318.15964700071186 6.487853905500846 19.72 0.0239463 
55000 84 246 330.8436823006407 7.048645497110117 20.37 0.0638702 
56000 86 252 330.18338266351896 6.7333572116296985 19.94 0.0703637 
57000 87 256 323.6650443971671 6.547355666550246 19.84 0.0094585 
58000 89 261 320.61868596170535 6.0262180475412555 20.16 0.0673101 
59000 90 265 324.5568173655348 6.794601660991818 20.18 0.0135748 
60000 91 268 336.10113562898135 7.897264610863036 19.67 -0.0809299 
61000 93 273 382.59191985947496 6.888495780068515 19.89 0.0002697 
62000 95 279 367.6494550861747 6.228851085855393 19.53 -0.0089376 
63000 96 282 373.88450957755725 6.711832441588582 20.04 0.022678 
64000 98 288 352.0464527578214 5.987338944590279 20.46 -0.0878184 
65000 99 292 364.34180748203926 7.2208930815456815 19.53 0.0346682 
66000 100 295 387.90762673383534 8.191031056446803 19.8 -0.0187719 
67000 101 299 402.1168640604518 8.39213547613475 20.11 -0.0100385 
68000 103 304 377.064659888966 6.932972077302809 19.76 0.0899632 
69000 104 306 385.8581939000694 7.095707382615276 19.7 0.0026573 
70000 105 310 379.2723745100625 8.288193613733883 19.31 0.0642251 
71000 107 316 366.2606233531506 6.997852902276349 19.76 0.0486005 
72000 109 322 341.671104916052 6.078786944238646 19.38 -0.0197935 
73000 111 327 336.20359498200213 5.6143929027034805 19.38 0.0022868 
74000 111 329 336.20359498200213 7.737658251189819 19.5 0.022492 
75000 113 334 379.22491193542174 7.354829820745078 19.59 0.0147503 
76000 114 337 395.8024207418796 7.731670939323162 19.28 -0.1035751 
77000 115 341 381.22217866769165 8.318149303289927 19.18 0.0420632 
78000 116 344 390.5999608009225 7.977930842098358 19.76 0.0503983 
79000 118 348 393.63596824874725 7.636320425500734 19.63 -0.0277791 
80000 119 351 400.7723714238725 8.189877590190036 19.54 -0.0381224 
