0 0 0.0 0.0 0.0 0.0 0 0 0 0.0 0.0002087 0.0 0.0 
10000 10 182.927 0.0 0.0 0.5184 0 0 0 0.0 0.0285634 0.0 -0.0344286 
20000 20 332.392 0.0 0.0 0.9166 0 0 0 0.0 0.0054378 0.0 -0.0538889 
30000 36 417.291 -5.0 -0.077 2.2124 0 0 0 0.0016566 0.1101906 0.0004891 0.1258933 
40000 200 61.923 -145.0 -0.835 0.5024 0 0 0 0.0013362 -0.0553613 0.0003394 -0.0509879 
50000 298 149.389 -227.0 -0.771 1.3272 0 0 0 0.0012137 -0.0863361 0.0002635 0.0286701 
60000 308 293.542 -226.0 -0.611 2.6105 0 0 0 0.0010593 -0.0354023 0.0001836 -0.1693024 
70000 319 424.944 -227.0 -0.508 3.7543 0 0 0 0.0010545 -0.1012014 0.0001407 0.0432355 
80000 363 294.371 -261.0 -0.669 2.5828 0 0 0 0.0011832 -0.049941 0.0001318 -0.1011914 
90000 373 423.45 -261.0 -0.546 3.7155 0 0 0 0.0010527 -0.0278439 0.0001024 -0.1023729 
100000 383 528.917 -261.0 -0.446 4.6451 0 0 0 0.0009668 -0.0904465 8.21e-05 -0.0702178 
110000 393 615.091 -261.0 -0.365 5.4088 0 0 0 0.0009164 0.0300448 6.37e-05 -0.0281006 
120000 403 685.501 -261.0 -0.298 6.0408 0 0 0 0.0008365 -0.0282192 5.45e-05 0.0462356 
130000 414 739.5 -262.0 -0.255 6.4965 0 0 0 0.0007798 0.06155 4.75e-05 0.0111984 
140000 424 787.152 -262.0 -0.209 6.9186 0 0 0 0.0007769 -0.1193104 4.3e-05 0.0562665 
150000 434 826.088 -262.0 -0.17 7.2665 0 0 0 0.0007276 0.1341408 3.92e-05 0.0805096 
160000 552 120.766 -353.0 -0.81 1.0747 0 0 0 0.0007832 0.0395367 3.91e-05 0.0032392 
170000 676 113.125 -427.0 -0.577 1.0057 0 0 0 0.0009818 0.0221342 4.32e-05 0.0435812 
180000 727 191.384 -464.0 -0.66 1.6933 0 0 0 0.0010698 0.0136371 4.36e-05 0.1335107 
190000 749 298.318 -461.0 -0.361 2.6332 0 0 0 0.0011493 0.0557244 4.16e-05 -0.0394153 
200000 769 363.653 -457.0 -0.186 3.2163 0 0 0 0.001224 0.0216188 4.18e-05 -0.1386621 
210000 802 343.973 -458.0 -0.097 3.0437 0 0 0 0.0012008 0.0333363 3.73e-05 -0.1016987 
220000 815 437.718 -454.0 -0.0 3.8804 0 0 0 0.00113 -0.0533201 3.48e-05 -0.0291346 
230000 844 395.646 -440.0 0.201 3.5064 0 0 0 0.0011198 0.0022328 3.32e-05 0.0901174 
240000 869 387.03 -428.0 0.323 3.4231 0 0 0 0.0011072 -0.0413514 2.93e-05 0.1381506 
250000 899 375.525 -413.0 0.394 3.3237 0 0 0 0.0010801 -0.0415475 2.72e-05 0.0236486 
260000 932 336.771 -399.0 0.4 2.9754 0 0 0 0.0011069 -0.047498 2.62e-05 -0.1179363 
270000 969 302.273 -396.0 0.23 2.6814 0 0 0 0.0010934 -0.0514326 2.63e-05 -0.2087811 
280000 1027 220.866 -375.0 0.396 1.9725 0 0 0 0.0009992 -0.1587663 2.27e-05 -0.0943406 
290000 1069 232.42 -359.0 0.37 2.0709 0 0 0 0.0009888 0.0785482 2.27e-05 -0.0264224 
300000 1145 148.921 -362.0 0.04 1.3374 0 0 0 0.001013 -0.092602 1.94e-05 -0.0872878 
310000 1205 172.586 -376.0 -0.175 1.5413 0 0 0 0.0010194 -0.0014124 1.87e-05 0.0198963 
320000 1279 137.465 -354.0 0.204 1.2284 0 0 0 0.0010376 -0.04495 1.81e-05 0.0058166 
330000 1345 153.898 -312.0 0.497 1.3853 0 0 0 0.0010508 -0.0479375 2.1e-05 0.0823284 
340000 1417 132.941 -243.0 0.86 1.1997 0 0 0 0.0010517 0.0126838 1.74e-05 -0.077045 
350000 1466 182.468 -200.0 0.851 1.6325 0 0 0 0.0010584 0.0523105 1.7e-05 0.1060604 
360000 1546 133.755 -129.0 0.909 1.1923 0 0 0 0.0010354 0.0856171 1.6e-05 0.0560362 
370000 1629 117.944 -52.0 0.903 1.058 0 0 0 0.0009976 -0.0430366 1.66e-05 -0.0424938 
380000 1746 76.475 57.0 0.922 0.6911 0 0 0 0.0009515 0.0112046 1.66e-05 0.0577061 
390000 1862 93.751 146.0 0.79 0.8295 0 0 0 0.0008813 0.043678 1.1e-05 0.0487872 
400000 2012 62.132 292.0 0.981 0.5679 0 0 0 0.0008747 0.0287084 1.13e-05 -0.0393218 
410000 2210 57.105 490.0 1.0 0.5238 0 0 0 0.0008385 0.029759 1.23e-05 0.0352043 
420000 2383 54.598 661.0 0.996 0.4913 0 0 0 0.0008132 -0.0348809 1.15e-05 -0.0094074 
430000 2573 61.143 849.0 0.992 0.5533 0 0 0 0.000787 -0.0122253 2.51e-05 -0.053592 
440000 2758 62.134 1031.0 0.997 0.5615 0 0 0 0.0007521 -0.0059342 1.15e-05 -0.0931482 
450000 2949 50.605 1218.0 0.994 0.4625 0 0 0 0.000725 0.0310087 1.1e-05 -0.0536129 
460000 3075 73.575 1338.0 0.96 0.6666 0 0 0 0.00071 -0.0325541 8.4e-06 0.0728676 
470000 3279 49.402 1540.0 0.998 0.4534 0 0 0 0.0006848 -0.0534185 5.3e-06 0.0123786 
480000 3467 48.883 1725.0 0.996 0.4447 0 0 0 0.0006671 0.0053101 5.6e-06 0.0270404 
490000 3625 62.624 1881.0 0.989 0.5752 0 0 0 0.0006418 0.0482591 6.4e-06 -0.0345703 
500000 3852 46.589 2106.0 0.993 0.4272 0 0 0 0.0006261 -0.0474272 6.4e-06 0.0860522 
510000 4021 56.517 2255.0 0.91 0.5065 0 0 0 0.0005996 0.0226641 5.1e-06 -0.0110684 
520000 4228 40.269 2459.0 0.995 0.371 0 0 0 0.0005917 -0.0123915 6.8e-06 0.0378678 
530000 4474 43.419 2703.0 0.979 0.3983 0 0 0 0.0005628 -0.0338057 5.9e-06 -0.0323513 
540000 4703 47.317 2910.0 0.868 0.439 0 0 0 0.0005643 0.0158417 8.3e-06 -0.008646 
550000 4924 40.627 3115.0 0.977 0.3779 0 0 0 0.0005273 -0.0629419 4.6e-06 0.0718552 
560000 5142 46.62 3299.0 0.873 0.4315 0 0 0 0.0005148 0.0303133 3.8e-06 0.0140638 
570000 5390 40.529 3547.0 0.999 0.3715 0 0 0 0.0004942 -0.0178801 5.3e-06 0.0202258 
580000 5647 39.612 3800.0 0.962 0.3571 0 0 0 0.0004658 -0.0290309 4.5e-06 -0.0430122 
590000 5892 38.029 4033.0 0.991 0.3479 0 0 0 0.0004515 -0.011651 5.5e-06 -0.0092536 
600000 6133 39.655 4274.0 1.0 0.3681 0 0 0 0.0004452 0.0005364 4e-06 0.0161769 
610000 6391 37.635 4530.0 0.991 0.3477 0 0 0 0.0004267 -0.0037155 4.2e-06 -0.0086775 
620000 6625 41.206 4764.0 1.0 0.3818 0 0 0 0.0004168 0.0370304 9.6e-06 0.009606 
630000 6872 41.65 5007.0 0.998 0.3866 0 0 0 0.0004028 -0.0387373 3.1e-06 0.0140391 
640000 7136 39.719 5267.0 0.987 0.3658 0 0 0 0.0003813 0.0003899 3.5e-06 0.0545998 
650000 7342 62.158 5471.0 0.999 0.5704 0 0 0 0.0003702 0.0433508 5.7e-06 -0.0285638 
660000 7620 36.237 5749.0 1.0 0.3316 0 0 0 0.0003664 0.0613502 3.9e-06 0.02027 
670000 7835 44.631 5961.0 0.993 0.4133 0 0 0 0.0003462 -0.0472325 4.3e-06 -0.0104481 
680000 8089 37.136 6215.0 1.0 0.342 0 0 0 0.0003346 -0.071493 5.9e-06 0.1368073 
690000 8337 36.791 6463.0 1.0 0.3452 0 0 0 0.0003157 -0.098373 3.9e-06 0.0819764 
700000 8587 38.116 6713.0 1.0 0.3535 0 0 0 0.0003247 -0.0048784 4.9e-06 0.0209946 
710000 8806 39.282 6929.0 0.999 0.3636 0 0 0 0.0003067 0.1475101 3.2e-06 0.0102717 
720000 9040 43.851 7163.0 1.0 0.4052 0 0 0 0.0002897 -0.0344973 3.5e-06 0.0291529 
730000 9226 65.37 7346.0 0.974 0.6 0 0 0 0.000297 0.0175403 4.3e-06 -0.0236058 
740000 9412 70.881 7521.0 0.86 0.6481 0 0 0 0.0003022 -0.0044085 4.1e-06 0.0197527 
750000 9583 58.637 7658.0 0.881 0.5352 0 0 0 0.0003151 -0.0359116 7.1e-06 0.0156162 
760000 9752 61.945 7822.0 0.954 0.5617 0 0 0 0.0003145 0.0637731 4.7e-06 -0.0448393 
770000 9978 42.612 8042.0 0.973 0.3895 0 0 0 0.0003105 -0.016681 3.7e-06 -0.0314008 
780000 10208 40.563 8262.0 0.949 0.3731 0 0 0 0.0003148 0.004502 2.5e-06 -0.0082815 
790000 10431 42.684 8479.0 0.987 0.3931 0 0 0 0.000298 -0.026532 2.7e-06 -0.0279644 
800000 10605 47.284 8639.0 0.956 0.4382 0 0 0 0.000298 -0.0808232 2.7e-06 -0.0482497 
810000 10843 41.316 8873.0 0.971 0.378 0 0 0 0.0003046 0.1033675 3.3e-06 -0.0216061 
820000 11059 52.786 9081.0 0.96 0.4878 0 0 0 0.0003011 0.0719386 2.9e-06 -0.0228454 
830000 11299 38.328 9313.0 0.987 0.3511 0 0 0 0.0002924 0.0129947 2.2e-06 0.0317517 
840000 11550 38.787 9562.0 0.998 0.3566 0 0 0 0.0003033 0.0106722 2.2e-06 0.0113834 
850000 11784 43.474 9794.0 0.999 0.4011 0 0 0 0.0002969 -0.0434229 1.15e-05 0.0454261 
860000 12040 37.129 10046.0 0.999 0.3418 0 0 0 0.0002893 -0.0140467 6.5e-06 -0.0362697 
870000 12280 42.529 10280.0 0.972 0.3989 0 0 0 0.0002923 -0.0192529 2.5e-06 0.02457 
880000 12480 42.299 10479.0 0.997 0.3941 0 0 0 0.000304 -0.0550295 5.1e-06 -0.1076247 
890000 12691 46.611 10684.0 0.99 0.4247 0 0 0 0.0002933 0.0051284 2.6e-06 -0.0264543 
900000 12933 40.315 10926.0 1.0 0.3731 0 0 0 0.0002983 0.00276 2.3e-06 -0.0013693 
910000 13140 40.396 11130.0 0.999 0.3692 0 0 0 0.0003162 -0.0593602 2.8e-06 -0.0018184 
920000 13358 52.753 11347.0 0.99 0.4749 0 0 0 0.000307 -0.0236906 2.7e-06 -0.0351157 
930000 13583 45.258 11570.0 0.996 0.4162 0 0 0 0.0003018 0.0160436 3.5e-06 -0.0491142 
940000 13791 45.664 11778.0 1.0 0.4175 0 0 0 0.0003054 0.042164 3.4e-06 -0.0298996 
950000 14008 47.377 11993.0 0.999 0.4334 0 0 0 0.0003125 0.0401429 2.1e-06 -0.0047402 
960000 14199 55.282 12184.0 1.0 0.5102 0 0 0 0.0003168 -0.0174785 4.9e-06 -0.0604842 
970000 14367 61.645 12349.0 0.993 0.5567 0 0 0 0.0003271 0.0224784 2.5e-06 -0.0055241 
980000 14462 98.125 12442.0 0.976 0.8814 0 0 0 0.0003291 -0.0287537 2.6e-06 -0.1303386 
990000 14601 70.348 12581.0 0.999 0.6422 0 0 0 0.0003384 0.0426321 3.2e-06 -0.0256801 
