0 0 0.0 0.0 0.0 0.0 0 0 0 0.0 0.0002569 0.0 0.0 
10000 10 182.927 0.0 0.0 0.5319 0 0 0 0.0 -0.0155115 0.0 -0.0493431 
20000 20 332.392 0.0 0.0 0.9619 0 0 0 0.0 0.0059534 0.0 0.0298794 
30000 30 454.516 0.0 0.0 2.4362 0 0 0 0.0013944 -0.0783877 0.0004426 -0.139069 
40000 40 543.821 -1.0 -0.018 3.5434 0 0 0 0.0009463 -0.0116339 0.0001951 0.1078395 
50000 185 77.814 -114.0 -0.77 0.6391 0 0 0 0.0009149 0.0176934 0.0001256 -0.0609176 
60000 330 88.685 -234.0 -0.744 0.8058 0 0 0 0.0010161 -0.0665591 0.0001077 -0.2078262 
70000 345 249.058 -238.0 -0.615 2.2288 0 0 0 0.0011254 -0.0823803 9.67e-05 0.0610114 
80000 355 383.346 -239.0 -0.522 3.4172 0 0 0 0.0012305 -0.0211232 7.59e-05 0.0301805 
90000 388 346.867 -263.0 -0.604 3.0981 0 0 0 0.0013552 -0.0606539 6.96e-05 0.1404211 
100000 400 450.42 -262.0 -0.454 4.0227 0 0 0 0.0013628 -0.0162062 5.37e-05 -0.1857869 
110000 414 511.597 -257.0 -0.253 4.5804 0 0 0 0.0013807 -0.0747776 4.22e-05 0.0004893 
120000 429 563.391 -251.0 -0.082 5.0599 0 0 0 0.001353 -0.0100946 3.91e-05 -0.0127508 
130000 444 579.732 -248.0 -0.004 5.2062 0 0 0 0.0013859 0.1514424 2.95e-05 0.0918198 
140000 464 563.681 -244.0 0.067 5.0712 0 0 0 0.0014831 -0.1005241 3.03e-05 -0.1058959 
150000 483 549.101 -232.0 0.249 4.9301 0 0 0 0.0014855 -0.0720904 2.48e-05 -0.0918826 
160000 500 565.427 -223.0 0.333 5.081 0 0 0 0.0015106 0.023826 2.11e-05 0.0487746 
170000 521 515.998 -212.0 0.406 4.6454 0 0 0 0.0015586 -0.0483866 2e-05 -0.1753341 
180000 566 333.805 -239.0 -0.186 3.0179 0 0 0 0.0015716 -0.0556371 1.94e-05 0.0037203 
190000 604 300.053 -234.0 0.039 2.7052 0 0 0 0.0015234 -0.0894116 1.6e-05 0.0450898 
200000 622 381.15 -237.0 -0.03 3.4305 0 0 0 0.0015493 0.1233016 1.63e-05 0.167212 
210000 643 418.474 -229.0 0.12 3.7637 0 0 0 0.0014601 0.0699924 1.93e-05 -0.1787027 
220000 661 446.813 -223.0 0.175 4.0282 0 0 0 0.001367 -0.0900476 1.06e-05 -0.0701254 
230000 692 384.633 -222.0 0.114 3.4693 0 0 0 0.0013381 0.0840216 1.01e-05 0.1225975 
240000 712 412.185 -218.0 0.162 3.7313 0 0 0 0.0013178 -0.0661987 9.7e-06 -0.103572 
250000 724 516.026 -215.0 0.182 4.6738 0 0 0 0.0012777 -0.0415555 9.9e-06 -0.1118671 
260000 742 523.132 -224.0 -0.032 4.7023 0 0 0 0.0012847 -0.1064853 8.5e-06 0.0172323 
270000 767 472.037 -227.0 -0.065 4.2387 0 0 0 0.0012341 -0.039437 7.3e-06 -0.0475633 
280000 786 493.466 -216.0 0.134 4.4294 0 0 0 0.0012206 -0.071355 6.7e-06 -0.0249969 
290000 819 385.747 -197.0 0.346 3.469 0 0 0 0.0011466 -0.0038959 7.6e-06 0.072186 
300000 847 378.147 -177.0 0.509 3.4171 0 0 0 0.0011147 -0.0154532 7.1e-06 0.0293062 
310000 889 288.061 -137.0 0.77 2.6061 0 0 0 0.0010771 0.1522271 5e-06 0.0576759 
320000 917 305.402 -114.0 0.795 2.7553 0 0 0 0.0010745 -0.0187372 7.1e-06 0.0786162 
330000 987 186.652 -53.0 0.877 1.6831 0 0 0 0.0010499 -0.061668 6.1e-06 -0.0441924 
340000 1069 145.425 17.0 0.88 1.3272 0 0 0 0.0010108 -0.0218731 7e-06 -0.1347792 
350000 1176 96.579 110.0 0.874 0.8819 0 0 0 0.0010028 0.0022438 3.7e-06 0.1208159 
360000 1343 63.597 259.0 0.826 0.5848 0 0 0 0.0009627 0.0020123 3.4e-06 0.0834868 
370000 1500 62.518 386.0 0.883 0.5643 0 0 0 0.0009681 -0.0254864 1.21e-05 -0.0155736 
380000 1684 57.634 554.0 0.894 0.5316 0 0 0 0.0009517 0.1082751 4.7e-06 0.0962661 
390000 1881 52.639 736.0 0.97 0.4791 0 0 0 0.0009268 -0.04579 4e-06 -0.0908571 
400000 2080 55.845 932.0 0.975 0.5119 0 0 0 0.0008752 0.0014077 3.3e-06 -0.0484123 
410000 2317 40.431 1167.0 0.997 0.3747 0 0 0 0.0008442 -0.0381872 4.4e-06 -0.0349831 
420000 2528 38.658 1373.0 0.98 0.3589 0 0 0 0.000821 -0.0182251 3.6e-06 -0.0230615 
430000 2772 39.379 1613.0 0.998 0.3648 0 0 0 0.0007874 -0.0037578 5.8e-06 -0.0364442 
440000 3013 35.74 1851.0 0.995 0.3319 0 0 0 0.0007382 0.035763 1.03e-05 0.0119756 
450000 3270 38.975 2104.0 0.98 0.3549 0 0 0 0.0006992 -0.0150536 3e-06 0.0198592 
460000 3498 42.699 2320.0 0.935 0.394 0 0 0 0.0006519 -0.0706912 7.1e-06 0.0394501 
470000 3720 38.583 2536.0 0.99 0.3579 0 0 0 0.0006006 -0.023197 3.6e-06 -0.0320782 
480000 3954 40.224 2764.0 0.963 0.3699 0 0 0 0.0005779 -0.0043501 4.3e-06 0.0059417 
490000 4196 40.108 2996.0 0.988 0.3716 0 0 0 0.0005512 -0.0212751 2.2e-06 0.0815155 
500000 4413 56.49 3196.0 0.901 0.5218 0 0 0 0.0005335 -0.1024983 3.4e-06 -0.0661493 
510000 4652 46.942 3429.0 0.982 0.4351 0 0 0 0.0004919 -0.0064261 4.8e-06 -0.0093549 
520000 4898 41.486 3673.0 0.998 0.3864 0 0 0 0.0004693 0.0168137 3e-06 -0.004285 
530000 5155 39.562 3926.0 0.997 0.3681 0 0 0 0.0004274 0.069597 4.1e-06 -0.0165132 
540000 5400 46.412 4161.0 0.962 0.428 0 0 0 0.0003905 0.0183051 3.7e-06 0.0048887 
550000 5647 42.432 4404.0 0.977 0.395 0 0 0 0.0003756 -0.0405464 2.1e-06 -0.0260777 
560000 5897 38.303 4650.0 0.981 0.3603 0 0 0 0.0003568 0.0165569 2.2e-06 -0.0082139 
570000 6155 39.789 4904.0 0.993 0.3721 0 0 0 0.0003409 0.205977 2e-06 -0.0157974 
580000 6388 40.276 5131.0 0.983 0.368 0 0 0 0.0003151 0.0163804 1.4e-06 -0.0387644 
590000 6610 40.765 5348.0 0.997 0.3814 0 0 0 0.0003147 -0.0154373 1.7e-06 -0.019929 
600000 6831 41.681 5561.0 0.982 0.3922 0 0 0 0.0002996 0.0262573 2.1e-06 -0.0054225 
610000 7052 43.973 5779.0 0.995 0.4098 0 0 0 0.0002975 0.0198 1e-06 0.0313776 
620000 7246 44.16 5967.0 0.995 0.4114 0 0 0 0.0002978 0.0609653 2.8e-06 -0.050014 
630000 7473 42.692 6191.0 0.999 0.3754 0 0 0 0.0002903 -0.0456833 1.6e-06 0.0579764 
640000 7703 55.329 6421.0 1.0 0.513 0 0 0 0.0002945 0.0340084 7.5e-06 0.0111117 
650000 7924 49.722 6640.0 0.998 0.4491 0 0 0 0.000298 0.0202919 2.5e-06 0.0010567 
660000 8135 58.523 6845.0 0.988 0.5383 0 0 0 0.0002952 0.0393241 3.3e-06 0.0264912 
670000 8317 56.774 7026.0 0.99 0.5201 0 0 0 0.0003057 0.127167 3.3e-06 -0.0465839 
680000 8471 72.587 7179.0 0.98 0.6683 0 0 0 0.0003022 -0.0061752 2.1e-06 0.0146411 
690000 8674 43.899 7380.0 0.999 0.3977 0 0 0 0.0003029 0.0562567 9e-07 -0.057602 
700000 8917 40.314 7621.0 0.992 0.3774 0 0 0 0.0002951 0.0156402 1.5e-06 0.0468201 
710000 9164 40.368 7862.0 0.982 0.3747 0 0 0 0.0002915 0.1455943 9e-07 0.1158254 
720000 9371 42.92 8062.0 0.967 0.3947 0 0 0 0.0002917 -0.0103192 2.3e-06 -0.0027098 
730000 9542 52.353 8224.0 0.963 0.4871 0 0 0 0.0002852 -0.0144102 3e-06 -0.0490753 
740000 9787 42.343 8467.0 0.997 0.3895 0 0 0 0.0002808 -0.028207 9e-07 -0.0088031 
750000 9975 60.365 8649.0 0.958 0.5586 0 0 0 0.0002848 -0.0671129 1.5e-06 -0.0725109 
760000 10169 62.721 8834.0 0.938 0.5948 0 0 0 0.0002789 0.0742826 2e-06 -0.0248803 
770000 10383 52.945 9039.0 0.958 0.4952 0 0 0 0.0002712 -0.0086913 1.4e-06 -0.0174436 
780000 10589 48.434 9229.0 0.927 0.4461 0 0 0 0.0002711 -0.0224728 3.8e-06 0.0067563 
790000 10792 48.547 9430.0 0.973 0.4601 0 0 0 0.0002647 0.1854386 8e-07 0.0158625 
800000 10998 49.667 9633.0 0.974 0.4602 0 0 0 0.0002628 -0.0122944 1.2e-06 0.0056872 
810000 11098 116.361 9719.0 0.835 1.0599 0 0 0 0.0002746 -0.0690984 2.9e-06 -0.0607196 
820000 11217 83.557 9829.0 0.939 0.7695 0 0 0 0.0002835 -0.0347252 3e-06 -0.0051456 
830000 11404 43.858 10007.0 0.949 0.4178 0 0 0 0.0002886 0.035723 8e-07 0.0612832 
840000 11602 53.716 10189.0 0.909 0.4967 0 0 0 0.0002769 -0.0195335 1.6e-06 0.0645367 
850000 11815 43.872 10398.0 0.991 0.4092 0 0 0 0.0002705 -0.0764612 1.6e-06 0.0843649 
860000 12024 46.113 10604.0 0.999 0.4401 0 0 0 0.0002614 0.0433669 2.5e-06 0.0198611 
870000 12237 42.341 10813.0 0.974 0.3953 0 0 0 0.000272 -0.0305039 1e-06 -0.0384841 
880000 12423 47.392 10995.0 0.955 0.4549 0 0 0 0.0002698 -0.0204911 5e-06 -0.0318819 
890000 12656 43.151 11218.0 0.974 0.4014 0 0 0 0.0002629 0.0080227 6.9e-06 -0.0156921 
900000 12799 58.126 11359.0 0.991 0.5358 0 0 0 0.00026 -0.0769571 2e-06 0.0017899 
910000 12981 47.095 11539.0 0.998 0.4375 0 0 0 0.0002569 0.0398188 3e-06 -0.0184584 
920000 13125 56.007 11675.0 0.904 0.5247 0 0 0 0.0002448 0.0116833 4.5e-06 0.0376796 
930000 13352 50.853 11898.0 0.971 0.4673 0 0 0 0.0002554 -0.0163323 3.1e-06 -0.0368133 
940000 13582 41.266 12128.0 1.0 0.3896 0 0 0 0.0002554 -0.0117637 3.4e-06 -0.020438 
950000 13786 48.32 12322.0 0.95 0.4432 0 0 0 0.000263 0.0010582 3.7e-06 -0.0465816 
960000 14001 45.273 12535.0 0.977 0.4204 0 0 0 0.0002642 -0.04073 2.1e-06 -0.0322619 
970000 14245 37.976 12777.0 0.999 0.3536 0 0 0 0.0002614 -0.0348624 1.1e-06 -0.0324955 
980000 14449 45.867 12979.0 0.993 0.4365 0 0 0 0.0002694 -0.0437509 2.4e-06 -0.0340149 
990000 14699 41.725 13225.0 0.972 0.3769 0 0 0 0.0002578 -0.0222529 7.9e-06 0.0265178 
