0 0 0.0 -0.17 0.0 0.0 0 0 0 
100 0 0.0 -4.881 0.0 0.0 0 0 0 
200 1 2.28 -64.394 -0.291 0.0077 0 0 0 
300 2 4.014 -80.291 -1.508 0.0154 0 0 0 
400 3 6.334 -106.692 -1.823 0.027 0 0 0 
500 4 8.587 -143.61 -2.662 0.0377 0 0 0 
600 5 10.556 -173.893 -3.077 0.0467 0 0 0 
700 6 12.265 -223.206 -4.114 0.0553 0 0 0 
800 7 14.199 -266.561 -4.93 0.063 0 0 0 
900 8 16.095 -284.313 -5.365 0.0715 0 0 0 
1000 9 17.153 -318.185 -5.341 0.0767 0 0 0 
1100 11 19.762 -384.033 -6.967 0.0877 0 0 0 
1200 11 19.762 -386.893 -6.967 0.0877 0 0 0 
1300 12 22.426 -410.941 -7.139 0.1021 0 0 0 
1400 13 23.698 -442.875 -7.737 0.1094 0 0 0 
1500 14 25.784 -462.914 -8.111 0.1201 0 0 0 
1600 15 27.568 -484.828 -8.383 0.128 0 0 0 
1700 16 28.637 -518.574 -8.715 0.1312 0 0 0 
1800 17 29.484 -569.647 -9.304 0.1357 0 0 0 
1900 18 30.455 -585.988 -9.934 0.1401 0 0 0 
2000 19 32.485 -615.759 -9.9 0.1486 0 0 0 
2100 20 33.556 -665.763 -10.564 0.1518 0 0 0 
2200 21 34.705 -716.292 -11.285 0.1571 0 0 0 
2300 23 36.876 -750.749 -12.101 0.1652 0 0 0 
2400 24 37.679 -757.229 -11.935 0.1692 0 0 0 
2500 24 37.679 -759.208 -11.935 0.1692 0 0 0 
2600 26 40.355 -791.273 -12.164 0.1805 0 0 0 
2700 27 41.508 -818.183 -12.468 0.1837 0 0 0 
2800 28 41.978 -825.53 -12.405 0.1864 0 0 0 
2900 29 44.078 -829.637 -12.214 0.1944 0 0 0 
3000 30 44.917 -857.345 -12.546 0.1983 0 0 0 
3100 31 46.378 -856.984 -12.278 0.2046 0 0 0 
3200 32 46.931 -865.033 -12.172 0.2057 0 0 0 
3300 32 46.931 -878.302 -12.172 0.2057 0 0 0 
3400 33 48.672 -896.624 -12.588 0.2138 0 0 0 
3500 34 50.219 -907.075 -12.495 0.2203 0 0 0 
3600 35 52.534 -944.351 -13.039 0.233 0 0 0 
3700 36 53.284 -948.828 -12.859 0.236 0 0 0 
3800 36 53.284 -954.566 -12.859 0.236 0 0 0 
3900 36 53.284 -979.832 -12.859 0.236 0 0 0 
4000 37 56.778 -1021.742 -13.606 0.2559 0 0 0 
4100 38 57.982 -1039.958 -13.959 0.2632 0 0 0 
4200 39 58.843 -1066.369 -14.206 0.2689 0 0 0 
4300 40 60.086 -1081.11 -14.37 0.277 0 0 0 
4400 41 61.344 -1091.914 -14.326 0.2842 0 0 0 
4500 41 61.344 -1099.656 -14.326 0.2842 0 0 0 
4600 42 63.817 -1113.096 -14.479 0.2977 0 0 0 
4700 42 63.817 -1116.528 -14.479 0.2977 0 0 0 
4800 42 63.817 -1125.541 -14.479 0.2977 0 0 0 
4900 43 68.941 -1142.934 -14.788 0.3289 0 0 0 
5000 43 68.941 -1148.539 -14.788 0.3289 0 0 0 
5100 44 70.462 -1159.017 -14.723 0.3397 0 0 0 
5200 44 70.462 -1162.17 -14.723 0.3397 0 0 0 
5300 44 70.462 -1168.073 -14.723 0.3397 0 0 0 
5400 45 75.393 -1190.566 -14.921 0.3734 0 0 0 
5500 46 76.385 -1217.194 -15.329 0.3812 0 0 0 
5600 46 76.385 -1229.005 -15.329 0.3812 0 0 0 
5700 46 76.385 -1235.307 -15.329 0.3812 0 0 0 
5800 46 76.385 -1226.965 -15.329 0.3812 0 0 0 
5900 47 82.537 -1241.037 -15.545 0.4414 0 0 0 
6000 47 82.537 -1243.389 -15.545 0.4414 0 0 0 
6100 48 85.227 -1249.832 -15.365 0.4635 0 0 0 
6200 48 85.227 -1261.585 -15.365 0.4635 0 0 0 
6300 49 88.022 -1290.899 -15.929 0.4858 0 0 0 
6400 49 88.022 -1300.733 -15.929 0.4858 0 0 0 
6500 50 90.042 -1300.215 -15.794 0.5075 0 0 0 
6600 50 90.042 -1295.173 -15.794 0.5075 0 0 0 
6700 51 90.821 -1307.788 -15.527 0.5154 0 0 0 
6800 51 90.821 -1302.64 -15.527 0.5154 0 0 0 
6900 52 93.144 -1315.234 -15.375 0.5467 0 0 0 
7000 52 93.144 -1307.535 -15.375 0.5467 0 0 0 
7100 53 95.022 -1321.122 -15.179 0.5734 0 0 0 
7200 53 95.022 -1314.815 -15.179 0.5734 0 0 0 
7300 54 97.961 -1320.947 -14.913 0.6054 0 0 0 
7400 54 97.961 -1316.821 -14.913 0.6054 0 0 0 
7500 54 97.961 -1321.731 -14.913 0.6054 0 0 0 
7600 55 102.242 -1347.07 -15.181 0.638 0 0 0 
7700 55 102.242 -1352.135 -15.181 0.638 0 0 0 
7800 56 103.457 -1366.879 -15.256 0.6485 0 0 0 
7900 56 103.457 -1367.86 -15.256 0.6485 0 0 0 
8000 56 103.457 -1369.121 -15.256 0.6485 0 0 0 
8100 57 108.088 -1384.144 -15.371 0.697 0 0 0 
8200 57 108.088 -1382.692 -15.371 0.697 0 0 0 
8300 57 108.088 -1377.79 -15.371 0.697 0 0 0 
8400 58 111.686 -1406.896 -15.456 0.7388 0 0 0 
8500 58 111.686 -1419.12 -15.456 0.7388 0 0 0 
8600 58 111.686 -1419.783 -15.456 0.7388 0 0 0 
8700 59 115.292 -1426.314 -15.465 0.7843 0 0 0 
8800 59 115.292 -1429.765 -15.465 0.7843 0 0 0 
8900 60 117.927 -1431.751 -15.34 0.8132 0 0 0 
9000 60 117.927 -1435.377 -15.34 0.8132 0 0 0 
9100 60 117.927 -1435.488 -15.34 0.8132 0 0 0 
9200 61 120.968 -1438.784 -15.107 0.8429 0 0 0 
9300 61 120.968 -1434.16 -15.107 0.8429 0 0 0 
9400 61 120.968 -1426.859 -15.107 0.8429 0 0 0 
9500 61 120.968 -1438.573 -15.107 0.8429 0 0 0 
9600 61 120.968 -1439.737 -15.107 0.8429 0 0 0 
9700 61 120.968 -1441.689 -15.107 0.8429 0 0 0 
9800 62 130.749 -1462.347 -15.366 0.9466 0 0 0 
9900 62 130.749 -1463.689 -15.366 0.9466 0 0 0 
10000 63 131.594 -1471.762 -15.156 0.9714 0 0 0 
10100 63 131.594 -1467.903 -15.156 0.9714 0 0 0 
10200 63 131.594 -1466.405 -15.156 0.9714 0 0 0 
10300 63 131.594 -1472.906 -15.156 0.9714 0 0 0 
10400 63 131.594 -1473.999 -15.156 0.9714 0 0 0 
10500 63 131.594 -1474.101 -15.156 0.9714 0 0 0 
10600 63 131.594 -1470.699 -15.156 0.9714 0 0 0 
10700 63 131.594 -1480.695 -15.156 0.9714 0 0 0 
10800 63 131.594 -1485.34 -15.156 0.9714 0 0 0 
10900 63 131.594 -1477.25 -15.156 0.9714 0 0 0 
11000 64 148.962 -1477.716 -15.016 1.1756 0 0 0 
11100 64 148.962 -1486.883 -15.016 1.1756 0 0 0 
11200 64 148.962 -1474.921 -15.016 1.1756 0 0 0 
11300 65 151.743 -1480.913 -14.834 1.2294 0 0 0 
11400 65 151.743 -1484.109 -14.834 1.2294 0 0 0 
11500 65 151.743 -1488.486 -14.834 1.2294 0 0 0 
11600 66 155.248 -1493.082 -14.739 1.2936 0 0 0 
11700 66 155.248 -1492.259 -14.739 1.2936 0 0 0 
11800 67 155.643 -1493.841 -14.516 1.3025 0 0 0 
11900 67 155.643 -1492.632 -14.516 1.3025 0 0 0 
12000 67 155.643 -1497.332 -14.516 1.3025 0 0 0 
12100 67 155.643 -1502.343 -14.516 1.3025 0 0 0 
12200 67 155.643 -1495.799 -14.516 1.3025 0 0 0 
12300 67 155.643 -1500.647 -14.516 1.3025 0 0 0 
12400 67 155.643 -1505.56 -14.516 1.3025 0 0 0 
12500 67 155.643 -1507.363 -14.516 1.3025 0 0 0 
12600 67 155.643 -1508.004 -14.516 1.3025 0 0 0 
12700 67 155.643 -1503.973 -14.516 1.3025 0 0 0 
12800 68 172.53 -1505.522 -14.4 1.572 0 0 0 
12900 68 172.53 -1505.282 -14.4 1.572 0 0 0 
13000 68 172.53 -1503.793 -14.4 1.572 0 0 0 
13100 69 174.759 -1512.054 -14.27 1.6334 0 0 0 
13200 69 174.759 -1509.187 -14.27 1.6334 0 0 0 
13300 69 174.759 -1522.649 -14.27 1.6334 0 0 0 
13400 69 174.759 -1517.182 -14.27 1.6334 0 0 0 
13500 69 174.759 -1510.597 -14.27 1.6334 0 0 0 
13600 69 174.759 -1514.507 -14.27 1.6334 0 0 0 
13700 69 174.759 -1526.866 -14.27 1.6334 0 0 0 
13800 69 174.759 -1527.573 -14.27 1.6334 0 0 0 
13900 69 174.759 -1521.997 -14.27 1.6334 0 0 0 
14000 69 174.759 -1518.144 -14.27 1.6334 0 0 0 
14100 70 191.264 -1520.476 -14.156 1.8554 0 0 0 
14200 71 189.359 -1525.494 -14.003 1.8345 0 0 0 
14300 72 188.072 -1536.05 -13.832 1.8145 0 0 0 
14400 73 187.39 -1538.633 -13.654 1.8069 0 0 0 
14500 73 187.39 -1539.75 -13.654 1.8069 0 0 0 
14600 74 186.862 -1541.114 -13.426 1.8079 0 0 0 
14700 74 186.862 -1540.402 -13.426 1.8079 0 0 0 
14800 75 187.025 -1546.029 -13.295 1.8296 0 0 0 
14900 75 187.025 -1540.996 -13.295 1.8296 0 0 0 
15000 75 187.025 -1546.733 -13.295 1.8296 0 0 0 
15100 75 187.025 -1556.32 -13.295 1.8296 0 0 0 
15200 75 187.025 -1548.386 -13.295 1.8296 0 0 0 
15300 75 187.025 -1554.117 -13.295 1.8296 0 0 0 
15400 75 187.025 -1568.844 -13.295 1.8296 0 0 0 
15500 75 187.025 -1563.417 -13.295 1.8296 0 0 0 
15600 76 198.645 -1573.708 -13.627 2.0461 0 0 0 
15700 77 197.352 -1579.058 -13.39 2.0383 0 0 0 
15800 77 197.352 -1576.314 -13.39 2.0383 0 0 0 
15900 78 197.125 -1579.568 -13.119 2.038 0 0 0 
16000 78 197.125 -1576.495 -13.119 2.038 0 0 0 
16100 79 196.602 -1583.341 -12.987 2.0466 0 0 0 
16200 79 196.602 -1582.451 -12.987 2.0466 0 0 0 
16300 79 196.602 -1568.644 -12.987 2.0466 0 0 0 
16400 79 196.602 -1586.563 -12.987 2.0466 0 0 0 
16500 80 202.55 -1612.839 -13.305 2.1689 0 0 0 
16600 80 202.55 -1606.144 -13.305 2.1689 0 0 0 
16700 80 202.55 -1607.508 -13.305 2.1689 0 0 0 
16800 80 202.55 -1609.835 -13.305 2.1689 0 0 0 
16900 80 202.55 -1622.275 -13.305 2.1689 0 0 0 
17000 80 202.55 -1630.48 -13.305 2.1689 0 0 0 
17100 80 202.55 -1625.968 -13.305 2.1689 0 0 0 
17200 80 202.55 -1620.319 -13.305 2.1689 0 0 0 
17300 80 202.55 -1620.562 -13.305 2.1689 0 0 0 
17400 80 202.55 -1621.132 -13.305 2.1689 0 0 0 
17500 81 218.499 -1624.641 -13.273 2.4597 0 0 0 
17600 81 218.499 -1622.482 -13.273 2.4597 0 0 0 
17700 81 218.499 -1625.311 -13.273 2.4597 0 0 0 
17800 82 219.329 -1639.073 -13.297 2.4739 0 0 0 
17900 82 219.329 -1630.33 -13.297 2.4739 0 0 0 
18000 82 219.329 -1628.317 -13.297 2.4739 0 0 0 
18100 82 219.329 -1637.158 -13.297 2.4739 0 0 0 
18200 82 219.329 -1644.595 -13.297 2.4739 0 0 0 
18300 82 219.329 -1637.893 -13.297 2.4739 0 0 0 
18400 82 219.329 -1637.25 -13.297 2.4739 0 0 0 
18500 82 219.329 -1638.357 -13.297 2.4739 0 0 0 
18600 82 219.329 -1650.364 -13.297 2.4739 0 0 0 
18700 82 219.329 -1645.131 -13.297 2.4739 0 0 0 
18800 83 234.943 -1652.304 -13.251 2.8355 0 0 0 
18900 83 234.943 -1643.709 -13.251 2.8355 0 0 0 
19000 83 234.943 -1648.562 -13.251 2.8355 0 0 0 
19100 83 234.943 -1651.821 -13.251 2.8355 0 0 0 
19200 83 234.943 -1656.96 -13.251 2.8355 0 0 0 
19300 83 234.943 -1657.359 -13.251 2.8355 0 0 0 
19400 83 234.943 -1659.593 -13.251 2.8355 0 0 0 
19500 83 234.943 -1656.974 -13.251 2.8355 0 0 0 
19600 83 234.943 -1655.295 -13.251 2.8355 0 0 0 
19700 83 234.943 -1663.37 -13.251 2.8355 0 0 0 
19800 84 250.244 -1661.596 -13.195 3.0873 0 0 0 
19900 84 250.244 -1662.496 -13.195 3.0873 0 0 0 
20000 85 249.319 -1664.407 -12.993 3.0886 0 0 0 
20100 85 249.319 -1659.151 -12.993 3.0886 0 0 0 
20200 85 249.319 -1656.998 -12.993 3.0886 0 0 0 
20300 85 249.319 -1656.174 -12.993 3.0886 0 0 0 
20400 85 249.319 -1655.342 -12.993 3.0886 0 0 0 
20500 85 249.319 -1656.568 -12.993 3.0886 0 0 0 
20600 85 249.319 -1661.3 -12.993 3.0886 0 0 0 
20700 85 249.319 -1672.957 -12.993 3.0886 0 0 0 
20800 85 249.319 -1672.618 -12.993 3.0886 0 0 0 
20900 85 249.319 -1671.442 -12.993 3.0886 0 0 0 
21000 86 264.333 -1669.262 -12.827 3.4494 0 0 0 
21100 86 264.333 -1665.303 -12.827 3.4494 0 0 0 
21200 86 264.333 -1655.218 -12.827 3.4494 0 0 0 
21300 86 264.333 -1659.289 -12.827 3.4494 0 0 0 
21400 86 264.333 -1658.726 -12.827 3.4494 0 0 0 
21500 86 264.333 -1661.118 -12.827 3.4494 0 0 0 
21600 86 264.333 -1669.585 -12.827 3.4494 0 0 0 
21700 86 264.333 -1672.018 -12.827 3.4494 0 0 0 
21800 86 264.333 -1670.193 -12.827 3.4494 0 0 0 
21900 86 264.333 -1670.202 -12.827 3.4494 0 0 0 
22000 87 279.046 -1668.618 -12.587 3.7604 0 0 0 
22100 87 279.046 -1662.061 -12.587 3.7604 0 0 0 
22200 87 279.046 -1667.221 -12.587 3.7604 0 0 0 
22300 87 279.046 -1664.371 -12.587 3.7604 0 0 0 
22400 87 279.046 -1669.188 -12.587 3.7604 0 0 0 
22500 87 279.046 -1674.535 -12.587 3.7604 0 0 0 
22600 87 279.046 -1671.062 -12.587 3.7604 0 0 0 
22700 87 279.046 -1673.011 -12.587 3.7604 0 0 0 
22800 87 279.046 -1671.146 -12.587 3.7604 0 0 0 
22900 87 279.046 -1671.651 -12.587 3.7604 0 0 0 
23000 88 293.465 -1668.769 -12.343 4.2235 0 0 0 
23100 88 293.465 -1659.756 -12.343 4.2235 0 0 0 
23200 89 290.356 -1669.298 -12.098 4.1961 0 0 0 
23300 90 288.169 -1669.178 -11.84 4.1931 0 0 0 
23400 90 288.169 -1661.413 -11.84 4.1931 0 0 0 
23500 90 288.169 -1660.144 -11.84 4.1931 0 0 0 
23600 90 288.169 -1668.354 -11.84 4.1931 0 0 0 
23700 90 288.169 -1668.722 -11.84 4.1931 0 0 0 
23800 90 288.169 -1663.618 -11.84 4.1931 0 0 0 
23900 90 288.169 -1667.348 -11.84 4.1931 0 0 0 
24000 90 288.169 -1673.778 -11.84 4.1931 0 0 0 
24100 91 298.545 -1702.039 -12.282 4.447 0 0 0 
24200 91 298.545 -1703.322 -12.282 4.447 0 0 0 
24300 91 298.545 -1699.5 -12.282 4.447 0 0 0 
24400 91 298.545 -1704.712 -12.282 4.447 0 0 0 
24500 91 298.545 -1705.69 -12.282 4.447 0 0 0 
24600 91 298.545 -1712.102 -12.282 4.447 0 0 0 
24700 91 298.545 -1702.85 -12.282 4.447 0 0 0 
24800 92 306.354 -1742.023 -12.827 4.7141 0 0 0 
24900 92 306.354 -1737.55 -12.827 4.7141 0 0 0 
25000 92 306.354 -1734.443 -12.827 4.7141 0 0 0 
25100 92 306.354 -1733.926 -12.827 4.7141 0 0 0 
25200 92 306.354 -1732.008 -12.827 4.7141 0 0 0 
25300 92 306.354 -1736.115 -12.827 4.7141 0 0 0 
25400 92 306.354 -1741.51 -12.827 4.7141 0 0 0 
25500 92 306.354 -1739.65 -12.827 4.7141 0 0 0 
25600 92 306.354 -1742.056 -12.827 4.7141 0 0 0 
25700 92 306.354 -1741.934 -12.827 4.7141 0 0 0 
25800 93 320.227 -1745.023 -12.629 5.1888 0 0 0 
25900 93 320.227 -1744.82 -12.629 5.1888 0 0 0 
26000 93 320.227 -1743.281 -12.629 5.1888 0 0 0 
26100 93 320.227 -1738.156 -12.629 5.1888 0 0 0 
26200 93 320.227 -1738.783 -12.629 5.1888 0 0 0 
26300 93 320.227 -1738.947 -12.629 5.1888 0 0 0 
26400 93 320.227 -1737.044 -12.629 5.1888 0 0 0 
26500 93 320.227 -1740.565 -12.629 5.1888 0 0 0 
26600 93 320.227 -1740.655 -12.629 5.1888 0 0 0 
26700 93 320.227 -1740.588 -12.629 5.1888 0 0 0 
26800 94 333.823 -1745.177 -12.354 5.5472 0 0 0 
26900 94 333.823 -1743.543 -12.354 5.5472 0 0 0 
27000 95 331.366 -1745.016 -12.128 5.5473 0 0 0 
27100 95 331.366 -1747.617 -12.128 5.5473 0 0 0 
27200 95 331.366 -1745.992 -12.128 5.5473 0 0 0 
27300 95 331.366 -1741.192 -12.128 5.5473 0 0 0 
27400 95 331.366 -1741.893 -12.128 5.5473 0 0 0 
27500 95 331.366 -1743.573 -12.128 5.5473 0 0 0 
27600 95 331.366 -1741.672 -12.128 5.5473 0 0 0 
27700 95 331.366 -1744.389 -12.128 5.5473 0 0 0 
27800 95 331.366 -1743.724 -12.128 5.5473 0 0 0 
27900 95 331.366 -1744.158 -12.128 5.5473 0 0 0 
28000 96 344.739 -1745.367 -11.904 6.0831 0 0 0 
28100 96 344.739 -1744.954 -11.904 6.0831 0 0 0 
28200 97 341.164 -1746.057 -11.708 6.0286 0 0 0 
28300 97 341.164 -1746.514 -11.708 6.0286 0 0 0 
28400 98 338.241 -1748.501 -11.441 5.9953 0 0 0 
28500 98 338.241 -1747.294 -11.441 5.9953 0 0 0 
28600 98 338.241 -1742.118 -11.441 5.9953 0 0 0 
28700 98 338.241 -1735.18 -11.441 5.9953 0 0 0 
28800 98 338.241 -1734.759 -11.441 5.9953 0 0 0 
28900 98 338.241 -1735.841 -11.441 5.9953 0 0 0 
29000 98 338.241 -1737.409 -11.441 5.9953 0 0 0 
29100 98 338.241 -1736.681 -11.441 5.9953 0 0 0 
29200 98 338.241 -1737.122 -11.441 5.9953 0 0 0 
29300 98 338.241 -1737.563 -11.441 5.9953 0 0 0 
29400 99 351.476 -1736.802 -11.034 6.3207 0 0 0 
29500 99 351.476 -1734.468 -11.034 6.3207 0 0 0 
29600 99 351.476 -1735.852 -11.034 6.3207 0 0 0 
29700 99 351.476 -1733.011 -11.034 6.3207 0 0 0 
29800 99 351.476 -1730.323 -11.034 6.3207 0 0 0 
29900 99 351.476 -1724.993 -11.034 6.3207 0 0 0 
30000 99 351.476 -1725.294 -11.034 6.3207 0 0 0 
30100 99 351.476 -1725.563 -11.034 6.3207 0 0 0 
30200 99 351.476 -1725.507 -11.034 6.3207 0 0 0 
30300 99 351.476 -1725.707 -11.034 6.3207 0 0 0 
30400 100 364.446 -1725.412 -10.575 6.5175 0 0 0 
30500 100 364.446 -1725.077 -10.575 6.5175 0 0 0 
30600 100 364.446 -1721.55 -10.575 6.5175 0 0 0 
30700 101 363.398 -1725.485 -10.383 6.4945 0 0 0 
30800 101 363.398 -1722.516 -10.383 6.4945 0 0 0 
30900 101 363.398 -1721.252 -10.383 6.4945 0 0 0 
31000 101 363.398 -1718.583 -10.383 6.4945 0 0 0 
31100 101 363.398 -1717.439 -10.383 6.4945 0 0 0 
31200 101 363.398 -1717.649 -10.383 6.4945 0 0 0 
31300 101 363.398 -1717.841 -10.383 6.4945 0 0 0 
31400 101 363.398 -1718.038 -10.383 6.4945 0 0 0 
31500 101 363.398 -1718.277 -10.383 6.4945 0 0 0 
31600 101 363.398 -1718.495 -10.383 6.4945 0 0 0 
31700 102 376.13 -1717.62 -10.012 6.7183 0 0 0 
31800 102 376.13 -1720.829 -10.012 6.7183 0 0 0 
31900 102 376.13 -1716.659 -10.012 6.7183 0 0 0 
32000 102 376.13 -1713.388 -10.012 6.7183 0 0 0 
32100 103 375.767 -1719.224 -9.838 6.7644 0 0 0 
32200 103 375.767 -1720.578 -9.838 6.7644 0 0 0 
32300 103 375.767 -1711.367 -9.838 6.7644 0 0 0 
32400 103 375.767 -1711.029 -9.838 6.7644 0 0 0 
32500 103 375.767 -1708.885 -9.838 6.7644 0 0 0 
32600 103 375.767 -1708.631 -9.838 6.7644 0 0 0 
32700 103 375.767 -1708.666 -9.838 6.7644 0 0 0 
32800 104 382.392 -1698.242 -9.216 6.8746 0 0 0 
32900 104 382.392 -1697.679 -9.216 6.8746 0 0 0 
33000 104 382.392 -1693.848 -9.216 6.8746 0 0 0 
33100 104 382.392 -1684.811 -9.216 6.8746 0 0 0 
33200 105 383.984 -1672.823 -8.528 6.9394 0 0 0 
33300 105 383.984 -1671.651 -8.528 6.9394 0 0 0 
33400 105 383.984 -1665.09 -8.528 6.9394 0 0 0 
33500 106 380.824 -1675.918 -8.388 6.8704 0 0 0 
33600 106 380.824 -1676.037 -8.388 6.8704 0 0 0 
33700 106 380.824 -1672.85 -8.388 6.8704 0 0 0 
33800 107 379.948 -1671.34 -8.242 6.8913 0 0 0 
33900 107 379.948 -1669.502 -8.242 6.8913 0 0 0 
34000 107 379.948 -1668.302 -8.242 6.8913 0 0 0 
34100 107 379.948 -1667.828 -8.242 6.8913 0 0 0 
34200 107 379.948 -1663.305 -8.242 6.8913 0 0 0 
34300 108 382.749 -1652.03 -7.621 6.9134 0 0 0 
34400 108 382.749 -1651.896 -7.621 6.9134 0 0 0 
34500 108 382.749 -1651.465 -7.621 6.9134 0 0 0 
34600 108 382.749 -1650.949 -7.621 6.9134 0 0 0 
34700 109 383.174 -1658.81 -7.584 6.8847 0 0 0 
34800 109 383.174 -1656.065 -7.584 6.8847 0 0 0 
34900 109 383.174 -1653.529 -7.584 6.8847 0 0 0 
35000 109 383.174 -1645.698 -7.584 6.8847 0 0 0 
35100 110 383.99 -1631.397 -6.879 6.8671 0 0 0 
35200 110 383.99 -1627.002 -6.879 6.8671 0 0 0 
35300 110 383.99 -1620.819 -6.879 6.8671 0 0 0 
35400 110 383.99 -1621.519 -6.879 6.8671 0 0 0 
35500 111 383.31 -1627.792 -6.648 6.8534 0 0 0 
35600 111 383.31 -1630.318 -6.648 6.8534 0 0 0 
35700 111 383.31 -1625.959 -6.648 6.8534 0 0 0 
35800 111 383.31 -1623.381 -6.648 6.8534 0 0 0 
35900 111 383.31 -1617.827 -6.648 6.8534 0 0 0 
36000 111 383.31 -1616.023 -6.648 6.8534 0 0 0 
36100 112 386.764 -1606.673 -6.101 6.9115 0 0 0 
36200 112 386.764 -1604.069 -6.101 6.9115 0 0 0 
36300 112 386.764 -1603.991 -6.101 6.9115 0 0 0 
36400 112 386.764 -1603.738 -6.101 6.9115 0 0 0 
36500 113 388.469 -1614.275 -6.139 6.9348 0 0 0 
36600 113 388.469 -1612.789 -6.139 6.9348 0 0 0 
36700 113 388.469 -1610.135 -6.139 6.9348 0 0 0 
36800 113 388.469 -1608.52 -6.139 6.9348 0 0 0 
36900 114 388.24 -1615.107 -6.1 6.9147 0 0 0 
37000 114 388.24 -1612.371 -6.1 6.9147 0 0 0 
37100 114 388.24 -1611.05 -6.1 6.9147 0 0 0 
37200 114 388.24 -1610.544 -6.1 6.9147 0 0 0 
37300 114 388.24 -1608.978 -6.1 6.9147 0 0 0 
37400 114 388.24 -1608.191 -6.1 6.9147 0 0 0 
37500 114 388.24 -1608.264 -6.1 6.9147 0 0 0 
37600 114 388.24 -1608.42 -6.1 6.9147 0 0 0 
37700 114 388.24 -1608.472 -6.1 6.9147 0 0 0 
37800 115 399.095 -1597.884 -5.584 7.0549 0 0 0 
37900 115 399.095 -1597.589 -5.584 7.0549 0 0 0 
38000 115 399.095 -1595.411 -5.584 7.0549 0 0 0 
38100 115 399.095 -1595.383 -5.584 7.0549 0 0 0 
38200 115 399.095 -1592.438 -5.584 7.0549 0 0 0 
38300 115 399.095 -1589.867 -5.584 7.0549 0 0 0 
38400 115 399.095 -1588.975 -5.584 7.0549 0 0 0 
38500 116 404.453 -1579.485 -5.081 7.1134 0 0 0 
38600 116 404.453 -1577.569 -5.081 7.1134 0 0 0 
38700 116 404.453 -1575.617 -5.081 7.1134 0 0 0 
38800 116 404.453 -1572.992 -5.081 7.1134 0 0 0 
38900 116 404.453 -1570.219 -5.081 7.1134 0 0 0 
39000 116 404.453 -1569.665 -5.081 7.1134 0 0 0 
39100 116 404.453 -1569.015 -5.081 7.1134 0 0 0 
39200 116 404.453 -1569.093 -5.081 7.1134 0 0 0 
39300 116 404.453 -1569.197 -5.081 7.1134 0 0 0 
39400 116 404.453 -1569.354 -5.081 7.1134 0 0 0 
39500 117 416.364 -1569.983 -4.787 7.2852 0 0 0 
39600 117 416.364 -1570.865 -4.787 7.2852 0 0 0 
39700 117 416.364 -1571.41 -4.787 7.2852 0 0 0 
39800 117 416.364 -1568.263 -4.787 7.2852 0 0 0 
39900 117 416.364 -1566.001 -4.787 7.2852 0 0 0 
40000 118 418.577 -1550.457 -4.331 7.3647 0 0 0 
40100 118 418.577 -1548.864 -4.331 7.3647 0 0 0 
40200 118 418.577 -1547.424 -4.331 7.3647 0 0 0 
40300 118 418.577 -1543.922 -4.331 7.3647 0 0 0 
40400 118 418.577 -1542.255 -4.331 7.3647 0 0 0 
40500 119 419.745 -1552.073 -4.237 7.3915 0 0 0 
40600 119 419.745 -1551.501 -4.237 7.3915 0 0 0 
40700 119 419.745 -1552.215 -4.237 7.3915 0 0 0 
40800 119 419.745 -1553.529 -4.237 7.3915 0 0 0 
40900 119 419.745 -1551.212 -4.237 7.3915 0 0 0 
41000 119 419.745 -1544.524 -4.237 7.3915 0 0 0 
41100 120 423.77 -1531.771 -3.787 7.5237 0 0 0 
41200 120 423.77 -1529.569 -3.787 7.5237 0 0 0 
41300 120 423.77 -1529.347 -3.787 7.5237 0 0 0 
41400 120 423.77 -1529.382 -3.787 7.5237 0 0 0 
41500 120 423.77 -1527.954 -3.787 7.5237 0 0 0 
41600 120 423.77 -1528.651 -3.787 7.5237 0 0 0 
41700 120 423.77 -1524.923 -3.787 7.5237 0 0 0 
41800 120 423.77 -1524.994 -3.787 7.5237 0 0 0 
41900 121 430.335 -1514.542 -3.357 7.6697 0 0 0 
42000 121 430.335 -1509.848 -3.357 7.6697 0 0 0 
42100 121 430.335 -1509.445 -3.357 7.6697 0 0 0 
42200 121 430.335 -1508.728 -3.357 7.6697 0 0 0 
42300 121 430.335 -1506.374 -3.357 7.6697 0 0 0 
42400 122 432.968 -1515.092 -3.301 7.6946 0 0 0 
42500 122 432.968 -1512.18 -3.301 7.6946 0 0 0 
42600 122 432.968 -1510.834 -3.301 7.6946 0 0 0 
42700 122 432.968 -1508.99 -3.301 7.6946 0 0 0 
42800 122 432.968 -1509.805 -3.301 7.6946 0 0 0 
42900 122 432.968 -1509.676 -3.301 7.6946 0 0 0 
43000 123 436.149 -1497.187 -2.876 7.8008 0 0 0 
43100 123 436.149 -1496.422 -2.876 7.8008 0 0 0 
43200 123 436.149 -1492.938 -2.876 7.8008 0 0 0 
43300 123 436.149 -1489.975 -2.876 7.8008 0 0 0 
43400 123 436.149 -1490.047 -2.876 7.8008 0 0 0 
43500 123 436.149 -1488.966 -2.876 7.8008 0 0 0 
43600 124 439.606 -1475.869 -2.405 7.9411 0 0 0 
43700 124 439.606 -1472.804 -2.405 7.9411 0 0 0 
43800 124 439.606 -1471.137 -2.405 7.9411 0 0 0 
43900 124 439.606 -1470.419 -2.405 7.9411 0 0 0 
44000 124 439.606 -1470.566 -2.405 7.9411 0 0 0 
44100 124 439.606 -1469.764 -2.405 7.9411 0 0 0 
44200 124 439.606 -1466.659 -2.405 7.9411 0 0 0 
44300 125 443.274 -1457.066 -1.952 8.0858 0 0 0 
44400 125 443.274 -1457.732 -1.952 8.0858 0 0 0 
44500 125 443.274 -1457.635 -1.952 8.0858 0 0 0 
44600 125 443.274 -1457.582 -1.952 8.0858 0 0 0 
44700 125 443.274 -1457.012 -1.952 8.0858 0 0 0 
44800 125 443.274 -1454.781 -1.952 8.0858 0 0 0 
44900 126 447.488 -1441.47 -1.599 8.1782 0 0 0 
45000 126 447.488 -1439.482 -1.599 8.1782 0 0 0 
45100 126 447.488 -1437.291 -1.599 8.1782 0 0 0 
45200 126 447.488 -1436.31 -1.599 8.1782 0 0 0 
45300 126 447.488 -1433.359 -1.599 8.1782 0 0 0 
45400 126 447.488 -1432.467 -1.599 8.1782 0 0 0 
45500 126 447.488 -1431.853 -1.599 8.1782 0 0 0 
45600 127 451.978 -1416.767 -1.133 8.3313 0 0 0 
45700 127 451.978 -1416.348 -1.133 8.3313 0 0 0 
45800 127 451.978 -1415.217 -1.133 8.3313 0 0 0 
45900 127 451.978 -1416.539 -1.133 8.3313 0 0 0 
46000 127 451.978 -1415.226 -1.133 8.3313 0 0 0 
46100 127 451.978 -1416.079 -1.133 8.3313 0 0 0 
46200 127 451.978 -1416.092 -1.133 8.3313 0 0 0 
46300 127 451.978 -1417.01 -1.133 8.3313 0 0 0 
46400 127 451.978 -1418.288 -1.133 8.3313 0 0 0 
46500 127 451.978 -1420.16 -1.133 8.3313 0 0 0 
46600 128 462.939 -1422.586 -1.144 8.6751 0 0 0 
46700 128 462.939 -1417.697 -1.144 8.6751 0 0 0 
46800 128 462.939 -1415.419 -1.144 8.6751 0 0 0 
46900 128 462.939 -1413.767 -1.144 8.6751 0 0 0 
47000 128 462.939 -1412.652 -1.144 8.6751 0 0 0 
47100 128 462.939 -1409.473 -1.144 8.6751 0 0 0 
47200 128 462.939 -1409.499 -1.144 8.6751 0 0 0 
47300 128 462.939 -1409.543 -1.144 8.6751 0 0 0 
47400 129 469.04 -1392.217 -0.693 8.9043 0 0 0 
47500 129 469.04 -1392.923 -0.693 8.9043 0 0 0 
47600 129 469.04 -1393.291 -0.693 8.9043 0 0 0 
47700 129 469.04 -1392.716 -0.693 8.9043 0 0 0 
47800 129 469.04 -1390.657 -0.693 8.9043 0 0 0 
47900 130 470.719 -1377.074 -0.248 8.9981 0 0 0 
48000 130 470.719 -1375.003 -0.248 8.9981 0 0 0 
48100 130 470.719 -1372.282 -0.248 8.9981 0 0 0 
48200 130 470.719 -1370.145 -0.248 8.9981 0 0 0 
48300 130 470.719 -1369.307 -0.248 8.9981 0 0 0 
48400 130 470.719 -1368.005 -0.248 8.9981 0 0 0 
48500 130 470.719 -1366.943 -0.248 8.9981 0 0 0 
48600 131 475.105 -1356.921 0.178 9.1532 0 0 0 
48700 131 475.105 -1356.664 0.178 9.1532 0 0 0 
48800 131 475.105 -1353.363 0.178 9.1532 0 0 0 
48900 131 475.105 -1351.769 0.178 9.1532 0 0 0 
49000 131 475.105 -1350.64 0.178 9.1532 0 0 0 
49100 131 475.105 -1347.613 0.178 9.1532 0 0 0 
49200 132 477.483 -1336.729 0.575 9.2213 0 0 0 
49300 132 477.483 -1335.172 0.575 9.2213 0 0 0 
49400 132 477.483 -1329.502 0.575 9.2213 0 0 0 
49500 132 477.483 -1327.821 0.575 9.2213 0 0 0 
49600 132 477.483 -1325.439 0.575 9.2213 0 0 0 
49700 133 478.293 -1313.666 1.019 9.232 0 0 0 
49800 133 478.293 -1314.825 1.019 9.232 0 0 0 
49900 133 478.293 -1313.71 1.019 9.232 0 0 0 
50000 133 478.293 -1311.134 1.019 9.232 0 0 0 
50100 133 478.293 -1310.803 1.019 9.232 0 0 0 
50200 133 478.293 -1310.921 1.019 9.232 0 0 0 
50300 134 480.847 -1295.038 1.368 9.2852 0 0 0 
50400 134 480.847 -1294.403 1.368 9.2852 0 0 0 
50500 134 480.847 -1291.159 1.368 9.2852 0 0 0 
50600 134 480.847 -1292.175 1.368 9.2852 0 0 0 
50700 134 480.847 -1290.429 1.368 9.2852 0 0 0 
50800 135 480.65 -1281.146 1.646 9.2765 0 0 0 
50900 135 480.65 -1273.998 1.646 9.2765 0 0 0 
51000 135 480.65 -1271.655 1.646 9.2765 0 0 0 
51100 135 480.65 -1268.384 1.646 9.2765 0 0 0 
51200 135 480.65 -1267.444 1.646 9.2765 0 0 0 
51300 136 481.337 -1250.669 2.135 9.2302 0 0 0 
51400 136 481.337 -1247.371 2.135 9.2302 0 0 0 
51500 136 481.337 -1248.256 2.135 9.2302 0 0 0 
51600 136 481.337 -1246.034 2.135 9.2302 0 0 0 
51700 136 481.337 -1246.184 2.135 9.2302 0 0 0 
51800 137 482.131 -1228.954 2.537 9.2378 0 0 0 
51900 137 482.131 -1228.54 2.537 9.2378 0 0 0 
52000 137 482.131 -1227.223 2.537 9.2378 0 0 0 
52100 137 482.131 -1227.856 2.537 9.2378 0 0 0 
52200 137 482.131 -1227.306 2.537 9.2378 0 0 0 
52300 137 482.131 -1227.281 2.537 9.2378 0 0 0 
52400 137 482.131 -1227.394 2.537 9.2378 0 0 0 
52500 137 482.131 -1227.706 2.537 9.2378 0 0 0 
52600 137 482.131 -1226.568 2.537 9.2378 0 0 0 
52700 138 489.788 -1214.101 2.823 9.5108 0 0 0 
52800 138 489.788 -1213.131 2.823 9.5108 0 0 0 
52900 138 489.788 -1208.339 2.823 9.5108 0 0 0 
53000 138 489.788 -1208.03 2.823 9.5108 0 0 0 
53100 138 489.788 -1209.518 2.823 9.5108 0 0 0 
53200 138 489.788 -1209.274 2.823 9.5108 0 0 0 
53300 138 489.788 -1209.234 2.823 9.5108 0 0 0 
53400 138 489.788 -1206.7 2.823 9.5108 0 0 0 
53500 139 495.492 -1196.037 3.137 9.7032 0 0 0 
53600 139 495.492 -1191.895 3.137 9.7032 0 0 0 
53700 139 495.492 -1190.652 3.137 9.7032 0 0 0 
53800 139 495.492 -1193.154 3.137 9.7032 0 0 0 
53900 139 495.492 -1191.924 3.137 9.7032 0 0 0 
54000 139 495.492 -1193.369 3.137 9.7032 0 0 0 
54100 139 495.492 -1193.263 3.137 9.7032 0 0 0 
54200 139 495.492 -1193.499 3.137 9.7032 0 0 0 
54300 139 495.492 -1192.615 3.137 9.7032 0 0 0 
54400 140 504.282 -1181.045 3.364 9.9899 0 0 0 
54500 140 504.282 -1179.371 3.364 9.9899 0 0 0 
54600 140 504.282 -1179.313 3.364 9.9899 0 0 0 
54700 140 504.282 -1178.524 3.364 9.9899 0 0 0 
54800 140 504.282 -1179.443 3.364 9.9899 0 0 0 
54900 140 504.282 -1179.619 3.364 9.9899 0 0 0 
55000 141 506.597 -1193.963 3.063 10.0724 0 0 0 
55100 141 506.597 -1191.718 3.063 10.0724 0 0 0 
55200 141 506.597 -1188.803 3.063 10.0724 0 0 0 
55300 141 506.597 -1187.779 3.063 10.0724 0 0 0 
55400 141 506.597 -1185.897 3.063 10.0724 0 0 0 
55500 141 506.597 -1184.55 3.063 10.0724 0 0 0 
55600 142 509.005 -1174.594 3.388 10.109 0 0 0 
55700 142 509.005 -1173.597 3.388 10.109 0 0 0 
55800 142 509.005 -1169.823 3.388 10.109 0 0 0 
55900 142 509.005 -1167.437 3.388 10.109 0 0 0 
56000 142 509.005 -1165.435 3.388 10.109 0 0 0 
56100 143 508.265 -1149.424 3.786 10.0754 0 0 0 
56200 143 508.265 -1146.172 3.786 10.0754 0 0 0 
56300 143 508.265 -1141.384 3.786 10.0754 0 0 0 
56400 143 508.265 -1141.236 3.786 10.0754 0 0 0 
56500 143 508.265 -1135.935 3.786 10.0754 0 0 0 
56600 144 506.959 -1123.217 4.218 10.0292 0 0 0 
56700 144 506.959 -1118.778 4.218 10.0292 0 0 0 
56800 144 506.959 -1116.437 4.218 10.0292 0 0 0 
56900 144 506.959 -1116.341 4.218 10.0292 0 0 0 
57000 145 506.14 -1129.318 4.03 9.9797 0 0 0 
57100 145 506.14 -1123.409 4.03 9.9797 0 0 0 
57200 145 506.14 -1120.388 4.03 9.9797 0 0 0 
57300 145 506.14 -1118.634 4.03 9.9797 0 0 0 
57400 145 506.14 -1118.41 4.03 9.9797 0 0 0 
57500 146 505.417 -1107.109 4.407 9.914 0 0 0 
57600 146 505.417 -1103.918 4.407 9.914 0 0 0 
57700 146 505.417 -1100.837 4.407 9.914 0 0 0 
57800 146 505.417 -1099.555 4.407 9.914 0 0 0 
57900 146 505.417 -1096.236 4.407 9.914 0 0 0 
58000 147 505.209 -1085.076 4.763 9.8796 0 0 0 
58100 147 505.209 -1079.576 4.763 9.8796 0 0 0 
58200 147 505.209 -1078.015 4.763 9.8796 0 0 0 
58300 147 505.209 -1076.141 4.763 9.8796 0 0 0 
58400 147 505.209 -1077.072 4.763 9.8796 0 0 0 
58500 147 505.209 -1073.986 4.763 9.8796 0 0 0 
58600 148 506.785 -1061.555 5.129 9.9087 0 0 0 
58700 148 506.785 -1058.785 5.129 9.9087 0 0 0 
58800 148 506.785 -1057.585 5.129 9.9087 0 0 0 
58900 148 506.785 -1055.811 5.129 9.9087 0 0 0 
59000 148 506.785 -1055.659 5.129 9.9087 0 0 0 
59100 148 506.785 -1057.35 5.129 9.9087 0 0 0 
59200 148 506.785 -1056.326 5.129 9.9087 0 0 0 
59300 149 510.109 -1044.394 5.359 10.0218 0 0 0 
59400 149 510.109 -1042.541 5.359 10.0218 0 0 0 
59500 149 510.109 -1041.044 5.359 10.0218 0 0 0 
59600 149 510.109 -1039.737 5.359 10.0218 0 0 0 
59700 149 510.109 -1037.264 5.359 10.0218 0 0 0 
59800 149 510.109 -1037.359 5.359 10.0218 0 0 0 
59900 149 510.109 -1037.405 5.359 10.0218 0 0 0 
60000 149 510.109 -1037.493 5.359 10.0218 0 0 0 
60100 149 510.109 -1037.595 5.359 10.0218 0 0 0 
60200 149 510.109 -1037.704 5.359 10.0218 0 0 0 
60300 150 519.907 -1032.29 5.424 10.2803 0 0 0 
60400 150 519.907 -1031.635 5.424 10.2803 0 0 0 
60500 150 519.907 -1029.37 5.424 10.2803 0 0 0 
60600 150 519.907 -1028.025 5.424 10.2803 0 0 0 
60700 151 518.629 -1012.766 5.778 10.2804 0 0 0 
60800 151 518.629 -1010.552 5.778 10.2804 0 0 0 
60900 151 518.629 -1009.424 5.778 10.2804 0 0 0 
61000 151 518.629 -1008.603 5.778 10.2804 0 0 0 
61100 151 518.629 -1008.472 5.778 10.2804 0 0 0 
61200 151 518.629 -1008.666 5.778 10.2804 0 0 0 
61300 151 518.629 -1004.198 5.778 10.2804 0 0 0 
61400 152 521.236 -991.818 6.071 10.4257 0 0 0 
61500 152 521.236 -991.198 6.071 10.4257 0 0 0 
61600 152 521.236 -988.73 6.071 10.4257 0 0 0 
61700 152 521.236 -988.461 6.071 10.4257 0 0 0 
61800 152 521.236 -983.974 6.071 10.4257 0 0 0 
61900 153 521.492 -974.461 6.368 10.4304 0 0 0 
62000 153 521.492 -966.307 6.368 10.4304 0 0 0 
62100 153 521.492 -963.843 6.368 10.4304 0 0 0 
62200 153 521.492 -961.697 6.368 10.4304 0 0 0 
62300 153 521.492 -961.642 6.368 10.4304 0 0 0 
62400 154 521.982 -948.129 6.733 10.515 0 0 0 
62500 154 521.982 -947.415 6.733 10.515 0 0 0 
62600 154 521.982 -945.12 6.733 10.515 0 0 0 
62700 154 521.982 -944.228 6.733 10.515 0 0 0 
62800 154 521.982 -942.62 6.733 10.515 0 0 0 
62900 154 521.982 -938.713 6.733 10.515 0 0 0 
63000 155 522.042 -927.066 6.997 10.5071 0 0 0 
63100 155 522.042 -924.256 6.997 10.5071 0 0 0 
63200 155 522.042 -923.172 6.997 10.5071 0 0 0 
63300 155 522.042 -919.368 6.997 10.5071 0 0 0 
63400 156 521.021 -907.871 7.283 10.4554 0 0 0 
63500 156 521.021 -905.481 7.283 10.4554 0 0 0 
63600 156 521.021 -904.665 7.283 10.4554 0 0 0 
63700 156 521.021 -902.88 7.283 10.4554 0 0 0 
63800 157 518.801 -913.484 7.005 10.3895 0 0 0 
63900 157 518.801 -910.056 7.005 10.3895 0 0 0 
64000 157 518.801 -906.863 7.005 10.3895 0 0 0 
64100 157 518.801 -904.812 7.005 10.3895 0 0 0 
64200 157 518.801 -899.259 7.005 10.3895 0 0 0 
64300 158 517.345 -887.278 7.371 10.3155 0 0 0 
64400 158 517.345 -883.505 7.371 10.3155 0 0 0 
64500 158 517.345 -882.019 7.371 10.3155 0 0 0 
64600 158 517.345 -876.405 7.371 10.3155 0 0 0 
64700 159 515.498 -864.165 7.697 10.2324 0 0 0 
64800 159 515.498 -861.355 7.697 10.2324 0 0 0 
64900 159 515.498 -858.816 7.697 10.2324 0 0 0 
65000 159 515.498 -857.289 7.697 10.2324 0 0 0 
65100 160 513.468 -841.698 7.995 10.1435 0 0 0 
65200 160 513.468 -840.313 7.995 10.1435 0 0 0 
65300 160 513.468 -835.973 7.995 10.1435 0 0 0 
65400 160 513.468 -834.356 7.995 10.1435 0 0 0 
65500 161 511.399 -819.689 8.273 10.0632 0 0 0 
65600 161 511.399 -816.407 8.273 10.0632 0 0 0 
65700 161 511.399 -811.13 8.273 10.0632 0 0 0 
65800 161 511.399 -810.606 8.273 10.0632 0 0 0 
65900 161 511.399 -810.212 8.273 10.0632 0 0 0 
66000 162 511.051 -797.657 8.523 10.0072 0 0 0 
66100 162 511.051 -792.025 8.523 10.0072 0 0 0 
66200 162 511.051 -789.901 8.523 10.0072 0 0 0 
66300 163 506.75 -798.987 8.335 9.8867 0 0 0 
66400 163 506.75 -797.126 8.335 9.8867 0 0 0 
66500 163 506.75 -793.654 8.335 9.8867 0 0 0 
66600 163 506.75 -791.931 8.335 9.8867 0 0 0 
66700 163 506.75 -788.143 8.335 9.8867 0 0 0 
66800 164 505.915 -777.975 8.631 9.801 0 0 0 
66900 164 505.915 -774.012 8.631 9.801 0 0 0 
67000 164 505.915 -771.618 8.631 9.801 0 0 0 
67100 164 505.915 -770.375 8.631 9.801 0 0 0 
67200 165 504.556 -756.123 8.874 9.738 0 0 0 
67300 165 504.556 -749.95 8.874 9.738 0 0 0 
67400 165 504.556 -746.182 8.874 9.738 0 0 0 
67500 165 504.556 -745.464 8.874 9.738 0 0 0 
67600 166 502.325 -732.63 9.185 9.6572 0 0 0 
67700 166 502.325 -728.034 9.185 9.6572 0 0 0 
67800 166 502.325 -724.356 9.185 9.6572 0 0 0 
67900 166 502.325 -722.067 9.185 9.6572 0 0 0 
68000 166 502.325 -719.304 9.185 9.6572 0 0 0 
68100 167 501.259 -708.009 9.462 9.5962 0 0 0 
68200 167 501.259 -704.589 9.462 9.5962 0 0 0 
68300 167 501.259 -700.389 9.462 9.5962 0 0 0 
68400 167 501.259 -701.403 9.462 9.5962 0 0 0 
68500 168 500.413 -689.299 9.67 9.5497 0 0 0 
68600 168 500.413 -685.433 9.67 9.5497 0 0 0 
68700 168 500.413 -680.98 9.67 9.5497 0 0 0 
68800 168 500.413 -678.144 9.67 9.5497 0 0 0 
68900 169 498.085 -665.159 9.94 9.4815 0 0 0 
69000 169 498.085 -657.128 9.94 9.4815 0 0 0 
69100 169 498.085 -654.204 9.94 9.4815 0 0 0 
69200 169 498.085 -649.141 9.94 9.4815 0 0 0 
69300 170 495.464 -636.121 10.283 9.389 0 0 0 
69400 170 495.464 -632.459 10.283 9.389 0 0 0 
69500 170 495.464 -629.523 10.283 9.389 0 0 0 
69600 171 491.894 -613.993 10.551 9.2998 0 0 0 
69700 171 491.894 -608.317 10.551 9.2998 0 0 0 
69800 171 491.894 -604.371 10.551 9.2998 0 0 0 
69900 171 491.894 -603.902 10.551 9.2998 0 0 0 
70000 172 489.076 -608.856 10.371 9.2136 0 0 0 
70100 172 489.076 -603.911 10.371 9.2136 0 0 0 
70200 172 489.076 -603.795 10.371 9.2136 0 0 0 
70300 172 489.076 -609.176 10.371 9.2136 0 0 0 
70400 172 489.076 -608.092 10.371 9.2136 0 0 0 
70500 173 490.675 -594.926 10.495 9.2293 0 0 0 
70600 173 490.675 -586.935 10.495 9.2293 0 0 0 
70700 173 490.675 -582.51 10.495 9.2293 0 0 0 
70800 173 490.675 -577.234 10.495 9.2293 0 0 0 
70900 174 487.541 -562.34 10.888 9.1539 0 0 0 
71000 174 487.541 -560.368 10.888 9.1539 0 0 0 
71100 174 487.541 -558.283 10.888 9.1539 0 0 0 
71200 174 487.541 -554.404 10.888 9.1539 0 0 0 
71300 175 486.451 -540.172 11.142 9.1199 0 0 0 
71400 175 486.451 -532.755 11.142 9.1199 0 0 0 
71500 175 486.451 -530.881 11.142 9.1199 0 0 0 
71600 176 483.381 -514.371 11.472 9.0617 0 0 0 
71700 176 483.381 -507.136 11.472 9.0617 0 0 0 
71800 176 483.381 -506.378 11.472 9.0617 0 0 0 
71900 176 483.381 -506.926 11.472 9.0617 0 0 0 
72000 177 481.674 -492.243 11.662 9.0464 0 0 0 
72100 177 481.674 -484.654 11.662 9.0464 0 0 0 
72200 177 481.674 -482.86 11.662 9.0464 0 0 0 
72300 178 477.8 -487.135 11.55 8.9577 0 0 0 
72400 178 477.8 -484.346 11.55 8.9577 0 0 0 
72500 178 477.8 -480.61 11.55 8.9577 0 0 0 
72600 179 474.984 -490.84 11.279 8.9018 0 0 0 
72700 179 474.984 -489.473 11.279 8.9018 0 0 0 
72800 179 474.984 -485.84 11.279 8.9018 0 0 0 
72900 179 474.984 -483.253 11.279 8.9018 0 0 0 
73000 179 474.984 -480.228 11.279 8.9018 0 0 0 
73100 180 473.625 -466.212 11.468 8.9238 0 0 0 
73200 180 473.625 -462.625 11.468 8.9238 0 0 0 
73300 180 473.625 -460.429 11.468 8.9238 0 0 0 
73400 180 473.625 -460.614 11.468 8.9238 0 0 0 
73500 181 473.692 -448.655 11.656 8.9216 0 0 0 
73600 181 473.692 -444.738 11.656 8.9216 0 0 0 
73700 181 473.692 -440.041 11.656 8.9216 0 0 0 
73800 181 473.692 -438.933 11.656 8.9216 0 0 0 
73900 182 472.498 -424.991 11.906 8.8873 0 0 0 
74000 182 472.498 -419.353 11.906 8.8873 0 0 0 
74100 182 472.498 -416.254 11.906 8.8873 0 0 0 
74200 182 472.498 -413.494 11.906 8.8873 0 0 0 
74300 182 472.498 -410.105 11.906 8.8873 0 0 0 
74400 182 472.498 -410.409 11.906 8.8873 0 0 0 
74500 183 473.888 -398.217 12.163 8.9076 0 0 0 
74600 183 473.888 -393.161 12.163 8.9076 0 0 0 
74700 183 473.888 -390.193 12.163 8.9076 0 0 0 
74800 183 473.888 -385.143 12.163 8.9076 0 0 0 
74900 184 472.551 -372.461 12.439 8.845 0 0 0 
75000 184 472.551 -368.819 12.439 8.845 0 0 0 
75100 184 472.551 -365.596 12.439 8.845 0 0 0 
75200 184 472.551 -361.525 12.439 8.845 0 0 0 
75300 185 471.58 -349.342 12.689 8.8066 0 0 0 
75400 185 471.58 -341.7 12.689 8.8066 0 0 0 
75500 185 471.58 -337.682 12.689 8.8066 0 0 0 
75600 185 471.58 -337.406 12.689 8.8066 0 0 0 
75700 186 470.588 -321.932 12.983 8.7491 0 0 0 
75800 186 470.588 -317.335 12.983 8.7491 0 0 0 
75900 186 470.588 -312.075 12.983 8.7491 0 0 0 
76000 186 470.588 -311.636 12.983 8.7491 0 0 0 
76100 187 469.336 -296.66 13.226 8.6774 0 0 0 
76200 187 469.336 -293.927 13.226 8.6774 0 0 0 
76300 187 469.336 -289.141 13.226 8.6774 0 0 0 
76400 187 469.336 -287.004 13.226 8.6774 0 0 0 
76500 187 469.336 -284.661 13.226 8.6774 0 0 0 
76600 188 469.07 -272.667 13.441 8.6394 0 0 0 
76700 188 469.07 -263.688 13.441 8.6394 0 0 0 
76800 188 469.07 -262.548 13.441 8.6394 0 0 0 
76900 188 469.07 -260.923 13.441 8.6394 0 0 0 
77000 189 468.488 -247.221 13.673 8.5944 0 0 0 
77100 189 468.488 -246.265 13.673 8.5944 0 0 0 
77200 189 468.488 -241.546 13.673 8.5944 0 0 0 
77300 189 468.488 -238.805 13.673 8.5944 0 0 0 
77400 190 467.298 -225.822 13.843 8.5336 0 0 0 
77500 190 467.298 -219.974 13.843 8.5336 0 0 0 
77600 190 467.298 -215.336 13.843 8.5336 0 0 0 
77700 190 467.298 -214.632 13.843 8.5336 0 0 0 
77800 190 467.298 -211.633 13.843 8.5336 0 0 0 
77900 191 466.212 -198.357 14.05 8.4797 0 0 0 
78000 191 466.212 -194.558 14.05 8.4797 0 0 0 
78100 191 466.212 -193.063 14.05 8.4797 0 0 0 
78200 191 466.212 -188.946 14.05 8.4797 0 0 0 
78300 192 464.728 -172.491 14.223 8.4292 0 0 0 
78400 192 464.728 -167.389 14.223 8.4292 0 0 0 
78500 192 464.728 -166.722 14.223 8.4292 0 0 0 
78600 192 464.728 -160.87 14.223 8.4292 0 0 0 
78700 193 463.814 -147.967 14.5 8.415 0 0 0 
78800 193 463.814 -141.81 14.5 8.415 0 0 0 
78900 193 463.814 -139.546 14.5 8.415 0 0 0 
79000 193 463.814 -134.898 14.5 8.415 0 0 0 
79100 194 462.297 -119.187 14.729 8.3652 0 0 0 
79200 194 462.297 -112.82 14.729 8.3652 0 0 0 
79300 194 462.297 -112.873 14.729 8.3652 0 0 0 
79400 195 460.651 -98.959 14.955 8.3129 0 0 0 
79500 195 460.651 -95.596 14.955 8.3129 0 0 0 
79600 195 460.651 -90.776 14.955 8.3129 0 0 0 
79700 195 460.651 -88.785 14.955 8.3129 0 0 0 
79800 196 459.058 -75.26 15.129 8.2615 0 0 0 
79900 196 459.058 -70.026 15.129 8.2615 0 0 0 
80000 196 459.058 -67.11 15.129 8.2615 0 0 0 
80100 196 459.058 -61.822 15.129 8.2615 0 0 0 
80200 197 457.617 -49.605 15.317 8.2215 0 0 0 
80300 197 457.617 -39.876 15.317 8.2215 0 0 0 
80400 197 457.617 -38.218 15.317 8.2215 0 0 0 
80500 197 457.617 -33.885 15.317 8.2215 0 0 0 
80600 198 455.825 -21.028 15.55 8.182 0 0 0 
80700 198 455.825 -15.026 15.55 8.182 0 0 0 
80800 198 455.825 -12.476 15.55 8.182 0 0 0 
80900 198 455.825 -9.348 15.55 8.182 0 0 0 
81000 199 455.408 1.056 15.743 8.1331 0 0 0 
81100 199 455.408 9.127 15.743 8.1331 0 0 0 
81200 199 455.408 12.206 15.743 8.1331 0 0 0 
81300 199 455.408 13.903 15.743 8.1331 0 0 0 
81400 199 455.408 16.927 15.743 8.1331 0 0 0 
81500 199 455.408 16.904 15.743 8.1331 0 0 0 
81600 199 455.408 16.825 15.743 8.1331 0 0 0 
81700 200 460.52 28.883 15.934 8.1854 0 0 0 
81800 200 460.52 33.935 15.934 8.1854 0 0 0 
81900 200 460.52 35.508 15.934 8.1854 0 0 0 
82000 200 460.52 40.633 15.934 8.1854 0 0 0 
82100 201 458.21 57.727 16.093 8.1707 0 0 0 
82200 201 458.21 63.858 16.093 8.1707 0 0 0 
82300 202 454.466 77.609 16.307 8.0864 0 0 0 
82400 202 454.466 85.665 16.307 8.0864 0 0 0 
82500 202 454.466 88.722 16.307 8.0864 0 0 0 
82600 202 454.466 90.477 16.307 8.0864 0 0 0 
82700 203 451.976 102.189 16.44 8.0008 0 0 0 
82800 203 451.976 106.363 16.44 8.0008 0 0 0 
82900 203 451.976 109.967 16.44 8.0008 0 0 0 
83000 204 450.017 122.134 16.533 7.9525 0 0 0 
83100 204 450.017 129.912 16.533 7.9525 0 0 0 
83200 204 450.017 132.67 16.533 7.9525 0 0 0 
83300 204 450.017 137.925 16.533 7.9525 0 0 0 
83400 205 448.436 149.69 16.746 7.9091 0 0 0 
83500 205 448.436 155.725 16.746 7.9091 0 0 0 
83600 205 448.436 157.199 16.746 7.9091 0 0 0 
83700 206 445.568 150.159 16.415 7.8554 0 0 0 
83800 206 445.568 155.071 16.415 7.8554 0 0 0 
83900 206 445.568 156.602 16.415 7.8554 0 0 0 
84000 206 445.568 158.425 16.415 7.8554 0 0 0 
84100 207 444.676 168.25 16.495 7.8234 0 0 0 
84200 207 444.676 177.589 16.495 7.8234 0 0 0 
84300 207 444.676 182.939 16.495 7.8234 0 0 0 
84400 207 444.676 188.312 16.495 7.8234 0 0 0 
84500 208 443.063 200.882 16.746 7.7797 0 0 0 
84600 208 443.063 208.284 16.746 7.7797 0 0 0 
84700 208 443.063 211.586 16.746 7.7797 0 0 0 
84800 209 441.442 225.221 16.928 7.7495 0 0 0 
84900 209 441.442 230.691 16.928 7.7495 0 0 0 
85000 209 441.442 233.323 16.928 7.7495 0 0 0 
85100 209 441.442 237.163 16.928 7.7495 0 0 0 
85200 210 439.453 249.376 17.049 7.6825 0 0 0 
85300 210 439.453 254.798 17.049 7.6825 0 0 0 
85400 210 439.453 257.791 17.049 7.6825 0 0 0 
85500 211 437.824 273.95 17.196 7.6221 0 0 0 
85600 211 437.824 281.542 17.196 7.6221 0 0 0 
85700 211 437.824 284.828 17.196 7.6221 0 0 0 
85800 212 435.087 299.392 17.411 7.5489 0 0 0 
85900 212 435.087 305.785 17.411 7.5489 0 0 0 
86000 212 435.087 310.082 17.411 7.5489 0 0 0 
86100 212 435.087 315.235 17.411 7.5489 0 0 0 
86200 213 433.525 331.711 17.587 7.4992 0 0 0 
86300 213 433.525 339.564 17.587 7.4992 0 0 0 
86400 213 433.525 340.743 17.587 7.4992 0 0 0 
86500 214 431.275 355.538 17.83 7.4472 0 0 0 
86600 214 431.275 362.555 17.83 7.4472 0 0 0 
86700 214 431.275 365.368 17.83 7.4472 0 0 0 
86800 214 431.275 369.745 17.83 7.4472 0 0 0 
86900 215 430.789 381.822 17.988 7.4181 0 0 0 
87000 215 430.789 386.84 17.988 7.4181 0 0 0 
87100 215 430.789 389.677 17.988 7.4181 0 0 0 
87200 215 430.789 389.731 17.988 7.4181 0 0 0 
87300 216 430.774 401.922 18.038 7.3775 0 0 0 
87400 216 430.774 407.994 18.038 7.3775 0 0 0 
87500 216 430.774 413.069 18.038 7.3775 0 0 0 
87600 216 430.774 414.499 18.038 7.3775 0 0 0 
87700 216 430.774 414.931 18.038 7.3775 0 0 0 
87800 217 430.338 433.059 18.143 7.3512 0 0 0 
87900 217 430.338 437.685 18.143 7.3512 0 0 0 
88000 217 430.338 439.72 18.143 7.3512 0 0 0 
88100 218 428.691 456.06 18.345 7.2975 0 0 0 
88200 218 428.691 460.519 18.345 7.2975 0 0 0 
88300 218 428.691 463.613 18.345 7.2975 0 0 0 
88400 218 428.691 466.664 18.345 7.2975 0 0 0 
88500 219 427.718 481.889 18.452 7.2509 0 0 0 
88600 219 427.718 485.733 18.452 7.2509 0 0 0 
88700 219 427.718 487.439 18.452 7.2509 0 0 0 
88800 220 426.343 501.985 18.571 7.2089 0 0 0 
88900 220 426.343 507.014 18.571 7.2089 0 0 0 
89000 220 426.343 510.365 18.571 7.2089 0 0 0 
89100 220 426.343 511.686 18.571 7.2089 0 0 0 
89200 221 425.676 526.157 18.654 7.1736 0 0 0 
89300 221 425.676 532.956 18.654 7.1736 0 0 0 
89400 221 425.676 535.215 18.654 7.1736 0 0 0 
89500 221 425.676 537.999 18.654 7.1736 0 0 0 
89600 222 424.903 552.286 18.823 7.15 0 0 0 
89700 222 424.903 556.736 18.823 7.15 0 0 0 
89800 222 424.903 560.202 18.823 7.15 0 0 0 
89900 222 424.903 560.455 18.823 7.15 0 0 0 
90000 223 424.685 574.449 18.901 7.136 0 0 0 
90100 223 424.685 577.756 18.901 7.136 0 0 0 
90200 223 424.685 581.885 18.901 7.136 0 0 0 
90300 223 424.685 583.089 18.901 7.136 0 0 0 
90400 223 424.685 586.654 18.901 7.136 0 0 0 
90500 224 424.891 601.234 18.979 7.1219 0 0 0 
90600 224 424.891 607.607 18.979 7.1219 0 0 0 
90700 224 424.891 608.573 18.979 7.1219 0 0 0 
90800 224 424.891 609.346 18.979 7.1219 0 0 0 
90900 225 424.993 622.866 19.107 7.1288 0 0 0 
91000 225 424.993 626.156 19.107 7.1288 0 0 0 
91100 225 424.993 627.008 19.107 7.1288 0 0 0 
91200 225 424.993 627.197 19.107 7.1288 0 0 0 
91300 225 424.993 627.124 19.107 7.1288 0 0 0 
91400 226 426.273 639.274 19.035 7.1491 0 0 0 
91500 226 426.273 649.48 19.035 7.1491 0 0 0 
91600 226 426.273 648.69 19.035 7.1491 0 0 0 
91700 226 426.273 650.42 19.035 7.1491 0 0 0 
91800 227 426.708 660.454 19.114 7.1837 0 0 0 
91900 227 426.708 666.172 19.114 7.1837 0 0 0 
92000 227 426.708 668.721 19.114 7.1837 0 0 0 
92100 227 426.708 668.313 19.114 7.1837 0 0 0 
92200 227 426.708 667.687 19.114 7.1837 0 0 0 
92300 228 427.934 675.019 19.017 7.2088 0 0 0 
92400 228 427.934 682.302 19.017 7.2088 0 0 0 
92500 228 427.934 684.915 19.017 7.2088 0 0 0 
92600 228 427.934 686.169 19.017 7.2088 0 0 0 
92700 228 427.934 688.595 19.017 7.2088 0 0 0 
92800 229 428.315 701.992 19.113 7.2025 0 0 0 
92900 229 428.315 706.645 19.113 7.2025 0 0 0 
93000 229 428.315 707.836 19.113 7.2025 0 0 0 
93100 229 428.315 710.957 19.113 7.2025 0 0 0 
93200 230 427.869 722.767 19.179 7.1844 0 0 0 
93300 230 427.869 727.679 19.179 7.1844 0 0 0 
93400 230 427.869 728.196 19.179 7.1844 0 0 0 
93500 230 427.869 727.504 19.179 7.1844 0 0 0 
93600 230 427.869 728.057 19.179 7.1844 0 0 0 
93700 231 428.951 745.291 19.136 7.1987 0 0 0 
93800 231 428.951 749.118 19.136 7.1987 0 0 0 
93900 231 428.951 749.672 19.136 7.1987 0 0 0 
94000 231 428.951 752.114 19.136 7.1987 0 0 0 
94100 231 428.951 752.006 19.136 7.1987 0 0 0 
94200 231 428.951 751.877 19.136 7.1987 0 0 0 
94300 231 428.951 751.771 19.136 7.1987 0 0 0 
94400 231 428.951 751.631 19.136 7.1987 0 0 0 
94500 231 428.951 751.537 19.136 7.1987 0 0 0 
94600 231 428.951 751.402 19.136 7.1987 0 0 0 
94700 232 440.372 754.251 19.02 7.387 0 0 0 
94800 232 440.372 757.366 19.02 7.387 0 0 0 
94900 232 440.372 758.345 19.02 7.387 0 0 0 
95000 232 440.372 760.314 19.02 7.387 0 0 0 
95100 233 440.205 771.301 19.022 7.3937 0 0 0 
95200 233 440.205 779.048 19.022 7.3937 0 0 0 
95300 233 440.205 781.59 19.022 7.3937 0 0 0 
95400 234 437.401 772.703 18.633 7.3474 0 0 0 
95500 234 437.401 780.696 18.633 7.3474 0 0 0 
95600 234 437.401 782.34 18.633 7.3474 0 0 0 
95700 235 435.593 796.527 18.768 7.301 0 0 0 
95800 235 435.593 804.272 18.768 7.301 0 0 0 
95900 235 435.593 806.607 18.768 7.301 0 0 0 
96000 235 435.593 810.985 18.768 7.301 0 0 0 
96100 236 434.101 824.631 18.928 7.2416 0 0 0 
96200 236 434.101 829.599 18.928 7.2416 0 0 0 
96300 236 434.101 830.739 18.928 7.2416 0 0 0 
96400 236 434.101 834.524 18.928 7.2416 0 0 0 
96500 237 432.879 845.839 18.996 7.2039 0 0 0 
96600 237 432.879 853.73 18.996 7.2039 0 0 0 
96700 237 432.879 854.652 18.996 7.2039 0 0 0 
96800 237 432.879 858.249 18.996 7.2039 0 0 0 
96900 238 431.861 872.42 19.09 7.1692 0 0 0 
97000 238 431.861 876.995 19.09 7.1692 0 0 0 
97100 238 431.861 877.37 19.09 7.1692 0 0 0 
97200 239 430.624 892.638 19.185 7.1493 0 0 0 
97300 239 430.624 897.351 19.185 7.1493 0 0 0 
97400 239 430.624 902.202 19.185 7.1493 0 0 0 
97500 239 430.624 906.248 19.185 7.1493 0 0 0 
97600 240 429.012 919.927 19.285 7.1141 0 0 0 
97700 240 429.012 927.708 19.285 7.1141 0 0 0 
97800 240 429.012 928.44 19.285 7.1141 0 0 0 
97900 241 427.871 940.944 19.396 7.0915 0 0 0 
98000 241 427.871 947.271 19.396 7.0915 0 0 0 
98100 241 427.871 951.743 19.396 7.0915 0 0 0 
98200 241 427.871 953.412 19.396 7.0915 0 0 0 
98300 242 426.934 967.131 19.532 7.0709 0 0 0 
98400 242 426.934 975.57 19.532 7.0709 0 0 0 
98500 242 426.934 978.237 19.532 7.0709 0 0 0 
98600 242 426.934 981.822 19.532 7.0709 0 0 0 
98700 243 425.815 994.535 19.66 7.0412 0 0 0 
98800 243 425.815 1003.671 19.66 7.0412 0 0 0 
98900 243 425.815 1007.592 19.66 7.0412 0 0 0 
99000 244 423.099 1018.9 19.762 6.9772 0 0 0 
99100 244 423.099 1024.828 19.762 6.9772 0 0 0 
99200 244 423.099 1029.376 19.762 6.9772 0 0 0 
99300 245 421.557 1042.44 19.849 6.925 0 0 0 
99400 245 421.557 1048.971 19.849 6.925 0 0 0 
99500 245 421.557 1052.761 19.849 6.925 0 0 0 
99600 245 421.557 1054.17 19.849 6.925 0 0 0 
99700 246 420.806 1069.197 19.977 6.8768 0 0 0 
99800 246 420.806 1073.68 19.977 6.8768 0 0 0 
99900 246 420.806 1078.517 19.977 6.8768 0 0 0 
