0 0 0.0 0.0 0.0 0.0 0 0 0 
1000 1 12.48 1.0 0.02 0.061 0 0 0 
2000 1 12.48 1.0 0.02 0.061 0 0 0 
3000 2 41.11 0.0 -0.0 0.2169 0 0 0 
4000 3 66.548 1.0 0.02 0.3496 0 0 0 
5000 4 92.357 2.0 0.039 0.4883 0 0 0 
6000 5 102.11 3.0 0.058 0.5357 0 0 0 
7000 6 128.948 2.0 0.037 0.6772 0 0 0 
8000 6 128.948 2.0 0.037 0.6772 0 0 0 
9000 9 158.08 3.0 0.055 0.8329 0 0 0 
10000 12 162.586 6.0 0.111 0.8889 0 0 0 
11000 13 188.214 5.0 0.089 1.1058 0 0 0 
12000 13 188.214 5.0 0.089 1.1058 0 0 0 
13000 15 214.484 5.0 0.086 1.4732 0 0 0 
14000 16 237.854 6.0 0.104 1.794 0 0 0 
15000 16 237.854 6.0 0.104 1.794 0 0 0 
16000 17 261.977 5.0 0.082 2.1139 0 0 0 
17000 19 282.765 5.0 0.079 2.4308 0 0 0 
18000 20 281.87 6.0 0.097 2.4426 0 0 0 
19000 21 305.112 5.0 0.076 2.7517 0 0 0 
20000 21 305.112 5.0 0.076 2.7517 0 0 0 
21000 22 327.89 4.0 0.054 3.053 0 0 0 
22000 23 350.212 3.0 0.033 3.3688 0 0 0 
23000 25 365.306 3.0 0.032 3.5861 0 0 0 
24000 27 355.624 5.0 0.07 3.5071 0 0 0 
25000 28 377.391 4.0 0.049 3.7924 0 0 0 
26000 28 377.391 4.0 0.049 3.7924 0 0 0 
27000 29 398.723 3.0 0.028 4.093 0 0 0 
28000 30 419.629 2.0 0.007 4.367 0 0 0 
29000 30 419.629 2.0 0.007 4.367 0 0 0 
30000 31 440.116 1.0 -0.013 4.6361 0 0 0 
31000 33 456.805 3.0 0.027 4.8879 0 0 0 
32000 33 456.805 3.0 0.027 4.8879 0 0 0 
33000 35 474.137 3.0 0.027 5.1368 0 0 0 
34000 36 493.535 2.0 0.006 5.3871 0 0 0 
35000 36 493.535 2.0 0.006 5.3871 0 0 0 
36000 37 512.544 1.0 -0.014 5.6362 0 0 0 
37000 38 531.173 0.0 -0.034 5.8978 0 0 0 
38000 40 521.033 2.0 0.007 5.7969 0 0 0 
39000 41 539.492 1.0 -0.013 6.0365 0 0 0 
40000 42 533.583 2.0 0.007 5.9789 0 0 0 
41000 43 551.791 1.0 -0.013 6.2148 0 0 0 
42000 44 569.635 0.0 -0.033 6.4649 0 0 0 
43000 44 569.635 0.0 -0.033 6.4649 0 0 0 
44000 45 587.122 -1.0 -0.052 6.6922 0 0 0 
45000 46 604.26 -2.0 -0.071 6.9112 0 0 0 
46000 46 604.26 -2.0 -0.071 6.9112 0 0 0 
47000 47 621.055 -3.0 -0.089 7.1293 0 0 0 
48000 48 637.514 -4.0 -0.108 7.3639 0 0 0 
49000 48 637.514 -4.0 -0.108 7.3639 0 0 0 
50000 49 653.643 -5.0 -0.125 7.571 0 0 0 
51000 50 665.531 -4.0 -0.103 7.7379 0 0 0 
52000 51 681.1 -5.0 -0.121 7.9382 0 0 0 
53000 51 681.1 -5.0 -0.121 7.9382 0 0 0 
54000 53 683.531 -5.0 -0.116 7.9987 0 0 0 
55000 54 698.74 -6.0 -0.133 8.1934 0 0 0 
56000 54 698.74 -6.0 -0.133 8.1934 0 0 0 
57000 55 713.645 -7.0 -0.151 8.3893 0 0 0 
58000 57 711.047 -5.0 -0.105 8.3941 0 0 0 
59000 57 711.047 -5.0 -0.105 8.3941 0 0 0 
60000 58 725.706 -6.0 -0.123 8.5814 0 0 0 
61000 59 740.072 -7.0 -0.141 8.7654 0 0 0 
62000 60 754.15 -8.0 -0.158 8.9466 0 0 0 
63000 61 746.567 -7.0 -0.135 8.8648 0 0 0 
64000 63 746.626 -7.0 -0.129 8.8884 0 0 0 
65000 63 746.626 -7.0 -0.129 8.8884 0 0 0 
66000 64 756.653 -6.0 -0.106 9.0271 0 0 0 
67000 65 770.4 -7.0 -0.124 9.2017 0 0 0 
68000 66 769.772 -6.0 -0.102 9.21 0 0 0 
69000 67 783.257 -7.0 -0.12 9.3799 0 0 0 
70000 67 783.257 -7.0 -0.12 9.3799 0 0 0 
71000 71 761.979 -5.0 -0.07 9.1441 0 0 0 
72000 71 761.979 -5.0 -0.07 9.1441 0 0 0 
73000 72 775.619 -6.0 -0.089 9.3356 0 0 0 
74000 74 777.687 -6.0 -0.085 9.3765 0 0 0 
75000 75 765.693 -5.0 -0.063 9.227 0 0 0 
76000 76 779.259 -6.0 -0.082 9.4004 0 0 0 
77000 77 780.654 -5.0 -0.06 9.4309 0 0 0 
78000 78 793.921 -6.0 -0.079 9.5996 0 0 0 
79000 78 793.921 -6.0 -0.079 9.5996 0 0 0 
80000 79 806.923 -7.0 -0.098 9.7824 0 0 0 
81000 80 819.664 -8.0 -0.116 9.945 0 0 0 
82000 80 819.664 -8.0 -0.116 9.945 0 0 0 
83000 81 832.151 -9.0 -0.133 10.099 0 0 0 
84000 82 844.388 -10.0 -0.151 10.2542 0 0 0 
85000 83 840.46 -9.0 -0.128 10.2087 0 0 0 
86000 84 852.531 -10.0 -0.145 10.3829 0 0 0 
87000 85 842.76 -9.0 -0.122 10.2667 0 0 0 
88000 86 854.785 -10.0 -0.14 10.4195 0 0 0 
89000 87 866.569 -11.0 -0.157 10.569 0 0 0 
90000 87 866.569 -11.0 -0.157 10.569 0 0 0 
91000 88 878.118 -12.0 -0.174 10.7149 0 0 0 
92000 90 872.247 -12.0 -0.167 10.6618 0 0 0 
93000 90 872.247 -12.0 -0.167 10.6618 0 0 0 
94000 92 877.448 -12.0 -0.16 10.743 0 0 0 
95000 92 877.448 -12.0 -0.16 10.743 0 0 0 
96000 93 885.079 -11.0 -0.136 10.8264 0 0 0 
97000 94 896.258 -12.0 -0.154 10.986 0 0 0 
98000 95 907.213 -13.0 -0.171 11.122 0 0 0 
99000 95 907.213 -13.0 -0.171 11.122 0 0 0 
100000 96 916.408 -12.0 -0.147 11.2477 0 0 0 
101000 97 926.96 -13.0 -0.164 11.3814 0 0 0 
102000 97 926.96 -13.0 -0.164 11.3814 0 0 0 
103000 98 937.301 -14.0 -0.181 11.5074 0 0 0 
104000 100 931.506 -14.0 -0.173 11.4535 0 0 0 
105000 101 935.456 -13.0 -0.15 11.513 0 0 0 
106000 104 898.557 -10.0 -0.082 11.0616 0 0 0 
107000 105 888.946 -9.0 -0.061 10.9388 0 0 0 
108000 106 889.207 -8.0 -0.039 10.9459 0 0 0 
109000 107 900.303 -9.0 -0.059 11.0832 0 0 0 
110000 107 900.303 -9.0 -0.059 11.0832 0 0 0 
111000 108 911.177 -10.0 -0.077 11.2372 0 0 0 
112000 109 921.833 -11.0 -0.096 11.3693 0 0 0 
113000 110 928.096 -10.0 -0.074 11.4394 0 0 0 
114000 110 928.096 -10.0 -0.074 11.4394 0 0 0 
115000 113 911.419 -9.0 -0.049 11.2543 0 0 0 
116000 116 870.701 -6.0 0.012 10.7497 0 0 0 
117000 117 882.167 -7.0 -0.008 10.8932 0 0 0 
118000 117 882.167 -7.0 -0.008 10.8932 0 0 0 
119000 118 893.403 -8.0 -0.028 11.0327 0 0 0 
120000 119 904.415 -9.0 -0.047 11.1877 0 0 0 
121000 119 904.415 -9.0 -0.047 11.1877 0 0 0 
122000 122 885.982 -8.0 -0.024 10.9651 0 0 0 
123000 125 855.627 -5.0 0.036 10.5965 0 0 0 
124000 125 855.627 -5.0 0.036 10.5965 0 0 0 
125000 126 867.395 -6.0 0.016 10.742 0 0 0 
126000 127 878.927 -7.0 -0.005 10.8841 0 0 0 
127000 129 867.468 -5.0 0.035 10.7406 0 0 0 
128000 131 858.092 -3.0 0.073 10.6314 0 0 0 
129000 131 858.092 -3.0 0.073 10.6314 0 0 0 
130000 133 863.534 -3.0 0.071 10.7116 0 0 0 
131000 134 855.803 -2.0 0.089 10.6211 0 0 0 
132000 135 867.567 -3.0 0.068 10.7673 0 0 0 
133000 136 854.655 -2.0 0.086 10.6106 0 0 0 
134000 137 866.442 -3.0 0.064 10.7563 0 0 0 
135000 138 867.294 -2.0 0.083 10.7659 0 0 0 
136000 139 878.828 -3.0 0.062 10.9078 0 0 0 
137000 139 878.828 -3.0 0.062 10.9078 0 0 0 
138000 140 890.131 -4.0 0.04 11.0643 0 0 0 
139000 142 885.57 -2.0 0.078 11.0103 0 0 0 
140000 143 874.479 -1.0 0.097 10.8603 0 0 0 
141000 145 869.552 -1.0 0.093 10.8035 0 0 0 
142000 145 869.552 -1.0 0.093 10.8035 0 0 0 
143000 146 881.041 -2.0 0.071 10.9447 0 0 0 
144000 147 892.3 -3.0 0.05 11.1006 0 0 0 
145000 147 892.3 -3.0 0.05 11.1006 0 0 0 
146000 149 902.107 -3.0 0.048 11.2322 0 0 0 
147000 149 902.107 -3.0 0.048 11.2322 0 0 0 
148000 150 912.945 -4.0 0.027 11.3657 0 0 0 
149000 151 923.566 -5.0 0.007 11.4953 0 0 0 
150000 152 910.235 -4.0 0.027 11.3293 0 0 0 
151000 153 920.91 -5.0 0.006 11.4606 0 0 0 
152000 154 931.372 -6.0 -0.014 11.608 0 0 0 
153000 154 931.372 -6.0 -0.014 11.608 0 0 0 
154000 156 929.492 -6.0 -0.013 11.5897 0 0 0 
155000 156 929.492 -6.0 -0.013 11.5897 0 0 0 
156000 157 939.782 -7.0 -0.033 11.7124 0 0 0 
157000 158 949.867 -8.0 -0.052 11.8362 0 0 0 
158000 160 929.56 -6.0 -0.01 11.5859 0 0 0 
159000 161 939.849 -7.0 -0.03 11.7101 0 0 0 
160000 161 939.849 -7.0 -0.03 11.7101 0 0 0 
161000 162 949.932 -8.0 -0.05 11.8498 0 0 0 
162000 163 959.814 -9.0 -0.069 11.9707 0 0 0 
163000 163 959.814 -9.0 -0.069 11.9707 0 0 0 
164000 164 969.497 -10.0 -0.087 12.0879 0 0 0 
165000 165 978.987 -11.0 -0.105 12.2038 0 0 0 
166000 166 975.128 -10.0 -0.083 12.171 0 0 0 
167000 167 984.505 -11.0 -0.102 12.2851 0 0 0 
168000 168 968.235 -10.0 -0.08 12.0735 0 0 0 
169000 169 977.75 -11.0 -0.098 12.1875 0 0 0 
170000 169 977.75 -11.0 -0.098 12.1875 0 0 0 
171000 170 987.075 -12.0 -0.116 12.3183 0 0 0 
172000 171 996.214 -13.0 -0.134 12.4316 0 0 0 
173000 172 1005.169 -14.0 -0.151 12.5416 0 0 0 
174000 172 1005.169 -14.0 -0.151 12.5416 0 0 0 
175000 173 1013.946 -15.0 -0.168 12.6654 0 0 0 
176000 175 991.722 -13.0 -0.122 12.385 0 0 0 
177000 176 987.508 -12.0 -0.099 12.3326 0 0 0 
178000 178 979.125 -12.0 -0.095 12.224 0 0 0 
179000 179 972.682 -11.0 -0.073 12.1424 0 0 0 
180000 180 982.109 -12.0 -0.092 12.2564 0 0 0 
181000 182 966.331 -10.0 -0.048 12.0773 0 0 0 
182000 182 966.331 -10.0 -0.048 12.0773 0 0 0 
183000 184 960.567 -10.0 -0.046 11.9903 0 0 0 
184000 185 970.236 -11.0 -0.065 12.1255 0 0 0 
185000 186 956.391 -10.0 -0.044 11.9499 0 0 0 
186000 187 952.783 -9.0 -0.023 11.9047 0 0 0 
187000 189 936.816 -7.0 0.017 11.7103 0 0 0 
188000 190 944.539 -6.0 0.037 11.8018 0 0 0 
189000 191 954.529 -7.0 0.016 11.9238 0 0 0 
190000 192 949.818 -6.0 0.036 11.8734 0 0 0 
191000 192 949.818 -6.0 0.036 11.8734 0 0 0 
192000 193 959.702 -7.0 0.015 11.9934 0 0 0 
193000 195 951.26 -7.0 0.015 11.8934 0 0 0 
194000 195 951.26 -7.0 0.015 11.8934 0 0 0 
195000 200 903.554 -4.0 0.073 11.2961 0 0 0 
196000 200 903.554 -4.0 0.073 11.2961 0 0 0 
197000 201 914.363 -5.0 0.051 11.4283 0 0 0 
198000 202 924.956 -6.0 0.03 11.5745 0 0 0 
199000 202 924.956 -6.0 0.03 11.5745 0 0 0 
200000 203 935.337 -7.0 0.01 11.7038 0 0 0 
201000 205 928.42 -7.0 0.01 11.6147 0 0 0 
202000 205 928.42 -7.0 0.01 11.6147 0 0 0 
203000 206 938.731 -8.0 -0.01 11.7401 0 0 0 
204000 207 937.117 -7.0 0.01 11.7253 0 0 0 
205000 208 947.254 -8.0 -0.01 11.8484 0 0 0 
206000 209 957.189 -9.0 -0.03 11.9683 0 0 0 
207000 211 937.057 -7.0 0.011 11.7183 0 0 0 
208000 211 937.057 -7.0 0.011 11.7183 0 0 0 
209000 213 932.672 -7.0 0.011 11.666 0 0 0 
210000 214 942.899 -8.0 -0.01 11.8071 0 0 0 
211000 214 942.899 -8.0 -0.01 11.8071 0 0 0 
212000 216 938.743 -8.0 -0.009 11.7519 0 0 0 
213000 216 938.743 -8.0 -0.009 11.7519 0 0 0 
214000 218 936.671 -8.0 -0.008 11.7295 0 0 0 
215000 219 946.817 -9.0 -0.028 11.8489 0 0 0 
216000 219 946.817 -9.0 -0.028 11.8489 0 0 0 
217000 220 956.761 -10.0 -0.047 11.9677 0 0 0 
218000 222 949.576 -10.0 -0.045 11.8948 0 0 0 
219000 222 949.576 -10.0 -0.045 11.8948 0 0 0 
220000 223 959.464 -11.0 -0.064 12.0148 0 0 0 
221000 224 969.155 -12.0 -0.083 12.1299 0 0 0 
222000 225 973.172 -11.0 -0.061 12.1773 0 0 0 
223000 225 973.172 -11.0 -0.061 12.1773 0 0 0 
224000 227 965.297 -11.0 -0.058 12.0961 0 0 0 
225000 228 974.871 -12.0 -0.077 12.2123 0 0 0 
226000 228 974.871 -12.0 -0.077 12.2123 0 0 0 
227000 229 984.253 -13.0 -0.096 12.3245 0 0 0 
228000 233 929.779 -9.0 -0.011 11.6421 0 0 0 
229000 235 915.839 -7.0 0.029 11.4647 0 0 0 
230000 235 915.839 -7.0 0.029 11.4647 0 0 0 
231000 236 926.403 -8.0 0.009 11.5915 0 0 0 
232000 237 936.755 -9.0 -0.011 11.7363 0 0 0 
233000 237 936.755 -9.0 -0.011 11.7363 0 0 0 
234000 238 946.899 -10.0 -0.031 11.8591 0 0 0 
235000 239 956.841 -11.0 -0.051 11.979 0 0 0 
236000 240 966.585 -12.0 -0.07 12.1152 0 0 0 
237000 242 938.259 -10.0 -0.027 11.7618 0 0 0 
238000 243 948.374 -11.0 -0.047 11.8814 0 0 0 
239000 243 948.374 -11.0 -0.047 11.8814 0 0 0 
240000 244 958.286 -12.0 -0.066 12.001 0 0 0 
241000 245 968.001 -13.0 -0.084 12.1169 0 0 0 
242000 245 968.001 -13.0 -0.084 12.1169 0 0 0 
243000 246 975.281 -12.0 -0.063 12.2202 0 0 0 
244000 247 984.655 -13.0 -0.081 12.3307 0 0 0 
245000 248 993.842 -14.0 -0.1 12.4425 0 0 0 
246000 248 993.842 -14.0 -0.1 12.4425 0 0 0 
247000 249 1002.845 -15.0 -0.118 12.5675 0 0 0 
248000 252 962.488 -12.0 -0.052 12.0573 0 0 0 
249000 253 972.118 -13.0 -0.071 12.1708 0 0 0 
250000 253 972.118 -13.0 -0.071 12.1708 0 0 0 
251000 254 981.556 -14.0 -0.09 12.3063 0 0 0 
252000 255 990.805 -15.0 -0.108 12.4138 0 0 0 
253000 255 990.805 -15.0 -0.108 12.4138 0 0 0 
254000 256 999.869 -16.0 -0.126 12.5233 0 0 0 
255000 258 992.316 -16.0 -0.12 12.4344 0 0 0 
256000 258 992.316 -16.0 -0.12 12.4344 0 0 0 
257000 263 938.153 -13.0 -0.05 11.7535 0 0 0 
258000 264 922.77 -12.0 -0.029 11.5556 0 0 0 
259000 267 903.841 -11.0 -0.006 11.334 0 0 0 
260000 272 830.884 -6.0 0.09 10.4053 0 0 0 
261000 272 830.884 -6.0 0.09 10.4053 0 0 0 
262000 274 827.864 -6.0 0.087 10.3735 0 0 0 
263000 275 840.186 -7.0 0.065 10.5433 0 0 0 
264000 277 823.734 -5.0 0.102 10.3255 0 0 0 
265000 278 836.14 -6.0 0.08 10.4958 0 0 0 
266000 279 821.597 -5.0 0.099 10.2964 0 0 0 
267000 281 818.604 -5.0 0.095 10.2658 0 0 0 
268000 281 818.604 -5.0 0.095 10.2658 0 0 0 
269000 282 831.112 -6.0 0.073 10.4164 0 0 0 
270000 284 837.162 -6.0 0.071 10.5076 0 0 0 
271000 285 824.659 -5.0 0.089 10.3555 0 0 0 
272000 286 825.506 -4.0 0.108 10.3528 0 0 0 
273000 287 837.876 -5.0 0.085 10.5213 0 0 0 
274000 288 849.998 -6.0 0.064 10.6712 0 0 0 
275000 289 853.598 -5.0 0.082 10.716 0 0 0 
276000 289 853.598 -5.0 0.082 10.716 0 0 0 
277000 291 851.398 -5.0 0.08 10.675 0 0 0 
278000 291 851.398 -5.0 0.08 10.675 0 0 0 
279000 292 863.25 -6.0 0.058 10.8405 0 0 0 
280000 294 860.788 -6.0 0.056 10.7976 0 0 0 
281000 294 860.788 -6.0 0.056 10.7976 0 0 0 
282000 296 863.323 -6.0 0.054 10.8382 0 0 0 
283000 297 874.937 -7.0 0.033 10.9791 0 0 0 
284000 298 874.998 -6.0 0.052 10.9813 0 0 0 
285000 299 868.118 -5.0 0.071 10.8925 0 0 0 
286000 301 862.643 -5.0 0.069 10.8349 0 0 0 
287000 301 862.643 -5.0 0.069 10.8349 0 0 0 
288000 302 874.27 -6.0 0.048 10.9738 0 0 0 
289000 304 868.911 -6.0 0.046 10.9136 0 0 0 
290000 308 808.857 -2.0 0.12 10.1585 0 0 0 
291000 312 780.742 0.0 0.151 9.8018 0 0 0 
292000 314 753.517 2.0 0.184 9.4535 0 0 0 
293000 318 726.071 4.0 0.21 9.1148 0 0 0 
294000 321 692.932 7.0 0.257 8.7004 0 0 0 
295000 322 707.953 6.0 0.231 8.8861 0 0 0 
296000 325 674.338 9.0 0.277 8.4777 0 0 0 
297000 327 678.336 9.0 0.266 8.5257 0 0 0 
298000 327 678.336 9.0 0.266 8.5257 0 0 0 
299000 335 610.963 15.0 0.341 7.6826 0 0 0 
300000 335 610.963 15.0 0.341 7.6826 0 0 0 
301000 338 606.315 16.0 0.341 7.6124 0 0 0 
302000 339 623.069 15.0 0.314 7.8389 0 0 0 
303000 339 623.069 15.0 0.314 7.8389 0 0 0 
304000 340 639.487 14.0 0.288 8.0399 0 0 0 
305000 341 655.578 13.0 0.262 8.2362 0 0 0 
306000 344 639.801 16.0 0.306 8.0366 0 0 0 
307000 345 638.605 17.0 0.32 8.0309 0 0 0 
308000 347 642.419 17.0 0.307 8.087 0 0 0 
309000 348 633.451 18.0 0.321 7.9551 0 0 0 
310000 350 629.38 20.0 0.348 7.8085 0 0 0 
311000 351 645.673 19.0 0.321 7.8103 0 0 0 
312000 352 661.639 18.0 0.295 7.8052 0 0 0 
313000 355 628.908 21.0 0.336 7.3762 0 0 0 
314000 356 645.21 20.0 0.309 7.3854 0 0 0 
315000 358 626.085 22.0 0.337 7.1237 0 0 0 
316000 360 631.574 22.0 0.324 7.0012 0 0 0 
317000 360 631.574 22.0 0.324 7.0012 0 0 0 
318000 362 635.186 22.0 0.311 6.8796 0 0 0 
319000 364 639.355 22.0 0.3 6.7593 0 0 0 
320000 364 639.355 22.0 0.3 6.7593 0 0 0 
321000 367 642.438 23.0 0.302 6.5814 0 0 0 
322000 367 642.438 23.0 0.302 6.5814 0 0 0 
323000 368 658.469 22.0 0.276 6.6012 0 0 0 
324000 369 674.18 21.0 0.251 6.6205 0 0 0 
325000 369 674.18 21.0 0.251 6.6205 0 0 0 
326000 372 680.078 22.0 0.256 6.4754 0 0 0 
327000 376 633.362 26.0 0.314 6.0022 0 0 0 
328000 378 639.163 26.0 0.302 5.9261 0 0 0 
329000 378 639.163 26.0 0.302 5.9261 0 0 0 
330000 382 619.961 28.0 0.319 5.629 0 0 0 
331000 383 636.442 27.0 0.292 5.6697 0 0 0 
332000 384 637.773 28.0 0.306 5.6364 0 0 0 
333000 385 653.898 27.0 0.28 5.6758 0 0 0 
334000 385 653.898 27.0 0.28 5.6758 0 0 0 
335000 388 646.012 28.0 0.284 5.502 0 0 0 
336000 388 646.012 28.0 0.284 5.502 0 0 0 
337000 389 661.972 27.0 0.258 5.551 0 0 0 
338000 390 677.613 26.0 0.233 5.5907 0 0 0 
339000 393 661.938 29.0 0.278 5.3933 0 0 0 
340000 393 661.938 29.0 0.278 5.3933 0 0 0 
341000 395 664.767 29.0 0.268 5.3335 0 0 0 
342000 399 640.96 33.0 0.325 5.1222 0 0 0 
343000 399 640.96 33.0 0.325 5.1222 0 0 0 
344000 401 644.481 33.0 0.312 5.155 0 0 0 
345000 403 648.042 33.0 0.3 5.1967 0 0 0 
346000 403 648.042 33.0 0.3 5.1967 0 0 0 
347000 404 663.961 32.0 0.274 5.3285 0 0 0 
348000 405 679.562 31.0 0.249 5.4709 0 0 0 
349000 406 694.85 30.0 0.224 5.5946 0 0 0 
350000 406 694.85 30.0 0.224 5.5946 0 0 0 
351000 411 661.075 33.0 0.261 5.3331 0 0 0 
352000 411 661.075 33.0 0.261 5.3331 0 0 0 
353000 412 676.733 32.0 0.236 5.4642 0 0 0 
354000 415 668.149 33.0 0.243 5.4077 0 0 0 
355000 415 668.149 33.0 0.243 5.4077 0 0 0 
356000 416 683.666 32.0 0.218 5.5362 0 0 0 
357000 420 661.222 34.0 0.241 5.37 0 0 0 
358000 421 653.977 35.0 0.256 5.3065 0 0 0 
359000 422 669.778 34.0 0.231 5.4385 0 0 0 
360000 422 669.778 34.0 0.231 5.4385 0 0 0 
361000 424 672.217 34.0 0.222 5.468 0 0 0 
362000 426 682.539 34.0 0.214 5.4643 0 0 0 
363000 427 670.549 35.0 0.23 5.366 0 0 0 
364000 429 672.997 35.0 0.221 5.3109 0 0 0 
365000 434 625.151 40.0 0.296 4.8895 0 0 0 
366000 437 617.829 41.0 0.299 4.7586 0 0 0 
367000 437 617.829 41.0 0.299 4.7586 0 0 0 
368000 442 593.62 44.0 0.329 4.4844 0 0 0 
369000 442 593.62 44.0 0.329 4.4844 0 0 0 
370000 450 535.836 50.0 0.395 3.9789 0 0 0 
371000 450 535.836 50.0 0.395 3.9789 0 0 0 
372000 454 532.38 52.0 0.404 3.8735 0 0 0 
373000 454 532.38 52.0 0.404 3.8735 0 0 0 
374000 455 550.612 51.0 0.376 3.9459 0 0 0 
375000 460 529.404 54.0 0.399 3.7285 0 0 0 
376000 467 478.281 61.0 0.478 3.3378 0 0 0 
377000 467 478.281 61.0 0.478 3.3378 0 0 0 
378000 468 497.596 60.0 0.449 3.43 0 0 0 
379000 473 480.867 63.0 0.465 3.2623 0 0 0 
380000 474 474.73 64.0 0.475 3.213 0 0 0 
381000 478 467.453 66.0 0.478 3.1155 0 0 0 
382000 478 467.453 66.0 0.478 3.1155 0 0 0 
383000 484 449.255 70.0 0.502 2.9452 0 0 0 
384000 485 469.15 69.0 0.472 3.0374 0 0 0 
385000 485 469.15 69.0 0.472 3.0374 0 0 0 
386000 489 467.489 71.0 0.475 2.985 0 0 0 
387000 493 450.105 75.0 0.516 2.8504 0 0 0 
388000 493 450.105 75.0 0.516 2.8504 0 0 0 
389000 494 469.983 74.0 0.486 2.953 0 0 0 
390000 497 473.837 75.0 0.477 2.9456 0 0 0 
391000 497 473.837 75.0 0.477 2.9456 0 0 0 
392000 499 483.816 75.0 0.459 2.9864 0 0 0 
393000 504 466.768 78.0 0.474 2.8546 0 0 0 
394000 504 466.768 78.0 0.474 2.8546 0 0 0 
395000 505 486.313 77.0 0.445 2.9561 0 0 0 
396000 506 505.467 76.0 0.416 3.0489 0 0 0 
397000 506 505.467 76.0 0.416 3.0489 0 0 0 
398000 507 524.237 75.0 0.387 3.1431 0 0 0 
399000 508 542.633 74.0 0.36 3.2334 0 0 0 
400000 508 542.633 74.0 0.36 3.2334 0 0 0 
401000 512 536.059 76.0 0.372 3.1718 0 0 0 
402000 512 536.059 76.0 0.372 3.1718 0 0 0 
403000 513 554.218 75.0 0.344 3.2812 0 0 0 
404000 516 553.217 76.0 0.344 3.3674 0 0 0 
405000 521 512.907 81.0 0.407 3.151 0 0 0 
406000 522 531.528 80.0 0.379 3.3411 0 0 0 
407000 525 516.832 83.0 0.416 3.2251 0 0 0 
408000 525 516.832 83.0 0.416 3.2251 0 0 0 
409000 534 471.386 90.0 0.479 3.1293 0 0 0 
410000 537 449.553 93.0 0.509 3.0321 0 0 0 
411000 543 428.612 97.0 0.529 2.9103 0 0 0 
412000 543 428.612 97.0 0.529 2.9103 0 0 0 
413000 545 441.102 97.0 0.509 2.9631 0 0 0 
414000 548 445.673 98.0 0.499 3.0485 0 0 0 
415000 548 445.673 98.0 0.499 3.0485 0 0 0 
416000 558 396.082 106.0 0.557 2.845 0 0 0 
417000 563 369.168 111.0 0.6 2.7204 0 0 0 
418000 565 384.232 111.0 0.577 2.9861 0 0 0 
419000 565 384.232 111.0 0.577 2.9861 0 0 0 
420000 577 333.327 123.0 0.668 2.7452 0 0 0 
421000 579 341.633 125.0 0.681 2.8967 0 0 0 
422000 579 341.633 125.0 0.681 2.8967 0 0 0 
423000 584 337.414 128.0 0.675 2.9917 0 0 0 
424000 586 339.506 130.0 0.688 3.0658 0 0 0 
425000 588 355.164 130.0 0.661 3.2996 0 0 0 
426000 591 340.319 133.0 0.681 3.192 0 0 0 
427000 599 320.834 141.0 0.728 3.1126 0 0 0 
428000 599 320.834 141.0 0.728 3.1126 0 0 0 
429000 600 343.297 140.0 0.694 3.4099 0 0 0 
430000 603 353.936 141.0 0.673 3.5855 0 0 0 
431000 603 353.936 141.0 0.673 3.5855 0 0 0 
432000 607 354.794 145.0 0.699 3.6691 0 0 0 
433000 610 363.971 146.0 0.678 3.8272 0 0 0 
434000 612 351.259 148.0 0.691 3.7029 0 0 0 
435000 613 373.114 147.0 0.657 3.9869 0 0 0 
436000 615 387.081 147.0 0.631 4.2006 0 0 0 
437000 618 366.164 150.0 0.653 3.9629 0 0 0 
438000 627 338.576 157.0 0.677 3.7207 0 0 0 
439000 629 326.559 159.0 0.689 3.6016 0 0 0 
440000 630 348.908 158.0 0.656 3.8844 0 0 0 
441000 631 370.81 157.0 0.623 4.1642 0 0 0 
442000 637 341.95 163.0 0.666 3.8681 0 0 0 
443000 637 341.95 163.0 0.666 3.8681 0 0 0 
444000 643 332.808 167.0 0.668 3.8054 0 0 0 
445000 645 352.211 167.0 0.642 4.0645 0 0 0 
446000 645 352.211 167.0 0.642 4.0645 0 0 0 
447000 649 361.146 169.0 0.632 4.2074 0 0 0 
448000 649 361.146 169.0 0.632 4.2074 0 0 0 
449000 651 375.927 169.0 0.607 4.3921 0 0 0 
450000 656 370.014 172.0 0.608 4.3544 0 0 0 
451000 656 370.014 172.0 0.608 4.3544 0 0 0 
452000 658 384.364 172.0 0.584 4.5345 0 0 0 
453000 660 399.506 172.0 0.562 4.7529 0 0 0 
454000 660 399.506 172.0 0.562 4.7529 0 0 0 
455000 671 353.601 181.0 0.616 4.2166 0 0 0 
456000 672 346.949 182.0 0.624 4.135 0 0 0 
457000 673 363.71 183.0 0.631 4.3629 0 0 0 
458000 677 368.001 185.0 0.622 4.425 0 0 0 
459000 677 368.001 185.0 0.622 4.425 0 0 0 
460000 679 382.53 185.0 0.598 4.6249 0 0 0 
461000 681 396.458 187.0 0.614 4.794 0 0 0 
462000 684 379.638 190.0 0.637 4.6008 0 0 0 
463000 685 400.925 189.0 0.604 4.8661 0 0 0 
464000 689 389.467 193.0 0.635 4.7349 0 0 0 
465000 689 389.467 193.0 0.635 4.7349 0 0 0 
466000 694 386.155 196.0 0.633 4.7027 0 0 0 
467000 695 400.632 197.0 0.64 4.8935 0 0 0 
468000 695 400.632 197.0 0.64 4.8935 0 0 0 
469000 697 414.009 197.0 0.615 5.0768 0 0 0 
470000 703 395.3 201.0 0.623 4.8497 0 0 0 
471000 703 395.3 201.0 0.623 4.8497 0 0 0 
472000 717 329.328 213.0 0.685 4.0423 0 0 0 
473000 718 344.121 214.0 0.692 4.2441 0 0 0 
474000 718 344.121 214.0 0.692 4.2441 0 0 0 
475000 720 359.356 214.0 0.665 4.4264 0 0 0 
476000 725 354.593 217.0 0.66 4.3832 0 0 0 
477000 734 311.788 226.0 0.716 3.8602 0 0 0 
478000 734 311.788 226.0 0.716 3.8602 0 0 0 
479000 742 299.781 232.0 0.724 3.7151 0 0 0 
480000 742 299.781 232.0 0.724 3.7151 0 0 0 
481000 749 298.998 237.0 0.725 3.6994 0 0 0 
482000 749 298.998 237.0 0.725 3.6994 0 0 0 
483000 757 291.624 243.0 0.731 3.6294 0 0 0 
484000 757 291.624 243.0 0.731 3.6294 0 0 0 
485000 762 298.141 246.0 0.72 3.7053 0 0 0 
486000 762 298.141 246.0 0.72 3.7053 0 0 0 
487000 771 279.977 253.0 0.733 3.4784 0 0 0 
488000 772 288.137 254.0 0.738 3.5952 0 0 0 
489000 774 306.25 254.0 0.709 3.8274 0 0 0 
490000 774 306.25 254.0 0.709 3.8274 0 0 0 
491000 778 317.047 256.0 0.694 3.9622 0 0 0 
492000 779 339.586 255.0 0.66 4.2403 0 0 0 
493000 788 301.609 264.0 0.717 3.7729 0 0 0 
494000 790 309.926 266.0 0.728 3.8778 0 0 0 
495000 797 280.586 273.0 0.764 3.5153 0 0 0 
496000 797 280.586 273.0 0.764 3.5153 0 0 0 
497000 806 274.606 280.0 0.769 3.4402 0 0 0 
498000 810 257.731 284.0 0.787 3.2153 0 0 0 
499000 816 258.183 288.0 0.775 3.2262 0 0 0 
500000 816 258.183 288.0 0.775 3.2262 0 0 0 
501000 817 281.899 287.0 0.74 3.5393 0 0 0 
502000 823 281.786 291.0 0.733 3.5266 0 0 0 
503000 825 289.095 293.0 0.744 3.6303 0 0 0 
504000 832 264.511 300.0 0.778 3.3077 0 0 0 
505000 832 264.511 300.0 0.778 3.3077 0 0 0 
506000 841 260.753 307.0 0.781 3.2662 0 0 0 
507000 843 252.909 309.0 0.789 3.1688 0 0 0 
508000 845 272.276 309.0 0.758 3.4173 0 0 0 
509000 845 272.276 309.0 0.758 3.4173 0 0 0 
510000 849 280.221 311.0 0.739 3.5193 0 0 0 
511000 855 274.453 317.0 0.769 3.4427 0 0 0 
512000 856 297.844 316.0 0.734 3.7298 0 0 0 
513000 856 297.844 316.0 0.734 3.7298 0 0 0 
514000 858 314.796 318.0 0.744 3.9555 0 0 0 
515000 861 313.636 321.0 0.759 3.94 0 0 0 
516000 872 277.955 332.0 0.807 3.4955 0 0 0 
517000 872 277.955 332.0 0.807 3.4955 0 0 0 
518000 880 271.765 338.0 0.801 3.4065 0 0 0 
519000 880 271.765 338.0 0.801 3.4065 0 0 0 
520000 883 284.412 341.0 0.813 3.5739 0 0 0 
521000 886 299.162 342.0 0.786 3.7649 0 0 0 
522000 893 265.157 349.0 0.814 3.3297 0 0 0 
523000 901 246.074 357.0 0.842 3.0929 0 0 0 
524000 905 256.09 359.0 0.816 3.2168 0 0 0 
525000 905 256.09 359.0 0.816 3.2168 0 0 0 
526000 906 279.849 358.0 0.78 3.511 0 0 0 
527000 907 303.132 357.0 0.744 3.816 0 0 0 
528000 917 265.322 367.0 0.791 3.3269 0 0 0 
529000 917 265.322 367.0 0.791 3.3269 0 0 0 
530000 924 267.476 372.0 0.783 3.3711 0 0 0 
531000 924 267.476 372.0 0.783 3.3711 0 0 0 
532000 929 275.159 375.0 0.767 3.4638 0 0 0 
533000 929 275.159 375.0 0.767 3.4638 0 0 0 
534000 930 298.536 374.0 0.732 3.7525 0 0 0 
535000 937 292.153 379.0 0.732 3.6694 0 0 0 
536000 940 278.577 382.0 0.748 3.5094 0 0 0 
537000 947 273.662 387.0 0.745 3.4324 0 0 0 
538000 955 240.915 395.0 0.783 3.0325 0 0 0 
539000 960 247.573 400.0 0.804 3.107 0 0 0 
540000 962 239.373 402.0 0.812 3.011 0 0 0 
541000 974 219.347 412.0 0.82 2.7599 0 0 0 
542000 975 216.44 413.0 0.824 2.7286 0 0 0 
543000 979 236.337 415.0 0.8 2.9764 0 0 0 
544000 984 220.581 420.0 0.819 2.7801 0 0 0 
545000 986 240.828 420.0 0.787 3.0234 0 0 0 
546000 992 223.978 426.0 0.811 2.8228 0 0 0 
547000 997 231.459 429.0 0.793 2.9106 0 0 0 
548000 1009 199.528 441.0 0.837 2.5112 0 0 0 
549000 1015 190.397 447.0 0.856 2.3911 0 0 0 
550000 1015 190.397 447.0 0.856 2.3911 0 0 0 
551000 1025 185.025 455.0 0.849 2.3313 0 0 0 
552000 1030 196.56 458.0 0.827 2.472 0 0 0 
553000 1037 175.322 465.0 0.849 2.2048 0 0 0 
554000 1038 200.696 464.0 0.812 2.5178 0 0 0 
555000 1038 200.696 464.0 0.812 2.5178 0 0 0 
556000 1039 225.562 463.0 0.776 2.8435 0 0 0 
557000 1040 249.93 462.0 0.741 3.1452 0 0 0 
558000 1044 249.184 466.0 0.761 3.1399 0 0 0 
559000 1044 249.184 466.0 0.761 3.1399 0 0 0 
560000 1049 254.21 469.0 0.747 3.1995 0 0 0 
561000 1052 269.11 470.0 0.723 3.3839 0 0 0 
562000 1052 269.11 470.0 0.723 3.3839 0 0 0 
563000 1064 246.436 480.0 0.751 3.0872 0 0 0 
564000 1064 246.436 480.0 0.751 3.0872 0 0 0 
565000 1067 261.985 481.0 0.727 3.2993 0 0 0 
566000 1069 280.473 481.0 0.699 3.5235 0 0 0 
567000 1070 297.643 482.0 0.705 3.7392 0 0 0 
568000 1082 243.144 494.0 0.768 3.0498 0 0 0 
569000 1083 258.261 495.0 0.773 3.2422 0 0 0 
570000 1087 264.186 499.0 0.791 3.3239 0 0 0 
571000 1087 264.186 499.0 0.791 3.3239 0 0 0 
572000 1088 287.782 498.0 0.755 3.6143 0 0 0 
573000 1090 306.628 498.0 0.725 3.8524 0 0 0 
574000 1092 298.982 500.0 0.736 3.7596 0 0 0 
575000 1096 308.231 502.0 0.719 3.8693 0 0 0 
576000 1096 308.231 502.0 0.719 3.8693 0 0 0 
577000 1100 314.392 504.0 0.703 3.9576 0 0 0 
578000 1102 330.685 504.0 0.676 4.1525 0 0 0 
579000 1103 328.731 505.0 0.682 4.1331 0 0 0 
580000 1106 339.161 506.0 0.662 4.2619 0 0 0 
581000 1106 339.161 506.0 0.662 4.2619 0 0 0 
582000 1109 354.544 507.0 0.644 4.4515 0 0 0 
583000 1115 329.531 513.0 0.685 4.1447 0 0 0 
584000 1118 340.484 514.0 0.665 4.2769 0 0 0 
585000 1123 320.517 519.0 0.697 4.0194 0 0 0 
586000 1123 320.517 519.0 0.697 4.0194 0 0 0 
587000 1124 342.986 518.0 0.663 4.3165 0 0 0 
588000 1128 345.458 520.0 0.651 4.3451 0 0 0 
589000 1134 318.873 526.0 0.691 4.0014 0 0 0 
590000 1143 295.828 533.0 0.709 3.7229 0 0 0 
591000 1143 295.828 533.0 0.709 3.7229 0 0 0 
592000 1144 318.791 532.0 0.674 4.0062 0 0 0 
593000 1147 328.632 533.0 0.655 4.1381 0 0 0 
594000 1156 286.286 542.0 0.712 3.599 0 0 0 
595000 1159 279.355 545.0 0.729 3.5109 0 0 0 
596000 1168 263.427 552.0 0.74 3.3154 0 0 0 
597000 1168 263.427 552.0 0.74 3.3154 0 0 0 
598000 1170 283.638 552.0 0.711 3.5646 0 0 0 
599000 1174 290.543 554.0 0.696 3.6522 0 0 0 
600000 1182 256.287 562.0 0.742 3.2266 0 0 0 
601000 1186 265.499 564.0 0.724 3.3409 0 0 0 
602000 1193 237.454 571.0 0.76 2.9881 0 0 0 
603000 1194 261.585 570.0 0.725 3.2869 0 0 0 
604000 1194 261.585 570.0 0.725 3.2869 0 0 0 
605000 1198 273.974 572.0 0.709 3.4328 0 0 0 
606000 1199 297.374 571.0 0.675 3.7405 0 0 0 
607000 1203 276.437 575.0 0.7 3.4804 0 0 0 
608000 1209 273.837 579.0 0.698 3.4396 0 0 0 
609000 1209 273.837 579.0 0.698 3.4396 0 0 0 
610000 1213 278.888 583.0 0.721 3.5032 0 0 0 
611000 1220 274.587 588.0 0.723 3.4492 0 0 0 
612000 1220 274.587 588.0 0.723 3.4492 0 0 0 
613000 1226 272.937 592.0 0.718 3.4348 0 0 0 
614000 1228 290.931 592.0 0.69 3.6536 0 0 0 
615000 1229 285.513 593.0 0.696 3.5825 0 0 0 
616000 1233 293.172 595.0 0.682 3.6901 0 0 0 
617000 1233 293.172 595.0 0.682 3.6901 0 0 0 
618000 1235 310.925 595.0 0.656 3.9005 0 0 0 
619000 1236 333.586 594.0 0.623 4.2004 0 0 0 
620000 1237 355.794 593.0 0.59 4.4718 0 0 0 
621000 1249 289.152 605.0 0.678 3.6267 0 0 0 
622000 1250 312.249 604.0 0.645 3.9296 0 0 0 
623000 1250 312.249 604.0 0.645 3.9296 0 0 0 
624000 1258 297.0 610.0 0.663 3.7431 0 0 0 
625000 1258 297.0 610.0 0.663 3.7431 0 0 0 
626000 1263 297.722 613.0 0.659 3.7419 0 0 0 
627000 1269 292.873 617.0 0.661 3.6741 0 0 0 
628000 1271 285.959 619.0 0.675 3.5896 0 0 0 
629000 1272 309.12 618.0 0.641 3.8953 0 0 0 
630000 1272 309.12 618.0 0.641 3.8953 0 0 0 
631000 1279 301.856 623.0 0.653 3.7957 0 0 0 
632000 1286 286.972 630.0 0.699 3.6083 0 0 0 
633000 1286 286.972 630.0 0.699 3.6083 0 0 0 
634000 1287 310.112 629.0 0.665 3.8934 0 0 0 
635000 1288 332.79 628.0 0.632 4.1938 0 0 0 
636000 1288 332.79 628.0 0.632 4.1938 0 0 0 
637000 1289 355.014 627.0 0.599 4.4678 0 0 0 
638000 1299 320.723 637.0 0.672 4.037 0 0 0 
639000 1313 258.843 651.0 0.753 3.2471 0 0 0 
640000 1323 227.277 661.0 0.798 2.8523 0 0 0 
641000 1323 227.277 661.0 0.798 2.8523 0 0 0 
642000 1333 219.624 669.0 0.802 2.7648 0 0 0 
643000 1342 192.94 678.0 0.835 2.4238 0 0 0 
644000 1347 204.373 681.0 0.814 2.5744 0 0 0 
645000 1349 198.295 683.0 0.821 2.5016 0 0 0 
646000 1357 202.136 689.0 0.813 2.5374 0 0 0 
647000 1358 198.533 690.0 0.817 2.4887 0 0 0 
648000 1363 205.207 695.0 0.834 2.5773 0 0 0 
649000 1365 226.084 695.0 0.802 2.8478 0 0 0 
650000 1372 215.12 702.0 0.828 2.7131 0 0 0 
651000 1372 215.12 702.0 0.828 2.7131 0 0 0 
652000 1373 239.697 701.0 0.791 3.0171 0 0 0 
653000 1375 259.128 701.0 0.76 3.2496 0 0 0 
654000 1378 250.809 704.0 0.775 3.1477 0 0 0 
655000 1379 274.673 703.0 0.739 3.4422 0 0 0 
656000 1379 274.673 703.0 0.739 3.4422 0 0 0 
657000 1385 279.313 707.0 0.733 3.5166 0 0 0 
658000 1386 302.607 706.0 0.698 3.802 0 0 0 
659000 1388 294.171 708.0 0.71 3.6877 0 0 0 
660000 1391 305.793 709.0 0.689 3.8391 0 0 0 
661000 1397 284.601 715.0 0.724 3.577 0 0 0 
662000 1398 307.789 714.0 0.69 3.8649 0 0 0 
663000 1410 258.039 726.0 0.756 3.2323 0 0 0 
664000 1410 258.039 726.0 0.756 3.2323 0 0 0 
665000 1418 248.742 732.0 0.758 3.1156 0 0 0 
666000 1421 264.136 733.0 0.734 3.3262 0 0 0 
667000 1426 251.522 738.0 0.759 3.1648 0 0 0 
668000 1427 273.451 739.0 0.764 3.4331 0 0 0 
669000 1434 241.286 746.0 0.795 3.0374 0 0 0 
670000 1437 257.743 747.0 0.769 3.2354 0 0 0 
671000 1437 257.743 747.0 0.769 3.2354 0 0 0 
672000 1450 230.874 758.0 0.791 2.9031 0 0 0 
673000 1450 230.874 758.0 0.791 2.9031 0 0 0 
674000 1464 204.051 770.0 0.812 2.5683 0 0 0 
675000 1466 207.642 772.0 0.819 2.6023 0 0 0 
676000 1468 221.131 774.0 0.826 2.7787 0 0 0 
677000 1469 245.588 773.0 0.79 3.0836 0 0 0 
678000 1475 228.529 779.0 0.814 2.8771 0 0 0 
679000 1476 252.838 778.0 0.778 3.1787 0 0 0 
680000 1494 192.097 796.0 0.845 2.4141 0 0 0 
681000 1498 185.595 800.0 0.857 2.3417 0 0 0 
682000 1499 210.763 799.0 0.82 2.6522 0 0 0 
683000 1503 202.474 803.0 0.834 2.5443 0 0 0 
684000 1505 225.239 803.0 0.802 2.8438 0 0 0 
685000 1509 221.958 807.0 0.817 2.7856 0 0 0 
686000 1510 246.399 806.0 0.781 3.1053 0 0 0 
687000 1515 242.047 811.0 0.802 3.037 0 0 0 
688000 1515 242.047 811.0 0.802 3.037 0 0 0 
689000 1517 261.764 811.0 0.77 3.2913 0 0 0 
690000 1521 270.323 813.0 0.751 3.3971 0 0 0 
691000 1526 247.946 818.0 0.774 3.127 0 0 0 
692000 1535 236.308 825.0 0.778 2.9751 0 0 0 
693000 1543 206.812 833.0 0.811 2.5944 0 0 0 
694000 1544 231.556 832.0 0.775 2.9196 0 0 0 
695000 1553 216.376 841.0 0.812 2.7178 0 0 0 
696000 1555 208.918 843.0 0.82 2.6362 0 0 0 
697000 1558 226.197 844.0 0.792 2.8533 0 0 0 
698000 1565 214.959 851.0 0.819 2.7118 0 0 0 
699000 1565 214.959 851.0 0.819 2.7118 0 0 0 
700000 1569 227.333 853.0 0.796 2.8641 0 0 0 
701000 1578 217.361 862.0 0.83 2.7305 0 0 0 
702000 1578 217.361 862.0 0.83 2.7305 0 0 0 
703000 1583 226.092 865.0 0.809 2.8491 0 0 0 
704000 1588 233.537 868.0 0.791 2.935 0 0 0 
705000 1599 193.663 879.0 0.832 2.4373 0 0 0 
706000 1600 210.15 880.0 0.836 2.6467 0 0 0 
707000 1603 227.015 881.0 0.807 2.8595 0 0 0 
708000 1603 227.015 881.0 0.807 2.8595 0 0 0 
709000 1614 215.13 890.0 0.813 2.7038 0 0 0 
710000 1615 217.708 891.0 0.816 2.7399 0 0 0 
711000 1617 238.109 891.0 0.785 3.0066 0 0 0 
712000 1617 238.109 891.0 0.785 3.0066 0 0 0 
713000 1618 262.227 890.0 0.749 3.303 0 0 0 
714000 1627 247.286 897.0 0.757 3.1153 0 0 0 
715000 1627 247.286 897.0 0.757 3.1153 0 0 0 
716000 1644 207.235 912.0 0.798 2.6078 0 0 0 
717000 1644 207.235 912.0 0.798 2.6078 0 0 0 
718000 1655 196.413 921.0 0.806 2.4696 0 0 0 
719000 1655 196.413 921.0 0.806 2.4696 0 0 0 
720000 1664 200.896 928.0 0.804 2.5341 0 0 0 
721000 1669 199.803 933.0 0.823 2.5068 0 0 0 
722000 1669 199.803 933.0 0.823 2.5068 0 0 0 
723000 1675 206.713 937.0 0.807 2.5989 0 0 0 
724000 1679 220.317 939.0 0.784 2.765 0 0 0 
725000 1682 215.928 942.0 0.797 2.7193 0 0 0 
726000 1685 232.598 943.0 0.771 2.9325 0 0 0 
727000 1685 232.598 943.0 0.771 2.9325 0 0 0 
728000 1687 253.39 943.0 0.74 3.1944 0 0 0 
729000 1688 277.202 942.0 0.706 3.4879 0 0 0 
730000 1693 259.425 947.0 0.734 3.2696 0 0 0 
731000 1696 258.031 950.0 0.75 3.2402 0 0 0 
732000 1698 276.636 950.0 0.72 3.4876 0 0 0 
733000 1699 299.983 949.0 0.686 3.7751 0 0 0 
734000 1704 276.598 954.0 0.716 3.4784 0 0 0 
735000 1706 294.347 954.0 0.688 3.7116 0 0 0 
736000 1706 294.347 954.0 0.688 3.7116 0 0 0 
737000 1708 311.633 954.0 0.661 3.9205 0 0 0 
738000 1709 330.081 955.0 0.668 4.1596 0 0 0 
739000 1714 324.836 960.0 0.7 4.0893 0 0 0 
740000 1715 340.839 961.0 0.706 4.2941 0 0 0 
741000 1719 328.515 965.0 0.729 4.1271 0 0 0 
742000 1719 328.515 965.0 0.729 4.1271 0 0 0 
743000 1730 293.442 974.0 0.75 3.7037 0 0 0 
744000 1731 316.453 973.0 0.715 3.9829 0 0 0 
745000 1735 311.429 977.0 0.737 3.9245 0 0 0 
746000 1736 305.781 978.0 0.742 3.8488 0 0 0 
747000 1740 310.851 980.0 0.725 3.9157 0 0 0 
748000 1741 333.514 979.0 0.69 4.1952 0 0 0 
749000 1752 274.661 990.0 0.752 3.4493 0 0 0 
750000 1773 203.083 1011.0 0.838 2.5657 0 0 0 
751000 1773 203.083 1011.0 0.838 2.5657 0 0 0 
752000 1774 227.901 1010.0 0.801 2.8737 0 0 0 
753000 1777 243.523 1011.0 0.774 3.0741 0 0 0 
754000 1780 237.475 1014.0 0.788 2.9897 0 0 0 
755000 1783 245.704 1017.0 0.8 3.0943 0 0 0 
756000 1785 265.297 1017.0 0.769 3.3483 0 0 0 
757000 1788 251.866 1020.0 0.782 3.1618 0 0 0 
758000 1793 257.511 1023.0 0.766 3.2415 0 0 0 
759000 1800 246.579 1030.0 0.797 3.1035 0 0 0 
760000 1811 209.292 1041.0 0.838 2.6316 0 0 0 
761000 1811 209.292 1041.0 0.838 2.6316 0 0 0 
762000 1813 229.786 1041.0 0.805 2.9016 0 0 0 
763000 1820 232.616 1046.0 0.795 2.9294 0 0 0 
764000 1824 219.342 1050.0 0.811 2.7624 0 0 0 
765000 1830 226.682 1054.0 0.796 2.8569 0 0 0 
766000 1830 226.682 1054.0 0.796 2.8569 0 0 0 
767000 1834 238.269 1056.0 0.775 3.0027 0 0 0 
768000 1836 257.616 1056.0 0.744 3.2363 0 0 0 
769000 1852 199.702 1072.0 0.815 2.5065 0 0 0 
770000 1853 220.468 1073.0 0.819 2.7732 0 0 0 
771000 1871 164.571 1091.0 0.874 2.0659 0 0 0 
772000 1871 164.571 1091.0 0.874 2.0659 0 0 0 
773000 1879 170.464 1097.0 0.858 2.1516 0 0 0 
774000 1884 183.769 1100.0 0.835 2.3077 0 0 0 
775000 1887 174.533 1103.0 0.844 2.2008 0 0 0 
776000 1891 189.853 1105.0 0.819 2.3924 0 0 0 
777000 1894 187.789 1108.0 0.83 2.3734 0 0 0 
778000 1905 180.014 1117.0 0.831 2.2582 0 0 0 
779000 1905 180.014 1117.0 0.831 2.2582 0 0 0 
780000 1919 169.972 1129.0 0.842 2.1417 0 0 0 
781000 1924 159.742 1134.0 0.857 2.0024 0 0 0 
782000 1928 177.503 1136.0 0.83 2.2366 0 0 0 
783000 1928 177.503 1136.0 0.83 2.2366 0 0 0 
784000 1930 199.257 1136.0 0.798 2.5029 0 0 0 
785000 1932 223.388 1136.0 0.767 2.8118 0 0 0 
786000 1942 189.197 1146.0 0.809 2.3825 0 0 0 
787000 1949 193.944 1151.0 0.799 2.444 0 0 0 
788000 1950 190.705 1152.0 0.803 2.3985 0 0 0 
789000 1952 211.935 1152.0 0.772 2.6775 0 0 0 
790000 1955 228.357 1153.0 0.747 2.8673 0 0 0 
791000 1964 196.107 1162.0 0.789 2.4739 0 0 0 
792000 1965 221.065 1161.0 0.753 2.7803 0 0 0 
793000 1965 221.065 1161.0 0.753 2.7803 0 0 0 
794000 1967 241.013 1161.0 0.724 3.0206 0 0 0 
795000 1969 261.532 1161.0 0.695 3.2797 0 0 0 
796000 1969 261.532 1161.0 0.695 3.2797 0 0 0 
797000 1979 243.512 1169.0 0.718 3.0595 0 0 0 
798000 1982 250.657 1172.0 0.734 3.1562 0 0 0 
799000 1994 217.95 1184.0 0.792 2.73 0 0 0 
800000 2000 210.46 1190.0 0.815 2.6513 0 0 0 
801000 2000 210.46 1190.0 0.815 2.6513 0 0 0 
802000 2016 184.308 1204.0 0.837 2.3214 0 0 0 
803000 2018 181.613 1206.0 0.843 2.2891 0 0 0 
804000 2028 179.374 1214.0 0.839 2.2569 0 0 0 
805000 2028 179.374 1214.0 0.839 2.2569 0 0 0 
806000 2041 171.221 1225.0 0.844 2.1526 0 0 0 
807000 2043 166.076 1227.0 0.851 2.095 0 0 0 
808000 2049 179.934 1231.0 0.832 2.2688 0 0 0 
809000 2062 151.89 1244.0 0.87 1.9132 0 0 0 
810000 2062 151.89 1244.0 0.87 1.9132 0 0 0 
811000 2069 164.155 1249.0 0.852 2.0701 0 0 0 
812000 2073 180.137 1251.0 0.826 2.2713 0 0 0 
813000 2073 180.137 1251.0 0.826 2.2713 0 0 0 
814000 2082 180.163 1258.0 0.821 2.2603 0 0 0 
815000 2082 180.163 1258.0 0.821 2.2603 0 0 0 
816000 2083 205.44 1257.0 0.784 2.5753 0 0 0 
817000 2084 226.231 1258.0 0.789 2.8423 0 0 0 
818000 2087 243.436 1259.0 0.763 3.0721 0 0 0 
819000 2102 194.627 1274.0 0.825 2.4462 0 0 0 
820000 2102 194.627 1274.0 0.825 2.4462 0 0 0 
821000 2118 174.845 1288.0 0.844 2.1954 0 0 0 
822000 2122 181.208 1292.0 0.856 2.2767 0 0 0 
823000 2138 148.474 1308.0 0.896 1.8657 0 0 0 
824000 2145 133.7 1315.0 0.909 1.6824 0 0 0 
825000 2148 153.869 1318.0 0.915 1.9489 0 0 0 
826000 2155 143.875 1325.0 0.926 1.8139 0 0 0 
827000 2157 171.851 1327.0 0.929 2.1591 0 0 0 
828000 2166 151.272 1336.0 0.941 1.9141 0 0 0 
829000 2170 168.083 1340.0 0.945 2.1302 0 0 0 
830000 2173 165.782 1343.0 0.949 2.0991 0 0 0 
831000 2176 187.799 1344.0 0.913 2.3617 0 0 0 
832000 2178 181.591 1346.0 0.917 2.2919 0 0 0 
833000 2186 184.84 1352.0 0.894 2.3257 0 0 0 
834000 2191 190.241 1357.0 0.904 2.4005 0 0 0 
835000 2192 186.936 1358.0 0.906 2.3556 0 0 0 
836000 2195 204.591 1359.0 0.873 2.5848 0 0 0 
837000 2198 218.013 1362.0 0.881 2.746 0 0 0 
838000 2198 218.013 1362.0 0.881 2.746 0 0 0 
839000 2206 217.63 1368.0 0.864 2.7364 0 0 0 
840000 2214 208.683 1376.0 0.884 2.6333 0 0 0 
841000 2224 177.929 1386.0 0.905 2.2423 0 0 0 
842000 2235 164.845 1397.0 0.924 2.0691 0 0 0 
843000 2235 164.845 1397.0 0.924 2.0691 0 0 0 
844000 2252 148.268 1412.0 0.917 1.8617 0 0 0 
845000 2252 148.268 1412.0 0.917 1.8617 0 0 0 
846000 2255 168.592 1413.0 0.884 2.1222 0 0 0 
847000 2259 184.404 1415.0 0.855 2.3214 0 0 0 
848000 2270 156.469 1426.0 0.884 1.9677 0 0 0 
849000 2274 172.873 1428.0 0.855 2.1788 0 0 0 
850000 2274 172.873 1428.0 0.855 2.1788 0 0 0 
851000 2275 198.296 1427.0 0.818 2.4916 0 0 0 
852000 2279 213.075 1429.0 0.795 2.6873 0 0 0 
853000 2279 213.075 1429.0 0.795 2.6873 0 0 0 
854000 2284 223.551 1432.0 0.778 2.8199 0 0 0 
855000 2286 243.321 1432.0 0.747 3.0604 0 0 0 
856000 2286 243.321 1432.0 0.747 3.0604 0 0 0 
857000 2292 243.885 1436.0 0.74 3.0649 0 0 0 
858000 2293 267.887 1435.0 0.705 3.3836 0 0 0 
859000 2293 267.887 1435.0 0.705 3.3836 0 0 0 
860000 2306 237.003 1446.0 0.742 2.9942 0 0 0 
861000 2315 209.623 1455.0 0.785 2.6419 0 0 0 
862000 2316 214.491 1456.0 0.789 2.6947 0 0 0 
863000 2318 235.019 1456.0 0.758 2.959 0 0 0 
864000 2331 195.209 1469.0 0.814 2.4654 0 0 0 
865000 2333 216.821 1469.0 0.782 2.7226 0 0 0 
866000 2340 195.406 1476.0 0.811 2.4722 0 0 0 
867000 2350 188.077 1484.0 0.812 2.3778 0 0 0 
868000 2366 151.273 1500.0 0.864 1.9143 0 0 0 
869000 2366 151.273 1500.0 0.864 1.9143 0 0 0 
870000 2373 166.113 1505.0 0.847 2.0982 0 0 0 
871000 2373 166.113 1505.0 0.847 2.0982 0 0 0 
872000 2375 188.557 1505.0 0.813 2.37 0 0 0 
873000 2383 190.295 1511.0 0.807 2.4088 0 0 0 
874000 2404 136.93 1532.0 0.873 1.7348 0 0 0 
875000 2404 136.93 1532.0 0.873 1.7348 0 0 0 
876000 2407 158.919 1533.0 0.842 2.008 0 0 0 
877000 2416 161.384 1540.0 0.835 2.0363 0 0 0 
878000 2418 160.809 1542.0 0.841 2.0228 0 0 0 
879000 2424 165.686 1548.0 0.859 2.085 0 0 0 
880000 2429 171.467 1553.0 0.873 2.1581 0 0 0 
881000 2429 171.467 1553.0 0.873 2.1581 0 0 0 
882000 2447 153.544 1569.0 0.883 1.9397 0 0 0 
883000 2454 137.921 1576.0 0.899 1.7421 0 0 0 
884000 2456 167.482 1576.0 0.863 2.1167 0 0 0 
885000 2464 147.059 1584.0 0.884 1.8621 0 0 0 
886000 2471 158.339 1589.0 0.864 1.9971 0 0 0 
887000 2476 151.1 1594.0 0.877 1.9012 0 0 0 
888000 2481 166.096 1597.0 0.852 2.1006 0 0 0 
889000 2500 127.502 1616.0 0.899 1.5997 0 0 0 
890000 2511 121.465 1627.0 0.919 1.5327 0 0 0 
891000 2522 110.523 1638.0 0.935 1.3957 0 0 0 
892000 2535 99.003 1651.0 0.95 1.2405 0 0 0 
893000 2536 110.583 1652.0 0.951 1.3993 0 0 0 
894000 2544 125.433 1658.0 0.924 1.589 0 0 0 
895000 2558 103.723 1672.0 0.943 1.3099 0 0 0 
896000 2559 126.889 1673.0 0.944 1.6052 0 0 0 
897000 2562 126.55 1676.0 0.947 1.6033 0 0 0 
898000 2569 140.311 1681.0 0.919 1.7707 0 0 0 
899000 2569 140.311 1681.0 0.919 1.7707 0 0 0 
900000 2572 160.746 1682.0 0.885 2.017 0 0 0 
901000 2577 174.211 1685.0 0.859 2.2031 0 0 0 
902000 2577 174.211 1685.0 0.859 2.2031 0 0 0 
903000 2580 192.954 1686.0 0.829 2.4256 0 0 0 
904000 2586 199.471 1690.0 0.812 2.5207 0 0 0 
905000 2595 181.012 1699.0 0.844 2.2815 0 0 0 
906000 2595 181.012 1699.0 0.844 2.2815 0 0 0 
907000 2608 171.757 1710.0 0.848 2.1723 0 0 0 
908000 2619 150.098 1721.0 0.879 1.8853 0 0 0 
909000 2622 170.04 1722.0 0.847 2.1431 0 0 0 
910000 2641 132.078 1741.0 0.896 1.6567 0 0 0 
911000 2660 106.871 1760.0 0.929 1.3444 0 0 0 
912000 2666 111.989 1766.0 0.937 1.4205 0 0 0 
913000 2666 111.989 1766.0 0.937 1.4205 0 0 0 
914000 2675 122.511 1773.0 0.914 1.5501 0 0 0 
915000 2675 122.511 1773.0 0.914 1.5501 0 0 0 
916000 2678 145.873 1774.0 0.88 1.8365 0 0 0 
917000 2679 171.836 1773.0 0.843 2.1547 0 0 0 
918000 2679 171.836 1773.0 0.843 2.1547 0 0 0 
919000 2694 158.867 1786.0 0.854 1.9973 0 0 0 
920000 2695 182.649 1787.0 0.857 2.3032 0 0 0 
921000 2699 188.78 1791.0 0.868 2.3818 0 0 0 
922000 2705 170.789 1797.0 0.883 2.1472 0 0 0 
923000 2717 163.407 1807.0 0.876 2.0525 0 0 0 
924000 2719 158.26 1809.0 0.881 2.0007 0 0 0 
925000 2722 177.897 1810.0 0.85 2.2333 0 0 0 
926000 2723 203.219 1809.0 0.813 2.5661 0 0 0 
927000 2734 168.817 1820.0 0.85 2.1179 0 0 0 
928000 2741 176.748 1825.0 0.834 2.2358 0 0 0 
929000 2751 158.555 1835.0 0.865 2.0022 0 0 0 
930000 2751 158.555 1835.0 0.865 2.0022 0 0 0 
931000 2766 148.193 1848.0 0.87 1.8649 0 0 0 
932000 2770 145.695 1852.0 0.88 1.8382 0 0 0 
933000 2774 164.916 1854.0 0.852 2.0675 0 0 0 
934000 2774 164.916 1854.0 0.852 2.0675 0 0 0 
935000 2775 190.498 1853.0 0.815 2.4054 0 0 0 
936000 2782 195.126 1858.0 0.804 2.4641 0 0 0 
937000 2797 158.908 1873.0 0.855 2.0068 0 0 0 
938000 2797 158.908 1873.0 0.855 2.0068 0 0 0 
939000 2804 168.083 1878.0 0.839 2.1202 0 0 0 
940000 2805 193.601 1877.0 0.802 2.4387 0 0 0 
941000 2809 182.117 1881.0 0.817 2.2866 0 0 0 
942000 2813 197.045 1883.0 0.794 2.4933 0 0 0 
943000 2813 197.045 1883.0 0.794 2.4933 0 0 0 
944000 2815 218.585 1883.0 0.763 2.7473 0 0 0 
945000 2819 229.892 1885.0 0.744 2.8979 0 0 0 
946000 2822 223.793 1888.0 0.759 2.8194 0 0 0 
947000 2834 205.19 1898.0 0.779 2.5841 0 0 0 
948000 2834 205.19 1898.0 0.779 2.5841 0 0 0 
949000 2839 214.018 1901.0 0.763 2.6948 0 0 0 
950000 2851 193.656 1913.0 0.814 2.4424 0 0 0 
951000 2857 188.214 1919.0 0.835 2.3697 0 0 0 
952000 2862 178.664 1924.0 0.851 2.2411 0 0 0 
953000 2864 204.771 1924.0 0.818 2.5847 0 0 0 
954000 2887 143.762 1947.0 0.885 1.8136 0 0 0 
955000 2887 143.762 1947.0 0.885 1.8136 0 0 0 
956000 2897 146.748 1955.0 0.873 1.8418 0 0 0 
957000 2897 146.748 1955.0 0.873 1.8418 0 0 0 
958000 2917 132.898 1973.0 0.888 1.6803 0 0 0 
959000 2925 123.133 1981.0 0.905 1.5543 0 0 0 
960000 2926 149.55 1980.0 0.867 1.8801 0 0 0 
961000 2926 149.55 1980.0 0.867 1.8801 0 0 0 
962000 2935 156.171 1987.0 0.855 1.961 0 0 0 
963000 2935 156.171 1987.0 0.855 1.961 0 0 0 
964000 2937 179.989 1987.0 0.821 2.263 0 0 0 
965000 2944 185.297 1992.0 0.809 2.3353 0 0 0 
966000 2944 185.297 1992.0 0.809 2.3353 0 0 0 
967000 2950 193.558 1996.0 0.795 2.4462 0 0 0 
968000 2951 205.306 1997.0 0.799 2.5894 0 0 0 
969000 2952 230.08 1996.0 0.763 2.8956 0 0 0 
970000 2952 230.08 1996.0 0.763 2.8956 0 0 0 
971000 2954 250.052 1996.0 0.733 3.1542 0 0 0 
972000 2958 252.158 2000.0 0.754 3.1636 0 0 0 
973000 2959 275.995 1999.0 0.719 3.4794 0 0 0 
974000 2967 244.172 2007.0 0.761 3.077 0 0 0 
975000 2968 254.828 2008.0 0.766 3.2116 0 0 0 
976000 2969 278.612 2007.0 0.73 3.5043 0 0 0 
977000 2970 294.379 2008.0 0.736 3.6968 0 0 0 
978000 2970 294.379 2008.0 0.736 3.6968 0 0 0 
979000 2986 249.607 2022.0 0.779 3.1461 0 0 0 
980000 2991 229.482 2027.0 0.8 2.883 0 0 0 
981000 2993 249.177 2027.0 0.769 3.1421 0 0 0 
982000 2993 249.177 2027.0 0.769 3.1421 0 0 0 
983000 3005 235.183 2037.0 0.787 2.9597 0 0 0 
984000 3006 244.719 2038.0 0.791 3.0892 0 0 0 
985000 3006 244.719 2038.0 0.791 3.0892 0 0 0 
986000 3022 212.901 2052.0 0.819 2.6747 0 0 0 
987000 3026 200.894 2056.0 0.833 2.5258 0 0 0 
988000 3034 202.62 2062.0 0.823 2.547 0 0 0 
989000 3042 190.824 2070.0 0.85 2.4021 0 0 0 
990000 3066 132.334 2094.0 0.907 1.6659 0 0 0 
991000 3066 132.334 2094.0 0.907 1.6659 0 0 0 
992000 3073 150.24 2099.0 0.884 1.9018 0 0 0 
993000 3074 154.275 2100.0 0.887 1.9395 0 0 0 
994000 3077 174.38 2101.0 0.855 2.1939 0 0 0 
995000 3081 171.087 2105.0 0.866 2.1484 0 0 0 
996000 3082 196.545 2104.0 0.829 2.4844 0 0 0 
997000 3085 202.005 2107.0 0.839 2.5546 0 0 0 
998000 3085 202.005 2107.0 0.839 2.5546 0 0 0 
999000 3092 205.667 2112.0 0.825 2.5951 0 0 0 
