0 0 0.0 0.0 0.0 0.0 0 0 0 0.0 0.000283 0.0 0.0 
10000 12 163.103 -1.0 -0.023 0.4606 0 0 0 0.0 -0.0324947 0.0 -0.0038046 
20000 25 313.504 1.0 0.016 0.9228 0 0 0 0.0 0.0217316 0.0 0.1002215 
30000 77 248.281 -31.0 -0.376 1.5597 0 0 0 0.001411 -0.0161372 0.0004217 -0.0792946 
40000 87 381.971 -32.0 -0.327 2.8671 0 0 0 0.0011193 -0.1064229 0.0002589 -0.1330569 
50000 98 494.311 -31.0 -0.243 3.9712 0 0 0 0.0009175 0.000477 0.0001777 0.1330968 
60000 108 586.815 -31.0 -0.198 4.7997 0 0 0 0.0007061 -0.0482257 0.0001163 0.1196866 
70000 118 662.398 -31.0 -0.162 5.481 0 0 0 0.0006507 0.0437206 9.31e-05 0.0795617 
80000 128 724.154 -31.0 -0.132 6.0371 0 0 0 0.0005748 0.308484 6.59e-05 0.056817 
90000 138 774.614 -31.0 -0.108 6.4967 0 0 0 0.0005274 -0.0527526 4.7e-05 0.0942696 
100000 148 805.498 -30.0 -0.071 6.7835 0 0 0 0.0004963 -0.0555647 3.57e-05 -0.0001509 
110000 211 385.388 -81.0 -0.56 3.2794 0 0 0 0.0006474 -0.0540416 4.6e-05 -0.0976789 
120000 385 48.346 -203.0 -0.709 0.4258 0 0 0 0.0007775 -0.0203022 4.56e-05 0.001128 
130000 426 191.065 -234.0 -0.703 1.6462 0 0 0 0.0006966 0.1565261 3.5e-05 0.1222541 
140000 437 331.98 -236.0 -0.598 2.8479 0 0 0 0.000703 -0.0950563 3.03e-05 -0.0762139 
150000 452 413.053 -231.0 -0.349 3.556 0 0 0 0.0008009 -0.0921531 3.27e-05 -0.0282656 
160000 469 465.395 -230.0 -0.232 4.0584 0 0 0 0.0007988 -0.0485237 2.93e-05 0.0319813 
170000 510 352.429 -239.0 -0.162 3.0976 0 0 0 0.0008433 -0.0161209 2.65e-05 -0.0219458 
180000 529 397.906 -230.0 0.04 3.5183 0 0 0 0.0008761 0.0145861 2.38e-05 0.1006989 
190000 559 355.015 -208.0 0.361 3.1719 0 0 0 0.0008721 -0.0181948 2.59e-05 0.0481306 
200000 603 268.716 -212.0 0.015 2.3909 0 0 0 0.0008923 -0.061808 2.12e-05 -0.139891 
210000 688 150.726 -234.0 -0.202 1.3541 0 0 0 0.0008229 -0.0260013 1.94e-05 -0.042261 
220000 765 141.97 -252.0 -0.12 1.2813 0 0 0 0.000733 0.0511961 1.55e-05 0.1051011 
230000 839 128.653 -201.0 0.522 1.1634 0 0 0 0.0006572 -0.0621235 1.11e-05 0.0206864 
240000 915 126.795 -137.0 0.796 1.1423 0 0 0 0.0006561 0.0155207 1.21e-05 0.0338216 
250000 979 145.431 -86.0 0.798 1.3139 0 0 0 0.0006282 -0.029642 9.2e-06 0.0794394 
260000 1090 101.064 -15.0 0.644 0.918 0 0 0 0.0006261 -0.0503342 1.13e-05 0.0103378 
270000 1201 88.961 60.0 0.73 0.8083 0 0 0 0.0006021 0.0044794 1.13e-05 0.0049172 
280000 1292 103.743 95.0 0.424 0.9374 0 0 0 0.0005939 0.0134618 8.6e-06 -0.0217185 
290000 1412 83.886 107.0 0.252 0.7564 0 0 0 0.0005658 0.0038993 7.4e-06 0.0403847 
300000 1535 77.316 133.0 0.172 0.7039 0 0 0 0.0005461 0.0496142 1.04e-05 -0.0075273 
310000 1660 85.326 166.0 0.192 0.7786 0 0 0 0.0005192 -0.0491515 8.4e-06 0.0052938 
320000 1807 68.623 221.0 0.419 0.6279 0 0 0 0.0004912 -0.0259665 8.9e-06 -0.0020641 
330000 1945 73.701 273.0 0.312 0.6671 0 0 0 0.0004787 0.0403893 5.6e-06 -0.0573814 
340000 2099 63.758 345.0 0.518 0.5824 0 0 0 0.0004506 0.1205266 6.7e-06 0.0772366 
350000 2261 64.932 410.0 0.45 0.5887 0 0 0 0.0004325 0.0162072 5.3e-06 -0.0123999 
360000 2425 58.445 514.0 0.559 0.5385 0 0 0 0.0004061 0.0218979 5.3e-06 -0.0777322 
370000 2563 63.227 576.0 0.549 0.5763 0 0 0 0.0003868 -0.0023077 5.2e-06 -0.003776 
380000 2692 89.863 668.0 0.785 0.8203 0 0 0 0.0004926 0.0170873 7.9e-06 -0.0157568 
390000 2739 162.634 654.0 0.104 1.4548 0 0 0 0.0005599 -0.0682851 6.7e-06 -0.1036482 
400000 2792 168.602 674.0 0.334 1.503 0 0 0 0.0006066 -0.0008868 8.4e-06 -0.0431574 
410000 2900 101.27 709.0 0.227 0.9257 0 0 0 0.0006008 -0.0003417 7.3e-06 -0.085844 
420000 3043 77.178 802.0 0.792 0.6958 0 0 0 0.0005958 0.0638743 7.9e-06 0.0420417 
430000 3203 63.694 954.0 0.923 0.5819 0 0 0 0.0006152 -0.0390032 6.5e-06 -0.0700476 
440000 3419 46.501 1162.0 0.972 0.4184 0 0 0 0.0006454 -0.0292729 1.07e-05 -0.072145 
450000 3540 80.573 1274.0 0.948 0.7281 0 0 0 0.0006517 0.0024957 6.4e-06 0.0453427 
460000 3593 127.791 1321.0 0.926 1.1373 0 0 0 0.0006891 -0.0363354 6.5e-06 -0.0862834 
470000 3810 42.808 1538.0 0.999 0.4017 0 0 0 0.000674 0.065602 8.3e-06 0.0346165 
480000 4041 44.713 1769.0 1.0 0.4051 0 0 0 0.0006618 0.0050954 6.1e-06 0.0019608 
490000 4290 38.236 2018.0 1.0 0.3443 0 0 0 0.000638 0.0209099 5.8e-06 0.0377285 
500000 4537 42.25 2265.0 1.0 0.388 0 0 0 0.0006416 0.0015887 7.6e-06 -0.052731 
510000 4744 43.457 2454.0 0.98 0.4002 0 0 0 0.0006222 0.0212118 9.5e-06 -0.0373514 
520000 4971 43.661 2681.0 1.0 0.3994 0 0 0 0.0006112 0.0920868 5.9e-06 -0.0359289 
530000 5193 48.646 2899.0 0.995 0.4567 0 0 0 0.0006223 0.0261151 7e-06 -0.0157709 
540000 5361 47.433 3066.0 0.998 0.4365 0 0 0 0.0005689 0.0072601 5.7e-06 0.0079873 
550000 5597 39.183 3298.0 0.944 0.364 0 0 0 0.0005741 -0.0451004 3.4e-06 0.0191692 
560000 5843 41.749 3544.0 1.0 0.3877 0 0 0 0.0005727 0.0132298 4.6e-06 -0.0492558 
570000 6098 40.219 3797.0 0.988 0.3702 0 0 0 0.0005601 -0.0494151 4.1e-06 0.0325046 
580000 6282 57.327 3969.0 0.965 0.5203 0 0 0 0.0005615 0.0145979 1.02e-05 0.0299116 
590000 6459 55.401 4146.0 0.999 0.5125 0 0 0 0.0005442 -0.0696375 3.8e-06 -0.0163569 
600000 6663 47.927 4348.0 0.975 0.4408 0 0 0 0.0005485 -0.0440594 3.5e-06 0.0701816 
610000 6875 45.811 4556.0 0.966 0.4158 0 0 0 0.0005425 0.0147671 3.9e-06 0.0338887 
620000 7059 60.441 4737.0 0.958 0.5458 0 0 0 0.0005253 -0.0018607 4.4e-06 -0.0700267 
630000 7313 37.494 4991.0 1.0 0.3455 0 0 0 0.0004907 -0.0149066 4.1e-06 0.0139961 
640000 7536 43.586 5206.0 0.978 0.4 0 0 0 0.0004823 -0.0379309 4.6e-06 -0.0484946 
650000 7761 47.699 5429.0 0.999 0.4437 0 0 0 0.0004677 0.0294009 3.2e-06 -0.028443 
660000 8013 35.787 5673.0 0.964 0.3364 0 0 0 0.0004474 -0.0332589 4.3e-06 -0.0119516 
670000 8265 39.06 5919.0 0.997 0.3645 0 0 0 0.000426 -0.0214926 4.5e-06 -0.0087724 
680000 8506 47.634 6153.0 0.901 0.4448 0 0 0 0.0004113 -0.0007389 5e-06 0.0338154 
690000 8704 45.584 6303.0 0.828 0.4161 0 0 0 0.0004025 -0.0215025 6.6e-06 -0.044906 
700000 8809 102.622 6374.0 0.578 0.9346 0 0 0 0.000402 0.0063322 2.7e-06 0.068418 
710000 8988 46.269 6546.0 0.982 0.4278 0 0 0 0.0003912 -0.041225 3.4e-06 -0.0153727 
720000 9161 57.415 6706.0 0.917 0.525 0 0 0 0.0003917 -0.0851012 7.1e-06 0.0475139 
730000 9413 38.664 6958.0 0.999 0.3587 0 0 0 0.0003852 0.0171443 2.7e-06 0.0363409 
740000 9661 39.202 7202.0 0.992 0.36 0 0 0 0.0003915 -0.0236768 7.4e-06 -0.0236711 
750000 9877 42.867 7414.0 0.966 0.3986 0 0 0 0.000392 -0.0145575 3.6e-06 0.0077136 
760000 10102 43.862 7637.0 0.999 0.4132 0 0 0 0.0003947 -0.0185631 2.3e-06 0.0101154 
770000 10306 55.077 7821.0 0.852 0.5017 0 0 0 0.0004011 -0.0347758 2.3e-06 -0.0363622 
780000 10491 53.569 8002.0 0.963 0.4937 0 0 0 0.0003959 -0.0453498 3.8e-06 0.0008422 
790000 10653 69.07 8134.0 0.622 0.6272 0 0 0 0.0004061 -0.048276 2.6e-06 0.0019127 
800000 10765 81.922 8209.0 0.645 0.7451 0 0 0 0.0003865 -0.0267716 2.2e-06 0.0414666 
810000 10921 63.746 8331.0 0.766 0.5792 0 0 0 0.0003978 0.001495 3.4e-06 -0.0285264 
820000 11095 64.721 8501.0 0.921 0.5932 0 0 0 0.0004034 0.090997 1.7e-06 -0.0891966 
830000 11263 47.635 8662.0 0.962 0.4408 0 0 0 0.0004014 0.0096308 3.8e-06 0.0130498 
840000 11475 45.113 8874.0 0.999 0.4234 0 0 0 0.0004106 0.0097746 2.9e-06 0.0088817 
850000 11686 52.024 9085.0 1.0 0.4792 0 0 0 0.0003996 -0.0217401 9.4e-06 0.0349585 
860000 11863 50.51 9255.0 0.967 0.4625 0 0 0 0.0003999 -0.0721453 2.8e-06 0.0585229 
870000 12022 55.623 9412.0 0.99 0.5129 0 0 0 0.0004069 0.0075443 4.9e-06 -0.0050818 
880000 12234 51.94 9624.0 1.0 0.476 0 0 0 0.000408 -0.0536019 2.3e-06 -0.014247 
890000 12425 57.697 9815.0 1.0 0.5301 0 0 0 0.000406 0.0752477 6.6e-06 0.0002249 
900000 12605 49.403 9989.0 0.969 0.4539 0 0 0 0.0004064 0.0655763 3.5e-06 -0.0334941 
910000 12810 44.431 10192.0 0.994 0.4141 0 0 0 0.0003947 -0.0288677 1.9e-06 0.0240677 
920000 13033 46.36 10411.0 0.987 0.4324 0 0 0 0.0003978 -0.0201276 6.2e-06 0.0088054 
930000 13219 59.309 10597.0 1.0 0.5514 0 0 0 0.000403 -0.020507 2.5e-06 0.0017979 
940000 13438 43.647 10813.0 0.991 0.4073 0 0 0 0.0003942 -0.0421586 2.6e-06 0.0274376 
950000 13662 41.103 11036.0 0.996 0.3805 0 0 0 0.0003951 -0.1107581 2.9e-06 0.1448929 
960000 13875 41.334 11248.0 0.999 0.3899 0 0 0 0.0003824 0.0418426 1.7e-06 0.0121983 
970000 14116 41.952 11487.0 0.984 0.3946 0 0 0 0.0003679 -0.0439908 4.6e-06 -0.0378677 
980000 14352 45.195 11721.0 0.999 0.4219 0 0 0 0.0003689 -0.0189786 5.8e-06 -0.0174867 
990000 14571 50.845 11935.0 0.97 0.4711 0 0 0 0.0003548 -0.0086421 2.6e-06 -0.0083354 
