0 0 0.0 0.0 0.0 0.0 0 0 0 0.0 0.0001114 0.0 0.0 
10000 10 171.303 -1.0 -0.018 0.4904 0 0 0 0.0 0.0093936 0.0 -0.0577705 
20000 20 322.894 -1.0 -0.015 0.8893 0 0 0 0.0 -0.008165 0.0 0.033679 
30000 122 171.223 -73.0 -0.528 1.2574 0 0 0 0.0012925 -0.0134347 0.0004668 0.0592053 
40000 194 160.852 -129.0 -0.715 1.3765 0 0 0 0.0010048 0.0048125 0.0003072 0.0796701 
50000 204 314.355 -129.0 -0.584 2.764 0 0 0 0.0010558 -0.0947958 0.0002213 0.0917865 
60000 214 439.778 -129.0 -0.477 3.8656 0 0 0 0.0009439 0.1348117 0.0001641 0.056231 
70000 224 542.258 -129.0 -0.39 4.7673 0 0 0 0.0008536 -0.0266766 0.0001203 0.1048383 
80000 234 625.991 -129.0 -0.319 5.506 0 0 0 0.0007712 -0.0323222 8.97e-05 0.1031851 
90000 244 694.408 -129.0 -0.26 6.0943 0 0 0 0.0007041 0.0147418 6.89e-05 0.1370515 
100000 255 732.837 -129.0 -0.208 6.4458 0 0 0 0.0008847 -0.0983113 5.67e-05 0.0185289 
110000 269 728.956 -132.0 -0.206 6.4232 0 0 0 0.0009783 0.0150257 4.48e-05 -0.0256252 
120000 279 778.537 -132.0 -0.168 6.8841 0 0 0 0.0010758 -0.0637429 4.76e-05 -0.1350426 
130000 374 183.682 -201.0 -0.62 1.6458 0 0 0 0.0010297 -0.1019421 3.82e-05 0.1223916 
140000 394 290.023 -210.0 -0.57 2.5885 0 0 0 0.0010984 0.1105736 3.43e-05 0.1384437 
150000 409 387.247 -219.0 -0.578 3.4547 0 0 0 0.0011387 0.0186734 2.93e-05 0.0677182 
160000 452 313.159 -250.0 -0.658 2.7729 0 0 0 0.001214 -0.0551388 2.89e-05 -0.1025058 
170000 462 438.801 -250.0 -0.538 3.8937 0 0 0 0.0012436 -0.0227238 2.64e-05 0.0138008 
180000 479 493.946 -254.0 -0.443 4.3984 0 0 0 0.0013443 -0.0386894 2.68e-05 0.0762452 
190000 549 219.754 -307.0 -0.688 1.9704 0 0 0 0.0014253 0.0557082 2.54e-05 0.1156132 
200000 564 334.9 -304.0 -0.449 3.0101 0 0 0 0.0014304 -0.1458883 2.42e-05 0.0478703 
210000 595 327.264 -295.0 -0.126 2.9547 0 0 0 0.0013686 0.0567209 2.3e-05 -0.0886509 
220000 621 352.365 -283.0 0.094 3.202 0 0 0 0.0013314 0.0122522 2.06e-05 0.112465 
230000 658 301.713 -271.0 0.208 2.7533 0 0 0 0.0013097 -0.0481211 1.79e-05 -0.0116396 
240000 691 302.281 -261.0 0.258 2.7439 0 0 0 0.0012297 -0.042299 1.72e-05 -0.102529 
250000 736 244.604 -260.0 0.13 2.2193 0 0 0 0.001196 0.0154376 1.78e-05 -0.0183702 
260000 827 137.086 -270.0 -0.041 1.2471 0 0 0 0.0012121 0.0013556 1.41e-05 -0.0846034 
270000 911 131.992 -235.0 0.288 1.2036 0 0 0 0.0011823 -0.0517232 1.24e-05 -0.0321253 
280000 998 112.275 -189.0 0.567 1.0325 0 0 0 0.0011646 -0.0219329 1.2e-05 -0.1197367 
290000 1104 98.959 -123.0 0.653 0.9088 0 0 0 0.0011257 -0.0145414 1.18e-05 -0.0150969 
300000 1225 86.149 -65.0 0.566 0.7855 0 0 0 0.0010546 -0.0036269 1.24e-05 0.0573537 
310000 1341 89.949 -18.0 0.455 0.8314 0 0 0 0.0010347 -0.0214846 1.02e-05 0.0034273 
320000 1485 73.083 91.0 0.747 0.6724 0 0 0 0.0010062 0.0289135 1.09e-05 -0.0289439 
330000 1620 67.911 193.0 0.8 0.6201 0 0 0 0.0009795 0.0013886 9.9e-06 0.0238564 
340000 1801 43.959 355.0 0.906 0.4035 0 0 0 0.0009472 -0.0250842 8e-06 0.0213332 
350000 1961 65.527 508.0 0.971 0.6058 0 0 0 0.0009088 0.0599074 8.2e-06 0.0145632 
360000 2160 53.395 702.0 0.989 0.4971 0 0 0 0.0008378 -0.0225753 6.3e-06 -0.0034356 
370000 2340 57.641 882.0 1.0 0.5259 0 0 0 0.0007998 0.0236956 7.2e-06 0.0115412 
380000 2572 49.688 1108.0 0.939 0.4586 0 0 0 0.0007443 0.0069278 5.9e-06 -0.0278215 
390000 2804 42.112 1338.0 0.999 0.3928 0 0 0 0.0006867 0.0237598 5.3e-06 0.0214002 
400000 3039 43.976 1573.0 1.0 0.4008 0 0 0 0.0006354 -0.0088591 5.4e-06 -0.0436524 
410000 3302 38.0 1834.0 0.998 0.3486 0 0 0 0.0006167 -0.0481669 4.7e-06 0.0932663 
420000 3503 54.487 2033.0 0.983 0.5054 0 0 0 0.0006156 -0.0281555 7.2e-06 -0.0263819 
430000 3743 41.658 2269.0 0.998 0.3856 0 0 0 0.0006309 -0.0081597 7.1e-06 0.0486419 
440000 3984 40.733 2508.0 1.0 0.3633 0 0 0 0.0006279 -0.038135 1.08e-05 -0.0325903 
450000 4225 40.454 2749.0 1.0 0.3803 0 0 0 0.0006153 0.0653871 4.9e-06 0.0312084 
460000 4472 41.591 2994.0 0.997 0.387 0 0 0 0.0005864 -0.0263099 4.8e-06 0.0148316 
470000 4657 54.596 3176.0 0.994 0.5083 0 0 0 0.0005722 -0.0091251 5e-06 -0.0401714 
480000 4868 40.627 3387.0 1.0 0.3731 0 0 0 0.0005508 -0.0468065 3.2e-06 -0.059197 
490000 5098 41.709 3613.0 0.995 0.3867 0 0 0 0.0005632 -0.0788774 3.2e-06 -0.0257795 
500000 5302 50.667 3812.0 0.993 0.4663 0 0 0 0.0005375 -0.0412432 3.4e-06 0.0293182 
510000 5513 50.048 4016.0 0.986 0.4604 0 0 0 0.0005079 0.0542401 3.1e-06 0.0034379 
520000 5735 45.918 4236.0 0.999 0.4241 0 0 0 0.0004942 -0.0588805 3.5e-06 -0.0777624 
530000 5963 39.318 4462.0 0.99 0.3662 0 0 0 0.0004749 -0.0280591 2.9e-06 -0.0186945 
540000 6215 38.405 4712.0 0.998 0.3345 0 0 0 0.0004615 -0.0326238 5.9e-06 0.0051498 
550000 6416 46.064 4913.0 1.0 0.4254 0 0 0 0.0004447 -0.0588921 4.6e-06 -0.0884453 
560000 6625 46.689 5120.0 0.991 0.4412 0 0 0 0.0004398 -0.0560119 2.4e-06 0.0175464 
570000 6826 41.682 5319.0 0.998 0.3925 0 0 0 0.000431 -0.0385304 1e-05 -0.0457197 
580000 7070 39.984 5557.0 0.956 0.3702 0 0 0 0.0004219 -0.0829647 3.2e-06 -0.0015567 
590000 7281 44.66 5762.0 0.981 0.4069 0 0 0 0.0004141 0.0326142 5.9e-06 0.0336033 
600000 7512 44.199 5989.0 0.997 0.4112 0 0 0 0.0004085 0.0215085 3.2e-06 0.0217006 
610000 7734 42.356 6207.0 0.982 0.3952 0 0 0 0.0004074 -0.0154006 3.7e-06 0.0142752 
620000 7941 44.553 6413.0 0.998 0.3969 0 0 0 0.0004024 0.0704592 5.7e-06 0.0082661 
630000 8165 45.709 6633.0 0.963 0.4287 0 0 0 0.0003891 -0.0209867 5.5e-06 0.0439128 
640000 8379 45.48 6831.0 0.885 0.4191 0 0 0 0.0003899 0.03715 1.9e-06 0.0899965 
650000 8492 74.697 6916.0 0.886 0.6981 0 0 0 0.0003968 0.0023402 2.3e-06 -0.0905508 
660000 8675 64.937 7091.0 0.934 0.5889 0 0 0 0.0003835 0.121739 4e-06 -0.0210892 
670000 8852 61.693 7253.0 0.865 0.5646 0 0 0 0.0003871 -0.055258 2.2e-06 -0.0127652 
680000 9010 71.633 7401.0 0.962 0.664 0 0 0 0.0003933 0.0124448 1.7e-06 -0.034438 
690000 9223 46.381 7606.0 0.988 0.4298 0 0 0 0.0003922 -0.0200259 4e-06 0.0180165 
700000 9407 57.39 7772.0 0.856 0.5233 0 0 0 0.0003829 0.04547 1.5e-06 -0.0603705 
710000 9613 45.641 7969.0 0.97 0.4202 0 0 0 0.0003721 -0.0240092 2e-06 -0.0483861 
720000 9861 40.74 8217.0 1.0 0.3774 0 0 0 0.0003707 0.0390718 2.2e-06 0.0380699 
730000 10072 47.348 8421.0 0.959 0.4428 0 0 0 0.0003776 -0.0288358 3.5e-06 -0.0118092 
740000 10256 50.231 8603.0 0.984 0.4668 0 0 0 0.000366 0.2614929 2.2e-06 0.0346425 
750000 10488 44.83 8833.0 0.999 0.417 0 0 0 0.0003836 -0.0180773 2.4e-06 4.76e-05 
760000 10682 51.83 9019.0 0.949 0.4837 0 0 0 0.0003762 -0.0158522 4.4e-06 -0.0014709 
770000 10884 50.327 9215.0 0.975 0.474 0 0 0 0.0003756 -0.0319078 1.8e-06 0.0101095 
780000 11062 48.462 9384.0 0.944 0.4479 0 0 0 0.0003694 0.0498688 2.2e-06 0.0005474 
790000 11249 51.258 9564.0 0.971 0.4746 0 0 0 0.0003717 0.0222315 9.3e-06 0.0021785 
800000 11437 52.08 9751.0 0.999 0.4779 0 0 0 0.00036 0.0948658 3.1e-06 0.0081222 
810000 11616 51.933 9925.0 0.961 0.4797 0 0 0 0.0003632 0.0039851 2.4e-06 -0.0003185 
820000 11808 45.645 10113.0 0.981 0.4269 0 0 0 0.0003654 0.1746025 1.9e-06 -0.0189146 
830000 12011 52.049 10314.0 0.986 0.4892 0 0 0 0.0003447 -0.0006194 3.9e-06 -0.0367905 
840000 12212 52.822 10513.0 0.983 0.4819 0 0 0 0.0003442 -0.0357783 1.9e-06 0.0217848 
850000 12411 42.822 10710.0 0.999 0.3954 0 0 0 0.0003373 -0.1222489 2.9e-06 0.107904 
860000 12612 51.261 10904.0 0.919 0.4849 0 0 0 0.0003378 0.0106102 2e-06 -0.034787 
870000 12823 46.783 11101.0 0.937 0.4306 0 0 0 0.0003184 -0.0516445 1.6e-06 0.0377122 
880000 13036 51.293 11312.0 0.959 0.4731 0 0 0 0.0003146 0.0402203 3.7e-06 -0.0830054 
890000 13241 50.27 11514.0 0.993 0.4682 0 0 0 0.00031 0.1685212 2.2e-06 0.0108286 
900000 13451 40.579 11721.0 0.992 0.3754 0 0 0 0.0002981 -0.0126444 4.9e-06 0.0175191 
910000 13659 43.863 11920.0 0.984 0.3997 0 0 0 0.0002872 -0.0349212 1.8e-06 0.0059972 
920000 13890 41.377 12145.0 0.991 0.3879 0 0 0 0.0002938 -0.0009406 1.16e-05 0.0438076 
930000 14123 40.633 12375.0 0.994 0.3759 0 0 0 0.0002735 -0.0310984 1.8e-06 0.0135067 
940000 14335 54.001 12582.0 0.972 0.4976 0 0 0 0.0002692 0.1403317 2.1e-06 0.0139282 
950000 14541 43.892 12787.0 0.998 0.4064 0 0 0 0.0002675 -0.0421894 3.4e-06 -0.0057548 
960000 14770 47.877 13014.0 0.997 0.4414 0 0 0 0.000253 0.0514731 3.1e-06 -0.0128717 
970000 14991 44.568 13234.0 0.999 0.4149 0 0 0 0.0002429 0.0071396 6e-07 0.0024068 
980000 15240 39.4 13483.0 1.0 0.3639 0 0 0 0.0002257 0.0577052 8e-07 0.011978 
990000 15453 39.983 13694.0 0.999 0.3697 0 0 0 0.0002299 -0.046204 1e-06 -0.0165239 
