0 0 0.0 0.0 0.0 0.0 0 0.0 0.0 
10000 45 130.908 398.0 5.109 0.459 15 7530.0 374.5276 
20000 90 183.822 733.0 6.469 0.6453 30 13960.0 433.641 
30000 135 209.961 1060.0 7.193 0.7375 45 19690.0 420.6063 
40000 183 209.562 1465.0 7.867 1.5553 61 25770.0 405.1673 
50000 229 213.612 1945.0 9.326 2.0927 76 33170.0 451.9273 
60000 275 218.309 2517.0 11.23 2.3418 91 41670.0 522.2782 
70000 324 204.674 3091.0 11.095 2.2695 108 50740.0 552.381 
80000 372 204.061 3713.0 12.131 2.2963 124 59620.0 528.155 
90000 414 225.543 4460.0 15.364 2.5507 138 70420.0 700.4439 
100000 459 224.818 5269.0 17.036 2.5484 153 86950.0 978.2434 
110000 501 231.262 6164.0 19.255 2.6243 167 100180.0 936.1034 
120000 540 246.558 7155.0 22.656 2.8004 180 116050.0 1233.919 
130000 576 263.3 8135.0 24.904 2.9926 192 132090.0 1347.816 
140000 612 272.88 9194.0 27.369 3.1027 204 151990.0 1599.3827 
150000 648 275.671 10261.0 28.852 3.135 216 171190.0 1610.989 
160000 686 268.086 11315.0 28.364 3.0488 228 187770.0 1361.0698 
170000 724 261.753 12439.0 28.595 2.9755 241 211840.0 1615.6782 
180000 759 272.847 13481.0 28.346 3.101 253 228730.0 1535.0356 
190000 801 255.006 14606.0 28.206 2.8987 267 247560.0 1455.1087 
200000 838 261.456 15816.0 30.383 2.9687 279 269490.0 1644.5771 
210000 876 265.121 16951.0 30.647 3.011 292 289350.0 1699.7295 
220000 914 266.642 18164.0 31.222 3.0302 304 310770.0 1757.5247 
230000 954 255.809 19418.0 31.007 2.9087 318 330170.0 1457.4635 
240000 990 262.244 20630.0 31.439 2.9829 330 351370.0 1631.543 
250000 1028 265.158 21958.0 34.085 3.0339 342 371360.0 1673.145 
260000 1066 257.048 23183.0 31.862 2.9316 355 393890.0 1620.0218 
270000 1102 266.614 24406.0 32.923 3.0345 367 416110.0 1797.7993 
280000 1136 281.637 25548.0 33.538 3.204 378 443060.0 2226.7752 
290000 1170 284.047 26723.0 33.806 3.2323 390 465140.0 2082.4811 
300000 1204 284.664 28005.0 34.784 3.2408 401 489540.0 2034.3538 
310000 1240 280.432 29218.0 34.537 3.1899 413 508880.0 1683.5182 
320000 1277 274.634 30480.0 34.349 3.1216 425 532420.0 1750.5138 
330000 1313 278.993 31756.0 35.123 3.1719 437 554740.0 1888.3471 
340000 1354 255.485 33048.0 32.389 2.9046 451 577870.0 1684.1331 
350000 1388 271.784 34267.0 33.89 3.0891 462 601230.0 1907.645 
360000 1429 255.096 35546.0 32.21 2.8987 476 625470.0 1721.1819 
370000 1462 281.787 36788.0 35.244 3.2019 487 647640.0 1954.7533 
380000 1499 271.402 37970.0 33.479 3.0868 499 668320.0 1648.2982 
390000 1536 269.968 39210.0 32.771 3.0717 512 690590.0 1801.1803 
400000 1573 269.5 40534.0 34.238 3.0646 524 714420.0 1952.4874 
410000 1614 261.815 41842.0 33.955 2.9764 538 734270.0 1605.5807 
420000 1647 272.576 43093.0 34.393 3.0976 549 759000.0 1912.3896 
430000 1678 300.881 44310.0 37.792 3.4185 559 781640.0 2069.6203 
440000 1715 285.113 45665.0 37.432 3.2389 571 805670.0 2133.352 
450000 1747 298.893 46901.0 38.171 3.396 582 826000.0 1960.3973 
460000 1779 304.977 48165.0 38.249 3.4658 593 847210.0 1991.9036 
470000 1815 290.49 49470.0 37.262 3.3037 605 870480.0 1976.6922 
480000 1852 275.266 50727.0 35.551 3.1306 617 893950.0 1695.3016 
490000 1888 279.654 52008.0 35.675 3.1777 629 914720.0 1816.4602 
500000 1920 297.71 53220.0 37.066 3.3825 640 937070.0 2038.7827 
510000 1954 295.518 54540.0 37.607 3.3586 651 960830.0 2077.6817 
520000 1992 276.97 55861.0 36.068 3.1501 664 982100.0 1815.2007 
530000 2027 283.795 57167.0 36.983 3.2279 675 1004920.0 1901.3271 
540000 2061 290.399 58442.0 37.386 3.303 687 1028200.0 2057.179 
550000 2094 290.998 59793.0 38.087 3.3086 698 1052600.0 2080.2639 
560000 2129 294.027 61066.0 38.322 3.3432 709 1074860.0 2027.2008 
570000 2165 283.487 62344.0 36.731 3.2243 721 1096170.0 1856.2516 
580000 2202 275.081 63559.0 34.389 3.1299 734 1116650.0 1649.3712 
590000 2237 285.505 64796.0 35.635 3.2492 745 1136910.0 1667.7088 
600000 2275 274.972 66147.0 35.684 3.1287 758 1160570.0 1844.245 
610000 2307 291.839 67355.0 36.726 3.3205 769 1182460.0 1986.0236 
620000 2346 270.855 68705.0 35.294 3.0819 782 1202350.0 1643.4547 
630000 2380 280.731 69961.0 35.616 3.1932 793 1222030.0 1692.894 
640000 2415 282.809 71251.0 36.464 3.2182 805 1244320.0 1889.7 
650000 2450 281.93 72615.0 36.97 3.2078 816 1266250.0 1805.0103 
660000 2482 296.096 73874.0 38.586 3.3666 827 1287210.0 1930.9235 
670000 2517 291.355 75215.0 38.274 3.3107 839 1310840.0 1980.3946 
680000 2553 284.129 76495.0 36.689 3.2305 851 1333030.0 1907.1884 
690000 2590 276.725 77872.0 36.239 3.1462 863 1355160.0 1847.5242 
700000 2624 289.397 79153.0 37.737 3.288 874 1377400.0 2006.7767 
710000 2655 304.989 80361.0 38.255 3.4623 885 1396840.0 1955.4302 
720000 2686 315.386 81607.0 39.324 3.5784 895 1419980.0 2127.2162 
730000 2719 310.335 82838.0 38.789 3.526 906 1441020.0 2079.3302 
740000 2751 311.256 83999.0 37.782 3.5378 917 1462890.0 2142.8814 
750000 2784 305.681 85331.0 38.288 3.4756 928 1484900.0 2027.2137 
760000 2817 299.188 86658.0 38.337 3.4035 939 1508250.0 1998.7326 
770000 2852 294.972 87943.0 38.526 3.354 950 1529940.0 1910.6978 
780000 2887 285.471 89278.0 37.533 3.2463 962 1552210.0 1915.5869 
790000 2920 294.56 90566.0 38.5 3.35 973 1574430.0 1999.4508 
800000 2953 299.104 91869.0 39.048 3.4006 984 1597960.0 2144.8391 
810000 2988 290.456 93197.0 38.825 3.3039 996 1619290.0 1922.4949 
820000 3025 279.188 94602.0 38.106 3.1753 1008 1642730.0 1893.0181 
830000 3058 290.326 95935.0 39.376 3.2994 1019 1665540.0 1970.2671 
840000 3090 293.539 97263.0 39.097 3.3357 1030 1687990.0 1981.2447 
850000 3126 291.057 98550.0 38.481 3.3065 1042 1711290.0 2010.0886 
860000 3161 288.372 99929.0 38.814 3.2761 1053 1739850.0 2179.0027 
870000 3194 295.389 101248.0 39.514 3.3552 1064 1764410.0 2175.5209 
880000 3227 300.235 102537.0 39.416 3.4115 1075 1785930.0 2030.6041 
890000 3259 304.975 103860.0 40.377 3.4643 1086 1807230.0 1936.6497 
900000 3294 293.22 105167.0 38.613 3.3308 1098 1828300.0 1888.1296 
910000 3331 281.462 106537.0 37.968 3.1984 1110 1850260.0 1760.5566 
920000 3366 282.774 107843.0 37.324 3.2121 1122 1871630.0 1816.668 
930000 3399 290.597 109156.0 38.497 3.3011 1133 1893680.0 1975.2889 
940000 3432 295.484 110439.0 37.967 3.3577 1144 1918030.0 2031.2959 
950000 3468 286.451 111748.0 37.392 3.2556 1156 1942300.0 2024.6338 
960000 3502 289.282 113045.0 38.063 3.2876 1167 1965490.0 2003.7848 
970000 3538 290.16 114297.0 37.195 3.3029 1179 1986620.0 1748.4679 
980000 3571 294.745 115638.0 38.919 3.3613 1190 2010500.0 2121.3716 
990000 3603 304.015 116826.0 38.135 3.471 1201 2030700.0 2046.9869 
1000000 3636 303.717 118121.0 38.456 3.4596 1212 2052560.0 2029.1649 
1010000 3669 301.328 119483.0 38.893 3.4306 1223 2074440.0 1986.7245 
1020000 3706 288.04 120747.0 36.811 3.2786 1235 2097320.0 1984.4847 
1030000 3741 287.546 122031.0 36.87 3.2744 1247 2117230.0 1834.9124 
1040000 3774 299.397 123364.0 38.973 3.4139 1258 2138910.0 2002.2893 
1050000 3806 304.206 124725.0 40.463 3.4712 1268 2162310.0 2080.3669 
1060000 3842 292.214 126094.0 39.556 3.3369 1280 2184810.0 1915.3806 
1070000 3878 285.733 127520.0 39.648 3.2647 1292 2209400.0 1989.8303 
1080000 3912 288.899 128844.0 39.23 3.3022 1304 2232900.0 2127.5846 
1090000 3945 291.662 130232.0 39.355 3.3338 1315 2260130.0 2460.0743 
1100000 3982 282.378 131610.0 38.656 3.2275 1327 2283370.0 2029.6912 
1110000 4017 282.906 132979.0 38.716 3.2313 1339 2307030.0 2026.087 
1120000 4048 305.596 134229.0 40.138 3.4862 1349 2327660.0 1985.1977 
1130000 4081 304.111 135531.0 39.836 3.4712 1360 2347020.0 1883.5112 
1140000 4114 304.49 136811.0 39.442 3.4774 1371 2366710.0 1864.1276 
1150000 4149 293.518 138193.0 38.993 3.3534 1383 2391260.0 2115.31 
1160000 4182 297.44 139508.0 39.12 3.3961 1394 2410980.0 1883.5344 
1170000 4214 306.522 140799.0 40.251 3.4935 1404 2430700.0 1809.7998 
1180000 4245 311.46 142078.0 40.182 3.5443 1415 2452910.0 2059.7243 
1190000 4281 292.204 143441.0 38.597 3.325 1427 2474790.0 1857.0246 
1200000 4313 304.862 144747.0 40.301 3.4677 1437 2497610.0 1995.3944 
1210000 4346 294.409 146022.0 38.094 3.3487 1448 2523100.0 2204.3935 
1220000 4380 299.538 147343.0 38.947 3.4057 1460 2545220.0 2066.9034 
1230000 4414 297.53 148667.0 38.848 3.3837 1471 2569840.0 2024.218 
1240000 4447 298.863 149867.0 37.869 3.3992 1482 2590510.0 1898.739 
1250000 4485 280.325 151145.0 35.525 3.189 1495 2614290.0 1834.5053 
1260000 4524 262.998 152553.0 35.115 2.9913 1508 2637110.0 1648.3423 
1270000 4558 276.164 153905.0 36.548 3.1406 1519 2656540.0 1568.1795 
1280000 4593 281.96 155239.0 37.375 3.2063 1531 2684030.0 2194.3577 
1290000 4627 289.046 156540.0 37.809 3.2871 1542 2706470.0 2112.9347 
1300000 4664 277.712 157824.0 36.393 3.1576 1554 2726480.0 1796.7084 
1310000 4698 287.663 159081.0 36.293 3.2694 1566 2747600.0 1858.7272 
1320000 4729 304.718 160355.0 38.664 3.4647 1576 2769900.0 2042.3062 
1330000 4764 290.116 161679.0 37.752 3.2991 1588 2791140.0 1874.9319 
1340000 4799 288.3 162945.0 37.293 3.2797 1599 2809110.0 1627.3305 
1350000 4835 284.955 164281.0 37.697 3.2408 1611 2830230.0 1754.2173 
1360000 4872 278.224 165601.0 36.735 3.165 1624 2849850.0 1682.1802 
1370000 4904 287.888 166867.0 37.309 3.2824 1634 2872760.0 1968.1805 
1380000 4936 303.501 168164.0 39.421 3.4653 1645 2895130.0 2094.3571 
1390000 4968 305.032 169416.0 38.301 3.4842 1656 2915760.0 1946.1214 
1400000 5002 305.991 170747.0 39.54 3.4952 1667 2936410.0 1950.9732 
1410000 5034 308.092 171984.0 39.144 3.5209 1678 2958190.0 1978.141 
1420000 5064 314.356 173239.0 39.152 3.5923 1688 2979630.0 2042.0174 
1430000 5099 305.996 174499.0 38.78 3.4974 1699 2998180.0 1744.5597 
1440000 5130 314.679 175721.0 39.09 3.5951 1710 3019690.0 2075.5569 
1450000 5163 303.899 177057.0 38.751 3.4746 1721 3041700.0 1891.8932 
1460000 5199 293.864 178366.0 37.808 3.36 1733 3061980.0 1823.7575 
1470000 5230 305.818 179625.0 39.609 3.4912 1743 3080640.0 1738.966 
1480000 5263 305.604 180888.0 39.322 3.4863 1754 3099510.0 1665.1523 
1490000 5298 295.466 182151.0 37.583 3.3727 1766 3123500.0 2022.4022 
1500000 5330 305.606 183426.0 38.863 3.4896 1776 3144010.0 1962.2466 
1510000 5362 310.594 184707.0 39.593 3.5479 1787 3163110.0 1852.5452 
1520000 5397 299.903 185965.0 37.997 3.4246 1799 3184610.0 1918.1356 
1530000 5427 314.094 187137.0 38.164 3.5788 1809 3205190.0 2052.8741 
1540000 5457 318.553 188332.0 38.548 3.6344 1819 3227900.0 2240.0295 
1550000 5489 312.907 189625.0 39.131 3.5723 1829 3252200.0 2149.8817 
1560000 5522 307.03 190867.0 38.538 3.5052 1840 3271940.0 1856.4808 
1570000 5553 314.157 192123.0 39.165 3.5828 1851 3291060.0 1850.1053 
1580000 5587 303.661 193486.0 39.297 3.4636 1862 3312290.0 1870.7629 
1590000 5620 305.733 194755.0 39.446 3.4914 1873 3334810.0 1978.0235 
1600000 5649 319.664 195950.0 39.927 3.6512 1883 3353880.0 2031.9448 
1610000 5680 321.957 197232.0 40.732 3.6769 1893 3377800.0 2155.5963 
1620000 5715 299.001 198595.0 38.682 3.4152 1905 3402400.0 2123.904 
1630000 5748 303.168 199806.0 38.32 3.463 1916 3422580.0 2012.0412 
1640000 5784 287.365 201167.0 37.716 3.2838 1928 3443780.0 1813.4109 
1650000 5817 291.073 202504.0 37.967 3.3261 1939 3465180.0 1776.6975 
1660000 5848 305.521 203767.0 39.561 3.4912 1949 3487300.0 2039.0881 
1670000 5881 298.137 205006.0 38.077 3.4073 1960 3508450.0 1947.1339 
1680000 5915 299.229 206268.0 38.284 3.4205 1971 3528240.0 1795.4778 
1690000 5950 293.487 207646.0 38.427 3.3544 1983 3548980.0 1761.9282 
1700000 5981 309.79 208848.0 38.987 3.5411 1993 3568010.0 1807.3067 
1710000 6012 308.745 210218.0 39.838 3.5197 2004 3588210.0 1841.0729 
1720000 6045 310.061 211495.0 40.386 3.5252 2015 3610770.0 2096.4707 
1730000 6075 313.871 212762.0 39.636 3.5684 2025 3631630.0 1954.7074 
1740000 6109 309.3 214057.0 40.298 3.5246 2036 3652220.0 1838.8723 
1750000 6144 294.35 215374.0 38.783 3.3587 2048 3672180.0 1792.4997 
1760000 6177 298.621 216715.0 39.499 3.4085 2059 3691620.0 1791.2576 
1770000 6211 296.944 218020.0 39.069 3.3906 2070 3716450.0 1962.4989 
1780000 6241 311.562 219283.0 40.032 3.559 2080 3738380.0 2107.6811 
1790000 6271 320.272 220553.0 41.017 3.6581 2090 3757900.0 2028.6731 
1800000 6303 316.502 221850.0 40.542 3.6167 2101 3779870.0 2003.5394 
1810000 6336 309.255 223159.0 40.163 3.534 2112 3800980.0 1966.9838 
1820000 6369 302.791 224506.0 39.408 3.4607 2123 3821590.0 1827.1025 
1830000 6403 304.0 225806.0 40.111 3.4741 2134 3842380.0 1840.9038 
1840000 6437 295.583 227134.0 39.61 3.3735 2145 3866770.0 2029.4947 
1850000 6471 293.281 228473.0 38.508 3.3436 2157 3887710.0 1887.3771 
1860000 6505 293.596 229774.0 38.643 3.3465 2168 3911270.0 1936.1535 
1870000 6540 291.055 231094.0 38.462 3.3227 2180 3932850.0 1966.9507 
1880000 6572 300.849 232387.0 39.683 3.4355 2190 3954660.0 1990.4361 
1890000 6603 305.331 233650.0 38.902 3.488 2201 3973090.0 1828.092 
1900000 6634 317.339 234922.0 40.883 3.6256 2211 3992160.0 1896.9505 
1910000 6669 300.804 236274.0 39.8 3.4288 2223 4013020.0 1822.4296 
1920000 6702 299.509 237647.0 39.867 3.4119 2234 4034800.0 1899.0969 
1930000 6736 300.111 238999.0 40.401 3.4223 2245 4055870.0 1890.1394 
1940000 6767 308.251 240311.0 41.213 3.5184 2255 4077580.0 2043.78 
1950000 6801 298.759 241684.0 40.123 3.4087 2267 4107010.0 2428.5088 
1960000 6836 296.6 243098.0 41.073 3.3838 2278 4130690.0 2145.8832 
1970000 6869 298.777 244447.0 40.915 3.4086 2289 4152190.0 2107.7842 
1980000 6905 288.717 245820.0 39.655 3.2923 2301 4172220.0 1794.0113 
1990000 6934 314.451 247091.0 41.044 3.5852 2311 4198430.0 2147.5935 
2000000 6969 302.109 248503.0 40.703 3.4435 2323 4222500.0 2214.6949 
2010000 6997 328.459 249747.0 42.997 3.7429 2332 4241460.0 2039.0794 
2020000 7030 314.248 250999.0 40.32 3.5844 2343 4262700.0 2158.2941 
2030000 7061 315.507 252310.0 41.038 3.5952 2353 4283850.0 2057.5033 
2040000 7096 301.328 253730.0 40.83 3.4383 2365 4306530.0 1997.6351 
2050000 7131 295.231 255059.0 39.65 3.3706 2377 4326800.0 1846.3402 
2060000 7166 285.845 256441.0 38.949 3.2645 2388 4346530.0 1736.9308 
2070000 7200 285.648 257834.0 38.854 3.2637 2400 4368520.0 1820.47 
2080000 7235 287.661 259151.0 39.182 3.2815 2411 4387490.0 1724.0286 
2090000 7266 299.346 260474.0 39.575 3.4172 2422 4406870.0 1751.4 
2100000 7297 315.366 261789.0 41.482 3.6011 2432 4428910.0 2019.4679 
2110000 7329 308.746 263056.0 39.244 3.527 2443 4447260.0 1712.0936 
2120000 7361 315.455 264322.0 40.912 3.6023 2453 4468170.0 1948.0468 
2130000 7393 313.327 265673.0 41.47 3.5795 2464 4488260.0 1905.0067 
2140000 7427 304.975 267046.0 41.281 3.4847 2475 4510360.0 1975.1596 
2150000 7459 303.524 268357.0 40.048 3.4679 2486 4531130.0 1873.4575 
2160000 7491 308.648 269678.0 41.011 3.5267 2497 4549100.0 1796.482 
2170000 7522 311.175 270914.0 39.875 3.5562 2507 4567010.0 1689.48 
2180000 7555 309.444 272201.0 39.916 3.5308 2518 4587550.0 1873.9078 
2190000 7584 319.89 273410.0 40.076 3.6446 2528 4603810.0 1722.0214 
2200000 7614 329.092 274628.0 40.641 3.7528 2538 4622680.0 1893.2801 
2210000 7647 316.103 275947.0 40.044 3.6068 2549 4644340.0 1934.0152 
2220000 7677 319.473 277209.0 40.232 3.6408 2559 4663950.0 1921.7478 
2230000 7708 322.075 278448.0 40.029 3.6739 2569 4681780.0 1781.7226 
2240000 7738 326.94 279652.0 39.835 3.7256 2579 4700820.0 1812.5857 
2250000 7774 302.151 280978.0 38.536 3.4397 2591 4721810.0 1867.1503 
2260000 7803 315.486 282169.0 38.777 3.5991 2601 4739170.0 1753.409 
2270000 7838 302.567 283584.0 40.182 3.4525 2612 4764090.0 2051.0062 
2280000 7866 319.113 284824.0 40.516 3.6432 2622 4783470.0 2005.5222 
2290000 7899 315.865 286116.0 40.655 3.6072 2633 4802470.0 1886.4116 
2300000 7929 320.275 287421.0 40.925 3.6567 2643 4824330.0 2028.9269 
2310000 7962 315.342 288689.0 40.421 3.603 2654 4844830.0 1973.5453 
2320000 7992 314.2 290009.0 40.462 3.5931 2664 4866960.0 2002.0751 
2330000 8022 325.069 291231.0 41.123 3.7131 2674 4885080.0 1932.7543 
2340000 8055 314.225 292534.0 40.383 3.5894 2685 4905070.0 1875.555 
2350000 8088 305.986 293890.0 39.848 3.4925 2696 4929430.0 2024.2441 
2360000 8121 303.271 295236.0 39.903 3.4622 2707 4951560.0 2051.4441 
2370000 8154 305.273 296549.0 40.278 3.4844 2718 4971290.0 1917.6899 
2380000 8190 295.391 297891.0 39.717 3.3753 2730 4993120.0 1939.3742 
2390000 8223 298.218 299268.0 40.19 3.4088 2741 5016890.0 2059.4934 
2400000 8256 296.918 300628.0 40.085 3.3835 2752 5038760.0 1987.4413 
2410000 8290 299.092 301969.0 40.518 3.4071 2763 5058270.0 1790.0872 
2420000 8322 308.851 303223.0 40.274 3.5262 2774 5077950.0 1895.245 
2430000 8355 304.454 304586.0 40.171 3.4779 2785 5099340.0 1877.8043 
2440000 8387 309.628 305889.0 40.779 3.5353 2795 5121690.0 1987.848 
2450000 8420 306.334 307190.0 39.728 3.5003 2806 5142530.0 2077.7808 
2460000 8450 322.444 308490.0 41.903 3.6868 2816 5162560.0 1963.8417 
2470000 8478 332.246 309734.0 41.878 3.7997 2826 5181810.0 1989.5297 
2480000 8511 320.23 311076.0 41.539 3.6611 2837 5203190.0 1991.6487 
2490000 8541 321.026 312438.0 41.929 3.6712 2847 5227220.0 2160.2271 
2500000 8573 323.05 313677.0 41.856 3.6928 2857 5247370.0 2009.5305 
2510000 8607 308.508 315016.0 40.028 3.5187 2869 5268720.0 1952.4419 
2520000 8639 315.561 316314.0 41.221 3.5953 2879 5290960.0 2039.9827 
2530000 8669 322.639 317604.0 42.02 3.675 2889 5311140.0 1966.6384 
2540000 8704 304.87 318975.0 40.518 3.4771 2901 5331950.0 1853.2187 
2550000 8734 323.928 320249.0 42.361 3.6961 2911 5351730.0 1964.0695 
2560000 8768 306.405 321566.0 40.269 3.4908 2922 5372700.0 1937.2358 
2570000 8798 318.039 322882.0 42.144 3.6221 2932 5395340.0 2107.186 
2580000 8830 312.131 324231.0 41.495 3.5603 2943 5415150.0 1841.9335 
2590000 8865 297.53 325584.0 39.716 3.3912 2955 5436590.0 1866.1263 
2600000 8897 308.7 326895.0 41.214 3.5136 2965 5456480.0 1922.6724 
2610000 8925 321.218 328179.0 41.176 3.6536 2975 5476560.0 1970.4883 
2620000 8959 314.511 329528.0 42.011 3.5755 2986 5498490.0 2000.9747 
2630000 8991 312.375 330875.0 41.891 3.5524 2997 5517940.0 1898.9404 
2640000 9022 323.025 332125.0 41.526 3.6745 3007 5538390.0 1902.4322 
2650000 9052 325.319 333437.0 42.114 3.7068 3017 5558310.0 2012.0947 
2660000 9085 312.449 334829.0 41.751 3.5638 3028 5581880.0 2145.7829 
2670000 9113 333.273 336022.0 42.798 3.8031 3037 5601380.0 2155.8023 
2680000 9142 334.524 337280.0 42.62 3.8186 3047 5619930.0 1935.7078 
2690000 9174 324.889 338602.0 41.755 3.7068 3058 5639390.0 1900.8246 
2700000 9208 307.547 339955.0 40.403 3.5062 3069 5659440.0 1765.5948 
2710000 9238 322.934 341170.0 40.603 3.6742 3079 5679990.0 1903.9558 
2720000 9267 332.39 342408.0 41.085 3.7825 3089 5698960.0 1908.1689 
2730000 9300 320.152 343666.0 40.437 3.6475 3100 5719690.0 1961.1583 
2740000 9336 298.607 345063.0 39.358 3.4018 3112 5741290.0 1853.882 
2750000 9366 310.963 346380.0 40.53 3.545 3122 5760150.0 1834.3104 
2760000 9399 308.249 347687.0 40.596 3.5163 3133 5782870.0 2060.6982 
2770000 9429 311.864 349049.0 40.829 3.5598 3143 5805750.0 2094.3563 
2780000 9461 318.634 350312.0 41.572 3.638 3153 5825420.0 2017.9456 
2790000 9493 312.562 351689.0 41.478 3.5683 3164 5849790.0 2154.548 
2800000 9524 316.803 352933.0 41.095 3.6162 3174 5868960.0 1989.65 
2810000 9555 318.433 354230.0 41.37 3.6304 3185 5889040.0 1950.8584 
2820000 9590 301.502 355617.0 40.759 3.4337 3196 5912510.0 1991.6758 
2830000 9622 310.871 357011.0 42.485 3.5443 3207 5931870.0 1819.7144 
2840000 9654 307.29 358352.0 41.183 3.5057 3218 5952950.0 1923.5876 
2850000 9684 318.101 359612.0 41.618 3.6241 3228 5974050.0 2042.9471 
2860000 9717 311.766 360936.0 40.894 3.5554 3239 5994500.0 1959.7318 
2870000 9750 307.724 362253.0 40.377 3.5073 3250 6015910.0 1938.7153 
2880000 9781 317.966 363573.0 42.02 3.6247 3260 6038060.0 2064.4751 
2890000 9812 315.31 364849.0 41.719 3.5978 3270 6057250.0 1914.5449 
2900000 9843 321.412 366131.0 41.22 3.6685 3281 6080440.0 2181.0595 
2910000 9873 319.365 367443.0 40.699 3.638 3291 6100380.0 1918.9609 
2920000 9907 314.722 368803.0 41.888 3.5837 3302 6121810.0 1922.6458 
2930000 9938 318.905 370108.0 42.22 3.6361 3312 6144680.0 2173.1243 
2940000 9969 322.239 371365.0 41.486 3.6768 3323 6162650.0 1931.6774 
2950000 10000 319.296 372727.0 42.0 3.6446 3333 6183600.0 1915.3488 
2960000 10031 323.222 374018.0 42.528 3.6835 3343 6205360.0 2026.4916 
2970000 10063 319.511 375335.0 41.996 3.6416 3354 6226500.0 1977.1992 
2980000 10095 314.843 376652.0 41.105 3.5913 3365 6246820.0 1932.4196 
2990000 10126 321.7 377950.0 42.055 3.6719 3375 6266980.0 1883.7183 
3000000 10159 312.72 379356.0 42.475 3.5645 3386 6289120.0 1941.2877 
3010000 10189 322.531 380628.0 42.355 3.6775 3396 6309050.0 2014.3841 
3020000 10221 316.716 381913.0 41.488 3.6143 3407 6328790.0 1926.3671 
3030000 10251 316.936 383263.0 41.813 3.6118 3417 6350850.0 2042.1135 
3040000 10279 339.074 384465.0 42.999 3.8569 3426 6368740.0 1983.237 
3050000 10308 335.027 385737.0 42.526 3.8067 3436 6387480.0 1943.4199 
3060000 10338 331.972 387018.0 42.345 3.7723 3446 6409330.0 2133.0762 
3070000 10368 328.718 388299.0 41.755 3.736 3456 6428760.0 1986.1623 
3080000 10399 326.893 389577.0 41.681 3.7138 3466 6448110.0 1946.9619 
3090000 10431 326.432 390820.0 41.407 3.7069 3477 6467880.0 1941.2915 
3100000 10461 327.434 392082.0 41.052 3.7178 3487 6489980.0 2097.3374 
3110000 10492 327.718 393406.0 41.756 3.7207 3497 6513040.0 2141.2544 
3120000 10524 314.906 394691.0 40.296 3.5776 3508 6534110.0 2022.9705 
3130000 10555 325.375 395990.0 42.301 3.6956 3518 6554880.0 2085.2148 
3140000 10584 332.332 397211.0 41.667 3.774 3528 6573440.0 1978.0551 
3150000 10618 312.596 398636.0 41.629 3.5507 3539 6596320.0 1947.0221 
3160000 10650 309.785 399927.0 40.632 3.5207 3550 6617850.0 2010.0166 
3170000 10683 307.264 401283.0 41.043 3.4896 3561 6639010.0 2022.0318 
3180000 10713 318.491 402575.0 41.909 3.6188 3571 6660610.0 2122.4467 
3190000 10744 315.918 403960.0 42.878 3.5898 3581 6681030.0 1939.7988 
3200000 10774 323.456 405223.0 42.202 3.6765 3591 6701680.0 2116.0969 
3210000 10803 331.081 406490.0 42.202 3.7632 3601 6722040.0 2077.9576 
3220000 10832 341.918 407723.0 43.41 3.886 3610 6742300.0 2129.857 
3230000 10864 326.93 409082.0 43.079 3.7166 3621 6763010.0 2020.1424 
3240000 10894 324.7 410366.0 42.765 3.6894 3631 6782130.0 1906.8483 
3250000 10925 324.054 411644.0 42.162 3.682 3641 6801120.0 1865.518 
3260000 10954 335.475 412917.0 43.1 3.8121 3651 6819150.0 1841.6702 
3270000 10986 318.072 414288.0 41.841 3.6164 3662 6840110.0 1895.9315 
3280000 11016 324.598 415481.0 41.387 3.6901 3672 6859180.0 1917.8842 
3290000 11046 326.604 416775.0 41.749 3.711 3682 6883240.0 2146.8748 
3300000 11076 330.294 418067.0 42.335 3.7488 3692 6902990.0 2060.6037 
3310000 11106 331.356 419360.0 42.316 3.7616 3702 6922180.0 1966.2115 
3320000 11139 314.371 420717.0 41.121 3.5712 3713 6942130.0 1811.6159 
3330000 11169 322.677 422030.0 42.404 3.6659 3723 6960360.0 1836.4324 
3340000 11199 332.424 423306.0 43.089 3.7726 3733 6980910.0 2035.4931 
3350000 11229 327.822 424642.0 42.812 3.7212 3743 7000620.0 1960.8799 
3360000 11262 312.65 426064.0 41.929 3.5489 3754 7021610.0 1883.4899 
3370000 11292 324.802 427358.0 42.612 3.6881 3764 7043280.0 2098.3447 
3380000 11325 314.613 428700.0 41.703 3.5726 3775 7066410.0 2162.2349 
3390000 11356 318.664 430003.0 42.45 3.621 3785 7086800.0 2014.2806 
3400000 11388 314.458 431312.0 41.166 3.5741 3796 7108120.0 1997.3878 
3410000 11418 324.729 432557.0 41.691 3.6914 3806 7127300.0 1967.8175 
3420000 11451 313.603 433911.0 41.223 3.5652 3817 7152510.0 2319.5904 
3430000 11483 309.85 435338.0 42.443 3.5212 3827 7176480.0 2173.1831 
3440000 11514 312.628 436635.0 41.078 3.5516 3838 7197020.0 1985.6265 
3450000 11547 305.121 438003.0 40.835 3.4649 3849 7219070.0 1991.4229 
3460000 11580 301.421 439324.0 40.224 3.423 3860 7239500.0 1900.0705 
3470000 11613 302.374 440658.0 39.967 3.4349 3871 7260080.0 1879.9132 
3480000 11647 298.975 442121.0 41.679 3.3956 3882 7280650.0 1837.4191 
3490000 11680 305.662 443490.0 42.642 3.4719 3893 7303870.0 2003.5549 
3500000 11709 322.179 444764.0 42.412 3.6618 3903 7324890.0 2146.3748 
3510000 11742 310.464 446097.0 41.449 3.5289 3914 7344670.0 1908.9006 
3520000 11774 310.915 447470.0 42.458 3.5303 3924 7365390.0 1933.1196 
3530000 11807 306.83 448859.0 42.244 3.4811 3935 7388200.0 2042.2718 
3540000 11838 306.733 450292.0 42.537 3.4807 3946 7411630.0 2044.9475 
3550000 11869 317.261 451617.0 43.096 3.6022 3956 7432050.0 2054.318 
3560000 11901 308.468 453027.0 42.657 3.502 3967 7453640.0 1975.487 
3570000 11927 348.712 454153.0 44.572 3.9592 3975 7471150.0 2088.0051 
3580000 11957 338.996 455458.0 44.286 3.8493 3985 7491540.0 2019.2532 
3590000 11985 343.627 456688.0 43.345 3.902 3995 7508990.0 1924.9309 
3600000 12013 356.036 457953.0 44.918 4.0416 4004 7532020.0 2243.1412 
3610000 12045 335.438 459259.0 42.643 3.8105 4015 7551750.0 2086.488 
3620000 12077 329.382 460599.0 42.979 3.7424 4025 7573170.0 2035.5336 
3630000 12109 316.125 461980.0 42.309 3.5933 4036 7594790.0 1991.8202 
3640000 12139 327.364 463307.0 43.881 3.7218 4046 7615010.0 2037.7731 
3650000 12168 332.44 464579.0 43.18 3.7784 4056 7636340.0 2138.6617 
3660000 12196 343.381 465813.0 43.553 3.9018 4065 7655180.0 2042.3689 
3670000 12224 351.195 467035.0 44.184 3.9903 4074 7673680.0 2068.5043 
3680000 12252 354.645 468239.0 43.176 4.0285 4084 7691780.0 1970.351 
3690000 12285 329.794 469590.0 42.093 3.746 4095 7714480.0 2027.1032 
3700000 12315 330.813 470912.0 41.968 3.7592 4105 7734510.0 1981.3743 
3710000 12346 328.227 472178.0 42.166 3.7285 4115 7753880.0 1928.9771 
3720000 12375 324.67 473458.0 41.322 3.6886 4125 7774490.0 1943.6472 
3730000 12405 328.6 474756.0 41.864 3.7347 4135 7794040.0 1927.6593 
3740000 12432 353.662 475911.0 42.894 4.0216 4144 7811080.0 1962.2761 
3750000 12461 353.023 477201.0 44.332 4.0144 4153 7832310.0 2155.764 
3760000 12490 346.732 478457.0 43.49 3.9409 4163 7852230.0 2074.3873 
3770000 12520 342.344 479808.0 44.6 3.8916 4173 7871870.0 2012.1405 
3780000 12555 309.08 481266.0 41.945 3.5142 4185 7892570.0 1749.5422 
3790000 12583 332.487 482461.0 43.525 3.779 4194 7913230.0 2070.3753 
3800000 12612 337.864 483686.0 42.942 3.8383 4204 7931720.0 2008.3798 
3810000 12642 339.247 484953.0 42.886 3.8541 4214 7952620.0 2139.3541 
3820000 12669 349.341 486184.0 42.98 3.9697 4223 7972170.0 2070.3618 
3830000 12701 335.633 487534.0 43.134 3.815 4233 7992060.0 1891.8258 
3840000 12727 356.066 488803.0 45.778 4.0474 4242 8013460.0 2150.9343 
3850000 12756 348.63 490049.0 43.884 3.9634 4252 8030970.0 1975.3913 
3860000 12788 330.303 491442.0 44.242 3.756 4262 8051130.0 1889.0679 
3870000 12819 329.854 492762.0 43.538 3.751 4273 8072960.0 2039.3499 
3880000 12852 314.968 494196.0 42.738 3.5814 4284 8093890.0 1934.656 
3890000 12882 321.699 495500.0 42.657 3.6579 4294 8114740.0 2034.8952 
3900000 12909 334.109 496787.0 43.412 3.7991 4303 8134190.0 2074.291 
3910000 12938 350.554 498005.0 44.516 3.9818 4312 8152010.0 1980.2912 
3920000 12970 330.693 499387.0 43.694 3.7589 4323 8171390.0 1838.6176 
3930000 13002 321.609 500736.0 43.013 3.6526 4334 8192090.0 1979.6287 
3940000 13028 338.368 501965.0 44.161 3.8442 4342 8209790.0 1939.624 
3950000 13057 339.464 503285.0 44.403 3.8796 4352 8230520.0 2051.8539 
3960000 13086 333.861 504623.0 43.616 3.804 4362 8251670.0 2068.9902 
3970000 13114 350.035 505825.0 45.084 3.9811 4371 8269660.0 2028.1613 
3980000 13143 340.701 507081.0 42.671 3.8704 4381 8292270.0 2205.4626 
3990000 13173 340.828 508280.0 41.814 3.8701 4391 8309560.0 1963.4932 
4000000 13200 342.909 509500.0 42.268 3.8916 4400 8328070.0 1930.9209 
4010000 13226 367.92 510591.0 43.763 4.1749 4408 8343410.0 1941.8797 
4020000 13258 343.53 511936.0 43.175 3.8983 4419 8363010.0 1863.3802 
4030000 13287 343.406 513150.0 42.321 3.8962 4429 8380030.0 1835.37 
4040000 13317 339.503 514458.0 42.995 3.8519 4439 8401210.0 1962.2053 
4050000 13345 342.674 515754.0 43.883 3.8903 4448 8420270.0 1937.2316 
4060000 13372 358.193 516938.0 44.238 4.0669 4457 8440200.0 2076.9228 
4070000 13401 344.763 518245.0 43.097 3.9172 4467 8457440.0 1843.1421 
4080000 13429 354.978 519469.0 44.89 4.031 4476 8475190.0 1899.2731 
4090000 13458 353.303 520694.0 43.908 4.0089 4486 8493280.0 1966.0803 
4100000 13485 358.343 521889.0 43.505 4.0673 4495 8510260.0 1917.9909 
4110000 13514 351.804 523182.0 44.035 3.9966 4504 8530160.0 1914.4653 
4120000 13545 340.452 524490.0 43.171 3.8698 4515 8549220.0 1965.265 
4130000 13573 348.892 525773.0 44.08 3.9677 4524 8570910.0 2048.4475 
4140000 13603 341.559 527042.0 43.169 3.8847 4534 8589210.0 1978.5277 
4150000 13632 342.284 528253.0 42.767 3.8918 4544 8607060.0 1925.812 
4160000 13663 328.623 529645.0 43.036 3.7362 4554 8630150.0 2052.5978 
4170000 13692 336.712 530863.0 42.539 3.8284 4564 8650600.0 2145.4439 
4180000 13722 332.821 532205.0 42.709 3.7844 4574 8673550.0 2166.4925 
4190000 13748 351.444 533360.0 43.847 3.9947 4582 8689790.0 2041.5742 
4200000 13779 338.3 534603.0 42.302 3.845 4593 8709120.0 1998.6699 
4210000 13807 341.231 535889.0 43.621 3.8797 4602 8732160.0 2125.0929 
4220000 13838 330.579 537267.0 43.254 3.7575 4612 8753620.0 2135.2614 
4230000 13867 339.764 538559.0 44.019 3.8605 4622 8771750.0 1987.9475 
4240000 13899 330.634 539876.0 42.713 3.7569 4633 8791140.0 1900.8819 
4250000 13924 359.987 541060.0 45.01 4.0905 4641 8809960.0 1989.3945 
4260000 13952 359.415 542315.0 45.144 4.0839 4650 8829650.0 2114.68 
4270000 13982 346.563 543584.0 43.902 3.9384 4660 8848050.0 1939.0844 
4280000 14012 335.357 544911.0 43.809 3.811 4670 8868440.0 1951.4621 
4290000 14041 343.734 546203.0 44.67 3.9078 4680 8886950.0 1887.5427 
4300000 14073 332.897 547498.0 43.036 3.7846 4691 8906780.0 2007.4079 
4310000 14105 321.349 548851.0 42.432 3.6534 4701 8929200.0 2101.2991 
4320000 14136 315.658 550236.0 41.805 3.5899 4712 8951630.0 2034.1307 
4330000 14168 319.314 551532.0 42.702 3.6318 4722 8972050.0 1992.9336 
4340000 14199 323.81 552837.0 42.423 3.6826 4733 8990810.0 1953.7956 
4350000 14227 334.656 554144.0 43.75 3.8035 4742 9010460.0 1998.0841 
4360000 14258 332.904 555449.0 43.589 3.7853 4752 9030700.0 1984.6098 
4370000 14288 335.225 556741.0 43.559 3.8126 4762 9052160.0 2065.3295 
4380000 14319 326.292 558087.0 42.691 3.7084 4773 9073220.0 2094.6037 
4390000 14349 326.671 559418.0 42.998 3.7102 4783 9092220.0 1984.4864 
4400000 14376 344.744 560654.0 43.335 3.917 4792 9114290.0 2174.3216 
4410000 14406 339.06 561887.0 42.554 3.8541 4802 9134520.0 2139.8797 
4420000 14436 340.255 563098.0 42.456 3.8691 4812 9154310.0 2145.7944 
4430000 14465 343.581 564382.0 43.236 3.9072 4821 9174910.0 2114.6378 
4440000 14496 328.516 565559.0 40.306 3.7368 4832 9191650.0 1799.2713 
4450000 14529 311.052 566866.0 39.327 3.5385 4843 9210830.0 1705.1416 
4460000 14555 340.672 568063.0 42.09 3.8727 4851 9229150.0 1949.3939 
4470000 14583 341.833 569348.0 42.269 3.8854 4861 9249130.0 1955.9449 
4480000 14613 342.788 570629.0 43.282 3.8949 4871 9267100.0 1970.4414 
4490000 14639 362.641 571843.0 44.997 4.1204 4879 9284810.0 1997.1638 
4500000 14670 344.195 573124.0 43.166 3.912 4890 9301360.0 1746.9433 
4510000 14698 347.317 574434.0 44.586 3.949 4899 9320540.0 1836.6446 
4520000 14727 348.032 575713.0 44.511 3.9588 4909 9337530.0 1871.5368 
4530000 14754 351.19 577007.0 44.732 3.9936 4918 9359630.0 2158.8358 
4540000 14784 344.867 578266.0 44.366 3.9225 4928 9377920.0 2066.5152 
4550000 14814 338.125 579597.0 43.78 3.8459 4938 9396600.0 1923.3339 
4560000 14844 334.338 580938.0 43.251 3.8023 4948 9417330.0 2016.4685 
4570000 14873 343.91 582208.0 44.58 3.9109 4957 9436110.0 1973.2158 
4580000 14901 348.805 583423.0 43.922 3.9642 4967 9452930.0 1906.7465 
4590000 14928 349.244 584700.0 43.422 3.9673 4976 9471360.0 1881.8027 
4600000 14959 340.884 585974.0 43.485 3.8744 4986 9491040.0 2005.1266 
4610000 14986 354.902 587260.0 45.533 4.0345 4995 9510340.0 1984.1896 
4620000 15012 360.238 588457.0 44.15 4.0976 5004 9527710.0 1995.8105 
4630000 15044 341.222 589799.0 43.88 3.8819 5014 9547710.0 1952.7332 
4640000 15071 352.307 591037.0 44.885 4.0083 5023 9568710.0 2151.83 
4650000 15098 362.817 592277.0 45.549 4.1272 5032 9587650.0 2142.1859 
4660000 15129 342.985 593629.0 44.263 3.9011 5043 9609570.0 2123.4942 
4670000 15156 350.577 594947.0 44.995 3.9866 5052 9628270.0 2037.4913 
4680000 15185 353.916 596220.0 45.722 4.0237 5061 9646760.0 2028.9735 
4690000 15218 331.116 597615.0 44.201 3.7656 5072 9668230.0 1980.8921 
4700000 15247 338.012 598944.0 45.129 3.8443 5082 9686940.0 1911.3822 
4710000 15276 344.761 600143.0 43.723 3.9198 5092 9705710.0 1993.3781 
4720000 15304 350.94 601529.0 46.197 3.9865 5101 9726810.0 1975.5893 
4730000 15333 349.097 602782.0 45.045 3.9649 5111 9746430.0 2132.07 
4740000 15364 335.952 604182.0 44.744 3.8176 5121 9770240.0 2219.7366 
4750000 15392 345.162 605467.0 45.415 3.9235 5130 9789400.0 2159.288 
4760000 15420 348.318 606706.0 44.185 3.9601 5140 9807020.0 1978.3027 
4770000 15448 352.609 607942.0 44.254 4.0095 5149 9826550.0 2119.1899 
4780000 15476 352.129 609249.0 45.192 4.0034 5158 9846290.0 2064.4426 
4790000 15504 354.765 610484.0 44.651 4.0336 5168 9863510.0 1965.6742 
4800000 15534 338.097 611851.0 43.746 3.8447 5178 9883890.0 1916.976 
4810000 15562 347.815 613126.0 45.424 3.9557 5187 9901640.0 1921.1407 
4820000 15591 345.105 614428.0 44.489 3.9213 5197 9921970.0 2020.4919 
4830000 15620 348.032 615685.0 44.693 3.9557 5206 9940880.0 2013.5024 
4840000 15647 351.682 616966.0 45.687 3.9985 5215 9959500.0 2009.9976 
4850000 15678 342.379 618229.0 43.579 3.8929 5226 9981830.0 2205.3353 
4860000 15708 328.99 619664.0 43.411 3.7393 5236 10002720.0 2017.5861 
4870000 15741 324.607 621019.0 43.743 3.6894 5247 10023830.0 2028.3847 
4880000 15764 368.628 622210.0 47.032 4.1897 5254 10041710.0 2034.6965 
4890000 15794 352.195 623579.0 46.415 4.0044 5264 10062410.0 2128.1975 
4900000 15822 353.055 624840.0 44.925 4.015 5274 10080710.0 2008.9832 
4910000 15849 361.394 626061.0 45.218 4.1083 5283 10099420.0 2076.2312 
4920000 15879 346.882 627387.0 44.577 3.9436 5293 10121070.0 2134.4069 
4930000 15906 356.713 628583.0 44.373 4.0562 5302 10142230.0 2324.48 
4940000 15935 352.749 629903.0 45.09 4.0118 5311 10163300.0 2151.2952 
4950000 15961 364.744 631125.0 45.727 4.1471 5320 10182310.0 2208.8172 
4960000 15988 367.671 632394.0 46.466 4.1816 5329 10202460.0 2190.8923 
4970000 16012 380.844 633519.0 46.026 4.3294 5337 10220050.0 2199.6842 
4980000 16038 384.756 634650.0 45.418 4.3725 5346 10238310.0 2187.8826 
4990000 16066 371.775 635972.0 45.867 4.2241 5355 10260400.0 2283.9075 
5000000 16096 356.877 637304.0 45.751 4.0559 5365 10281180.0 2185.1654 
5010000 16123 369.577 638607.0 47.588 4.2017 5374 10299300.0 2120.9297 
5020000 16150 364.723 639837.0 45.898 4.1476 5383 10319310.0 2194.4402 
5030000 16178 360.985 641077.0 45.895 4.1025 5392 10337630.0 2073.7614 
5040000 16206 359.699 642335.0 44.966 4.0866 5402 10357530.0 2113.5574 
5050000 16234 357.946 643646.0 46.213 4.0672 5411 10378280.0 2121.8795 
5060000 16265 340.928 644951.0 44.518 3.8748 5421 10398500.0 2044.6536 
5070000 16296 330.436 646291.0 42.952 3.7559 5432 10418390.0 1927.3857 
5080000 16322 357.298 647451.0 44.609 4.0603 5440 10435180.0 1960.2486 
5090000 16345 382.479 648577.0 45.941 4.3445 5448 10452340.0 2075.8085 
5100000 16371 380.306 649807.0 45.697 4.3224 5457 10472580.0 2219.3483 
5110000 16398 373.163 651033.0 44.923 4.2419 5466 10492160.0 2151.1561 
5120000 16428 361.266 652213.0 43.844 4.1048 5476 10512690.0 2257.3194 
5130000 16453 373.705 653399.0 44.295 4.2461 5484 10530350.0 2093.7569 
5140000 16485 342.606 654782.0 43.001 3.8926 5495 10552040.0 2056.2579 
5150000 16515 341.905 656096.0 44.14 3.8863 5505 10571090.0 2020.6787 
5160000 16545 335.768 657428.0 43.574 3.8184 5515 10592760.0 2127.9956 
5170000 16576 330.909 658721.0 43.092 3.7637 5525 10610410.0 1873.9213 
5180000 16605 331.587 660060.0 43.291 3.7666 5535 10630540.0 1897.3328 
5190000 16629 361.777 661199.0 44.338 4.1092 5543 10647760.0 2062.6347 
5200000 16656 354.52 662454.0 44.148 4.0374 5552 10666040.0 1985.1279 
5210000 16683 370.655 663654.0 45.076 4.2272 5561 10683330.0 1955.478 
5220000 16714 346.923 664953.0 44.167 3.9599 5571 10702670.0 1928.3019 
5230000 16741 355.125 666250.0 45.546 4.0508 5580 10721830.0 1985.4837 
5240000 16770 350.501 667524.0 45.084 3.994 5590 10739140.0 1953.6109 
5250000 16793 379.819 668640.0 46.324 4.3293 5597 10756230.0 2074.2458 
5260000 16821 364.68 669940.0 45.196 4.1584 5607 10775720.0 2017.7613 
5270000 16848 362.397 671216.0 45.331 4.1357 5616 10794150.0 2017.6077 
5280000 16874 378.874 672362.0 46.247 4.325 5624 10810180.0 1982.5335 
5290000 16899 388.667 673512.0 45.634 4.4329 5633 10826630.0 1993.4518 
5300000 16926 372.311 674794.0 44.688 4.2491 5642 10845850.0 1996.6528 
5310000 16949 389.272 675807.0 45.855 4.443 5649 10860140.0 2008.9613 
5320000 16977 378.917 677099.0 44.803 4.3228 5659 10880590.0 2055.1796 
5330000 17008 352.122 678459.0 44.66 4.0107 5669 10900540.0 1965.2376 
5340000 17036 358.36 679729.0 45.807 4.0785 5678 10919700.0 2059.4388 
5350000 17064 357.909 680973.0 45.038 4.0727 5688 10937580.0 2019.0391 
5360000 17092 357.011 682296.0 46.02 4.0701 5697 10961580.0 2353.622 
5370000 17120 353.099 683540.0 45.428 4.0304 5706 10979620.0 2095.288 
5380000 17148 355.614 684809.0 44.389 4.0598 5716 10999240.0 2093.2372 
5390000 17173 376.061 685997.0 46.383 4.2924 5724 11016970.0 2130.597 
5400000 17199 380.413 687170.0 45.709 4.3624 5733 11033410.0 2058.6047 
5410000 17228 366.335 688496.0 46.217 4.1929 5742 11054710.0 2073.106 
5420000 17258 351.62 689824.0 45.346 4.0213 5752 11075570.0 2127.2003 
5430000 17284 359.399 691042.0 45.379 4.1092 5761 11093050.0 2035.5175 
5440000 17310 367.997 692229.0 44.986 4.2065 5770 11111060.0 2045.1954 
5450000 17332 399.196 693408.0 48.865 4.5587 5777 11130000.0 2334.7877 
5460000 17361 377.009 694644.0 46.144 4.3016 5787 11150730.0 2270.4623 
5470000 17388 375.113 695885.0 45.961 4.2691 5796 11171480.0 2311.0876 
5480000 17415 369.332 697191.0 45.262 4.1988 5805 11189880.0 2073.331 
5490000 17438 396.1 698222.0 46.507 4.5034 5812 11204820.0 2108.9056 
5500000 17463 395.995 699414.0 45.499 4.5021 5821 11222750.0 2052.035 
5510000 17492 374.016 700593.0 44.292 4.2551 5830 11241170.0 1999.8207 
5520000 17520 364.279 701789.0 43.34 4.1518 5840 11259360.0 1950.9868 
5530000 17545 378.567 702953.0 44.433 4.3083 5848 11276610.0 1998.0331 
5540000 17571 368.742 704244.0 44.428 4.2023 5857 11295420.0 1984.5278 
5550000 17600 368.913 705468.0 45.529 4.2031 5866 11312800.0 1977.6702 
5560000 17628 357.411 706801.0 44.618 4.0762 5876 11332930.0 2011.2734 
5570000 17653 373.666 707949.0 46.824 4.2645 5884 11349200.0 2031.8898 
5580000 17681 369.342 709134.0 44.79 4.2158 5893 11366480.0 2015.0087 
5590000 17709 366.442 710376.0 44.308 4.1839 5903 11384230.0 1919.7744 
5600000 17740 346.011 711712.0 43.807 3.9515 5913 11403810.0 1908.069 
5610000 17763 365.395 712916.0 44.825 4.1697 5921 11421980.0 2075.9347 
5620000 17791 371.788 714163.0 46.634 4.2338 5930 11440990.0 2134.7864 
5630000 17814 387.834 715337.0 46.4 4.4091 5938 11459920.0 2221.6753 
5640000 17841 389.718 716516.0 46.853 4.4305 5947 11476330.0 2121.4909 
5650000 17866 386.683 717773.0 47.053 4.3931 5955 11493890.0 1987.207 
5660000 17893 386.101 719029.0 47.763 4.3843 5964 11513330.0 2126.3503 
5670000 17914 415.295 720033.0 47.332 4.7199 5971 11527320.0 2080.9249 
5680000 17942 393.137 721291.0 46.87 4.4728 5980 11545680.0 1997.9372 
5690000 17970 377.741 722526.0 45.557 4.3 5990 11563010.0 1974.1902 
5700000 17999 361.939 723866.0 45.78 4.1186 5999 11583600.0 1945.1504 
5710000 18019 396.805 724992.0 49.083 4.518 6006 11601240.0 2266.8243 
5720000 18048 383.304 726159.0 45.384 4.3699 6016 11617500.0 1985.1681 
5730000 18072 390.007 727339.0 45.759 4.4499 6024 11634240.0 1994.1826 
5740000 18097 392.329 728478.0 45.02 4.4749 6032 11651900.0 2097.5685 
5750000 18123 387.191 729720.0 45.593 4.4182 6041 11669750.0 2048.005 
5760000 18150 376.746 730975.0 45.694 4.3009 6050 11690080.0 2175.3189 
5770000 18178 368.022 732271.0 46.335 4.2021 6059 11710880.0 2235.7578 
5780000 18207 360.317 733490.0 44.988 4.115 6069 11729060.0 2056.4229 
5790000 18237 342.372 734881.0 44.353 3.912 6079 11750760.0 2087.6328 
5800000 18265 353.842 736200.0 46.677 4.0424 6088 11770310.0 2050.1292 
5810000 18296 343.702 737543.0 45.527 3.927 6098 11790830.0 2079.0981 
5820000 18323 353.345 738813.0 46.085 4.0372 6107 11810990.0 2139.1697 
5830000 18349 369.219 740095.0 47.742 4.2158 6116 11829440.0 2118.2603 
5840000 18378 347.624 741455.0 45.329 3.9587 6126 11849490.0 2013.4801 
