0 0 0.0 0.0 0.0 0.0 0 0.0 0.0 
1000 28 13.225 -19.0 -0.34 1.1431 5 9.0 0.5068 
2000 52 25.41 -33.0 -0.4 2.2779 10 19.0 1.3277 
3000 79 29.835 -50.0 -0.505 2.726 15 29.0 1.2952 
4000 109 32.261 -72.0 -0.59 3.0766 21 37.0 1.2177 
5000 140 31.937 -95.0 -0.674 3.1529 28 45.0 1.3464 
6000 172 30.946 -120.0 -0.727 3.02 34 52.0 1.0675 
7000 191 36.907 -125.0 -0.614 3.5406 38 69.0 2.162 
8000 211 41.083 -130.0 -0.502 3.9275 42 84.0 2.687 
9000 227 47.551 -129.0 -0.315 4.5719 45 104.0 3.7938 
10000 242 53.701 -125.0 -0.144 5.1532 48 123.0 4.0987 
11000 260 54.188 -127.0 -0.134 5.1704 52 142.0 4.8902 
12000 277 55.94 -127.0 -0.084 5.4209 55 159.0 4.9789 
13000 287 63.771 -116.0 0.118 6.2923 57 180.0 5.4829 
14000 299 68.248 -109.0 0.224 6.7365 59 199.0 5.8412 
15000 311 72.084 -101.0 0.342 7.0675 62 222.0 7.0502 
16000 324 72.836 -93.0 0.391 7.071 64 243.0 7.2307 
17000 331 81.709 -79.0 0.601 7.9056 66 267.0 8.5368 
18000 342 83.618 -70.0 0.637 8.0586 68 287.0 8.9748 
19000 352 86.361 -60.0 0.703 8.3144 70 307.0 8.8896 
20000 361 91.134 -49.0 0.808 8.7546 72 333.0 10.0006 
21000 370 94.511 -36.0 0.906 9.067 74 358.0 10.7205 
22000 381 92.637 -29.0 0.832 8.8666 76 376.0 10.0036 
23000 390 94.766 -17.0 0.895 9.0341 78 403.0 10.8329 
24000 398 100.715 -1.0 1.09 9.6332 79 430.0 11.8496 
25000 404 105.422 14.0 1.192 10.1435 80 454.0 12.0647 
26000 413 106.859 26.0 1.211 10.37 82 484.0 12.7524 
27000 423 107.641 42.0 1.329 10.5022 84 528.0 15.2994 
28000 430 110.211 58.0 1.415 10.7828 86 563.0 16.2025 
29000 437 116.353 76.0 1.606 11.366 87 591.0 16.6823 
30000 444 117.341 92.0 1.617 11.429 88 614.0 16.714 
31000 451 121.098 106.0 1.702 11.7465 90 635.0 16.5784 
32000 456 130.419 124.0 1.928 12.5864 91 661.0 16.9205 
33000 461 135.022 143.0 2.049 13.0016 92 697.0 19.1285 
34000 468 135.265 159.0 2.043 13.0211 93 723.0 18.7156 
35000 475 138.485 175.0 2.145 13.3134 95 755.0 19.7997 
36000 481 140.814 192.0 2.211 13.5044 96 784.0 19.5197 
37000 488 140.786 209.0 2.228 13.4511 97 814.0 19.4677 
38000 496 140.358 224.0 2.228 13.4024 99 840.0 20.1689 
39000 502 143.171 241.0 2.28 13.6603 100 863.0 19.752 
40000 509 144.091 260.0 2.359 13.7333 101 904.0 20.5768 
41000 515 145.529 276.0 2.376 13.8469 103 929.0 21.0872 
42000 521 148.684 295.0 2.486 14.1326 104 957.0 21.2785 
43000 526 149.787 317.0 2.532 14.2697 105 999.0 22.6506 
44000 534 149.611 331.0 2.542 14.2976 106 1033.0 23.5856 
45000 541 148.967 350.0 2.565 14.328 108 1062.0 22.7243 
46000 549 145.505 366.0 2.486 14.1064 109 1092.0 21.8519 
47000 553 146.058 388.0 2.527 14.2384 110 1124.0 21.9667 
48000 560 150.389 407.0 2.674 14.7427 112 1156.0 23.443 
49000 566 153.037 428.0 2.783 15.0197 113 1198.0 24.9987 
50000 572 154.794 448.0 2.862 15.2191 114 1233.0 25.7988 
51000 575 158.713 473.0 2.989 15.5939 115 1282.0 27.519 
52000 581 165.686 495.0 3.233 16.2129 116 1322.0 28.8671 
53000 585 165.928 518.0 3.269 16.1837 117 1364.0 30.4804 
54000 590 172.644 542.0 3.505 16.7994 118 1420.0 33.5323 
55000 596 175.117 562.0 3.574 16.9705 119 1455.0 33.7791 
56000 603 169.619 580.0 3.406 16.3792 120 1483.0 32.5012 
57000 608 173.634 598.0 3.461 16.7595 121 1518.0 31.6511 
58000 613 171.453 620.0 3.396 16.4826 122 1554.0 32.486 
59000 617 179.898 638.0 3.579 17.2686 123 1582.0 32.1374 
60000 620 190.464 661.0 3.855 18.2777 124 1638.0 36.1236 
61000 626 184.149 680.0 3.659 17.6311 125 1669.0 34.9113 
62000 629 196.5 704.0 4.035 18.7822 125 1708.0 34.9113 
63000 631 200.718 731.0 4.173 19.1824 126 1752.0 37.8201 
64000 637 201.084 752.0 4.193 19.2005 127 1809.0 41.4381 
65000 641 208.096 776.0 4.455 19.8365 128 1858.0 42.9943 
66000 647 203.22 794.0 4.288 19.3654 129 1888.0 41.1949 
67000 649 204.715 820.0 4.335 19.5069 129 1934.0 41.1949 
68000 652 219.679 846.0 4.807 20.8924 130 1978.0 42.7754 
69000 659 210.795 865.0 4.552 20.0609 131 2022.0 43.9979 
70000 665 205.709 886.0 4.45 19.5789 133 2070.0 42.7983 
71000 670 203.395 906.0 4.33 19.3571 134 2101.0 41.2184 
72000 677 194.528 924.0 4.092 18.5116 135 2135.0 40.1966 
73000 682 199.232 945.0 4.217 19.0577 136 2170.0 38.5769 
74000 686 200.529 970.0 4.278 19.2118 137 2214.0 39.9192 
75000 690 204.807 993.0 4.445 19.7223 138 2277.0 43.2273 
76000 694 210.082 1015.0 4.563 20.3695 138 2321.0 43.2273 
77000 698 210.807 1041.0 4.652 20.5337 139 2375.0 46.2046 
78000 703 208.813 1064.0 4.59 20.3983 140 2430.0 46.8841 
79000 706 215.82 1089.0 4.824 21.1645 141 2482.0 48.8957 
80000 710 219.898 1112.0 4.933 21.6199 142 2536.0 50.5061 
81000 715 217.875 1138.0 4.971 21.3649 143 2615.0 53.4555 
82000 718 226.869 1166.0 5.265 22.2077 143 2679.0 53.4555 
83000 723 220.257 1188.0 5.072 21.5098 144 2730.0 56.01 
84000 727 226.783 1211.0 5.246 22.0979 145 2766.0 55.009 
85000 730 230.264 1235.0 5.325 22.3613 146 2835.0 58.8081 
86000 733 234.282 1307.0 6.027 22.6973 146 3186.0 58.8081 
87000 739 230.109 1334.0 6.271 22.2764 147 3258.0 88.7273 
88000 742 229.656 1382.0 6.637 22.1962 148 3480.0 106.8545 
89000 747 233.782 1403.0 6.609 22.557 149 3527.0 101.3691 
90000 753 225.069 1426.0 6.259 21.6717 150 3586.0 96.2322 
91000 757 222.305 1450.0 6.102 21.3823 151 3626.0 91.209 
92000 760 225.618 1476.0 6.151 21.6956 152 3676.0 87.5881 
93000 765 230.897 1504.0 6.337 22.1715 153 3769.0 89.4293 
94000 768 236.682 1529.0 6.434 22.6781 153 3818.0 89.4293 
95000 771 240.842 1556.0 6.552 23.1377 154 3863.0 87.1863 
96000 775 237.069 1583.0 6.451 22.8134 155 3933.0 87.2677 
97000 780 237.411 1610.0 6.449 22.8967 156 3995.0 85.3409 
98000 784 237.984 1633.0 6.409 23.032 156 4040.0 85.3409 
99000 788 235.408 1657.0 6.259 22.8165 157 4086.0 82.1068 
100000 792 238.59 1682.0 6.29 23.2475 158 4127.0 80.0962 
101000 799 229.369 1708.0 6.067 22.4227 159 4196.0 75.5865 
102000 802 235.426 1735.0 6.239 23.0617 160 4229.0 73.6279 
103000 808 222.962 1756.0 5.79 21.8441 161 4283.0 72.7651 
104000 813 219.693 1780.0 5.664 21.5196 162 4333.0 70.4886 
105000 816 226.84 1803.0 5.799 22.1609 163 4365.0 67.3397 
106000 818 235.911 1851.0 6.122 22.9978 163 4568.0 67.3397 
107000 824 233.197 1876.0 6.368 22.6702 164 4650.0 88.7058 
108000 827 237.536 1900.0 6.405 23.0381 165 4686.0 82.6352 
109000 830 243.323 1930.0 6.65 23.5565 166 4776.0 85.6717 
110000 837 231.826 1948.0 6.145 22.38 167 4810.0 80.2045 
111000 841 232.042 1971.0 6.076 22.4005 168 4846.0 75.184 
112000 844 239.361 1996.0 6.244 23.0655 168 4904.0 75.184 
113000 850 226.767 2017.0 5.818 21.83 170 4952.0 70.9291 
114000 855 229.108 2045.0 5.93 22.0211 171 5027.0 72.3362 
115000 856 230.746 2074.0 5.952 22.1916 171 5066.0 72.3362 
116000 861 237.713 2128.0 6.762 22.8179 172 5371.0 99.1026 
117000 863 242.303 2152.0 6.811 23.2142 172 5403.0 99.1026 
118000 866 247.234 2179.0 6.917 23.6765 173 5460.0 96.5923 
119000 870 251.67 2209.0 7.047 24.0532 174 5533.0 95.1331 
120000 873 257.936 2238.0 7.271 24.7111 174 5601.0 95.1331 
121000 879 250.337 2266.0 7.05 24.0777 175 5662.0 94.2198 
122000 881 244.905 2295.0 6.85 23.5909 176 5714.0 91.5978 
123000 885 254.735 2328.0 7.274 24.6463 177 5829.0 96.838 
124000 887 267.666 2361.0 7.754 25.9929 177 5906.0 96.838 
125000 890 261.285 2389.0 7.509 25.4017 178 5982.0 101.0542 
126000 895 264.842 2419.0 7.676 25.7949 179 6071.0 101.8488 
127000 898 270.2 2449.0 7.85 26.3444 179 6152.0 101.8488 
128000 902 266.263 2474.0 7.672 25.9031 180 6217.0 104.2639 
129000 905 266.958 2498.0 7.569 25.9535 181 6274.0 100.8375 
130000 910 261.506 2526.0 7.395 25.3637 182 6340.0 97.4538 
131000 913 270.307 2556.0 7.708 26.191 182 6415.0 97.4538 
132000 917 267.242 2583.0 7.583 25.8617 183 6482.0 99.8084 
133000 921 259.789 2611.0 7.379 25.0972 184 6556.0 98.1275 
134000 925 266.677 2672.0 8.197 25.7092 185 6885.0 123.2148 
135000 926 271.603 2699.0 8.313 26.1662 185 6925.0 123.2148 
136000 931 272.255 2738.0 8.472 26.1824 186 7101.0 131.3933 
137000 935 264.107 2761.0 8.085 25.4111 187 7143.0 122.454 
138000 938 272.537 2791.0 8.325 26.1569 187 7212.0 122.454 
139000 943 260.441 2814.0 7.812 24.9809 188 7255.0 119.5086 
140000 946 272.432 2843.0 8.138 26.0996 189 7314.0 112.8577 
141000 950 270.211 2901.0 8.613 25.8286 190 7607.0 134.272 
142000 951 272.307 2932.0 8.621 26.0218 190 7657.0 134.272 
143000 956 271.612 2976.0 8.917 25.9446 191 7898.0 148.9448 
144000 960 276.658 3014.0 9.142 26.3686 192 8078.0 153.2503 
145000 965 267.299 3034.0 8.582 25.5062 193 8109.0 140.7253 
146000 966 278.293 3073.0 9.051 26.5313 193 8230.0 140.7253 
147000 974 258.13 3088.0 8.099 24.6043 194 8274.0 141.8527 
148000 976 265.266 3117.0 8.27 25.3308 195 8323.0 132.6675 
149000 980 268.416 3147.0 8.336 25.7694 196 8405.0 129.1007 
150000 980 268.416 3182.0 8.336 25.7694 196 8461.0 129.1007 
151000 985 279.005 3223.0 8.944 26.9427 197 8687.0 144.1906 
152000 988 280.578 3248.0 8.844 27.0711 197 8736.0 144.1906 
153000 995 264.353 3267.0 8.107 25.4475 199 8789.0 126.3944 
154000 997 269.496 3295.0 8.206 25.9534 199 8837.0 126.3944 
155000 1002 261.338 3321.0 7.889 25.1217 200 8913.0 125.155 
156000 1007 257.101 3347.0 7.681 24.6607 201 8968.0 117.2395 
157000 1010 261.693 3373.0 7.755 25.0777 202 9036.0 113.8155 
158000 1012 268.378 3408.0 7.919 25.7024 202 9136.0 113.8155 
159000 1018 259.655 3439.0 7.801 24.8478 203 9227.0 118.234 
160000 1020 265.437 3510.0 8.787 25.4153 204 9582.0 144.7106 
161000 1027 255.325 3532.0 8.22 24.4083 205 9641.0 136.6395 
162000 1029 264.61 3557.0 8.368 25.2994 205 9686.0 136.6395 
163000 1031 270.978 3588.0 8.573 25.8783 206 9749.0 131.1756 
164000 1035 262.414 3615.0 8.215 25.0943 207 9831.0 127.158 
165000 1039 268.828 3663.0 8.661 25.8498 207 10075.0 127.158 
166000 1041 272.503 3694.0 8.871 26.3113 208 10165.0 147.5422 
167000 1044 282.418 3756.0 9.703 27.3062 208 10497.0 147.5422 
168000 1046 281.643 3780.0 9.557 27.2775 209 10529.0 168.488 
169000 1049 284.873 3839.0 9.575 27.5564 209 10837.0 168.488 
170000 1052 283.128 3866.0 9.917 27.3542 210 10876.0 185.6392 
171000 1056 294.156 3923.0 10.691 28.3228 211 11189.0 202.0753 
172000 1060 287.263 3946.0 10.208 27.6555 212 11222.0 184.7677 
173000 1064 284.38 3979.0 9.952 27.3071 212 11316.0 184.7677 
174000 1066 288.909 4033.0 10.62 27.7466 213 11567.0 198.991 
175000 1069 296.22 4081.0 10.992 28.3855 213 11786.0 198.991 
176000 1074 289.238 4101.0 10.453 27.7064 214 11823.0 203.8919 
177000 1077 286.67 4126.0 10.191 27.4523 215 11863.0 187.5027 
178000 1080 293.788 4181.0 10.787 28.1216 216 12143.0 199.7524 
179000 1084 291.16 4206.0 10.452 27.8444 216 12193.0 199.7524 
180000 1088 288.338 4228.0 10.088 27.5672 217 12243.0 186.7772 
181000 1091 288.438 4257.0 9.974 27.5409 218 12302.0 172.5995 
182000 1096 281.909 4313.0 10.153 26.9701 219 12606.0 189.5395 
183000 1099 279.508 4342.0 9.887 26.819 219 12665.0 189.5395 
184000 1103 281.147 4366.0 9.78 27.0916 220 12705.0 177.2856 
185000 1107 278.304 4413.0 9.854 26.8781 221 12918.0 179.357 
186000 1112 269.489 4459.0 9.785 26.0121 222 13128.0 186.1213 
187000 1116 268.424 4485.0 9.566 25.8719 223 13206.0 175.8092 
188000 1119 267.616 4529.0 9.495 25.7686 223 13340.0 175.8092 
189000 1122 278.407 4554.0 9.872 26.7915 224 13380.0 174.2283 
190000 1125 281.155 4589.0 9.939 26.998 225 13517.0 172.9054 
191000 1128 285.688 4636.0 10.318 27.4216 225 13639.0 172.9054 
192000 1130 275.245 4671.0 9.87 26.4065 226 13712.0 168.1149 
193000 1135 283.293 4729.0 10.676 27.1179 227 14042.0 191.3034 
194000 1137 287.501 4758.0 10.706 27.4945 227 14097.0 191.3034 
195000 1140 289.804 4795.0 10.784 27.711 228 14251.0 192.3731 
196000 1141 297.808 4830.0 11.029 28.4578 228 14344.0 192.3731 
197000 1147 294.531 4871.0 10.921 28.2279 229 14568.0 204.3358 
198000 1151 290.993 4895.0 10.529 27.9822 230 14608.0 189.1022 
199000 1152 298.634 4930.0 10.719 28.8466 230 14686.0 189.1022 
200000 1155 298.346 4982.0 11.147 28.9075 231 14954.0 203.892 
201000 1160 295.246 5005.0 10.691 28.676 232 15009.0 190.0028 
202000 1162 301.557 5031.0 10.703 29.3011 232 15055.0 190.0028 
203000 1165 301.677 5085.0 11.097 29.2707 233 15307.0 200.2025 
204000 1167 312.655 5121.0 11.443 30.2656 233 15408.0 200.2025 
205000 1170 315.324 5174.0 11.868 30.4881 234 15707.0 220.9822 
206000 1172 313.765 5200.0 11.637 30.2981 234 15747.0 220.9822 
207000 1174 329.749 5268.0 12.786 31.7621 234 16111.0 220.9822 
208000 1178 318.514 5285.0 11.969 30.6632 235 16141.0 239.684 
209000 1181 317.17 5310.0 11.697 30.5114 236 16181.0 219.5156 
210000 1182 331.486 5364.0 12.703 31.8483 236 16452.0 219.5156 
211000 1186 331.958 5395.0 12.385 31.8745 237 16553.0 235.3641 
212000 1186 331.958 5434.0 12.385 31.8745 237 16673.0 235.3641 
213000 1190 333.75 5467.0 12.473 31.9941 238 16791.0 236.1276 
214000 1193 338.506 5509.0 12.535 32.4288 238 16941.0 236.1276 
215000 1196 343.453 5552.0 12.977 32.8893 239 17125.0 243.6149 
216000 1199 342.337 5596.0 13.022 32.7886 239 17304.0 243.6149 
217000 1202 343.238 5625.0 12.903 32.9931 240 17369.0 242.9534 
218000 1205 340.155 5668.0 12.923 32.7882 241 17565.0 242.6581 
219000 1207 345.72 5704.0 13.097 33.3897 241 17633.0 242.6581 
220000 1207 345.72 5761.0 13.097 33.3897 241 17942.0 242.6581 
221000 1211 349.25 5783.0 13.309 33.917 242 18001.0 259.2922 
222000 1215 349.838 5840.0 13.672 34.0791 243 18296.0 265.663 
223000 1217 351.566 5868.0 13.55 34.3101 243 18344.0 265.663 
224000 1221 347.261 5911.0 13.431 33.9337 244 18562.0 265.1967 
225000 1223 350.509 5945.0 13.418 34.3021 244 18631.0 265.1967 
226000 1226 348.766 5996.0 13.664 34.1696 245 18886.0 270.277 
227000 1229 348.04 6043.0 13.402 34.0628 245 19104.0 270.277 
228000 1232 350.4 6079.0 13.793 34.2042 246 19227.0 276.5493 
229000 1235 348.601 6114.0 13.643 33.9317 247 19343.0 262.3944 
230000 1237 353.532 6144.0 13.695 34.3751 247 19402.0 262.3944 
231000 1241 345.946 6188.0 13.45 33.5798 248 19630.0 264.355 
232000 1243 348.111 6247.0 13.43 33.7389 248 19919.0 264.355 
233000 1245 350.312 6290.0 14.174 33.9489 249 20045.0 278.4195 
234000 1249 351.09 6320.0 13.894 33.9375 249 20136.0 278.4195 
235000 1251 355.823 6366.0 14.252 34.3396 250 20328.0 278.4775 
236000 1255 343.745 6406.0 13.784 33.168 251 20495.0 268.3298 
237000 1260 334.786 6456.0 13.552 32.2518 252 20715.0 264.6968 
238000 1262 334.419 6482.0 13.332 32.1851 252 20758.0 264.6968 
239000 1265 341.502 6534.0 13.766 32.8495 253 21032.0 270.0271 
240000 1266 345.312 6562.0 13.77 33.2331 253 21070.0 270.0271 
241000 1269 352.339 6629.0 14.555 34.0208 253 21440.0 270.0271 
242000 1272 347.074 6651.0 13.974 33.5781 254 21468.0 284.5244 
243000 1275 349.499 6719.0 14.578 33.8757 255 21821.0 293.172 
244000 1278 343.394 6781.0 14.072 33.2942 255 22126.0 293.172 
245000 1281 349.688 6819.0 14.88 33.8016 256 22221.0 299.3548 
246000 1285 340.262 6854.0 14.361 32.8856 257 22362.0 288.0193 
247000 1286 351.736 6893.0 14.694 33.9477 257 22459.0 288.0193 
248000 1292 329.542 6931.0 13.786 31.7538 258 22656.0 286.9174 
249000 1294 330.32 6982.0 13.616 31.8314 258 22862.0 286.9174 
250000 1295 350.613 7020.0 14.783 33.7109 259 23054.0 299.4256 
251000 1300 337.112 7043.0 13.819 32.3669 260 23094.0 273.5831 
252000 1304 332.918 7070.0 13.368 31.939 260 23152.0 273.5831 
253000 1306 336.727 7116.0 13.689 32.2921 261 23347.0 267.8248 
254000 1310 327.668 7146.0 13.105 31.4048 262 23441.0 253.5423 
255000 1313 332.279 7171.0 12.96 31.7954 262 23493.0 253.5423 
256000 1315 328.77 7223.0 13.185 31.4553 263 23748.0 258.0881 
257000 1317 338.465 7270.0 13.427 32.3546 263 23914.0 258.0881 
258000 1321 338.085 7306.0 13.51 32.3746 264 24095.0 266.7792 
259000 1326 320.705 7374.0 13.337 30.7373 265 24444.0 275.9013 
260000 1326 320.705 7413.0 13.337 30.7373 265 24537.0 275.9013 
261000 1329 345.068 7462.0 14.413 33.2395 265 24823.0 275.9013 
262000 1332 340.338 7489.0 13.961 32.9199 266 24880.0 287.8112 
263000 1335 335.589 7515.0 13.546 32.4962 267 24933.0 268.4301 
264000 1337 349.173 7551.0 13.883 33.769 267 25058.0 268.4301 
265000 1341 337.803 7602.0 13.445 32.6671 268 25347.0 270.2871 
266000 1344 337.143 7663.0 14.147 32.5323 268 25621.0 270.2871 
267000 1347 336.349 7691.0 13.707 32.4323 269 25685.0 284.6584 
268000 1350 340.662 7743.0 14.154 32.8187 270 25965.0 290.2925 
269000 1351 347.669 7772.0 14.291 33.4472 270 26013.0 290.2925 
270000 1354 347.01 7840.0 14.58 33.35 270 26378.0 290.2925 
271000 1357 347.635 7856.0 14.265 33.3538 271 26400.0 302.8633 
272000 1361 342.861 7892.0 13.95 32.8578 272 26500.0 283.5769 
273000 1361 342.861 7930.0 13.95 32.8578 272 26595.0 283.5769 
274000 1365 353.432 7971.0 14.328 33.8475 273 26817.0 287.4192 
275000 1370 340.225 7992.0 13.425 32.5312 274 26864.0 263.7773 
276000 1370 340.225 8031.0 13.425 32.5312 274 26936.0 263.7773 
277000 1374 351.125 8080.0 14.028 33.5288 274 27217.0 263.7773 
278000 1378 346.391 8104.0 13.497 33.0501 275 27293.0 277.2996 
279000 1384 325.286 8136.0 12.564 31.0825 276 27388.0 253.3696 
280000 1385 321.72 8172.0 12.432 30.7407 277 27473.0 239.3327 
281000 1390 317.599 8214.0 12.373 30.432 278 27661.0 238.9994 
282000 1392 332.066 8248.0 12.755 31.9877 278 27757.0 238.9994 
283000 1395 319.325 8280.0 12.219 30.7965 279 27843.0 230.6995 
284000 1398 331.697 8321.0 12.613 31.9559 279 28004.0 230.6995 
285000 1401 323.086 8354.0 12.318 31.0931 280 28124.0 236.8295 
286000 1405 328.354 8400.0 12.593 31.5784 281 28318.0 235.3466 
287000 1407 330.07 8434.0 12.627 31.7288 281 28381.0 235.3466 
288000 1410 333.526 8480.0 12.875 32.0172 282 28634.0 243.2119 
289000 1412 338.523 8510.0 12.839 32.4596 282 28684.0 243.2119 
290000 1414 341.507 8578.0 13.626 32.7049 282 29057.0 243.2119 
291000 1419 332.131 8593.0 12.767 31.7848 283 29083.0 261.3907 
292000 1420 332.009 8630.0 12.711 31.7793 284 29157.0 240.8516 
293000 1421 356.109 8702.0 14.277 34.0447 284 29530.0 240.8516 
294000 1421 356.109 8705.0 14.277 34.0447 284 29536.0 240.8516 
295000 1421 356.109 8705.0 14.277 34.0447 284 29536.0 240.8516 
296000 1421 356.109 8705.0 14.277 34.0447 284 29536.0 240.8516 
297000 1423 422.269 8704.0 13.947 40.3143 284 29537.0 240.8516 
298000 1426 415.308 8723.0 13.348 39.7028 285 29565.0 259.1665 
299000 1430 403.548 8750.0 12.883 38.6503 286 29641.0 243.1498 
300000 1431 418.657 8788.0 13.485 40.2133 286 29725.0 243.1498 
301000 1435 403.231 8834.0 13.296 38.828 287 29979.0 252.9348 
302000 1437 407.578 8862.0 13.327 39.3046 287 30027.0 252.9348 
303000 1440 394.058 8890.0 12.819 38.009 288 30097.0 237.7414 
304000 1444 385.218 8927.0 12.453 37.1495 288 30237.0 237.7414 
305000 1446 396.589 8975.0 13.26 38.216 289 30446.0 248.0672 
306000 1450 386.7 9029.0 13.327 37.1978 290 30732.0 254.5605 
307000 1453 381.872 9079.0 13.489 36.6817 290 30956.0 254.5605 
308000 1457 372.374 9111.0 13.068 35.7398 291 31091.0 264.1045 
309000 1458 373.327 9180.0 13.007 35.8492 291 31413.0 264.1045 
310000 1460 379.027 9203.0 13.806 36.3463 292 31471.0 274.694 
311000 1461 401.007 9276.0 15.21 38.3806 292 31839.0 274.694 
312000 1463 405.188 9285.0 14.882 38.7628 292 31877.0 274.694 
313000 1465 405.606 9295.0 14.352 38.8065 293 31889.0 290.2246 
314000 1467 413.54 9350.0 15.018 39.5203 293 32159.0 290.2246 
315000 1468 420.309 9388.0 15.418 40.154 293 32306.0 290.2246 
316000 1473 404.402 9400.0 14.223 38.6032 294 32326.0 304.2021 
317000 1475 401.648 9426.0 13.995 38.3115 295 32372.0 278.8819 
318000 1479 393.106 9449.0 13.468 37.5673 295 32417.0 278.8819 
319000 1480 388.744 9482.0 13.239 37.1432 296 32469.0 256.3937 
320000 1483 394.468 9537.0 13.332 37.876 296 32773.0 256.3937 
321000 1487 391.468 9562.0 13.577 37.716 297 32817.0 267.1544 
322000 1488 399.199 9627.0 14.246 38.501 297 33150.0 267.1544 
323000 1491 397.159 9654.0 14.187 38.2984 298 33210.0 280.8389 
324000 1493 405.023 9711.0 14.897 39.0416 298 33479.0 280.8389 
325000 1497 392.254 9740.0 14.248 37.7576 299 33563.0 287.355 
326000 1500 389.686 9816.0 14.959 37.465 300 33957.0 301.2195 
327000 1501 387.432 9847.0 14.799 37.2303 300 34013.0 301.2195 
328000 1505 389.524 9910.0 15.281 37.4122 301 34359.0 311.1976 
329000 1506 402.553 9949.0 15.775 38.6197 301 34447.0 311.1976 
330000 1510 386.27 9989.0 15.195 37.0341 302 34653.0 308.8778 
331000 1512 388.177 10014.0 15.03 37.1602 302 34695.0 308.8778 
332000 1515 387.402 10067.0 15.218 37.057 303 34961.0 308.39 
333000 1516 395.054 10108.0 15.394 37.7688 303 35111.0 308.39 
334000 1520 379.79 10139.0 14.784 36.3174 304 35197.0 298.251 
335000 1524 378.402 10183.0 14.792 36.1252 304 35389.0 298.251 
336000 1525 375.253 10216.0 14.656 35.8392 305 35435.0 292.3259 
337000 1532 359.651 10241.0 13.743 34.4121 306 35542.0 276.6933 
338000 1535 360.296 10275.0 13.644 34.6036 307 35618.0 257.624 
339000 1539 349.507 10318.0 13.309 33.6661 307 35734.0 257.624 
340000 1540 355.657 10367.0 13.883 34.3081 308 35973.0 266.0616 
341000 1541 372.403 10425.0 14.745 35.9683 308 36230.0 266.0616 
342000 1543 377.708 10457.0 15.024 36.4938 308 36387.0 266.0616 
343000 1545 377.321 10491.0 14.827 36.4337 309 36435.0 285.3554 
344000 1546 399.954 10563.0 16.291 38.5557 309 36784.0 285.3554 
345000 1548 391.814 10575.0 15.863 37.7525 309 36834.0 285.3554 
346000 1548 391.814 10575.0 15.863 37.7525 309 36834.0 285.3554 
347000 1551 416.825 10584.0 15.049 40.0559 310 36855.0 299.5199 
348000 1555 401.879 10606.0 14.248 38.5806 311 36908.0 274.7679 
349000 1558 400.992 10647.0 14.326 38.4987 311 37063.0 274.7679 
350000 1560 396.992 10689.0 14.355 38.0682 312 37224.0 278.5911 
351000 1566 378.166 10711.0 13.354 36.2179 313 37267.0 255.532 
352000 1569 368.053 10734.0 12.822 35.2413 313 37305.0 255.532 
353000 1571 371.053 10762.0 12.787 35.4993 314 37356.0 236.4788 
354000 1576 361.77 10793.0 12.354 34.5665 315 37452.0 224.6309 
355000 1581 344.871 10823.0 11.683 32.9052 316 37520.0 209.0678 
356000 1585 341.465 10867.0 11.76 32.5716 317 37691.0 206.161 
357000 1586 354.315 10957.0 13.325 33.7407 317 38100.0 206.161 
358000 1589 351.676 10969.0 12.773 33.5013 317 38121.0 206.161 
359000 1591 353.228 10994.0 12.605 33.6345 318 38151.0 229.1449 
360000 1592 365.904 11051.0 13.193 34.7994 318 38449.0 229.1449 
361000 1595 361.613 11072.0 13.056 34.3983 319 38506.0 243.0305 
362000 1599 355.222 11104.0 12.652 33.8334 319 38593.0 243.0305 
363000 1601 353.688 11138.0 12.603 33.7224 320 38671.0 232.5274 
364000 1602 379.914 11188.0 13.791 36.3883 320 38932.0 232.5274 
365000 1607 355.15 11215.0 12.776 34.1121 321 39012.0 244.5747 
366000 1608 374.547 11276.0 13.9 36.0543 321 39302.0 244.5747 
367000 1610 376.478 11296.0 13.644 36.288 322 39387.0 259.4172 
368000 1613 372.054 11329.0 13.359 35.8334 322 39477.0 259.4172 
369000 1617 367.569 11366.0 13.281 35.3547 323 39629.0 256.9755 
370000 1620 363.377 11397.0 13.049 34.9235 324 39720.0 241.4779 
371000 1622 364.261 11457.0 12.967 34.978 324 40013.0 241.4779 
372000 1624 375.884 11480.0 13.71 36.0411 324 40101.0 241.4779 
373000 1626 370.131 11513.0 13.463 35.4912 325 40169.0 258.9301 
374000 1631 364.675 11579.0 13.768 34.8979 326 40528.0 272.2371 
375000 1633 359.799 11606.0 13.419 34.4228 326 40581.0 272.2371 
376000 1635 368.52 11658.0 14.059 35.2306 327 40803.0 271.9134 
377000 1642 341.949 11681.0 12.73 32.6686 328 40845.0 248.5221 
378000 1645 332.926 11710.0 12.274 31.8157 329 40895.0 227.8699 
379000 1647 350.426 11767.0 13.262 33.4468 329 41179.0 227.8699 
380000 1650 339.72 11785.0 12.52 32.4219 330 41221.0 237.5829 
381000 1654 342.623 11860.0 13.302 32.6565 330 41603.0 237.5829 
382000 1656 344.632 11889.0 13.233 32.8328 331 41652.0 255.8246 
383000 1660 337.372 11941.0 13.194 32.1423 332 41930.0 260.4421 
384000 1662 347.881 11972.0 13.423 33.119 332 41987.0 260.4421 
385000 1666 338.221 12005.0 12.977 32.239 333 42150.0 256.8979 
386000 1668 344.479 12034.0 13.023 32.9412 333 42205.0 256.8979 
387000 1671 334.219 12063.0 12.51 32.0105 334 42267.0 240.5081 
388000 1673 343.711 12108.0 12.864 33.0335 334 42437.0 240.5081 
389000 1676 341.753 12149.0 13.012 32.9866 335 42631.0 253.8573 
390000 1678 354.392 12218.0 13.985 34.2976 335 42954.0 253.8573 
391000 1681 353.4 12250.0 13.849 34.2195 336 43043.0 268.3716 
392000 1683 360.426 12322.0 14.836 34.8381 336 43414.0 268.3716 
393000 1683 360.426 12330.0 14.836 34.8381 336 43440.0 268.3716 
394000 1685 377.423 12344.0 14.385 36.4022 337 43459.0 284.4344 
395000 1688 375.977 12395.0 14.279 36.2466 337 43702.0 284.4344 
396000 1690 377.995 12434.0 14.674 36.4166 338 43839.0 293.691 
397000 1692 391.368 12492.0 15.522 37.6311 338 44106.0 293.691 
398000 1695 386.682 12521.0 15.13 37.1309 339 44243.0 306.2219 
399000 1695 386.682 12584.0 15.13 37.1309 339 44516.0 306.2219 
400000 1696 407.708 12601.0 16.348 39.0874 339 44606.0 306.2219 
401000 1698 425.28 12601.0 15.896 40.7396 339 44614.0 306.2219 
402000 1700 426.168 12619.0 15.523 40.8035 340 44661.0 317.4997 
403000 1702 431.411 12656.0 15.732 41.2893 340 44742.0 317.4997 
404000 1705 420.804 12700.0 15.534 40.2192 341 44987.0 317.8497 
405000 1709 405.358 12760.0 14.826 38.7198 341 45279.0 317.8497 
406000 1710 409.411 12797.0 15.61 39.1098 342 45365.0 321.5648 
407000 1711 431.103 12848.0 16.598 41.1935 342 45615.0 321.5648 
408000 1715 418.816 12867.0 15.773 40.0189 343 45701.0 325.8083 
409000 1715 418.816 12917.0 15.773 40.0189 343 45850.0 325.8083 
410000 1720 414.923 12957.0 15.915 39.8634 344 46066.0 329.6274 
411000 1722 414.118 12980.0 15.64 39.8684 344 46100.0 329.6274 
412000 1724 410.764 13042.0 15.335 39.5845 344 46455.0 329.6274 
413000 1727 421.203 13075.0 16.196 40.5968 345 46518.0 336.3647 
414000 1728 415.419 13133.0 15.912 40.0351 345 46808.0 336.3647 
415000 1731 424.565 13156.0 16.428 40.8379 346 46876.0 342.9282 
416000 1733 428.983 13197.0 16.602 41.2526 346 47018.0 342.9282 
417000 1735 425.448 13247.0 16.788 40.8789 347 47280.0 349.8354 
418000 1739 415.238 13280.0 16.219 39.8412 347 47374.0 349.8354 
419000 1739 415.238 13329.0 16.219 39.8412 347 47651.0 349.8354 
420000 1741 438.713 13355.0 17.054 42.0463 348 47700.0 354.8519 
421000 1745 423.173 13404.0 16.666 40.5498 349 47951.0 346.9667 
422000 1746 425.97 13439.0 16.632 40.7787 349 48017.0 346.9667 
423000 1747 441.071 13494.0 17.7 42.1848 349 48325.0 346.9667 
424000 1750 434.432 13513.0 16.967 41.5343 350 48377.0 354.07 
425000 1752 429.952 13588.0 16.67 41.0919 350 48754.0 354.07 
426000 1754 441.357 13596.0 17.461 42.2451 350 48779.0 354.07 
427000 1755 452.45 13613.0 17.292 43.2937 351 48809.0 361.763 
428000 1755 452.45 13684.0 17.292 43.2937 351 49135.0 361.763 
429000 1760 452.87 13702.0 17.474 43.5396 352 49215.0 367.4867 
430000 1760 452.87 13745.0 17.474 43.5396 352 49339.0 367.4867 
431000 1761 473.892 13790.0 18.785 45.6953 352 49589.0 367.4867 
432000 1763 483.895 13794.0 18.199 46.8329 352 49604.0 367.4867 
433000 1765 481.125 13809.0 17.656 46.5865 353 49639.0 372.438 
434000 1765 481.125 13866.0 17.656 46.5865 353 49870.0 372.438 
435000 1765 481.125 13905.0 17.656 46.5865 353 50053.0 372.438 
436000 1766 519.522 13907.0 19.383 50.4261 353 50062.0 372.438 
437000 1770 503.692 13932.0 18.051 48.9054 354 50097.0 379.3942 
438000 1772 513.245 13984.0 18.652 49.8131 354 50313.0 379.3942 
439000 1776 489.275 14018.0 17.774 47.4384 355 50474.0 380.5548 
440000 1780 474.178 14045.0 17.029 45.9429 356 50541.0 350.0993 
441000 1780 474.178 14081.0 17.029 45.9429 356 50592.0 350.0993 
442000 1784 473.742 14129.0 17.355 45.764 356 50887.0 350.0993 
443000 1787 462.452 14152.0 16.612 44.6545 357 50922.0 350.1894 
444000 1791 450.054 14181.0 15.995 43.3916 358 51000.0 324.8705 
445000 1795 430.77 14204.0 15.099 41.5364 359 51054.0 297.8834 
446000 1799 416.034 14231.0 14.365 40.0561 359 51118.0 297.8834 
447000 1801 416.556 14294.0 15.053 40.0919 360 51429.0 304.6951 
448000 1802 429.904 14357.0 15.552 41.3674 360 51742.0 304.6951 
449000 1805 423.557 14369.0 15.329 40.696 361 51772.0 309.5256 
450000 1806 436.046 14408.0 15.722 41.8505 361 51866.0 309.5256 
451000 1809 434.64 14447.0 15.75 41.6856 361 52121.0 309.5256 
452000 1811 436.747 14483.0 15.806 41.8804 362 52189.0 314.473 
453000 1812 431.152 14537.0 15.629 41.3353 362 52484.0 314.473 
454000 1815 429.149 14563.0 15.747 41.0857 363 52546.0 321.5257 
455000 1819 426.905 14623.0 16.073 40.8294 363 52868.0 321.5257 
456000 1821 428.522 14658.0 16.115 40.9556 364 52944.0 325.5731 
457000 1826 404.344 14682.0 14.946 38.6206 365 53006.0 305.5158 
458000 1831 388.368 14703.0 14.026 37.0908 366 53047.0 278.5642 
459000 1832 394.181 14777.0 14.145 37.6131 366 53404.0 278.5642 
460000 1834 395.108 14794.0 14.941 37.7364 366 53456.0 278.5642 
461000 1836 397.928 14818.0 14.528 38.0064 367 53491.0 293.4078 
462000 1840 397.667 14875.0 14.842 38.066 368 53795.0 297.867 
463000 1843 394.431 14897.0 14.416 37.8245 368 53826.0 297.867 
464000 1846 388.921 14955.0 14.644 37.3587 369 54109.0 298.6803 
465000 1847 386.323 14990.0 14.491 37.1285 369 54190.0 298.6803 
466000 1851 387.21 15042.0 14.82 37.3097 370 54459.0 303.8123 
467000 1854 387.538 15069.0 14.603 37.436 370 54510.0 303.8123 
468000 1856 390.447 15098.0 14.561 37.8355 371 54571.0 282.3311 
469000 1857 388.278 15159.0 14.43 37.6314 371 54888.0 282.3311 
470000 1862 385.749 15178.0 14.438 37.4782 372 54960.0 295.598 
471000 1862 385.749 15234.0 14.438 37.4782 372 55193.0 295.598 
472000 1865 394.103 15277.0 15.268 38.4709 373 55359.0 305.0382 
473000 1866 398.681 15352.0 15.343 38.9788 373 55723.0 305.0382 
474000 1870 395.818 15370.0 15.607 38.732 374 55766.0 315.8343 
475000 1871 404.881 15434.0 15.895 39.6268 374 56074.0 315.8343 
476000 1875 400.612 15453.0 15.812 39.1135 375 56154.0 323.8509 
477000 1875 400.612 15488.0 15.812 39.1135 375 56207.0 323.8509 
478000 1880 395.633 15537.0 15.744 38.5287 376 56465.0 321.8658 
479000 1882 402.489 15569.0 15.848 39.1357 376 56529.0 321.8658 
480000 1884 406.357 15615.0 16.118 39.463 376 56796.0 321.8658 
481000 1887 402.808 15644.0 15.778 39.0606 377 56843.0 323.5792 
482000 1889 403.603 15709.0 16.271 39.0786 377 57192.0 323.5792 
483000 1891 406.675 15728.0 16.063 39.3552 378 57219.0 330.8213 
484000 1893 415.309 15764.0 16.294 40.1466 378 57347.0 330.8213 
485000 1896 408.018 15789.0 15.752 39.3733 379 57438.0 320.6392 
486000 1900 397.664 15816.0 15.105 38.3516 380 57508.0 297.1753 
487000 1905 375.711 15837.0 13.963 36.2241 381 57543.0 270.4577 
488000 1907 383.156 15869.0 14.137 36.8664 381 57610.0 270.4577 
489000 1910 380.4 15918.0 14.262 36.6076 382 57899.0 279.412 
490000 1912 380.422 15948.0 14.097 36.6233 382 57952.0 279.412 
491000 1916 371.9 15982.0 13.748 35.8462 383 58071.0 267.1708 
492000 1918 376.488 16031.0 14.108 36.3027 383 58320.0 267.1708 
493000 1922 370.053 16061.0 13.747 35.8525 384 58411.0 273.7537 
494000 1923 379.532 16104.0 14.132 36.8255 384 58554.0 273.7537 
495000 1925 373.995 16187.0 14.2 36.3366 385 58975.0 277.2783 
496000 1930 359.878 16222.0 14.339 35.0086 386 59090.0 286.9505 
497000 1931 381.101 16281.0 15.512 37.0548 386 59375.0 286.9505 
498000 1934 366.964 16292.0 14.835 35.6456 386 59449.0 286.9505 
499000 1936 379.267 16304.0 14.327 36.769 387 59463.0 296.1554 
500000 1937 393.922 16369.0 14.9 38.1435 387 59766.0 296.1554 
501000 1940 383.258 16399.0 14.857 37.0836 388 59856.0 304.7399 
502000 1941 394.533 16463.0 15.18 38.1164 388 60155.0 304.7399 
503000 1946 377.661 16490.0 14.884 36.4427 389 60256.0 314.8659 
504000 1949 383.361 16564.0 15.755 36.9479 389 60636.0 314.8659 
505000 1954 365.659 16590.0 14.739 35.2197 390 60682.0 323.8793 
506000 1956 368.798 16618.0 14.633 35.493 391 60724.0 296.0914 
507000 1958 368.713 16664.0 14.49 35.4573 391 60922.0 296.0914 
508000 1960 375.153 16699.0 14.958 36.0238 392 61085.0 304.9822 
509000 1962 380.552 16744.0 14.92 36.5254 392 61282.0 304.9822 
510000 1965 373.805 16783.0 14.992 35.8781 393 61426.0 307.584 
511000 1968 381.872 16831.0 15.398 36.7336 393 61618.0 307.584 
512000 1970 382.007 16869.0 15.381 36.8194 394 61811.0 316.7256 
513000 1973 382.416 16899.0 15.175 37.0246 394 61886.0 316.7256 
514000 1978 364.088 16930.0 14.277 35.3112 395 61970.0 298.9531 
515000 1978 364.088 16987.0 14.277 35.3112 395 62231.0 298.9531 
516000 1980 385.581 17018.0 15.339 37.5488 396 62366.0 310.5578 
517000 1982 395.161 17053.0 15.578 38.584 396 62469.0 310.5578 
518000 1984 388.459 17102.0 15.689 37.9791 396 62748.0 310.5578 
519000 1987 392.182 17124.0 15.33 38.3331 397 62782.0 318.602 
520000 1990 383.426 17148.0 14.739 37.4791 398 62827.0 293.2418 
521000 1992 395.929 17192.0 15.287 38.6538 398 62954.0 293.2418 
522000 1997 372.241 17231.0 14.397 36.3006 399 63178.0 298.9176 
523000 1997 372.241 17280.0 14.397 36.3006 399 63365.0 298.9176 
524000 2000 386.275 17325.0 15.26 37.5848 400 63578.0 308.8258 
525000 2004 383.896 17376.0 15.332 37.2663 400 63837.0 308.8258 
526000 2007 375.075 17408.0 14.899 36.3598 401 63929.0 311.7433 
527000 2010 373.203 17454.0 14.911 36.1242 402 64062.0 295.9689 
528000 2012 382.139 17504.0 15.437 36.9679 402 64300.0 295.9689 
529000 2015 377.061 17540.0 15.144 36.4406 403 64456.0 305.972 
530000 2020 361.398 17558.0 14.089 34.8663 404 64491.0 279.1748 
531000 2022 368.784 17596.0 14.35 35.5541 404 64570.0 279.1748 
532000 2023 368.248 17643.0 14.423 35.4596 404 64870.0 279.1748 
533000 2025 375.388 17668.0 14.561 36.1266 405 64921.0 292.4574 
534000 2025 375.388 17722.0 14.561 36.1266 405 65137.0 292.4574 
535000 2030 388.184 17742.0 14.893 37.2542 406 65285.0 301.8116 
536000 2030 388.184 17780.0 14.893 37.2542 406 65359.0 301.8116 
537000 2034 394.961 17837.0 15.5 37.9257 406 65675.0 301.8116 
538000 2035 390.042 17872.0 15.31 37.4554 407 65741.0 312.6305 
539000 2039 396.222 17926.0 15.761 38.2509 407 66066.0 312.6305 
540000 2041 389.407 17953.0 15.314 37.6676 408 66119.0 320.9674 
541000 2043 405.065 17994.0 15.881 39.3132 408 66264.0 320.9674 
542000 2045 397.436 18036.0 15.726 38.583 409 66461.0 323.4707 
543000 2047 405.762 18084.0 16.073 39.4613 409 66637.0 323.4707 
544000 2050 396.791 18118.0 15.767 38.5669 410 66773.0 322.6236 
545000 2054 395.16 18165.0 15.755 38.3461 410 66977.0 322.6236 
546000 2055 391.417 18199.0 15.58 37.9496 411 67051.0 315.8612 
547000 2057 398.733 18257.0 15.826 38.6433 411 67363.0 315.8612 
548000 2061 396.102 18276.0 15.639 38.2914 412 67428.0 325.4751 
549000 2063 403.709 18319.0 15.996 38.9657 412 67554.0 325.4751 
550000 2067 392.221 18374.0 15.835 37.8186 413 67808.0 328.7276 
551000 2067 392.221 18434.0 15.835 37.8186 413 68078.0 328.7276 
552000 2070 405.584 18456.0 16.409 39.0568 414 68181.0 335.8548 
553000 2071 418.932 18495.0 16.881 40.2887 414 68275.0 335.8548 
554000 2075 403.928 18543.0 16.481 38.809 415 68549.0 339.0694 
555000 2077 408.376 18577.0 16.527 39.1949 415 68615.0 339.0694 
556000 2080 402.215 18639.0 16.697 38.5675 416 68941.0 344.0624 
557000 2081 412.511 18672.0 16.983 39.5484 416 69008.0 344.0624 
558000 2083 420.589 18727.0 17.526 40.2475 416 69311.0 344.0624 
559000 2085 412.366 18750.0 16.912 39.4827 417 69360.0 349.8562 
560000 2087 427.742 18816.0 17.945 40.9732 417 69686.0 349.8562 
561000 2090 414.884 18837.0 17.103 39.7997 418 69755.0 355.6706 
562000 2092 410.821 18894.0 16.759 39.4842 418 70042.0 355.6706 
563000 2099 388.858 18931.0 16.156 37.5117 419 70167.0 357.2035 
564000 2102 371.732 18958.0 15.266 35.8495 420 70209.0 326.7832 
565000 2105 377.287 18995.0 15.379 36.3398 421 70345.0 310.9048 
566000 2106 396.121 19046.0 16.272 38.0878 421 70526.0 310.9048 
567000 2108 385.908 19073.0 15.965 37.0943 421 70696.0 310.9048 
568000 2109 398.59 19089.0 16.046 38.2871 421 70764.0 310.9048 
569000 2112 407.024 19104.0 15.476 39.0576 422 70785.0 323.1144 
570000 2115 398.651 19169.0 15.744 38.2243 423 71096.0 322.7029 
571000 2115 398.651 19210.0 15.744 38.2243 423 71197.0 322.7029 
572000 2116 427.538 19260.0 17.249 40.9726 423 71488.0 322.7029 
573000 2116 427.538 19260.0 17.249 40.9726 423 71488.0 322.7029 
574000 2119 448.195 19261.0 16.408 42.8677 423 71501.0 322.7029 
575000 2120 443.231 19295.0 16.06 42.4273 424 71563.0 331.7326 
576000 2125 435.278 19350.0 16.18 41.8059 425 71884.0 336.8594 
577000 2126 442.132 19383.0 16.336 42.5132 425 71936.0 336.8594 
578000 2128 441.913 19440.0 16.557 42.5007 425 72253.0 336.8594 
579000 2130 437.149 19465.0 16.373 42.0244 426 72304.0 342.2734 
580000 2131 447.666 19528.0 16.686 43.028 426 72626.0 342.2734 
581000 2135 446.432 19541.0 16.662 42.8221 427 72694.0 349.9461 
582000 2139 425.294 19563.0 15.635 40.7964 427 72732.0 349.9461 
583000 2141 420.101 19591.0 15.273 40.3001 428 72774.0 318.7515 
584000 2145 419.827 19645.0 15.572 40.219 429 73057.0 319.2763 
585000 2147 417.217 19671.0 15.311 39.9325 429 73097.0 319.2763 
586000 2148 423.252 19740.0 15.524 40.5076 429 73449.0 319.2763 
587000 2154 400.636 19760.0 14.937 38.3163 430 73505.0 330.0487 
588000 2155 405.523 19793.0 15.098 38.7773 431 73566.0 303.3438 
589000 2157 418.805 19851.0 15.834 40.0524 431 73842.0 303.3438 
590000 2160 412.335 19875.0 15.408 39.5641 432 73941.0 312.0094 
591000 2161 419.089 19909.0 15.58 40.2458 432 74015.0 312.0094 
592000 2164 418.685 19969.0 16.097 40.3393 432 74357.0 312.0094 
593000 2166 415.691 19986.0 15.56 40.1221 433 74379.0 322.9085 
594000 2166 415.691 20036.0 15.56 40.1221 433 74579.0 322.9085 
595000 2171 414.459 20071.0 15.675 40.0762 434 74757.0 329.5177 
596000 2171 414.459 20118.0 15.675 40.0762 434 74876.0 329.5177 
597000 2172 440.69 20155.0 16.862 42.5512 434 75109.0 329.5177 
598000 2172 440.69 20155.0 16.862 42.5512 434 75109.0 329.5177 
599000 2172 440.69 20155.0 16.862 42.5512 434 75109.0 329.5177 
600000 2176 471.31 20163.0 15.949 45.3453 435 75136.0 334.6659 
601000 2176 471.31 20210.0 15.949 45.3453 435 75273.0 334.6659 
602000 2180 469.977 20250.0 16.307 45.1703 436 75497.0 337.1993 
603000 2182 476.353 20318.0 17.19 45.7415 436 75822.0 337.1993 
604000 2185 458.744 20346.0 16.379 44.0243 437 75901.0 342.1794 
605000 2187 471.633 20388.0 16.914 45.2014 437 76038.0 342.1794 
606000 2190 452.139 20431.0 16.4 43.3062 438 76249.0 343.0614 
607000 2190 452.139 20503.0 16.4 43.3062 438 76582.0 343.0614 
608000 2194 465.72 20525.0 17.248 44.5411 438 76665.0 343.0614 
609000 2195 456.846 20572.0 16.883 43.7272 439 76842.0 352.7553 
610000 2197 477.33 20619.0 18.076 45.6005 439 77077.0 352.7553 
611000 2200 467.403 20625.0 17.072 44.6164 440 77092.0 359.8798 
612000 2202 463.171 20651.0 16.752 44.2203 440 77126.0 359.8798 
613000 2204 461.55 20708.0 16.716 44.0519 440 77440.0 359.8798 
614000 2206 472.321 20745.0 17.459 45.1954 441 77524.0 360.8918 
615000 2208 467.825 20805.0 17.579 44.7825 441 77862.0 360.8918 
616000 2210 469.981 20821.0 17.433 45.1536 442 77895.0 367.5026 
617000 2213 466.095 20851.0 17.121 44.8827 442 77958.0 367.5026 
618000 2216 450.536 20896.0 16.795 43.4728 443 78195.0 359.8523 
619000 2218 457.816 20952.0 17.252 44.294 443 78436.0 359.8523 
620000 2220 448.116 20989.0 17.025 43.3607 444 78556.0 358.0671 
621000 2222 464.855 21050.0 18.038 44.9791 444 78862.0 358.0671 
622000 2226 438.804 21073.0 16.81 42.4302 445 78925.0 361.3604 
623000 2229 440.494 21108.0 16.748 42.5261 445 79029.0 361.3604 
624000 2231 441.347 21141.0 16.603 42.5622 446 79109.0 339.1244 
625000 2234 437.369 21206.0 17.055 42.1507 446 79462.0 339.1244 
626000 2236 439.819 21227.0 16.779 42.3545 447 79497.0 346.6119 
627000 2240 424.553 21278.0 16.44 40.8573 448 79741.0 339.6507 
628000 2240 424.553 21319.0 16.44 40.8573 448 79821.0 339.6507 
629000 2243 435.141 21363.0 16.996 41.7866 448 80069.0 339.6507 
630000 2245 425.35 21391.0 16.461 40.8341 449 80123.0 339.9857 
631000 2246 452.943 21451.0 17.891 43.4251 449 80427.0 339.9857 
632000 2251 418.267 21498.0 16.192 40.1068 450 80680.0 341.2871 
633000 2254 421.563 21545.0 17.041 40.3781 450 80853.0 341.2871 
634000 2257 411.65 21607.0 16.559 39.4148 451 81131.0 348.9584 
635000 2257 411.65 21640.0 16.559 39.4148 451 81263.0 348.9584 
636000 2257 411.65 21640.0 16.559 39.4148 451 81263.0 348.9584 
637000 2260 452.149 21645.0 17.009 43.2634 452 81280.0 356.6625 
638000 2260 452.149 21685.0 17.009 43.2634 452 81362.0 356.6625 
639000 2263 463.582 21731.0 17.666 44.4466 452 81648.0 356.6625 
640000 2265 456.633 21752.0 17.143 43.8231 453 81707.0 362.4963 
641000 2265 456.633 21814.0 17.143 43.8231 453 81934.0 362.4963 
642000 2267 484.994 21841.0 18.451 46.7903 453 82107.0 362.4963 
643000 2270 472.764 21851.0 17.384 45.7051 454 82129.0 368.7467 
644000 2271 478.608 21904.0 17.577 46.305 454 82363.0 368.7467 
645000 2275 453.119 21932.0 16.812 43.7928 455 82419.0 356.572 
646000 2281 436.437 21992.0 16.551 42.0983 456 82758.0 359.6148 
647000 2283 438.307 22027.0 16.563 42.2527 456 82834.0 359.6148 
648000 2285 427.944 22082.0 16.565 41.2543 457 83086.0 353.9533 
649000 2290 417.827 22122.0 16.143 40.2072 458 83248.0 337.658 
650000 2290 417.827 22160.0 16.143 40.2072 458 83310.0 337.658 
651000 2295 407.865 22190.0 15.653 39.1694 459 83417.0 319.6922 
652000 2295 407.865 22254.0 15.653 39.1694 459 83727.0 319.6922 
653000 2300 404.291 22271.0 15.588 38.7842 460 83758.0 321.523 
654000 2302 412.755 22333.0 15.954 39.577 460 84038.0 321.523 
655000 2305 401.396 22369.0 15.87 38.4683 461 84158.0 328.3707 
656000 2307 416.009 22431.0 16.81 39.8246 461 84471.0 328.3707 
657000 2310 410.456 22455.0 16.253 39.2944 462 84567.0 338.6336 
658000 2311 408.847 22490.0 16.088 39.1055 462 84636.0 338.6336 
659000 2314 409.678 22548.0 16.354 39.1675 462 84955.0 338.6336 
660000 2318 396.683 22619.0 15.753 37.9595 463 85318.0 343.7702 
661000 2320 404.813 22653.0 16.837 38.7612 464 85390.0 351.7932 
662000 2322 408.807 22686.0 16.8 39.2273 464 85455.0 351.7932 
663000 2324 416.009 22748.0 17.508 40.0892 464 85804.0 351.7932 
664000 2327 400.126 22776.0 16.672 38.5801 465 85844.0 360.4139 
665000 2330 407.049 22818.0 16.87 39.4004 466 86021.0 344.6725 
666000 2330 407.049 22854.0 16.87 39.4004 466 86078.0 344.6725 
667000 2333 421.629 22912.0 17.681 40.9469 466 86403.0 344.6725 
668000 2335 424.65 22921.0 17.157 41.2371 467 86447.0 352.7053 
669000 2335 424.65 22960.0 17.157 41.2371 467 86534.0 352.7053 
670000 2340 417.109 23017.0 17.189 40.4389 468 86848.0 356.6347 
671000 2340 417.109 23079.0 17.189 40.4389 468 87084.0 356.6347 
672000 2345 416.408 23110.0 17.3 40.2608 469 87246.0 361.2713 
673000 2346 427.34 23156.0 17.674 41.2993 469 87416.0 361.2713 
674000 2349 419.075 23204.0 17.752 40.4232 469 87665.0 361.2713 
675000 2352 417.051 23227.0 17.101 40.1731 470 87730.0 367.6441 
676000 2354 420.152 23299.0 17.954 40.4462 470 88077.0 367.6441 
677000 2357 415.105 23320.0 17.27 39.93 471 88107.0 372.1797 
678000 2358 424.983 23378.0 18.005 40.8454 471 88421.0 372.1797 
679000 2360 418.159 23412.0 17.547 40.1764 472 88505.0 371.9617 
680000 2362 429.801 23474.0 18.22 41.2516 472 88830.0 371.9617 
681000 2365 424.107 23486.0 17.648 40.6829 473 88857.0 374.7656 
682000 2366 438.325 23522.0 18.095 42.043 473 88936.0 374.7656 
683000 2366 438.325 23566.0 18.095 42.043 473 89175.0 374.7656 
684000 2366 438.325 23569.0 18.095 42.043 473 89193.0 374.7656 
685000 2366 438.325 23572.0 18.095 42.043 473 89211.0 374.7656 
686000 2370 483.137 23573.0 17.746 46.4844 474 89240.0 376.489 
687000 2374 463.989 23594.0 16.755 44.697 474 89277.0 376.489 
688000 2378 447.901 23623.0 16.011 43.2452 475 89334.0 345.6401 
689000 2382 432.767 23648.0 15.26 41.9044 476 89378.0 313.7761 
690000 2386 417.277 23695.0 14.959 40.4551 477 89597.0 307.6985 
691000 2388 418.716 23732.0 14.994 40.6393 477 89699.0 307.6985 
692000 2392 404.033 23763.0 14.409 39.3005 478 89800.0 294.4286 
693000 2395 403.964 23809.0 14.587 39.2771 479 90017.0 290.1858 
694000 2395 403.964 23852.0 14.587 39.2771 479 90156.0 290.1858 
695000 2397 419.073 23903.0 15.661 40.6572 479 90401.0 290.1858 
696000 2399 419.041 23905.0 15.296 40.6419 479 90423.0 290.1858 
697000 2399 419.041 23905.0 15.296 40.6419 479 90423.0 290.1858 
698000 2402 443.157 23930.0 14.772 42.8855 480 90469.0 301.9672 
699000 2406 420.519 23958.0 14.009 40.6431 481 90543.0 281.5705 
700000 2408 422.465 24023.0 14.082 40.8115 481 90862.0 281.5705 
701000 2410 431.383 24033.0 14.504 41.6155 482 90889.0 289.4134 
702000 2411 433.596 24062.0 14.514 41.8026 482 90940.0 289.4134 
703000 2413 447.931 24118.0 15.37 43.1318 482 91244.0 289.4134 
704000 2416 442.149 24148.0 15.12 42.5375 483 91322.0 300.2721 
705000 2418 440.491 24209.0 15.385 42.3426 483 91640.0 300.2721 
706000 2421 435.021 24231.0 15.141 41.7678 484 91692.0 309.4449 
707000 2422 448.38 24292.0 16.098 43.0313 484 92000.0 309.4449 
708000 2425 438.731 24321.0 15.662 42.0958 485 92104.0 321.0004 
709000 2425 438.731 24367.0 15.662 42.0958 485 92240.0 321.0004 
710000 2429 445.502 24407.0 16.154 42.6324 485 92467.0 321.0004 
711000 2431 449.939 24449.0 16.431 43.0484 486 92580.0 329.2004 
712000 2433 444.324 24498.0 16.374 42.5049 486 92811.0 329.2004 
713000 2435 439.371 24531.0 16.237 42.0194 487 92906.0 333.4803 
714000 2439 437.812 24578.0 16.358 41.9539 487 93143.0 333.4803 
715000 2440 432.215 24616.0 16.231 41.4185 488 93248.0 333.3323 
716000 2443 440.114 24670.0 16.817 42.4063 488 93518.0 333.3323 
717000 2446 425.883 24699.0 16.12 41.0601 489 93604.0 336.6991 
718000 2449 430.831 24758.0 16.647 41.6152 489 93897.0 336.6991 
719000 2451 432.585 24788.0 16.548 41.8078 490 93941.0 335.7292 
720000 2454 425.614 24838.0 16.444 41.0887 490 94195.0 335.7292 
721000 2455 421.542 24897.0 16.295 40.7008 491 94468.0 333.3562 
722000 2458 427.692 24938.0 17.139 41.2105 491 94623.0 333.3562 
723000 2459 430.838 24941.0 16.917 41.5104 491 94633.0 333.3562 
724000 2462 437.533 24963.0 16.355 42.1074 492 94664.0 342.8206 
725000 2467 416.883 24986.0 15.29 40.0565 493 94710.0 312.3386 
726000 2469 415.243 25051.0 15.669 39.8783 493 95041.0 312.3386 
727000 2470 415.958 25091.0 15.776 39.9528 494 95133.0 320.8047 
728000 2475 408.668 25138.0 15.743 39.1737 495 95416.0 322.9242 
729000 2478 402.975 25166.0 15.25 38.626 495 95468.0 322.9242 
730000 2480 405.576 25221.0 15.783 38.8411 496 95756.0 324.2318 
731000 2480 405.576 25261.0 15.783 38.8411 496 95847.0 324.2318 
732000 2480 405.576 25317.0 15.783 38.8411 496 96161.0 324.2318 
733000 2483 442.299 25319.0 16.853 42.2973 496 96175.0 324.2318 
734000 2486 435.081 25336.0 16.104 41.575 497 96204.0 334.3086 
735000 2490 421.823 25410.0 16.337 40.2842 498 96582.0 341.3778 
736000 2490 421.823 25450.0 16.337 40.2842 498 96649.0 341.3778 
737000 2494 426.177 25503.0 16.802 40.7542 498 96976.0 341.3778 
738000 2495 422.234 25546.0 16.526 40.4069 499 97137.0 346.84 
739000 2500 411.823 25588.0 16.387 39.572 500 97334.0 347.156 
740000 2500 411.823 25632.0 16.387 39.572 500 97471.0 347.156 
741000 2505 409.364 25673.0 16.377 39.469 501 97694.0 348.3404 
742000 2506 416.097 25714.0 16.51 40.2146 501 97787.0 348.3404 
743000 2511 405.262 25765.0 16.379 39.268 502 98089.0 353.3063 
744000 2512 400.717 25796.0 16.132 38.8645 502 98136.0 353.3063 
745000 2515 408.219 25857.0 16.764 39.5061 503 98464.0 355.3757 
746000 2517 414.097 25898.0 16.996 40.0419 503 98579.0 355.3757 
747000 2522 394.394 25932.0 16.027 38.0938 504 98735.0 345.9381 
748000 2527 376.646 25962.0 15.099 36.3326 505 98833.0 321.9443 
749000 2527 376.646 26030.0 15.099 36.3326 505 99150.0 321.9443 
750000 2529 392.44 26050.0 16.169 37.785 505 99229.0 321.9443 
751000 2530 396.231 26087.0 15.925 38.1449 506 99309.0 330.7499 
752000 2533 408.832 26147.0 16.843 39.285 506 99642.0 330.7499 
753000 2535 412.034 26154.0 16.294 39.5766 507 99663.0 340.4749 
754000 2535 412.034 26200.0 16.294 39.5766 507 99757.0 340.4749 
755000 2539 418.68 26250.0 16.867 40.1818 507 100069.0 340.4749 
756000 2540 414.007 26279.0 16.55 39.7134 508 100111.0 347.6274 
757000 2544 412.508 26337.0 16.714 39.5422 508 100443.0 347.6274 
758000 2546 412.895 26367.0 16.646 39.5365 509 100505.0 353.1647 
759000 2551 391.863 26389.0 15.43 37.5216 510 100538.0 321.9482 
760000 2552 408.966 26441.0 16.242 39.1408 510 100762.0 321.9482 
761000 2554 410.55 26459.0 15.815 39.2727 510 100875.0 321.9482 
762000 2555 410.319 26502.0 15.779 39.2389 511 101030.0 325.4534 
763000 2557 424.76 26555.0 16.973 40.6391 511 101289.0 325.4534 
764000 2560 417.196 26567.0 16.072 39.9798 512 101310.0 335.208 
765000 2562 417.175 26599.0 15.945 40.0924 512 101386.0 335.208 
766000 2565 416.694 26655.0 16.256 40.126 513 101691.0 340.0872 
767000 2570 397.744 26687.0 15.336 38.441 514 101788.0 315.9785 
768000 2573 394.856 26720.0 15.128 38.2382 514 101872.0 315.9785 
769000 2575 397.443 26778.0 15.588 38.5898 515 102160.0 321.4807 
770000 2578 391.944 26822.0 15.252 38.0611 515 102339.0 321.4807 
771000 2581 383.969 26868.0 15.356 37.2661 516 102535.0 325.8326 
772000 2583 394.334 26919.0 15.698 38.2075 516 102768.0 325.8326 
773000 2585 396.896 26932.0 15.528 38.4082 517 102804.0 321.0493 
774000 2587 397.441 26973.0 15.367 38.453 517 102949.0 321.0493 
775000 2590 394.314 27013.0 15.525 38.1031 518 103157.0 323.9444 
776000 2592 397.772 27048.0 15.404 38.3728 518 103257.0 323.9444 
777000 2596 395.563 27093.0 15.498 38.1267 519 103480.0 323.85 
778000 2596 395.563 27148.0 15.498 38.1267 519 103658.0 323.85 
779000 2600 399.959 27185.0 15.946 38.4843 520 103873.0 331.465 
780000 2601 406.88 27229.0 16.167 39.1275 520 103996.0 331.465 
781000 2605 398.386 27271.0 15.997 38.2552 521 104189.0 329.7185 
782000 2606 409.218 27310.0 16.357 39.2934 521 104283.0 329.7185 
783000 2607 425.154 27355.0 17.15 40.7716 521 104527.0 329.7185 
784000 2611 401.716 27386.0 16.029 38.5153 522 104649.0 338.1466 
785000 2612 421.962 27452.0 17.409 40.421 522 104980.0 338.1466 
786000 2615 409.054 27475.0 16.558 39.1731 523 105030.0 346.132 
787000 2615 409.054 27544.0 16.558 39.1731 523 105333.0 346.132 
788000 2618 430.986 27571.0 17.633 41.2076 523 105453.0 346.132 
789000 2620 421.134 27604.0 17.172 40.2663 524 105506.0 357.4188 
790000 2621 438.611 27647.0 17.949 41.9091 524 105727.0 357.4188 
791000 2621 438.611 27662.0 17.949 41.9091 524 105793.0 357.4188 
792000 2621 438.611 27662.0 17.949 41.9091 524 105793.0 357.4188 
793000 2621 438.611 27662.0 17.949 41.9091 524 105793.0 357.4188 
794000 2623 498.804 27666.0 17.827 47.5844 524 105829.0 357.4188 
795000 2626 497.686 27677.0 16.995 47.4911 525 105870.0 360.5769 
796000 2627 509.152 27717.0 17.495 48.5526 525 105986.0 360.5769 
797000 2630 492.472 27774.0 17.406 46.9605 526 106283.0 365.3192 
798000 2630 492.472 27828.0 17.406 46.9605 526 106490.0 365.3192 
799000 2631 521.723 27867.0 19.038 49.9248 526 106689.0 365.3192 
800000 2633 511.34 27871.0 18.363 48.9699 526 106704.0 365.3192 
801000 2637 499.024 27894.0 17.223 47.8957 527 106734.0 373.3873 
802000 2640 495.102 27954.0 17.541 47.6295 528 107031.0 367.1486 
803000 2642 495.665 27989.0 17.532 47.7809 528 107131.0 367.1486 
804000 2642 495.665 28028.0 17.532 47.7809 528 107365.0 367.1486 
805000 2643 524.392 28046.0 18.342 50.7204 528 107435.0 367.1486 
806000 2646 515.837 28065.0 17.678 49.9907 529 107469.0 373.2337 
807000 2650 492.908 28089.0 16.705 47.8298 530 107536.0 343.6103 
808000 2650 492.908 28126.0 16.705 47.8298 530 107600.0 343.6103 
809000 2653 502.522 28181.0 17.587 48.9224 530 107934.0 343.6103 
810000 2655 497.759 28197.0 16.988 48.5123 531 107970.0 351.9493 
811000 2658 494.173 28251.0 17.235 48.2357 531 108219.0 351.9493 
812000 2660 485.78 28287.0 16.99 47.4343 532 108335.0 352.5544 
813000 2663 483.296 28326.0 16.882 47.3355 532 108461.0 352.5544 
814000 2667 462.125 28366.0 16.314 45.2784 533 108625.0 345.8989 
815000 2668 470.042 28425.0 16.588 46.1152 533 108907.0 345.8989 
816000 2670 466.476 28465.0 17.05 45.793 534 109048.0 352.809 
817000 2674 460.858 28517.0 17.055 45.2932 534 109320.0 352.809 
818000 2675 461.601 28556.0 17.214 45.3593 535 109444.0 357.4281 
819000 2676 466.729 28622.0 17.31 45.7999 535 109754.0 357.4281 
820000 2679 475.631 28633.0 17.701 46.5486 535 109816.0 357.4281 
821000 2681 474.005 28661.0 17.478 46.3115 536 109873.0 363.1853 
822000 2686 447.867 28716.0 16.842 43.6941 537 110161.0 359.4668 
823000 2686 447.867 28775.0 16.842 43.6941 537 110403.0 359.4668 
824000 2690 446.39 28812.0 17.217 43.4535 538 110555.0 362.2201 
825000 2690 446.39 28862.0 17.217 43.4535 538 110713.0 362.2201 
826000 2695 446.384 28897.0 17.295 43.3568 539 110933.0 364.5981 
827000 2695 446.384 28938.0 17.295 43.3568 539 111019.0 364.5981 
828000 2698 455.752 28998.0 18.143 44.149 539 111358.0 364.5981 
829000 2700 450.895 29014.0 17.523 43.6811 540 111382.0 370.9383 
830000 2704 443.077 29073.0 17.5 42.8584 540 111673.0 370.9383 
831000 2706 447.311 29099.0 17.425 43.1998 541 111707.0 365.2445 
832000 2709 439.378 29151.0 17.305 42.4181 541 111978.0 365.2445 
833000 2711 437.55 29174.0 16.993 42.2055 542 112045.0 363.52 
834000 2712 436.539 29224.0 16.953 42.0878 542 112258.0 363.52 
835000 2712 436.539 29244.0 16.953 42.0878 542 112350.0 363.52 
836000 2713 479.148 29250.0 17.914 46.1049 542 112393.0 363.52 
837000 2716 473.952 29270.0 17.291 45.5676 543 112440.0 367.568 
838000 2718 474.705 29310.0 17.311 45.6141 543 112566.0 367.568 
839000 2720 469.048 29351.0 17.312 45.0359 544 112750.0 361.2112 
840000 2722 480.364 29409.0 18.078 46.0922 544 113035.0 361.2112 
841000 2725 461.602 29441.0 17.348 44.2869 545 113133.0 363.9901 
842000 2727 464.33 29497.0 17.236 44.5119 545 113395.0 363.9901 
843000 2730 455.501 29534.0 17.46 43.6437 546 113531.0 367.3911 
844000 2731 459.371 29599.0 17.491 44.0134 546 113864.0 367.3911 
845000 2735 451.567 29619.0 17.455 43.3329 547 113918.0 369.752 
846000 2738 449.608 29655.0 17.202 43.2026 547 114017.0 369.752 
847000 2740 440.671 29697.0 16.952 42.3376 548 114157.0 352.6768 
848000 2742 455.858 29757.0 17.998 43.929 548 114450.0 352.6768 
849000 2743 466.841 29767.0 17.839 45.0797 548 114497.0 352.6768 
850000 2743 466.841 29773.0 17.839 45.0797 548 114527.0 352.6768 
851000 2743 466.841 29774.0 17.839 45.0797 548 114534.0 352.6768 
852000 2743 466.841 29774.0 17.839 45.0797 548 114534.0 352.6768 
853000 2745 512.516 29798.0 17.23 49.7345 549 114566.0 360.2091 
854000 2748 515.848 29852.0 17.778 50.1575 549 114845.0 360.2091 
855000 2750 501.966 29883.0 17.232 48.8557 550 114923.0 360.1882 
856000 2750 501.966 29961.0 17.232 48.8557 550 115313.0 360.1882 
857000 2753 515.559 29964.0 18.217 50.264 550 115322.0 360.1882 
858000 2754 516.848 30015.0 17.873 50.436 550 115452.0 360.1882 
859000 2755 532.691 30067.0 19.195 52.0124 551 115661.0 398.7694 
860000 2760 507.608 30122.0 18.646 49.6354 552 115949.0 389.2924 
861000 2760 507.608 30167.0 18.646 49.6354 552 116066.0 389.2924 
862000 2762 516.639 30220.0 19.343 50.5687 552 116364.0 389.2924 
863000 2765 519.256 30250.0 19.373 50.9573 553 116433.0 399.2632 
864000 2766 513.231 30289.0 19.086 50.3329 553 116506.0 399.2632 
865000 2766 513.231 30343.0 19.086 50.3329 553 116809.0 399.2632 
866000 2770 514.766 30362.0 19.281 50.5771 554 116850.0 398.9369 
867000 2771 528.01 30407.0 19.755 51.9984 554 116995.0 398.9369 
868000 2774 517.948 30445.0 19.706 51.0298 554 117249.0 398.9369 
869000 2774 517.948 30445.0 19.706 51.0298 554 117249.0 398.9369 
870000 2776 530.746 30467.0 18.946 52.3603 555 117291.0 401.0432 
871000 2778 541.468 30522.0 19.697 53.5252 555 117525.0 401.0432 
872000 2779 533.238 30543.0 19.423 52.7152 555 117658.0 401.0432 
873000 2779 533.238 30543.0 19.423 52.7152 555 117658.0 401.0432 
874000 2781 560.361 30569.0 19.227 55.5185 556 117692.0 401.8389 
875000 2783 561.809 30631.0 19.651 55.6955 556 118038.0 401.8389 
876000 2785 549.853 30658.0 19.247 54.5374 557 118079.0 401.155 
877000 2789 536.942 30721.0 19.333 53.3868 557 118428.0 401.155 
878000 2790 530.843 30763.0 18.966 52.8001 558 118528.0 398.5395 
879000 2792 538.65 30806.0 19.676 53.5731 558 118756.0 398.5395 
880000 2795 530.379 30824.0 18.947 52.7019 559 118834.0 398.4855 
881000 2795 530.379 30871.0 18.947 52.7019 559 118965.0 398.4855 
882000 2800 521.361 30913.0 18.9 51.6506 560 119231.0 399.037 
883000 2800 521.361 30957.0 18.9 51.6506 560 119347.0 399.037 
884000 2803 525.535 31003.0 19.482 51.8941 560 119624.0 399.037 
885000 2806 512.976 31025.0 18.651 50.5481 561 119667.0 400.8333 
886000 2810 494.244 31058.0 17.887 48.6371 562 119758.0 371.25 
887000 2811 494.18 31136.0 17.789 48.6003 562 120134.0 371.25 
888000 2813 504.267 31152.0 18.735 49.4618 562 120173.0 371.25 
889000 2815 500.813 31173.0 18.269 49.0907 563 120202.0 378.125 
890000 2815 500.813 31225.0 18.269 49.0907 563 120368.0 378.125 
891000 2820 493.522 31260.0 18.219 48.2434 564 120573.0 377.9125 
892000 2820 493.522 31305.0 18.219 48.2434 564 120663.0 377.9125 
893000 2824 495.432 31356.0 18.714 48.3212 564 120988.0 377.9125 
894000 2827 486.844 31382.0 18.133 47.4198 565 121029.0 382.5212 
895000 2827 486.844 31445.0 18.133 47.4198 565 121329.0 382.5212 
896000 2828 501.707 31460.0 19.21 48.7739 565 121417.0 382.5212 
897000 2828 501.707 31460.0 19.21 48.7739 565 121417.0 382.5212 
898000 2828 501.707 31460.0 19.21 48.7739 565 121417.0 382.5212 
899000 2828 501.707 31460.0 19.21 48.7739 565 121417.0 382.5212 
900000 2828 501.707 31460.0 19.21 48.7739 565 121417.0 382.5212 
901000 2828 501.707 31460.0 19.21 48.7739 565 121417.0 382.5212 
902000 2830 608.733 31495.0 19.087 58.8522 566 121490.0 393.1691 
903000 2831 605.838 31526.0 18.946 58.5189 566 121546.0 393.1691 
904000 2834 605.676 31585.0 19.506 58.4664 566 121893.0 393.1691 
905000 2836 596.721 31605.0 18.974 57.5713 567 121927.0 395.4522 
906000 2836 596.721 31673.0 18.974 57.5713 567 122274.0 395.4522 
907000 2841 580.716 31691.0 18.878 56.0005 568 122318.0 397.007 
908000 2843 578.112 31723.0 18.777 55.8125 568 122382.0 397.007 
909000 2845 567.791 31776.0 18.879 54.875 569 122671.0 392.6063 
910000 2845 567.791 31824.0 18.879 54.875 569 122821.0 392.6063 
911000 2850 548.873 31862.0 18.599 53.2151 570 123017.0 387.6456 
912000 2850 548.873 31927.0 18.599 53.2151 570 123292.0 387.6456 
913000 2853 564.402 31952.0 19.492 54.9308 570 123428.0 387.6456 
914000 2853 564.402 31953.0 19.492 54.9308 570 123432.0 387.6456 
915000 2855 577.142 31960.0 18.76 56.3185 571 123447.0 392.2811 
916000 2857 570.905 32017.0 18.432 55.8006 571 123701.0 392.2811 
917000 2860 564.195 32053.0 18.858 55.1487 572 123863.0 395.553 
918000 2860 564.195 32091.0 18.858 55.1487 572 123928.0 395.553 
919000 2862 579.43 32142.0 19.83 56.6941 572 124197.0 395.553 
920000 2862 579.43 32142.0 19.83 56.6941 572 124197.0 395.553 
921000 2862 579.43 32145.0 19.83 56.6941 572 124209.0 395.553 
922000 2864 603.063 32154.0 19.281 58.9761 572 124274.0 395.553 
923000 2865 614.781 32192.0 19.356 60.0395 573 124337.0 401.0977 
924000 2867 617.856 32258.0 19.981 60.2656 573 124666.0 401.0977 
925000 2870 593.466 32288.0 19.289 57.8645 574 124762.0 402.7879 
926000 2871 612.356 32357.0 20.644 59.61 574 125060.0 402.7879 
927000 2874 586.849 32368.0 19.564 57.0892 574 125143.0 402.7879 
928000 2875 603.212 32372.0 19.293 58.6004 575 125157.0 404.8091 
929000 2875 603.212 32408.0 19.293 58.6004 575 125226.0 404.8091 
930000 2877 614.871 32465.0 20.332 59.6322 575 125546.0 404.8091 
931000 2880 587.5 32497.0 19.213 56.9733 576 125611.0 405.3282 
932000 2885 561.555 32554.0 18.918 54.3461 577 125946.0 402.4954 
933000 2885 561.555 32618.0 18.918 54.3461 577 126199.0 402.4954 
934000 2886 577.084 32654.0 20.1 55.8201 577 126359.0 402.4954 
935000 2887 597.643 32654.0 20.198 57.7159 577 126363.0 402.4954 
936000 2889 589.687 32665.0 19.418 56.9466 577 126385.0 402.4954 
937000 2891 580.527 32695.0 19.002 56.005 578 126429.0 407.5458 
938000 2894 571.431 32749.0 18.716 55.0595 578 126702.0 407.5458 
939000 2895 573.142 32779.0 19.002 55.2312 579 126772.0 397.4913 
940000 2900 546.893 32837.0 18.685 52.6499 580 127075.0 394.3421 
941000 2902 548.815 32885.0 19.028 52.7894 580 127218.0 394.3421 
942000 2905 517.834 32914.0 17.85 49.8266 581 127259.0 369.9079 
943000 2907 523.2 32979.0 18.105 50.2954 581 127614.0 369.9079 
944000 2909 519.215 32982.0 18.328 49.8697 581 127631.0 369.9079 
945000 2909 519.215 32982.0 18.328 49.8697 581 127631.0 369.9079 
946000 2910 553.671 32996.0 18.002 53.3074 582 127652.0 374.2171 
947000 2913 545.493 33055.0 18.011 52.6172 582 127924.0 374.2171 
948000 2917 523.263 33083.0 17.38 50.5382 583 128019.0 373.8954 
949000 2920 515.586 33126.0 17.306 49.8511 584 128176.0 353.8059 
950000 2921 519.534 33161.0 17.38 50.3053 584 128239.0 353.8059 
951000 2926 491.077 33206.0 16.731 47.64 585 128463.0 345.6253 
952000 2928 489.602 33275.0 16.981 47.572 585 128819.0 345.6253 
953000 2929 493.37 33297.0 17.521 47.98 585 128878.0 345.6253 
954000 2930 504.022 33314.0 17.291 49.1017 586 128896.0 354.1628 
955000 2931 519.362 33368.0 17.965 50.7037 586 129107.0 354.1628 
956000 2936 493.605 33406.0 17.34 48.2918 587 129267.0 355.1465 
957000 2937 504.673 33445.0 17.793 49.3845 587 129400.0 355.1465 
958000 2941 472.415 33473.0 16.548 46.2411 588 129468.0 338.1318 
959000 2941 472.415 33538.0 16.548 46.2411 588 129809.0 338.1318 
960000 2945 485.766 33550.0 17.109 47.3795 589 129855.0 347.1187 
961000 2946 485.151 33577.0 16.987 47.3107 589 129901.0 347.1187 
962000 2950 474.557 33627.0 16.861 46.1884 590 130135.0 340.0068 
963000 2951 486.486 33662.0 17.243 47.2739 590 130195.0 340.0068 
964000 2955 468.517 33714.0 16.92 45.4674 591 130491.0 341.8061 
965000 2956 475.487 33754.0 17.161 46.122 591 130586.0 341.8061 
966000 2960 453.255 33785.0 16.4 43.926 592 130684.0 325.7255 
967000 2962 463.341 33848.0 17.26 44.8307 592 130998.0 325.7255 
968000 2964 462.221 33870.0 17.015 44.6544 592 131085.0 325.7255 
969000 2966 462.297 33883.0 16.46 44.6422 593 131109.0 335.9529 
970000 2966 462.297 33922.0 16.46 44.6422 593 131208.0 335.9529 
971000 2970 466.168 33966.0 16.801 44.9152 594 131448.0 336.7577 
972000 2970 466.168 34011.0 16.801 44.9152 594 131562.0 336.7577 
973000 2970 466.168 34045.0 16.801 44.9152 594 131785.0 336.7577 
974000 2970 466.168 34045.0 16.801 44.9152 594 131785.0 336.7577 
975000 2974 508.906 34059.0 17.375 48.8939 594 131860.0 336.7577 
976000 2977 497.22 34080.0 16.732 47.7294 595 131890.0 345.2819 
977000 2978 509.195 34141.0 17.658 48.8237 595 132213.0 345.2819 
978000 2980 504.63 34163.0 17.258 48.359 596 132288.0 352.4537 
979000 2981 517.757 34214.0 18.013 49.5775 596 132427.0 352.4537 
980000 2981 517.757 34259.0 18.013 49.5775 596 132694.0 352.4537 
981000 2981 517.757 34259.0 18.013 49.5775 596 132694.0 352.4537 
982000 2981 517.757 34259.0 18.013 49.5775 596 132694.0 352.4537 
983000 2984 562.974 34266.0 17.936 53.8892 596 132719.0 352.4537 
984000 2985 567.434 34297.0 18.077 54.3358 597 132757.0 363.8083 
985000 2986 570.646 34336.0 18.175 54.6908 597 132872.0 363.8083 
986000 2990 552.207 34381.0 17.968 52.964 598 133089.0 360.8275 
987000 2990 552.207 34429.0 17.968 52.964 598 133233.0 360.8275 
988000 2993 553.661 34468.0 18.47 53.2391 598 133476.0 360.8275 
989000 2995 560.832 34474.0 18.113 54.0759 599 133508.0 367.3447 
990000 2995 560.832 34514.0 18.113 54.0759 599 133593.0 367.3447 
991000 2997 578.181 34566.0 19.229 55.8833 599 133869.0 367.3447 
992000 2998 570.178 34573.0 18.844 55.1563 599 133907.0 367.3447 
993000 3001 571.597 34584.0 18.071 55.3368 600 133927.0 371.3103 
994000 3002 569.065 34614.0 17.93 55.0563 600 133994.0 371.3103 
995000 3004 574.574 34666.0 18.578 55.53 600 134291.0 371.3103 
996000 3005 569.383 34697.0 18.306 54.974 601 134338.0 373.3792 
997000 3006 593.395 34766.0 19.8 57.1196 601 134696.0 373.3792 
998000 3009 577.203 34767.0 18.731 55.4432 601 134715.0 373.3792 
999000 3010 569.199 34802.0 18.357 54.6796 602 134775.0 376.9413 
