1000 2 6 29.400000000000002 0.9789750000000003 28.36 17.2452454 1.0 0.1838722 0.7542652 
2000 4 12 51.364000000000004 1.643750452975 21.15 13.4034459 1.0 -0.0157143 0.6028404 
3000 5 15 71.2276 2.322294080218775 21.7 10.564249 1.0 -0.0413131 -0.7009897 
4000 5 17 71.2276 3.321058204977208 21.33 9.0155317 1.0 0.0749637 0.7408466 
5000 7 23 102.394356 3.4844384935112926 21.44 8.676401 0.9941862 -0.0078349 0.1000149 
6000 9 29 125.53942836000002 3.2698734774301355 20.96 7.8617904 0.9945518 -0.0651013 -0.0068594 
7000 11 35 128.73693697160002 3.5502818307189488 21.66 6.9973376 0.9673092 -0.0303305 0.3391027 
8000 13 40 154.82691894699605 4.210895918221231 21.04 6.6140084 0.988009 0.0211961 0.0792302 
9000 15 46 146.6098043470668 2.6140877376754097 21.2 6.3037289 0.9722866 0.0141657 -0.2934191 
10000 16 50 157.44882391236013 3.669502964688837 21.42 5.136918 0.9773216 0.0294818 0.5026884 
11000 17 53 198.7039415211241 4.426067661258163 21.23 3.9426616 0.9854942 0.0944088 0.3093502 
12000 19 58 198.35019263211055 3.730048693296333 20.97 3.2547736 0.9645226 -0.0305059 -0.2725457 
13000 21 63 194.86365603200954 3.0570964529045517 21.41 2.671811 0.9446866 -0.0686244 0.0207618 
14000 22 67 193.3772904288086 3.104260982750677 21.16 2.2771348 0.960545 0.0480466 0.0817884 
15000 24 72 200.28560524733498 3.117685067704447 21.31 1.8825269 0.9083252 -0.0040323 0.1771805 
16000 25 76 198.25704472260148 3.144013172920888 21.76 1.7579492 0.9169307 0.0249315 0.031483 
17000 27 81 194.7882062253072 2.7110483384780553 20.95 1.6102139 0.9296208 0.0431823 0.0766179 
18000 28 85 203.80938560277647 3.408218814875452 21.06 1.5760235 0.9148315 0.067306 0.110618 
19000 29 89 211.92844704249882 3.874632364439784 21.08 1.412635 0.8896141 0.03944 0.0780853 
20000 31 94 215.31204210442405 3.648871664878048 21.01 1.3070112 0.8603141 0.0246777 -0.0273252 
21000 32 97 222.28083789398164 3.9250274436960972 21.37 1.2255038 0.823189 0.0186649 0.1213199 
22000 34 102 234.19747869412512 4.192339455228109 20.96 1.1780479 0.8323625 0.0003457 -0.1384469 
23000 35 106 239.27773082471262 4.380093916575163 20.76 1.1095027 0.7876958 0.0020757 -0.1775212 
24000 37 111 237.46496196801723 3.871051656798469 21.21 1.153095 0.8125657 0.014848 0.2379175 
25000 38 115 242.2184657712155 4.169296992025476 20.89 1.4007297 0.8555169 0.0542536 0.695603 
26000 40 120 233.39695727468458 3.4483381808211244 21.3 1.9923927 0.9197696 0.0347592 0.0727568 
27000 41 124 228.05726154721611 3.3789546804367405 21.17 1.968473 0.8687698 0.00047 0.2112665 
28000 43 129 234.82638185324507 3.724088949251091 20.62 1.6393385 0.9091787 0.0201111 0.269815 
29000 44 133 229.34374366792056 3.903974759603641 20.8 1.7418363 0.9430968 0.0761819 0.4427301 
30000 45 136 271.40936930112855 4.686997599751055 20.77 2.193649 0.8904311 0.0529365 0.1796347 
31000 46 139 278.7684323710157 5.050821250218521 20.92 1.9941757 0.93143 0.058834 0.0922351 
32000 48 144 270.70243022052273 4.409899440041536 21.07 1.7110964 0.904721 0.0870265 0.3824429 
33000 49 147 295.13218719847043 4.75581669179028 20.57 1.858432 0.9399606 0.0507045 0.1241291 
34000 50 151 291.6189684786234 4.651691331483603 20.62 2.0936548 0.9367182 -0.0318912 0.1766674 
35000 51 154 306.95707163076105 5.430082980651547 20.73 1.9364854 0.8987248 0.0472266 0.1508619 
36000 53 159 294.03522802091646 4.623849699244934 21.03 1.8806411 0.851029 0.068797 0.4462528 
37000 54 162 290.63170521882483 4.525786430749557 20.84 1.9012966 0.9911284 0.0811924 0.3040896 
38000 55 167 343.5685346969424 4.5983516294933064 20.45 2.0958778 0.9559336 0.0695553 0.2509457 
39000 56 170 333.21168122724816 4.971198337900621 20.6 2.1609614 0.9583194 -0.0559881 0.2042682 
40000 58 174 319.55146179407103 4.797103229496597 20.63 2.5020769 0.994265 0.1504936 0.369178 
41000 60 182 294.7866840531975 3.5307271932833895 20.73 3.0820135 0.9641912 0.0218067 0.2616185 
42000 63 189 252.989492674781 2.695642271293146 20.85 2.4654982 0.9436741 0.1024414 0.3024467 
43000 64 194 241.1905434073029 3.1507998047758905 20.29 2.1573652 0.9781368 0.0974335 0.3986254 
44000 65 197 246.0714890665726 3.6109330576816245 20.53 2.5379544 0.9885872 -0.0037664 0.1551704 
45000 66 200 257.96434015991537 4.341370199049905 20.26 2.1769751 0.9543811 0.0466468 0.3370904 
46000 68 204 287.05111552953144 4.705172987596643 20.52 2.2349837 0.9717466 0.0127875 0.3634022 
47000 70 211 273.1614035789205 3.6047391539312126 20.56 2.0658714 0.9401843 0.019735 0.2134581 
48000 72 216 269.96073689892563 4.263212423004842 20.74 2.0481481 0.962509 0.057294 0.2594979 
49000 73 221 295.46466320903306 4.644134303660129 20.4 1.9413741 0.9682967 0.0516484 0.1884151 
50000 74 224 286.9181968881298 4.616573907368235 20.22 1.9031457 0.9499112 0.0423381 0.1288154 
51000 75 226 282.2263771993168 4.92942486496827 20.44 2.0378739 0.9713871 0.0292899 0.3120712 
52000 76 229 280.0037394793851 4.7735507265618695 20.26 2.0048242 0.9101149 -0.0021532 0.106874 
53000 78 233 257.55302897830194 3.668726631697242 20.35 2.1079825 0.9338673 0.091763 0.3270667 
54000 79 236 261.79772608047176 4.790501714507289 20.15 1.8844909 0.9479811 0.0504677 0.0829855 
55000 80 237 274.6179534724246 5.411451543056559 20.13 1.8955783 0.9874398 0.0389518 0.1617836 
56000 81 241 305.6561581251821 6.880253357399409 20.07 2.3583848 0.9509306 0.003872 0.2113314 
57000 83 247 304.9814880813975 5.5718527245097 20.19 2.6853516 0.9626107 0.0688133 0.093481 
58000 84 251 308.9833392732578 5.337192572550816 20.29 2.451905 0.9640809 0.001745 0.0947157 
59000 86 255 292.1765048113388 4.65163204685059 20.31 2.2042957 0.9613271 0.0740751 0.194491 
60000 88 261 290.76296889718446 4.612852986610326 20.12 2.1990102 0.91122 0.0526684 0.2788355 
61000 89 264 300.68667200746603 5.188769827238929 20.44 2.1232526 0.9183427 -0.0168096 0.1963081 
62000 90 267 306.61800480671945 5.461613204057179 19.9 1.8744123 0.9245724 -0.0189837 0.0958216 
63000 91 271 296.9562043260475 5.380864423181915 20.06 1.6985501 0.9026106 0.000756 0.21628 
64000 93 275 330.58452550409845 6.106885148049655 20.49 1.7529734 0.928716 0.0566613 0.3299844 
65000 93 275 330.58452550409845 6.106885148049655 19.69 2.0670914 0.9509992 0.0166802 0.1098422 
66000 94 278 341.52607295368864 7.0759192729282 19.79 1.9075615 0.9092304 0.0595917 0.2956941 
67000 96 281 370.43611909248784 7.926345149964657 20.0 2.172812 0.9494657 0.0008033 0.1146847 
68000 97 285 370.39250718323905 7.142175052891813 20.11 2.348851 0.9167599 0.0630386 0.053754 
69000 99 290 344.61793081842364 5.848452946982087 20.15 2.1426844 0.9498862 0.0106426 0.1018102 
70000 100 295 343.1561377365813 5.875742980663454 19.83 2.1326729 0.9366694 0.032805 0.1463744 
71000 102 299 339.3064715666309 5.664774969613293 19.61 2.1380376 0.9665728 -0.0099743 0.1160718 
72000 103 303 337.8758244099678 5.789258857563283 19.94 1.8483122 0.9342602 -0.0159882 0.1785328 
73000 104 307 353.58824196897103 5.9172327364472705 19.79 1.84432 0.9624679 0.0485947 0.2390033 
74000 106 311 335.1564759948665 5.4067963983830545 19.95 1.7793616 0.8931807 -0.0450744 0.1233537 
