0 0 0.0 0.0 0.0 0.0 0 0.0 0.0 
1000 4 11.178 47.0 0.365 0.9234 1 740.0 16.0 
2000 8 32.223 86.0 1.272 2.8062 2 2020.0 78.4 
3000 15 50.682 133.0 2.295 4.485 5 2790.0 229.5736 
4000 20 63.712 199.0 3.135 5.6975 6 3540.0 254.6162 
5000 24 79.958 258.0 4.238 7.1271 8 4790.0 348.1392 
6000 30 89.61 330.0 5.098 8.0447 10 5570.0 354.9927 
7000 34 100.312 394.0 5.756 9.0501 11 7100.0 439.4934 
8000 40 107.939 477.0 6.784 9.7776 13 8220.0 457.4897 
9000 44 114.499 564.0 7.598 10.3578 14 9170.0 457.7407 
10000 48 127.474 670.0 8.9 11.5455 16 10270.0 527.87 
11000 53 138.414 725.0 9.738 12.5439 17 11530.0 523.083 
12000 57 138.399 805.0 9.594 12.6107 19 12410.0 558.3972 
13000 60 150.062 896.0 10.306 13.6984 20 13710.0 607.5575 
14000 65 160.451 934.0 10.995 14.6294 21 14370.0 644.8017 
15000 72 160.498 980.0 10.805 14.6038 24 14900.0 558.0305 
16000 77 158.485 1027.0 10.67 14.4333 25 15420.0 523.2274 
17000 84 157.849 1091.0 10.102 14.3776 28 16750.0 455.4428 
18000 91 159.542 1153.0 10.284 14.5511 30 17440.0 487.1087 
19000 97 159.035 1271.0 11.042 14.5119 32 18770.0 506.358 
20000 103 161.273 1330.0 11.199 14.7528 34 19650.0 506.25 
21000 107 168.14 1414.0 11.96 15.2957 35 20760.0 535.625 
22000 112 169.334 1488.0 12.144 15.4435 37 21550.0 532.3562 
23000 117 172.004 1571.0 12.238 15.7252 39 22470.0 522.1086 
24000 122 175.098 1646.0 12.709 16.0128 40 23270.0 523.8977 
25000 129 171.738 1741.0 12.961 15.6763 43 24290.0 514.7914 
26000 136 167.841 1866.0 13.434 15.3428 45 25610.0 505.0811 
27000 143 164.417 1952.0 13.272 15.0501 47 26540.0 502.2157 
28000 150 161.249 2056.0 13.485 14.781 50 27650.0 490.8052 
29000 155 165.47 2137.0 13.933 15.1775 51 28510.0 492.7247 
30000 161 164.648 2243.0 14.298 15.0296 53 29630.0 502.207 
31000 168 162.573 2337.0 14.196 14.8425 56 30640.0 498.8989 
32000 174 161.797 2451.0 14.393 14.7761 58 31840.0 500.6081 
33000 179 165.514 2513.0 14.512 15.1369 59 32510.0 501.5473 
34000 183 171.84 2579.0 14.466 15.72 61 33870.0 555.5533 
35000 186 173.547 2701.0 14.837 15.8787 62 35350.0 568.998 
36000 192 180.17 2770.0 15.547 16.4847 64 36100.0 608.0884 
37000 195 186.463 2891.0 16.316 17.094 65 37380.0 641.2795 
38000 200 191.83 2945.0 16.704 17.5716 66 38010.0 643.1516 
39000 204 193.007 3051.0 16.715 17.6967 68 39110.0 632.7528 
40000 209 195.508 3143.0 17.594 17.8667 69 40080.0 648.4775 
41000 212 201.289 3228.0 18.111 18.4203 70 41580.0 646.6297 
42000 218 201.267 3292.0 17.382 18.4338 72 42510.0 713.3701 
43000 222 202.423 3383.0 17.6 18.54 74 43460.0 691.5298 
44000 227 202.236 3456.0 17.518 18.5276 75 44240.0 670.3768 
45000 232 203.118 3574.0 17.991 18.5453 77 45470.0 632.9052 
46000 236 206.18 3652.0 18.127 18.851 78 46290.0 652.6147 
47000 239 211.383 3738.0 18.847 19.3603 79 47220.0 656.3532 
48000 245 209.569 3848.0 18.825 19.1977 81 48380.0 685.3461 
49000 249 208.075 3982.0 18.77 19.0299 83 49760.0 673.2303 
50000 255 205.146 4073.0 18.76 18.7788 85 50730.0 658.2166 
51000 259 211.403 4181.0 20.076 19.342 86 51890.0 681.3949 
52000 263 213.13 4273.0 20.299 19.4994 87 52890.0 689.2554 
53000 268 213.811 4350.0 19.922 19.5583 89 53750.0 663.2969 
54000 271 221.155 4440.0 20.535 20.2443 90 54810.0 682.9672 
55000 274 222.883 4525.0 20.783 20.3704 91 55960.0 724.6705 
56000 278 227.231 4608.0 20.753 20.7871 92 56870.0 737.2034 
57000 281 231.675 4691.0 21.29 21.2098 93 58150.0 774.4831 
58000 285 236.631 4768.0 21.257 21.6532 95 59280.0 837.5313 
59000 287 244.867 4853.0 22.08 22.4008 95 61560.0 837.5313 
60000 291 246.999 4930.0 21.854 22.6083 97 62500.0 977.6004 
61000 294 249.309 5046.0 22.111 22.8137 98 64310.0 1024.8403 
62000 297 252.605 5142.0 22.257 23.1232 99 65930.0 1063.3563 
63000 301 256.387 5222.0 23.189 23.4701 100 66900.0 1044.0207 
64000 303 259.668 5314.0 22.586 23.73 101 67880.0 1028.6186 
65000 309 256.008 5371.0 22.468 23.4164 103 68740.0 983.7811 
66000 312 258.107 5470.0 22.688 23.5832 104 71170.0 1109.403 
67000 315 257.521 5597.0 22.839 23.5561 105 72510.0 1082.4627 
68000 318 261.756 5684.0 23.119 23.9566 106 73640.0 1084.2164 
69000 322 268.087 5764.0 24.265 24.5031 107 74710.0 1085.7948 
70000 325 269.308 5858.0 24.571 24.5823 108 76040.0 1066.2153 
71000 329 266.376 5913.0 23.643 24.311 109 77060.0 1116.5938 
72000 333 264.956 6024.0 23.381 24.1681 111 78210.0 1030.6409 
73000 337 265.769 6131.0 24.16 24.2574 112 79450.0 1003.5768 
74000 339 268.934 6209.0 23.537 24.5468 113 80440.0 1016.2192 
75000 342 270.635 6306.0 23.852 24.6733 114 81520.0 1009.5972 
76000 345 278.819 6374.0 24.201 25.419 115 82650.0 1048.6375 
77000 349 281.374 6489.0 25.73 25.6483 116 84060.0 1050.7738 
78000 352 283.396 6584.0 26.012 25.8246 117 85310.0 1047.6964 
79000 354 287.642 6658.0 25.199 26.2264 118 86260.0 1086.9268 
80000 357 291.498 6730.0 25.433 26.5603 119 87090.0 1078.2341 
81000 360 292.972 6853.0 26.076 26.6853 120 88620.0 1110.4107 
82000 363 295.176 6964.0 26.691 26.8745 121 90090.0 1146.3696 
83000 366 298.57 7037.0 26.857 27.171 122 90890.0 1128.7326 
84000 370 296.698 7134.0 27.26 27.0136 123 91940.0 1097.8594 
85000 373 296.733 7222.0 27.482 27.0254 124 93270.0 1086.0734 
86000 377 295.152 7309.0 26.971 26.8802 125 94640.0 1083.4661 
87000 381 288.843 7416.0 26.24 26.2935 127 96930.0 1164.9075 
88000 385 287.99 7505.0 26.913 26.2242 128 97860.0 1113.4168 
89000 388 293.619 7622.0 27.696 26.7286 129 99330.0 1121.0751 
90000 390 292.244 7725.0 26.991 26.6173 130 101080.0 1204.9676 
91000 393 296.935 7824.0 27.448 26.9848 131 102560.0 1243.4708 
92000 396 301.736 7860.0 27.685 27.4094 132 103450.0 1264.1238 
93000 400 300.105 7965.0 27.92 27.2813 133 104540.0 1195.7114 
94000 403 298.588 8077.0 28.049 27.1311 134 106420.0 1195.1402 
95000 407 300.336 8182.0 28.38 27.2986 135 108920.0 1231.6262 
96000 409 307.22 8275.0 29.035 27.9205 136 110720.0 1411.4636 
97000 412 308.308 8389.0 29.488 28.0145 137 112200.0 1429.3172 
98000 415 311.572 8474.0 29.615 28.3485 138 113120.0 1408.3855 
99000 417 315.301 8568.0 29.558 28.6547 139 114580.0 1446.547 
100000 420 318.18 8659.0 30.173 28.9289 140 116220.0 1496.8923 
101000 423 317.439 8806.0 30.788 28.86 141 119000.0 1600.203 
102000 427 308.703 8953.0 30.865 28.0618 142 120820.0 1501.1827 
103000 431 310.823 9012.0 30.637 28.26 143 124450.0 1804.0645 
104000 434 311.224 9114.0 30.799 28.2965 144 125730.0 1694.658 
105000 437 311.823 9230.0 31.271 28.3706 145 127320.0 1672.1922 
106000 440 310.639 9346.0 31.601 28.2404 146 128590.0 1638.973 
107000 443 314.91 9458.0 32.109 28.6286 147 130050.0 1600.0757 
108000 446 313.666 9578.0 32.142 28.5377 148 131550.0 1586.0681 
109000 448 316.906 9690.0 32.919 28.8534 149 133150.0 1581.4613 
110000 452 317.517 9791.0 32.848 28.9152 150 134280.0 1584.3152 
111000 456 308.758 9924.0 31.92 28.0648 152 135970.0 1492.0953 
112000 461 297.651 10050.0 31.443 27.0667 153 137400.0 1437.8858 
113000 463 307.312 10182.0 33.441 27.9752 154 139720.0 1395.0972 
114000 466 310.649 10297.0 33.726 28.2918 155 141210.0 1487.5875 
115000 469 313.925 10409.0 34.22 28.591 156 142590.0 1506.8287 
116000 473 309.4 10517.0 33.684 28.1535 157 144400.0 1524.1459 
117000 474 309.032 10664.0 33.551 28.1673 158 146950.0 1562.7313 
118000 478 315.768 10772.0 34.957 28.7481 159 148150.0 1626.4581 
119000 482 313.11 10910.0 35.341 28.507 160 150230.0 1576.8123 
120000 486 306.062 11025.0 34.401 27.8934 162 151460.0 1550.118 
121000 489 299.729 11172.0 33.762 27.3023 163 153420.0 1492.1062 
122000 492 303.305 11272.0 33.971 27.6185 164 155110.0 1544.8956 
123000 495 304.928 11395.0 34.344 27.7736 165 157090.0 1583.406 
124000 499 304.522 11516.0 35.151 27.7261 166 159620.0 1593.0654 
125000 502 307.253 11644.0 35.681 28.0189 167 161330.0 1677.7589 
126000 504 308.003 11785.0 35.455 28.0548 168 162840.0 1658.983 
127000 508 313.295 11910.0 37.114 28.5177 169 164790.0 1677.0847 
128000 513 302.131 11989.0 35.092 27.483 171 165670.0 1550.3386 
129000 517 296.431 12151.0 35.115 26.9692 172 167990.0 1536.3047 
130000 520 298.208 12279.0 35.46 27.1602 173 170190.0 1592.6743 
131000 523 299.453 12415.0 36.149 27.2571 174 172560.0 1652.4068 
132000 526 304.067 12543.0 36.817 27.6921 175 174770.0 1726.1662 
133000 528 303.13 12674.0 36.279 27.6034 176 179180.0 2000.5495 
134000 531 314.126 12721.0 36.817 28.5722 177 180270.0 2004.4946 
135000 534 309.07 12885.0 36.434 28.1287 178 182210.0 1926.0451 
136000 537 313.995 12977.0 36.966 28.6074 179 183900.0 1949.4406 
137000 540 314.127 13104.0 37.0 28.6037 180 185940.0 1945.4966 
138000 543 316.513 13207.0 37.225 28.8375 181 187700.0 1948.9469 
139000 547 312.3 13340.0 36.97 28.4095 182 189870.0 1953.0522 
140000 551 306.364 13447.0 36.269 27.8667 183 191290.0 1823.747 
141000 555 298.957 13603.0 35.478 27.2059 185 193350.0 1722.0351 
142000 558 300.134 13737.0 35.805 27.3072 186 195040.0 1708.8316 
143000 562 299.951 13852.0 36.266 27.2963 187 196970.0 1664.9484 
144000 565 298.574 14010.0 36.704 27.1282 188 199700.0 1711.4536 
145000 569 299.408 14150.0 37.421 27.2325 189 201600.0 1776.3082 
146000 571 307.507 14289.0 38.688 27.9574 190 203320.0 1805.6774 
147000 573 308.952 14392.0 37.827 28.0993 191 204830.0 1821.1096 
148000 576 309.636 14528.0 38.11 28.1794 192 206770.0 1826.9987 
149000 579 313.954 14635.0 38.477 28.5731 193 208470.0 1842.2988 
150000 583 313.003 14766.0 38.933 28.4539 194 209900.0 1788.0689 
151000 586 312.489 14887.0 38.666 28.3543 195 212200.0 1846.262 
152000 588 310.169 15038.0 38.193 28.1782 196 214280.0 1763.6358 
153000 591 316.928 15116.0 38.794 28.792 197 215360.0 1811.2722 
154000 595 312.964 15262.0 38.631 28.4572 198 217800.0 1756.145 
155000 599 311.021 15371.0 38.513 28.269 199 219050.0 1790.5305 
156000 601 311.262 15500.0 38.281 28.2638 200 221090.0 1729.4775 
157000 605 311.843 15604.0 38.6 28.337 201 222290.0 1750.5297 
158000 609 308.198 15737.0 37.953 28.0146 203 224410.0 1697.0291 
159000 612 306.728 15904.0 38.251 27.9219 204 226550.0 1703.3262 
160000 615 308.324 16030.0 38.439 28.0919 205 228150.0 1691.9936 
161000 618 310.455 16149.0 38.7 28.2846 206 230370.0 1755.7942 
162000 620 320.042 16249.0 39.944 29.0991 206 232410.0 1755.7942 
163000 624 311.289 16399.0 38.614 28.3286 208 234180.0 1759.6933 
164000 627 317.621 16483.0 39.139 28.9052 209 235590.0 1784.724 
165000 629 319.814 16626.0 39.961 29.0928 209 238530.0 1784.724 
166000 633 316.937 16763.0 39.537 28.8353 211 241390.0 1975.2264 
167000 635 323.066 16886.0 40.746 29.4359 211 243330.0 1975.2264 
168000 639 315.588 17037.0 39.437 28.6869 213 244960.0 1896.8334 
169000 642 311.202 17194.0 39.344 28.2956 214 247450.0 1852.1501 
170000 645 316.46 17308.0 39.793 28.7573 215 248700.0 1882.9351 
171000 648 321.503 17408.0 40.395 29.1952 216 250170.0 1893.6415 
172000 651 324.484 17535.0 40.861 29.4751 217 251820.0 1889.2774 
173000 654 324.888 17673.0 41.147 29.5507 218 253540.0 1872.3497 
174000 659 312.13 17803.0 39.604 28.4042 219 255160.0 1756.1147 
175000 662 309.295 17946.0 39.644 28.1219 220 257650.0 1680.5032 
176000 666 306.911 18070.0 39.131 27.8837 222 259170.0 1711.2076 
177000 670 299.226 18206.0 38.257 27.2381 223 260990.0 1585.0868 
178000 672 307.847 18291.0 38.125 28.0157 224 261900.0 1613.5782 
179000 675 306.663 18451.0 38.6 27.8892 225 265060.0 1748.2203 
180000 678 312.615 18544.0 39.022 28.408 226 266520.0 1766.3983 
181000 681 317.052 18659.0 39.587 28.8561 227 268240.0 1793.7585 
182000 683 321.717 18795.0 40.575 29.2701 227 269930.0 1793.7585 
183000 686 321.126 18934.0 40.458 29.2571 228 272290.0 1783.3826 
184000 688 326.552 19069.0 41.261 29.7235 229 273930.0 1868.0444 
185000 690 328.508 19189.0 40.826 29.9153 230 275550.0 1850.2399 
186000 693 332.084 19310.0 41.352 30.2475 231 277750.0 1943.2159 
187000 696 334.547 19427.0 41.729 30.4803 232 279640.0 1966.8943 
188000 699 334.613 19567.0 42.071 30.4803 233 281700.0 1980.2049 
189000 700 344.821 19674.0 43.629 31.3611 233 283720.0 1980.2049 
190000 702 343.652 19799.0 42.372 31.2796 234 286090.0 2023.1844 
191000 705 350.82 19867.0 42.613 31.9199 235 287230.0 2118.866 
192000 708 350.474 20009.0 42.738 31.8949 236 289370.0 2114.9794 
193000 711 354.203 20103.0 43.167 32.2262 237 291170.0 2142.4814 
194000 713 357.487 20234.0 43.969 32.5427 237 293090.0 2142.4814 
195000 717 351.747 20352.0 42.913 32.0333 239 295160.0 2115.21 
196000 720 350.703 20492.0 43.079 31.9285 240 297770.0 2164.689 
197000 723 349.072 20620.0 43.024 31.7224 241 299430.0 2114.2201 
198000 725 353.026 20765.0 44.045 32.0984 241 301340.0 2114.2201 
199000 726 351.645 20901.0 43.304 31.9876 242 304870.0 2095.7981 
200000 729 355.615 21019.0 43.563 32.3465 243 306120.0 2251.2183 
201000 732 360.32 21113.0 43.903 32.7643 244 308370.0 2311.0964 
202000 735 360.85 21224.0 44.062 32.8224 245 310630.0 2336.9868 
203000 738 361.355 21341.0 44.108 32.844 246 312180.0 2278.2881 
204000 740 362.419 21477.0 44.893 32.969 246 313910.0 2278.2881 
205000 743 361.391 21596.0 44.463 32.8937 247 316030.0 2223.4593 
206000 744 363.864 21744.0 44.254 33.1126 248 318640.0 2256.1134 
207000 747 365.05 21877.0 44.541 33.2204 249 320700.0 2334.502 
208000 750 364.631 22005.0 44.74 33.1989 250 322710.0 2304.0518 
209000 753 368.324 22095.0 45.031 33.5464 251 324530.0 2340.6466 
210000 756 368.768 22196.0 44.991 33.5734 252 326700.0 2356.582 
211000 758 373.385 22333.0 45.862 33.9871 252 329070.0 2356.582 
212000 762 358.291 22497.0 44.189 32.5704 254 332530.0 2375.0314 
213000 765 354.946 22635.0 43.741 32.2808 255 334980.0 2302.5283 
214000 768 353.336 22758.0 43.666 32.1412 256 337040.0 2315.2754 
215000 773 346.477 22841.0 42.698 31.5235 257 338770.0 2358.7479 
216000 775 351.066 23035.0 44.662 31.9148 258 342000.0 2267.8731 
217000 778 349.516 23146.0 44.06 31.7864 259 343260.0 2268.0858 
218000 780 345.049 23312.0 43.336 31.364 260 345750.0 2196.2772 
219000 783 344.786 23426.0 43.399 31.3538 261 347950.0 2207.6495 
220000 786 344.761 23567.0 43.31 31.3529 262 350380.0 2219.8845 
221000 790 342.113 23659.0 42.875 31.1174 263 352080.0 2276.8961 
222000 793 336.46 23793.0 42.218 30.5456 264 354870.0 2157.2065 
223000 796 345.827 23900.0 43.631 31.4345 265 356280.0 2215.4858 
224000 798 340.873 24044.0 42.473 30.9894 266 359620.0 2211.9372 
225000 803 337.093 24151.0 42.417 30.5858 267 361010.0 2259.7435 
226000 805 342.811 24289.0 43.79 31.1209 268 363630.0 2153.7692 
227000 807 336.099 24420.0 42.095 30.5135 269 366080.0 2200.3923 
228000 811 336.372 24543.0 41.911 30.5115 270 368280.0 2228.353 
229000 815 337.816 24655.0 42.619 30.7126 271 369750.0 2254.5177 
230000 817 342.504 24807.0 43.778 31.1119 272 372400.0 2248.066 
231000 819 338.555 24961.0 42.672 30.7353 273 375220.0 2212.2594 
232000 822 338.502 25096.0 42.99 30.7451 274 377540.0 2263.0334 
233000 825 342.448 25190.0 43.039 31.0969 275 379230.0 2276.7301 
234000 828 343.282 25303.0 43.14 31.1929 276 380830.0 2292.0571 
235000 831 343.475 25431.0 43.314 31.201 277 382540.0 2250.8514 
236000 834 344.296 25557.0 43.575 31.232 278 384860.0 2277.7662 
237000 836 351.043 25674.0 44.575 31.8531 278 386880.0 2277.7662 
238000 839 351.727 25819.0 44.798 31.9502 279 389770.0 2273.9896 
239000 841 357.207 25953.0 45.704 32.4453 280 392170.0 2336.5906 
240000 843 356.704 26041.0 44.109 32.4108 281 393300.0 2354.9316 
241000 846 360.159 26111.0 44.218 32.7324 282 394740.0 2356.4384 
242000 848 367.257 26251.0 45.349 33.3246 282 397770.0 2356.4384 
243000 851 364.051 26396.0 45.524 33.0406 283 400380.0 2431.7946 
244000 854 362.35 26531.0 45.492 32.9102 284 402510.0 2448.6151 
245000 857 359.532 26659.0 45.306 32.6975 285 404810.0 2416.7536 
246000 860 360.255 26805.0 45.563 32.7404 286 407320.0 2405.0782 
247000 863 356.922 26928.0 45.087 32.3954 287 408940.0 2421.5704 
248000 865 363.452 27082.0 46.53 33.0386 288 411580.0 2363.4134 
249000 867 356.88 27216.0 44.864 32.472 289 414110.0 2393.072 
250000 870 357.155 27359.0 44.936 32.4241 290 416690.0 2400.7648 
251000 875 348.992 27469.0 44.509 31.7238 291 418700.0 2407.6884 
252000 878 349.392 27601.0 45.148 31.7203 292 420770.0 2369.9195 
253000 882 340.817 27758.0 44.124 30.9781 294 422820.0 2264.4348 
254000 885 341.807 27882.0 44.317 31.0669 295 425210.0 2297.9913 
255000 888 340.335 28029.0 44.387 30.9609 296 427530.0 2292.1922 
256000 891 336.954 28193.0 44.181 30.6258 297 430190.0 2283.973 
257000 894 339.47 28300.0 44.408 30.8358 298 432200.0 2300.5757 
258000 897 341.555 28426.0 44.628 31.0195 299 434330.0 2304.5181 
259000 899 346.946 28554.0 45.372 31.5062 299 437540.0 2304.5181 
260000 902 346.722 28702.0 45.606 31.4926 300 440070.0 2397.0663 
261000 905 345.131 28847.0 45.729 31.3565 301 442580.0 2409.3597 
262000 908 345.102 28958.0 45.285 31.3509 302 444170.0 2418.4237 
263000 911 341.898 29093.0 45.12 31.0658 303 446530.0 2336.5813 
264000 913 348.137 29241.0 46.391 31.6168 304 450430.0 2337.9232 
265000 916 349.655 29384.0 46.501 31.7207 305 453200.0 2496.1309 
266000 919 344.712 29490.0 45.404 31.3031 306 455230.0 2522.5178 
267000 921 347.795 29597.0 44.373 31.5849 307 457070.0 2485.266 
268000 924 347.18 29731.0 44.491 31.4958 308 459970.0 2543.7394 
269000 927 346.133 29879.0 44.74 31.3844 309 462720.0 2564.3655 
270000 930 348.807 29977.0 44.935 31.6358 310 464090.0 2560.9289 
271000 933 349.294 30105.0 45.154 31.705 311 466710.0 2587.836 
272000 935 352.731 30241.0 46.091 32.027 311 472380.0 2587.836 
273000 938 353.053 30376.0 46.277 32.0824 312 474360.0 2913.0524 
274000 942 347.79 30521.0 45.508 31.6197 314 476970.0 2798.7725 
275000 943 358.055 30668.0 47.518 32.5438 314 479580.0 2798.7725 
276000 946 354.936 30817.0 46.923 32.2522 315 482130.0 2782.8952 
277000 949 358.655 30960.0 47.791 32.6068 316 484620.0 2759.6057 
278000 951 349.842 31108.0 45.917 31.8148 317 488420.0 2732.6451 
279000 954 353.07 31231.0 46.197 32.0662 318 490480.0 2847.3806 
280000 957 352.946 31370.0 46.404 32.0877 319 493470.0 2887.6426 
281000 960 353.99 31486.0 46.56 32.1545 320 495640.0 2893.8783 
282000 963 356.354 31588.0 46.744 32.3838 321 497500.0 2863.4905 
283000 966 352.676 31755.0 46.684 32.0479 322 500310.0 2831.1414 
284000 969 349.486 31927.0 46.785 31.7785 323 503510.0 2821.0273 
285000 972 349.834 32055.0 46.899 31.8135 324 505700.0 2801.9246 
286000 975 346.549 32225.0 46.796 31.4727 325 510180.0 2875.7321 
287000 978 341.704 32412.0 46.719 31.0447 326 513720.0 2852.1589 
288000 981 343.605 32526.0 46.779 31.2086 327 515550.0 2819.943 
289000 984 343.452 32662.0 46.891 31.1988 328 518250.0 2819.9487 
290000 987 342.416 32816.0 47.058 31.1309 329 520940.0 2805.9538 
291000 990 340.348 32983.0 47.117 30.9025 330 524050.0 2807.3584 
292000 993 342.363 33103.0 47.298 31.0918 331 525970.0 2803.6226 
293000 996 344.372 33217.0 47.456 31.2759 332 528030.0 2791.2603 
294000 998 351.738 33339.0 48.618 31.9833 332 530380.0 2791.2603 
295000 1001 352.308 33488.0 48.681 32.0288 333 533010.0 2780.1343 
296000 1003 356.739 33643.0 49.712 32.4276 334 536190.0 2769.1209 
297000 1006 355.636 33789.0 49.704 32.3385 335 538320.0 2806.2088 
298000 1011 339.286 33942.0 47.384 30.8368 337 540130.0 2612.3291 
299000 1014 342.111 34056.0 47.422 31.0774 338 542410.0 2612.0962 
300000 1017 340.6 34207.0 47.536 30.9369 339 545060.0 2615.8866 
301000 1020 339.942 34346.0 47.413 30.8919 340 547510.0 2599.2979 
302000 1023 329.532 34531.0 45.667 29.9838 341 550450.0 2400.3681 
303000 1029 320.21 34610.0 44.333 29.09 343 551390.0 2244.7982 
304000 1032 319.519 34765.0 44.549 29.0754 344 554090.0 2282.3184 
305000 1035 318.066 34942.0 44.773 28.9134 345 557000.0 2316.0865 
306000 1038 319.499 35086.0 45.122 29.0132 346 559580.0 2353.4779 
307000 1040 327.804 35212.0 46.296 29.7518 346 561980.0 2353.4779 
308000 1046 308.224 35293.0 42.293 28.0261 348 562890.0 2180.7171 
309000 1049 307.786 35412.0 41.919 28.0255 349 564710.0 2038.6454 
310000 1050 315.651 35557.0 41.881 28.6836 350 567230.0 2015.7808 
311000 1053 316.046 35709.0 42.34 28.7344 351 569600.0 2080.2028 
312000 1057 321.374 35866.0 44.602 29.1852 352 572230.0 2096.1825 
313000 1059 313.131 36015.0 42.914 28.4863 353 574850.0 2133.5642 
314000 1063 323.184 36156.0 45.146 29.3467 354 577330.0 2184.2078 
315000 1065 318.425 36303.0 43.613 28.9251 355 579610.0 2221.787 
316000 1068 320.501 36450.0 43.956 29.0958 356 582170.0 2236.6083 
317000 1071 322.264 36586.0 44.329 29.2487 357 584450.0 2280.9475 
318000 1074 320.355 36755.0 44.472 29.0911 358 587420.0 2301.8527 
319000 1077 322.255 36898.0 44.835 29.2858 359 590000.0 2340.6675 
320000 1080 322.732 37041.0 45.1 29.273 360 592270.0 2363.6007 
321000 1083 325.264 37175.0 45.409 29.5011 361 597480.0 2674.2406 
322000 1086 325.819 37323.0 45.697 29.528 362 600020.0 2674.8166 
323000 1089 326.349 37469.0 45.913 29.5858 363 602630.0 2673.3349 
324000 1092 327.774 37604.0 46.087 29.718 364 604880.0 2689.0014 
325000 1095 329.083 37738.0 46.316 29.8664 365 607170.0 2687.1013 
326000 1097 337.291 37840.0 47.501 30.6186 365 609280.0 2687.1013 
327000 1098 347.325 38048.0 49.211 31.4995 366 613500.0 3009.3912 
328000 1101 346.367 38197.0 49.199 31.3929 367 616130.0 2972.452 
329000 1104 344.999 38355.0 49.265 31.281 368 619240.0 2943.2068 
330000 1107 342.66 38525.0 49.233 31.0814 369 622220.0 2912.8862 
331000 1110 341.668 38676.0 49.22 31.0148 370 624880.0 2885.5975 
332000 1113 343.14 38794.0 49.15 31.1476 371 626600.0 2851.0378 
333000 1116 342.35 38943.0 49.224 31.0951 372 629000.0 2833.934 
334000 1119 344.246 39061.0 49.242 31.2375 373 630570.0 2739.5406 
335000 1122 343.836 39210.0 49.306 31.174 374 633200.0 2733.5865 
336000 1125 342.162 39368.0 49.29 31.0448 375 636190.0 2724.2279 
337000 1128 337.976 39537.0 48.665 30.6693 376 639340.0 2675.8051 
338000 1131 341.779 39634.0 48.762 31.0381 377 640790.0 2677.2246 
339000 1134 342.214 39769.0 48.836 31.0975 378 643090.0 2657.5021 
340000 1136 345.893 39908.0 49.942 31.4198 378 645610.0 2657.5021 
341000 1139 346.032 40043.0 49.363 31.4042 379 647810.0 2659.7519 
342000 1143 336.317 40185.0 47.512 30.5387 381 650030.0 2515.2991 
343000 1146 340.829 40269.0 47.42 30.9627 382 652080.0 2527.7691 
344000 1150 334.36 40426.0 46.757 30.3796 383 654330.0 2471.9922 
345000 1152 332.782 40602.0 46.402 30.1892 384 656910.0 2365.793 
346000 1156 333.129 40735.0 47.297 30.2767 385 659260.0 2305.2137 
347000 1158 330.284 40871.0 45.543 30.0022 386 661660.0 2284.6923 
348000 1161 331.142 41006.0 45.595 30.0794 387 664030.0 2303.2231 
349000 1164 333.417 41115.0 45.776 30.2837 388 665550.0 2336.9008 
350000 1167 335.823 41224.0 45.755 30.503 389 667180.0 2319.2107 
351000 1170 339.033 41324.0 45.927 30.7897 390 669100.0 2331.2896 
352000 1172 344.185 41472.0 47.129 31.2246 390 671710.0 2331.2896 
353000 1174 352.116 41620.0 48.223 31.9592 391 674230.0 2366.1607 
354000 1176 348.537 41749.0 46.392 31.6307 392 676530.0 2386.5446 
355000 1179 347.528 41901.0 46.565 31.5307 393 679100.0 2404.8902 
356000 1182 347.885 42034.0 46.806 31.5354 394 681340.0 2433.4011 
357000 1185 347.58 42172.0 46.938 31.4953 395 683780.0 2455.061 
358000 1188 344.293 42351.0 47.004 31.1851 396 687150.0 2481.5549 
359000 1191 342.051 42510.0 47.083 31.0311 397 689920.0 2496.3994 
360000 1194 341.014 42666.0 47.273 30.9439 398 692630.0 2514.7595 
361000 1197 342.722 42779.0 47.42 31.1152 399 694140.0 2521.2835 
362000 1202 337.077 42883.0 46.696 30.5982 400 695230.0 2422.1552 
363000 1206 331.21 43019.0 45.715 30.0713 402 697480.0 2267.9457 
364000 1209 328.036 43176.0 45.455 29.7873 403 700540.0 2311.1511 
365000 1212 327.134 43295.0 44.837 29.6799 404 703330.0 2327.036 
366000 1216 320.965 43460.0 44.339 29.1426 405 706140.0 2247.3324 
367000 1219 325.617 43589.0 45.338 29.5549 406 708330.0 2239.5992 
368000 1221 321.923 43732.0 44.092 29.2134 407 710610.0 2247.6393 
369000 1224 325.333 43858.0 44.286 29.5207 408 712890.0 2272.8753 
370000 1227 326.38 43989.0 44.41 29.6147 409 714860.0 2302.5878 
371000 1230 326.594 44100.0 44.507 29.6473 410 716450.0 2274.329 
372000 1233 325.52 44272.0 44.403 29.5535 411 720020.0 2280.8961 
373000 1236 323.373 44421.0 44.045 29.3519 412 722570.0 2264.8065 
374000 1239 324.757 44565.0 44.356 29.4352 413 725120.0 2304.3259 
375000 1242 325.736 44709.0 44.671 29.5355 414 727510.0 2340.8933 
376000 1247 321.858 44785.0 43.915 29.2186 415 728640.0 2373.8039 
377000 1251 314.863 44938.0 43.218 28.5565 417 732030.0 2281.5812 
378000 1254 316.883 45072.0 43.596 28.7332 418 734710.0 2339.4231 
379000 1256 322.557 45227.0 44.83 29.2652 418 737390.0 2339.4231 
380000 1258 330.462 45381.0 46.153 30.021 419 740060.0 2373.4808 
381000 1260 329.983 45572.0 46.064 29.9324 420 743240.0 2539.1327 
382000 1263 332.187 45694.0 46.297 30.1404 421 745080.0 2552.2194 
383000 1266 331.653 45854.0 46.52 30.1016 422 748270.0 2564.9975 
384000 1269 336.349 45939.0 46.742 30.5468 423 749600.0 2577.4977 
385000 1272 336.246 46082.0 46.803 30.5389 424 752270.0 2589.748 
386000 1274 341.805 46226.0 47.989 31.0549 424 754850.0 2589.748 
387000 1277 342.607 46379.0 48.148 31.0812 425 757530.0 2599.7732 
388000 1280 343.302 46533.0 48.355 31.164 426 760210.0 2607.7958 
389000 1282 348.377 46686.0 49.461 31.6279 427 762870.0 2615.0163 
390000 1285 347.962 46822.0 49.29 31.6127 428 764760.0 2621.5146 
391000 1288 347.15 46974.0 49.409 31.5488 429 767420.0 2552.3632 
392000 1291 347.168 47129.0 49.617 31.5671 430 770310.0 2565.1269 
393000 1293 339.881 47276.0 47.751 30.8681 431 773100.0 2595.6142 
394000 1296 339.655 47426.0 47.709 30.8615 432 775740.0 2613.0528 
395000 1299 344.635 47576.0 48.864 31.3202 433 777940.0 2669.7475 
396000 1302 347.134 47683.0 48.953 31.5403 434 779490.0 2671.7727 
397000 1305 345.153 47846.0 48.976 31.3609 435 782310.0 2670.5955 
398000 1307 350.867 47996.0 50.095 31.9093 435 784900.0 2670.5955 
399000 1310 353.162 48146.0 51.128 32.1314 436 787540.0 2726.5359 
400000 1314 345.188 48309.0 49.985 31.4279 438 790240.0 2699.7941 
401000 1316 351.649 48446.0 51.005 32.0086 438 792740.0 2699.7941 
402000 1317 351.596 48594.0 49.965 31.9718 439 795350.0 2695.8147 
403000 1321 357.703 48734.0 51.688 32.554 440 797820.0 2693.2332 
404000 1324 355.839 48895.0 51.823 32.3557 441 800580.0 2674.9099 
405000 1327 350.395 49032.0 51.133 31.8691 442 802780.0 2675.4189 
406000 1330 354.158 49179.0 51.387 32.2156 443 805500.0 2630.877 
407000 1332 346.555 49339.0 49.588 31.5199 444 808230.0 2644.7893 
408000 1335 346.824 49485.0 49.651 31.5425 445 810940.0 2649.3104 
409000 1338 345.248 49641.0 49.636 31.4257 446 813650.0 2660.3793 
410000 1341 355.607 49764.0 51.718 32.3411 447 815650.0 2839.3414 
411000 1344 354.511 49912.0 51.655 32.2613 448 818270.0 2824.4073 
412000 1347 354.723 50038.0 51.2 32.2748 449 820670.0 2789.9665 
413000 1349 357.62 50190.0 52.153 32.5357 449 823330.0 2789.9665 
414000 1352 356.745 50343.0 52.007 32.4281 450 826000.0 2776.9699 
415000 1355 355.762 50495.0 51.986 32.3517 451 828660.0 2767.2729 
416000 1358 353.732 50648.0 51.91 32.1846 452 831330.0 2755.5456 
417000 1361 354.469 50801.0 51.894 32.25 453 834010.0 2748.991 
418000 1363 359.154 50953.0 52.82 32.6569 454 836860.0 2740.0919 
419000 1365 351.451 51105.0 50.787 31.9702 455 839520.0 2753.0827 
420000 1368 364.655 51235.0 53.286 33.1593 456 841780.0 2967.7745 
421000 1370 367.974 51390.0 54.215 33.4652 456 844460.0 2967.7745 
422000 1372 375.3 51545.0 55.168 34.1282 457 847140.0 2938.997 
423000 1374 376.179 51711.0 55.433 34.1991 458 852490.0 3406.0973 
424000 1376 381.813 51876.0 56.697 34.7265 458 855910.0 3406.0973 
425000 1377 386.197 52053.0 57.123 35.0735 459 858520.0 3505.4876 
426000 1379 388.379 52168.0 57.782 35.2859 459 860390.0 3505.4876 
427000 1380 400.272 52350.0 59.246 36.3778 460 864530.0 3701.9388 
428000 1384 395.122 52470.0 58.49 35.933 461 866710.0 3598.7449 
429000 1387 397.364 52635.0 59.523 36.1342 462 869800.0 3489.8705 
430000 1390 392.803 52744.0 58.153 35.6777 463 871150.0 3418.8834 
431000 1392 387.513 52908.0 56.548 35.2237 464 874100.0 3259.9951 
432000 1395 382.907 53067.0 56.162 34.7846 465 876850.0 3191.9956 
433000 1398 382.833 53190.0 55.742 34.8302 466 878910.0 3138.796 
434000 1402 381.561 53309.0 55.899 34.6862 467 880600.0 3083.9164 
435000 1404 377.289 53474.0 54.805 34.2598 468 883240.0 2955.5248 
436000 1407 375.047 53620.0 54.482 34.0583 469 885710.0 2916.9723 
437000 1410 380.966 53756.0 55.937 34.5978 470 887730.0 3005.2751 
438000 1411 392.306 53910.0 57.858 35.6275 470 890410.0 3005.2751 
439000 1413 389.043 54074.0 56.838 35.3616 471 893090.0 3063.7476 
440000 1416 385.121 54232.0 56.454 34.955 472 895730.0 3025.3728 
441000 1419 384.408 54352.0 56.11 34.8918 473 898920.0 3120.8355 
442000 1422 383.884 54466.0 55.712 34.8676 474 900990.0 3075.752 
443000 1425 379.111 54614.0 54.905 34.4355 475 903050.0 2950.1768 
444000 1428 375.324 54777.0 54.541 34.1247 476 906020.0 2919.1591 
445000 1431 375.38 54896.0 54.317 34.129 477 908320.0 2916.2432 
446000 1434 373.443 55023.0 53.773 33.9205 478 911320.0 2935.6189 
447000 1437 373.155 55153.0 53.516 33.8899 479 913770.0 2908.057 
448000 1438 380.712 55336.0 55.466 34.5588 479 916770.0 2908.057 
449000 1440 385.943 55478.0 55.799 35.0613 480 920090.0 3204.2513 
450000 1442 393.112 55587.0 56.608 35.6865 480 922510.0 3204.2513 
451000 1445 390.5 55742.0 56.319 35.4882 481 925400.0 3170.8262 
452000 1446 385.23 55894.0 55.173 34.9971 482 928040.0 3142.7435 
453000 1450 390.91 55999.0 55.708 35.465 483 929990.0 3097.4692 
454000 1452 389.343 56121.0 54.443 35.3536 484 932410.0 3075.7223 
455000 1453 396.756 56288.0 56.394 35.9884 484 936510.0 3075.7223 
456000 1455 397.795 56454.0 56.34 36.0819 485 939500.0 3357.15 
457000 1458 405.114 56589.0 57.985 36.7443 486 941590.0 3461.435 
458000 1461 403.807 56711.0 57.554 36.6124 487 943950.0 3384.2915 
459000 1463 405.066 56862.0 58.18 36.7233 487 947060.0 3384.2915 
460000 1466 402.573 57013.0 57.777 36.5148 488 949720.0 3356.8624 
461000 1468 403.359 57171.0 58.448 36.5961 489 952440.0 3289.1761 
462000 1470 403.669 57369.0 58.467 36.636 490 955840.0 3413.2585 
463000 1473 400.993 57499.0 57.971 36.3488 491 957850.0 3339.9327 
464000 1476 396.441 57658.0 57.521 35.9623 492 960580.0 3273.9394 
465000 1478 399.6 57783.0 58.281 36.2243 492 962770.0 3273.9394 
466000 1479 404.308 57980.0 58.875 36.6267 493 966430.0 3373.5455 
467000 1482 401.424 58128.0 58.352 36.3779 494 969050.0 3294.1909 
468000 1485 404.164 58245.0 58.806 36.62 495 970480.0 3279.7718 
469000 1488 397.785 58411.0 57.98 36.0703 496 973350.0 3166.7946 
470000 1491 393.632 58561.0 57.452 35.6643 497 975990.0 3114.1152 
471000 1494 388.433 58725.0 56.858 35.2346 498 979090.0 3080.7037 
472000 1497 385.259 58873.0 56.457 34.9188 499 981780.0 3049.6333 
473000 1498 392.834 59054.0 58.348 35.5675 499 984500.0 3049.6333 
474000 1500 396.915 59213.0 58.921 35.9438 500 987220.0 3211.67 
475000 1504 398.449 59367.0 60.193 36.1346 501 989910.0 3154.503 
476000 1507 395.355 59516.0 59.633 35.8155 502 992540.0 3105.0527 
477000 1510 389.415 59634.0 58.324 35.2936 503 994300.0 3058.5474 
478000 1512 381.574 59789.0 56.369 34.5867 504 996990.0 2936.6927 
479000 1515 380.646 59939.0 55.978 34.5126 505 999740.0 2910.0234 
480000 1518 376.621 60097.0 55.61 34.1296 506 1002470.0 2896.0211 
481000 1523 370.678 60196.0 54.752 33.6294 507 1003590.0 2875.419 
482000 1525 375.15 60360.0 55.956 33.9881 508 1006570.0 2719.8771 
483000 1527 370.246 60559.0 54.951 33.5783 509 1009920.0 2797.8894 
484000 1530 368.209 60710.0 54.677 33.3827 510 1013160.0 2786.1004 
485000 1533 364.456 60870.0 54.346 33.0148 511 1015900.0 2830.4904 
486000 1535 382.366 61010.0 57.932 34.6863 511 1018460.0 2830.4904 
487000 1537 384.8 61167.0 58.758 34.8413 512 1021160.0 3065.4413 
488000 1539 388.917 61327.0 58.887 35.1745 513 1023720.0 3247.8972 
489000 1540 396.039 61525.0 60.749 35.8439 513 1027300.0 3247.8972 
490000 1542 397.179 61717.0 61.11 35.9577 514 1031910.0 3542.1075 
491000 1547 386.133 61810.0 59.052 34.9591 515 1033060.0 3454.8967 
492000 1550 385.488 61972.0 59.21 34.9237 516 1035730.0 3213.4071 
493000 1552 387.923 62132.0 59.965 35.0864 517 1038470.0 3143.0664 
494000 1555 384.789 62307.0 59.618 34.812 518 1040800.0 3284.7597 
495000 1557 381.079 62481.0 58.529 34.481 519 1043730.0 3081.2837 
496000 1561 376.896 62578.0 57.47 34.1173 520 1045190.0 3037.1554 
497000 1564 372.071 62727.0 56.765 33.694 521 1048490.0 2893.4398 
498000 1566 373.685 62877.0 56.116 33.8023 522 1051660.0 2987.0959 
499000 1569 371.752 63020.0 55.755 33.617 523 1054230.0 2956.3863 
500000 1572 369.413 63171.0 55.396 33.4093 524 1056890.0 2926.7476 
501000 1575 368.727 63300.0 55.08 33.3787 525 1059200.0 2902.0729 
502000 1578 371.379 63387.0 54.806 33.5893 526 1060550.0 2880.8656 
503000 1581 371.082 63513.0 54.43 33.5902 527 1062950.0 2852.779 
504000 1584 369.266 63666.0 54.174 33.4262 528 1065440.0 2816.5011 
505000 1586 373.866 63818.0 55.012 33.8328 528 1068100.0 2816.5011 
506000 1587 370.988 63970.0 53.911 33.5623 529 1070950.0 2801.851 
507000 1590 372.669 64142.0 54.419 33.7579 530 1073720.0 2846.6659 
508000 1591 394.136 64297.0 59.01 35.6969 530 1077080.0 2846.6659 
509000 1593 387.067 64458.0 56.992 35.0565 531 1079820.0 3146.9993 
510000 1596 387.644 64579.0 56.54 35.0788 532 1081860.0 3097.2994 
511000 1599 387.11 64691.0 56.116 35.0353 533 1083950.0 3053.5695 
512000 1602 386.16 64812.0 55.775 34.9675 534 1085680.0 3016.2125 
513000 1604 388.125 64973.0 56.605 35.1394 534 1088420.0 3016.2125 
514000 1606 395.287 65146.0 58.422 35.7664 535 1091290.0 3036.5913 
515000 1608 398.089 65320.0 58.799 36.0421 536 1094020.0 3228.9321 
516000 1611 394.794 65463.0 58.3 35.7007 537 1096550.0 3174.0389 
517000 1614 390.04 65632.0 57.851 35.2583 538 1099610.0 3125.635 
518000 1617 388.945 65752.0 57.389 35.1384 539 1101720.0 3080.0715 
519000 1619 390.106 65938.0 58.155 35.2826 539 1104980.0 3080.0715 
520000 1620 395.964 66142.0 59.412 35.7775 540 1108800.0 3255.0644 
521000 1623 394.815 66300.0 59.497 35.6736 541 1111210.0 3228.5579 
522000 1626 396.928 66445.0 60.365 35.8639 542 1113050.0 3249.7021 
523000 1628 403.429 66563.0 61.013 36.4441 542 1115370.0 3249.7021 
524000 1630 404.928 66717.0 61.598 36.6069 543 1118050.0 3193.7319 
525000 1633 403.502 66848.0 60.633 36.4967 544 1120130.0 3142.3587 
526000 1635 394.618 66998.0 58.271 35.6547 545 1122760.0 3038.1229 
527000 1638 390.732 67153.0 57.785 35.3252 546 1125450.0 3001.3106 
528000 1641 397.617 67299.0 59.526 35.9345 547 1127480.0 3132.1795 
529000 1644 393.491 67441.0 58.99 35.5825 548 1130090.0 3087.9616 
530000 1647 389.613 67579.0 57.908 35.2562 549 1131910.0 2951.1654 
531000 1649 393.12 67697.0 58.654 35.5641 549 1134220.0 2951.1654 
532000 1652 393.454 67851.0 58.204 35.5724 550 1136900.0 2924.0489 
533000 1654 396.325 68003.0 58.899 35.8718 551 1139550.0 2899.644 
534000 1656 386.768 68157.0 56.646 34.9743 552 1142220.0 2877.6796 
535000 1659 397.815 68294.0 58.944 35.9592 553 1144550.0 3086.9116 
536000 1661 401.869 68448.0 59.61 36.3407 553 1147220.0 3086.9116 
537000 1664 398.396 68604.0 59.182 36.0204 554 1149920.0 3047.2205 
538000 1666 400.109 68753.0 59.738 36.1452 555 1152180.0 3010.4984 
539000 1669 397.481 68903.0 59.203 35.9565 556 1154820.0 2935.4486 
540000 1672 392.316 69055.0 58.717 35.4475 557 1157400.0 2909.9037 
541000 1674 383.363 69205.0 56.549 34.7113 558 1160030.0 2875.9133 
542000 1677 387.047 69327.0 56.185 35.0276 559 1162070.0 2856.322 
543000 1680 385.504 69455.0 55.84 34.9205 560 1164370.0 2838.6898 
544000 1683 382.435 69586.0 55.499 34.5676 561 1166570.0 2832.8208 
545000 1686 378.754 69724.0 54.354 34.2589 562 1170150.0 2835.5387 
546000 1689 375.649 69879.0 54.1 34.0056 563 1172840.0 2818.9849 
547000 1692 373.277 70028.0 53.861 33.8159 564 1175380.0 2804.0864 
548000 1695 370.49 70184.0 53.638 33.5271 565 1178170.0 2790.6777 
549000 1698 376.208 70332.0 55.252 34.0434 566 1180350.0 2902.61 
550000 1700 378.941 70488.0 56.123 34.2947 566 1183040.0 2902.61 
551000 1703 377.846 70641.0 55.823 34.172 567 1185720.0 2881.349 
552000 1705 380.703 70796.0 56.633 34.4064 568 1188400.0 2861.2141 
553000 1707 371.733 70947.0 54.429 33.5897 569 1191040.0 2843.0927 
554000 1710 370.913 71084.0 54.187 33.5403 570 1193750.0 2826.7834 
555000 1713 369.617 71235.0 53.673 33.4203 571 1196410.0 2817.1051 
556000 1716 374.534 71376.0 54.816 33.8568 572 1198540.0 2917.3946 
557000 1719 373.967 71501.0 54.597 33.7978 573 1200890.0 2914.6551 
558000 1722 371.35 71657.0 54.351 33.5744 574 1203730.0 2882.1896 
559000 1725 367.417 71810.0 53.714 33.2294 575 1207100.0 2929.9706 
560000 1728 367.498 71934.0 53.514 33.2505 576 1209480.0 2904.9736 
561000 1731 363.565 72081.0 52.878 32.8856 577 1212820.0 2907.4762 
562000 1734 361.611 72205.0 52.08 32.6872 578 1214940.0 2852.7286 
563000 1737 360.293 72351.0 51.956 32.5837 579 1217550.0 2835.4557 
564000 1740 360.888 72471.0 51.84 32.6473 580 1219900.0 2819.9102 
565000 1742 364.79 72631.0 52.846 33.0104 580 1222630.0 2819.9102 
566000 1744 366.313 72789.0 52.768 33.1985 581 1225280.0 2901.9191 
567000 1746 368.832 72939.0 52.685 33.3534 582 1227790.0 2849.7272 
568000 1750 361.83 73055.0 51.615 32.7176 583 1229780.0 2832.7545 
569000 1752 360.516 73223.0 51.375 32.6306 584 1232830.0 2720.4791 
570000 1755 360.057 73370.0 51.314 32.6247 585 1235350.0 2717.4311 
571000 1758 361.36 73491.0 51.217 32.7518 586 1237380.0 2702.688 
572000 1761 358.377 73658.0 51.125 32.4273 587 1240390.0 2699.4192 
573000 1763 361.806 73811.0 52.14 32.7592 587 1243000.0 2699.4192 
574000 1765 377.707 73980.0 55.818 34.1731 588 1246010.0 2952.4773 
575000 1768 376.725 74130.0 55.594 34.0916 589 1248660.0 2921.2296 
576000 1771 373.481 74278.0 55.182 33.8095 590 1251380.0 2897.1066 
577000 1774 370.87 74430.0 55.028 33.5407 591 1253880.0 2884.396 
578000 1777 368.104 74585.0 54.87 33.3275 592 1256570.0 2838.9564 
579000 1779 366.309 74763.0 53.955 33.1314 593 1259170.0 2885.0607 
580000 1782 367.961 74864.0 53.701 33.272 594 1260860.0 2873.5547 
581000 1785 367.388 74990.0 53.463 33.2409 595 1262950.0 2844.1992 
582000 1788 365.608 75138.0 53.258 33.1072 596 1265580.0 2827.7793 
583000 1790 369.384 75283.0 54.188 33.4399 596 1268160.0 2827.7793 
584000 1791 375.696 75514.0 55.604 34.0078 597 1272040.0 2993.0013 
585000 1794 374.884 75647.0 55.312 33.9256 598 1274280.0 2962.7012 
586000 1797 374.26 75774.0 55.018 33.8789 599 1276560.0 2934.4311 
587000 1800 370.253 75946.0 54.722 33.5323 600 1279510.0 2907.988 
588000 1802 374.275 76100.0 55.594 33.8573 600 1281940.0 2907.988 
589000 1804 388.82 76259.0 58.545 35.2508 601 1284900.0 3078.1892 
590000 1807 383.614 76387.0 57.617 34.7331 602 1287300.0 3034.3703 
591000 1812 364.533 76492.0 53.462 33.014 604 1288670.0 2765.1399 
592000 1814 371.756 76612.0 54.363 33.6878 604 1291000.0 2765.1399 
593000 1815 377.94 76827.0 55.716 34.2546 605 1294230.0 2909.6259 
594000 1818 381.522 76969.0 56.899 34.5639 606 1296700.0 3028.6633 
595000 1820 385.477 77101.0 57.392 34.9108 606 1299850.0 3028.6633 
596000 1823 384.709 77255.0 57.055 34.8337 607 1302540.0 3049.797 
597000 1824 388.455 77455.0 57.914 35.1779 608 1305620.0 3145.8173 
598000 1827 388.926 77587.0 58.096 35.2114 609 1307330.0 3132.2356 
599000 1830 386.666 77725.0 57.656 34.996 610 1309850.0 3088.012 
600000 1833 383.098 77881.0 57.208 34.6803 611 1312560.0 3047.2108 
601000 1836 382.506 78002.0 56.785 34.5611 612 1314830.0 3001.4897 
602000 1838 384.31 78138.0 56.939 34.7453 612 1316610.0 3001.4897 
603000 1839 384.483 78288.0 56.1 34.7719 613 1319240.0 2880.3408 
604000 1842 387.846 78397.0 55.76 35.1006 614 1321110.0 2861.3067 
605000 1845 384.447 78538.0 55.173 34.7692 615 1323760.0 2839.176 
606000 1848 385.923 78670.0 55.73 34.8651 616 1325470.0 2865.2584 
607000 1851 382.713 78819.0 55.354 34.5897 617 1328110.0 2844.7326 
608000 1853 390.969 78933.0 56.18 35.3407 617 1330380.0 2844.7326 
609000 1855 390.68 79090.0 56.795 35.3487 618 1333000.0 2829.2593 
610000 1856 402.246 79234.0 58.719 36.4301 618 1334990.0 2829.2593 
611000 1859 401.817 79382.0 58.109 36.3683 619 1337240.0 3005.3334 
612000 1861 403.949 79540.0 59.005 36.5319 620 1339950.0 2929.8 
613000 1863 405.828 79676.0 58.296 36.7117 621 1341680.0 3016.82 
614000 1865 407.66 79855.0 59.047 36.8805 621 1344640.0 3016.82 
615000 1866 413.046 80044.0 60.426 37.3862 622 1348120.0 3148.138 
616000 1869 409.665 80196.0 59.835 37.0302 623 1350700.0 3121.3242 
617000 1872 416.643 80330.0 61.667 37.7147 624 1352850.0 3269.1918 
618000 1874 417.696 80487.0 62.284 37.7943 624 1355550.0 3269.1918 
619000 1875 413.642 80662.0 61.439 37.4179 625 1358430.0 3232.2726 
620000 1878 417.905 80798.0 61.463 37.8246 626 1363580.0 3512.0454 
621000 1881 416.699 80947.0 61.821 37.7036 627 1365460.0 3480.8408 
622000 1881 416.699 81134.0 61.821 37.7036 627 1368910.0 3480.8408 
623000 1884 427.668 81281.0 63.854 38.711 628 1371720.0 3653.7567 
624000 1887 419.658 81454.0 62.697 37.9742 629 1375690.0 3634.3811 
625000 1889 432.631 81613.0 65.832 39.1539 629 1378160.0 3634.3811 
626000 1893 416.874 81736.0 62.851 37.7419 631 1380050.0 3524.5487 
627000 1896 411.735 81887.0 62.083 37.2874 632 1382420.0 3410.0938 
628000 1899 399.691 82081.0 60.232 36.168 633 1385180.0 3165.0844 
629000 1902 398.0 82202.0 59.647 36.0177 634 1387360.0 3116.576 
630000 1905 397.6 82307.0 59.116 35.9929 635 1388930.0 3073.9184 
631000 1908 396.219 82444.0 58.857 35.8806 636 1391440.0 3047.5265 
632000 1910 397.88 82598.0 59.547 36.0642 636 1394120.0 3047.5265 
633000 1911 406.382 82770.0 60.356 36.7816 637 1396780.0 3181.7739 
634000 1914 405.046 82879.0 59.765 36.6565 638 1398780.0 3131.5965 
635000 1917 396.844 83043.0 58.366 35.9626 639 1402100.0 3027.4368 
636000 1920 398.1 83149.0 58.329 36.0452 640 1403640.0 3014.6932 
637000 1922 399.55 83304.0 59.059 36.1918 640 1406320.0 3014.6932 
638000 1923 408.419 83500.0 60.317 36.992 641 1410870.0 3295.2238 
639000 1925 411.232 83651.0 60.969 37.2048 641 1413160.0 3295.2238 
640000 1927 420.493 83835.0 63.486 38.0252 642 1415780.0 3410.7015 
641000 1930 415.03 83959.0 62.215 37.5474 643 1418040.0 3293.6313 
642000 1933 403.206 84111.0 59.928 36.4967 644 1422710.0 3333.2682 
643000 1935 403.62 84279.0 59.908 36.5228 645 1425520.0 3321.9414 
644000 1938 399.884 84430.0 59.363 36.1695 646 1428180.0 3258.7472 
645000 1941 398.572 84556.0 58.811 36.0629 647 1430260.0 3200.8725 
646000 1944 394.151 84714.0 58.331 35.654 648 1432990.0 3149.7853 
647000 1947 391.347 84855.0 57.84 35.4387 649 1435540.0 3102.8067 
648000 1950 387.199 85003.0 57.397 35.0561 650 1438170.0 3060.5261 
649000 1953 389.536 85117.0 57.503 35.276 651 1439570.0 3040.4735 
650000 1956 384.422 85287.0 56.985 34.78 652 1442570.0 3011.4261 
651000 1956 384.422 85481.0 56.985 34.78 652 1446330.0 3011.4261 
652000 1959 397.718 85617.0 59.216 36.0467 653 1448670.0 3209.2835 
653000 1961 399.372 85781.0 59.91 36.1963 653 1451230.0 3209.2835 
654000 1962 404.964 85956.0 61.192 36.667 654 1454290.0 3354.3551 
655000 1965 413.843 86124.0 63.276 37.4367 655 1457120.0 3537.9196 
656000 1968 412.323 86268.0 62.974 37.3514 656 1459710.0 3476.1277 
657000 1969 419.457 86444.0 64.735 37.9822 656 1462600.0 3476.1277 
658000 1971 420.083 86636.0 64.859 38.0268 657 1465900.0 3604.5149 
659000 1974 419.029 86753.0 64.413 37.9511 658 1467400.0 3514.0634 
660000 1975 425.889 86941.0 66.164 38.5605 658 1470630.0 3514.0634 
661000 1977 427.856 87117.0 66.213 38.6787 659 1473660.0 3637.6571 
662000 1980 422.021 87270.0 65.278 38.1693 660 1476330.0 3541.8914 
663000 1982 422.061 87411.0 65.674 38.2084 660 1480690.0 3541.8914 
664000 1984 434.393 87576.0 67.994 39.3104 661 1483470.0 3806.7022 
665000 1986 423.647 87724.0 65.341 38.3372 662 1486080.0 3694.032 
666000 1989 420.757 87870.0 64.399 38.0878 663 1488870.0 3589.6288 
667000 1992 415.137 88026.0 63.571 37.5732 664 1491580.0 3517.6659 
668000 1994 426.452 88157.0 65.651 38.5839 664 1494000.0 3517.6659 
669000 1997 424.842 88314.0 65.732 38.4568 665 1496720.0 3670.8993 
670000 1999 427.258 88466.0 66.129 38.6637 666 1499380.0 3571.8094 
671000 2001 420.961 88595.0 63.55 38.0555 667 1501720.0 3482.6285 
672000 2004 416.943 88733.0 62.772 37.7255 668 1504010.0 3403.3656 
673000 2007 412.736 88874.0 62.039 37.3302 669 1506520.0 3331.0291 
674000 2010 412.408 88966.0 61.35 37.3099 670 1507830.0 3265.9261 
675000 2012 414.254 89132.0 61.98 37.4763 670 1510900.0 3265.9261 
676000 2013 417.469 89350.0 63.04 37.7483 671 1514850.0 3417.3335 
677000 2016 421.564 89477.0 63.85 38.1567 672 1516230.0 3429.6002 
678000 2018 424.106 89580.0 64.243 38.3467 672 1518220.0 3429.6002 
679000 2021 422.93 89734.0 63.485 38.2792 673 1520900.0 3331.6402 
680000 2023 424.069 89888.0 63.972 38.3595 674 1523580.0 3266.4761 
681000 2025 422.016 90094.0 63.777 38.2095 675 1526870.0 3377.8285 
682000 2027 427.571 90202.0 64.31 38.7227 675 1528650.0 3377.8285 
683000 2028 428.64 90397.0 64.744 38.7802 676 1532400.0 3487.0457 
684000 2031 423.899 90549.0 63.914 38.3742 677 1535070.0 3407.3411 
685000 2034 431.311 90686.0 65.727 39.0494 678 1537390.0 3561.607 
686000 2036 432.34 90842.0 66.184 39.1277 678 1540080.0 3561.607 
687000 2040 419.837 90994.0 63.97 37.9736 680 1542860.0 3405.0017 
688000 2042 422.175 91151.0 64.494 38.201 680 1545560.0 3405.0017 
689000 2045 416.851 91311.0 63.825 37.7461 681 1547550.0 3376.5015 
690000 2048 410.431 91446.0 62.741 37.1312 682 1549960.0 3197.8514 
691000 2051 408.226 91608.0 62.224 36.9359 683 1552730.0 3129.0662 
692000 2052 411.002 91813.0 62.759 37.1996 684 1556260.0 3239.1596 
693000 2055 405.482 91976.0 62.027 36.6835 685 1559230.0 3183.2436 
694000 2058 401.536 92121.0 61.299 36.2941 686 1561640.0 3131.9193 
695000 2061 400.333 92235.0 60.672 36.2443 687 1563550.0 3107.7273 
696000 2064 397.01 92374.0 59.985 35.9045 688 1566090.0 3061.9546 
697000 2067 393.14 92525.0 59.437 35.5672 689 1569140.0 3064.7591 
698000 2069 396.545 92649.0 60.123 35.8769 689 1571320.0 3064.7591 
699000 2070 405.674 92872.0 61.76 36.7213 690 1575810.0 3319.2832 
700000 2073 401.709 93016.0 61.049 36.354 691 1578360.0 3253.3549 
701000 2075 404.613 93173.0 61.651 36.5766 691 1580860.0 3253.3549 
702000 2077 417.1 93345.0 64.698 37.707 692 1583910.0 3400.0194 
703000 2079 408.746 93494.0 62.234 37.0117 693 1586140.0 3328.0175 
704000 2082 405.092 93635.0 61.458 36.7002 694 1588600.0 3220.2157 
705000 2085 400.284 93792.0 60.806 36.2462 695 1591310.0 3166.1942 
706000 2088 407.352 93945.0 62.969 36.9264 696 1594300.0 3390.5747 
707000 2091 403.605 94099.0 62.225 36.558 697 1596990.0 3320.5173 
708000 2093 405.643 94256.0 62.78 36.7178 697 1599690.0 3320.5173 
709000 2094 410.27 94484.0 64.065 37.1813 698 1603870.0 3496.4655 
710000 2097 406.983 94618.0 63.218 36.8575 699 1606260.0 3413.819 
711000 2099 409.245 94770.0 63.773 37.0668 699 1608750.0 3413.819 
712000 2102 412.75 94939.0 64.904 37.4249 700 1611880.0 3571.4371 
713000 2103 407.875 95098.0 63.646 36.9919 701 1614590.0 3432.2934 
714000 2104 429.557 95242.0 68.033 38.9629 701 1616580.0 3432.2934 
715000 2106 426.522 95388.0 65.691 38.6296 702 1618690.0 3558.064 
716000 2109 420.639 95542.0 64.73 38.1096 703 1621370.0 3419.2576 
717000 2112 417.62 95676.0 63.883 37.8464 704 1623180.0 3345.3319 
718000 2115 412.208 95804.0 62.97 37.3664 705 1625040.0 3224.7987 
719000 2118 409.74 95935.0 61.974 37.1267 706 1627140.0 3082.3188 
720000 2121 405.989 96075.0 61.253 36.8003 707 1629510.0 3032.0869 
721000 2124 404.462 96187.0 60.59 36.6486 708 1631020.0 2987.8782 
722000 2126 407.656 96325.0 61.209 36.8788 708 1633530.0 2987.8782 
723000 2127 412.883 96558.0 62.565 37.3194 709 1637630.0 3160.0904 
724000 2129 415.54 96696.0 63.126 37.577 709 1639620.0 3160.0904 
725000 2131 429.712 96860.0 66.136 38.8451 710 1642390.0 3289.0814 
726000 2133 418.403 97012.0 63.576 37.8058 711 1645050.0 3229.1732 
727000 2136 415.074 97161.0 62.776 37.5176 712 1647690.0 3174.2559 
728000 2139 422.17 97298.0 64.624 38.1596 713 1649830.0 3328.8303 
729000 2140 430.347 97490.0 66.432 38.8771 713 1652830.0 3328.8303 
730000 2142 429.501 97681.0 66.436 38.8103 714 1656760.0 3518.9473 
731000 2145 429.367 97780.0 65.947 38.7905 715 1658140.0 3459.0526 
732000 2148 424.695 97917.0 65.028 38.4125 716 1660660.0 3382.1473 
733000 2151 418.495 98080.0 64.162 37.8232 717 1663430.0 3311.9326 
734000 2153 420.992 98225.0 64.661 38.0468 717 1666010.0 3311.9326 
735000 2155 426.599 98380.0 65.201 38.5614 718 1668690.0 3248.7393 
736000 2157 423.243 98538.0 64.363 38.2228 719 1670840.0 3333.8654 
737000 2160 421.533 98638.0 63.481 38.0706 720 1672480.0 3219.4788 
738000 2165 402.073 98779.0 60.432 36.3287 721 1674530.0 3018.531 
739000 2169 390.031 98904.0 58.187 35.2672 723 1676030.0 2686.5101 
740000 2172 383.238 99056.0 56.88 34.6258 724 1678190.0 2591.8591 
741000 2172 383.238 99240.0 56.88 34.6258 724 1681220.0 2591.8591 
742000 2175 392.109 99403.0 58.596 35.4738 725 1684530.0 2759.6732 
743000 2179 390.744 99553.0 59.209 35.3518 726 1686890.0 2750.7058 
744000 2181 384.845 99685.0 57.276 34.7801 727 1689050.0 2706.6353 
745000 2186 376.854 99807.0 56.327 34.1106 728 1692100.0 2659.9717 
746000 2190 368.329 99960.0 54.962 33.3657 730 1694590.0 2658.1771 
747000 2193 364.783 100106.0 54.444 32.9904 731 1696920.0 2620.3594 
748000 2197 355.952 100279.0 53.443 32.2025 732 1699510.0 2583.3235 
749000 2199 358.898 100420.0 53.508 32.4816 733 1701620.0 2512.9911 
750000 2202 358.281 100550.0 53.165 32.4255 734 1703630.0 2501.692 
751000 2206 350.817 100718.0 52.389 31.7507 735 1706180.0 2482.5228 
752000 2208 349.343 100911.0 52.434 31.5892 736 1709510.0 2450.2705 
753000 2211 350.039 101040.0 52.214 31.6824 737 1711580.0 2449.2435 
754000 2214 347.449 101194.0 51.896 31.4669 738 1714070.0 2425.3191 
755000 2217 345.555 101344.0 51.594 31.2662 739 1716430.0 2411.7872 
756000 2220 342.715 101503.0 51.162 31.0006 740 1718590.0 2391.6085 
757000 2223 340.587 101666.0 50.962 30.8445 741 1721270.0 2355.4476 
758000 2228 337.361 101809.0 51.299 30.5358 742 1723390.0 2348.9029 
759000 2231 336.641 101959.0 51.279 30.4528 743 1725660.0 2321.0126 
760000 2235 329.867 102118.0 50.198 29.8661 745 1728110.0 2315.3202 
761000 2238 328.631 102271.0 49.844 29.7487 746 1730300.0 2282.7882 
762000 2241 327.969 102427.0 49.712 29.7052 747 1733030.0 2293.5094 
763000 2244 325.168 102603.0 49.53 29.4401 748 1736100.0 2300.1584 
764000 2247 322.118 102770.0 49.102 29.1592 749 1739070.0 2285.1426 
765000 2250 322.908 102917.0 49.086 29.217 750 1741590.0 2321.6283 
766000 2254 326.386 103041.0 49.77 29.5185 751 1743580.0 2316.4655 
767000 2259 315.071 103191.0 47.967 28.492 753 1746030.0 2280.037 
768000 2263 308.961 103347.0 47.16 27.9481 754 1748470.0 2274.0333 
769000 2265 308.71 103541.0 47.185 27.9087 755 1751470.0 2213.63 
770000 2269 307.23 103673.0 46.72 27.7791 756 1753240.0 2210.267 
771000 2272 311.043 103832.0 47.799 28.1546 757 1755930.0 2205.2403 
772000 2276 308.875 103971.0 47.339 27.9932 758 1757700.0 2156.7163 
773000 2278 310.179 104111.0 47.723 28.1024 759 1759560.0 2118.0446 
774000 2282 309.649 104246.0 46.962 28.0149 760 1761390.0 2089.2402 
775000 2286 300.457 104421.0 45.323 27.1754 762 1763570.0 1959.9845 
776000 2289 303.418 104531.0 45.066 27.4654 763 1765530.0 1993.9861 
777000 2293 304.34 104716.0 46.463 27.5634 764 1769070.0 2006.5875 
778000 2297 299.931 104865.0 45.761 27.141 765 1771530.0 2037.9287 
779000 2300 301.0 105011.0 45.899 27.2843 766 1773950.0 2073.1359 
780000 2303 302.192 105153.0 45.984 27.3233 767 1777030.0 2107.8223 
781000 2307 298.339 105313.0 45.228 26.9918 769 1779600.0 2220.936 
782000 2310 298.995 105474.0 45.418 27.0916 770 1781620.0 2183.8424 
783000 2313 300.358 105620.0 45.384 27.2179 771 1784130.0 2188.4582 
784000 2316 297.875 105804.0 45.083 26.957 772 1787440.0 2178.6124 
785000 2320 301.447 105960.0 46.553 27.3325 773 1790210.0 2195.7511 
786000 2325 288.71 106082.0 43.67 26.1594 775 1791790.0 2095.5584 
787000 2328 285.263 106263.0 43.107 25.8583 776 1794490.0 2048.0026 
788000 2332 291.346 106397.0 44.494 26.3659 777 1796310.0 2014.2023 
789000 2336 288.325 106533.0 43.811 26.1111 778 1798020.0 1994.7821 
790000 2340 282.745 106679.0 42.597 25.6167 780 1799960.0 1908.9735 
791000 2343 282.643 106846.0 42.52 25.5908 781 1802710.0 1929.0761 
792000 2346 284.621 106997.0 42.74 25.7794 782 1804980.0 1930.1685 
793000 2349 283.092 107180.0 42.907 25.6517 783 1807710.0 1953.1517 
794000 2353 291.265 107325.0 44.857 26.3672 784 1809740.0 1964.8365 
795000 2357 287.026 107481.0 44.352 26.0339 785 1812460.0 1970.3529 
796000 2360 289.038 107642.0 44.797 26.1619 786 1814640.0 2040.3176 
797000 2364 285.375 107794.0 43.971 25.8165 788 1816740.0 2025.9572 
798000 2367 286.161 107961.0 44.066 25.9025 789 1819620.0 2056.3615 
799000 2370 288.359 108108.0 44.207 26.1072 790 1821750.0 2058.7254 
800000 2373 286.928 108280.0 44.02 25.9797 791 1824700.0 2034.8528 
801000 2376 288.358 108433.0 44.053 26.0574 792 1826800.0 2063.3675 
802000 2380 294.278 108587.0 45.819 26.6701 793 1829110.0 2060.0308 
803000 2383 294.815 108746.0 46.147 26.6972 794 1831270.0 2076.0277 
804000 2386 296.319 108901.0 46.361 26.8331 795 1833390.0 2072.4249 
805000 2389 302.242 109053.0 47.096 27.363 796 1835480.0 2073.1824 
806000 2391 301.055 109169.0 45.27 27.2728 797 1837590.0 2074.8642 
807000 2395 306.084 109315.0 46.803 27.7447 798 1840020.0 2102.3778 
808000 2397 303.558 109471.0 45.562 27.4952 799 1842530.0 2140.14 
809000 2402 301.934 109611.0 46.121 27.3293 800 1844820.0 2153.126 
810000 2405 303.449 109757.0 46.355 27.4843 801 1847240.0 2157.8134 
811000 2408 301.99 109907.0 46.238 27.369 802 1849700.0 2184.0321 
812000 2411 305.895 110055.0 46.635 27.7331 803 1852140.0 2211.6289 
813000 2414 307.503 110202.0 46.616 27.8364 804 1854570.0 2234.466 
814000 2417 311.326 110355.0 47.19 28.1889 805 1856580.0 2257.0194 
815000 2420 312.031 110496.0 47.164 28.2441 806 1858470.0 2229.3174 
816000 2423 314.292 110634.0 47.112 28.462 807 1860810.0 2204.3857 
817000 2426 313.073 110787.0 47.35 28.3702 808 1863300.0 2210.9471 
818000 2428 314.331 110932.0 47.335 28.4739 809 1865220.0 2236.8524 
819000 2431 321.851 111075.0 48.211 29.1332 810 1867610.0 2207.1672 
820000 2433 319.764 111215.0 46.654 28.9686 811 1870050.0 2233.4505 
821000 2437 325.15 111347.0 48.141 29.4247 812 1871940.0 2261.1054 
822000 2442 310.724 111504.0 46.026 28.1361 814 1874440.0 2205.2954 
823000 2445 310.134 111670.0 46.138 28.0524 815 1877210.0 2217.7658 
824000 2448 313.942 111788.0 46.335 28.4046 816 1879170.0 2252.9893 
825000 2451 312.271 111965.0 46.287 28.2717 817 1881780.0 2223.6903 
826000 2454 314.385 112103.0 46.492 28.4757 818 1883790.0 2220.3213 
827000 2456 321.767 112215.0 47.58 29.171 818 1885240.0 2220.3213 
828000 2459 323.313 112359.0 47.413 29.3172 819 1887250.0 2204.2892 
829000 2462 325.274 112511.0 47.809 29.4499 820 1889730.0 2184.8603 
830000 2466 320.489 112654.0 46.877 29.0559 822 1891740.0 2193.9368 
831000 2469 321.275 112801.0 46.948 29.1466 823 1893880.0 2188.5431 
832000 2471 328.168 112952.0 48.058 29.7771 823 1895950.0 2188.5431 
833000 2474 328.313 113092.0 47.983 29.8172 824 1898010.0 2176.6888 
834000 2477 327.084 113233.0 47.808 29.652 825 1900280.0 2168.0199 
835000 2479 335.338 113389.0 49.13 30.4357 826 1902490.0 2180.2179 
836000 2481 329.498 113525.0 47.204 29.966 827 1904510.0 2180.1961 
837000 2484 330.02 113669.0 47.275 29.9774 828 1906520.0 2177.1765 
838000 2487 333.763 113784.0 47.36 30.2926 829 1908840.0 2165.4589 
839000 2491 334.899 113952.0 48.769 30.4099 830 1911480.0 2215.913 
840000 2494 332.524 114097.0 48.628 30.209 831 1913600.0 2222.3217 
841000 2496 336.999 114182.0 47.412 30.6326 832 1914970.0 2219.0895 
842000 2499 335.875 114341.0 47.471 30.5149 833 1917130.0 2202.1806 
843000 2499 335.875 114474.0 47.471 30.5149 833 1918580.0 2202.1806 
844000 2501 367.834 114576.0 51.608 33.3946 833 1920290.0 2202.1806 
845000 2502 366.178 114728.0 50.575 33.2735 834 1922360.0 2420.9625 
846000 2505 365.104 114868.0 50.502 33.1945 835 1924330.0 2386.8663 
847000 2508 364.644 115009.0 50.456 33.0888 836 1926310.0 2357.1796 
848000 2511 363.016 115154.0 50.321 32.9244 837 1928330.0 2325.4617 
849000 2514 358.685 115325.0 50.272 32.5377 838 1930610.0 2300.9155 
850000 2518 363.302 115442.0 51.489 32.9119 839 1932250.0 2289.824 
851000 2521 361.062 115591.0 51.342 32.7267 840 1934020.0 2239.8416 
852000 2524 356.886 115752.0 51.08 32.3287 841 1935920.0 2187.8574 
853000 2528 351.703 115894.0 50.388 31.8564 842 1937910.0 2142.0717 
854000 2529 353.489 116017.0 49.6 32.0206 843 1939500.0 2128.8645 
855000 2532 356.97 116128.0 49.477 32.365 844 1940850.0 2107.978 
856000 2535 353.174 116303.0 49.361 32.0443 845 1944280.0 2138.1802 
857000 2538 355.128 116411.0 49.408 32.2129 846 1945600.0 2173.3622 
858000 2541 354.483 116550.0 49.433 32.1534 847 1947910.0 2204.026 
859000 2544 349.902 116739.0 49.303 31.693 848 1951310.0 2202.6234 
860000 2547 346.589 116914.0 49.277 31.4147 849 1954110.0 2227.3611 
861000 2551 347.153 117064.0 50.599 31.4542 850 1956580.0 2239.625 
862000 2555 341.179 117222.0 49.876 30.9441 851 1959130.0 2259.6625 
863000 2557 345.739 117379.0 50.759 31.375 852 1961260.0 2277.6962 
864000 2560 344.498 117527.0 50.664 31.2551 853 1964490.0 2255.9266 
865000 2564 337.406 117672.0 49.717 30.6097 854 1966910.0 2356.3339 
866000 2567 337.634 117824.0 49.829 30.6051 855 1969390.0 2368.7005 
867000 2571 331.843 117975.0 48.983 30.1215 857 1971870.0 2381.2474 
868000 2574 332.191 118128.0 49.044 30.1522 858 1974060.0 2362.1227 
869000 2577 331.133 118280.0 48.953 30.0534 859 1976540.0 2366.9104 
870000 2579 334.062 118422.0 49.77 30.3085 859 1978910.0 2366.9104 
871000 2583 332.345 118569.0 48.905 30.1718 861 1980960.0 2341.7974 
872000 2586 329.06 118747.0 48.842 29.8693 862 1983450.0 2320.6177 
873000 2588 336.385 118865.0 49.849 30.5427 862 1985540.0 2320.6177 
874000 2592 332.019 119010.0 48.773 30.1629 864 1987570.0 2303.2003 
875000 2592 332.019 119161.0 48.773 30.1629 864 1989710.0 2303.2003 
876000 2596 344.419 119290.0 50.409 31.298 865 1991580.0 2291.8803 
877000 2598 342.51 119420.0 48.865 31.1051 866 1993440.0 2269.6923 
878000 2601 343.067 119553.0 48.901 31.15 867 1995430.0 2259.723 
879000 2604 339.684 119735.0 48.897 30.8606 868 1998000.0 2248.7507 
880000 2608 340.503 119896.0 50.316 30.9255 869 2000280.0 2238.8757 
881000 2611 341.348 120031.0 50.257 31.0013 870 2002200.0 2227.9881 
882000 2615 334.997 120186.0 49.446 30.4178 871 2004420.0 2198.1893 
883000 2617 340.333 120338.0 50.386 30.8721 872 2006680.0 2190.3704 
884000 2620 339.198 120484.0 50.213 30.8022 873 2008710.0 2199.3333 
885000 2624 332.368 120634.0 49.405 30.1743 874 2010790.0 2181.4 
886000 2628 327.167 120777.0 48.424 29.7122 876 2013380.0 2206.634 
887000 2631 326.71 120934.0 48.446 29.6823 877 2015520.0 2191.9706 
888000 2634 326.353 121081.0 48.275 29.5734 878 2018660.0 2278.7735 
889000 2637 324.776 121252.0 48.198 29.4368 879 2021320.0 2280.8962 
890000 2640 327.266 121371.0 48.264 29.6822 880 2023300.0 2289.8066 
891000 2643 327.997 121511.0 48.276 29.7563 881 2025660.0 2304.8259 
892000 2646 328.049 121654.0 48.171 29.778 882 2028240.0 2331.3433 
893000 2649 325.956 121839.0 48.229 29.5632 883 2030980.0 2314.209 
894000 2652 329.549 121947.0 48.255 29.8756 884 2032490.0 2297.7881 
895000 2653 336.198 122100.0 50.03 30.4878 884 2034750.0 2297.7881 
896000 2658 328.625 122234.0 48.067 29.8106 886 2036960.0 2283.6083 
897000 2661 329.077 122379.0 48.07 29.8742 887 2042140.0 2575.2475 
898000 2664 327.984 122538.0 48.028 29.7579 888 2044300.0 2519.7228 
899000 2667 325.688 122717.0 47.975 29.5461 889 2047020.0 2477.7505 
900000 2670 328.818 122827.0 48.086 29.8341 890 2048510.0 2447.9754 
901000 2671 333.922 122975.0 49.704 30.3428 890 2050630.0 2447.9754 
902000 2673 334.962 123122.0 48.206 30.3839 891 2052750.0 2422.1779 
903000 2677 340.888 123262.0 49.788 30.9553 892 2054820.0 2395.9601 
904000 2680 340.678 123415.0 49.846 30.9206 893 2057210.0 2367.3641 
905000 2682 332.831 123565.0 48.265 30.2302 894 2059360.0 2366.6277 
906000 2685 335.023 123717.0 48.349 30.4361 895 2061630.0 2347.9649 
907000 2688 336.658 123856.0 48.427 30.5859 896 2063590.0 2340.1684 
908000 2692 339.261 123999.0 49.74 30.8251 897 2065700.0 2312.1516 
909000 2694 335.372 124145.0 48.459 30.4674 898 2067620.0 2295.9364 
910000 2697 337.802 124290.0 48.498 30.6985 899 2069460.0 2263.3428 
911000 2701 340.008 124438.0 49.938 30.8832 900 2071610.0 2215.0085 
912000 2705 333.468 124584.0 48.933 30.3098 901 2073740.0 2205.5077 
913000 2707 335.706 124749.0 49.85 30.4949 902 2076040.0 2193.9569 
914000 2710 337.089 124898.0 49.962 30.6352 903 2078280.0 2192.5612 
915000 2713 339.12 125048.0 50.288 30.7799 904 2080650.0 2199.3051 
916000 2714 346.638 125207.0 51.882 31.4969 904 2082980.0 2199.3051 
917000 2718 345.761 125356.0 51.35 31.4301 906 2085050.0 2407.7371 
918000 2720 351.309 125507.0 52.286 31.9209 906 2087120.0 2407.7371 
919000 2723 347.349 125610.0 50.938 31.5701 907 2088630.0 2375.9634 
920000 2726 349.812 125762.0 51.215 31.778 908 2090810.0 2292.3671 
921000 2727 346.276 125912.0 50.251 31.4658 909 2092950.0 2280.1304 
922000 2730 351.031 126048.0 50.238 31.8945 910 2094970.0 2271.1173 
923000 2733 348.881 126204.0 50.173 31.6891 911 2097390.0 2260.0056 
924000 2736 349.787 126337.0 50.167 31.7959 912 2099380.0 2273.005 
925000 2739 353.465 126422.0 50.146 32.1181 913 2100530.0 2263.7045 
926000 2742 352.875 126562.0 50.108 32.0786 914 2102840.0 2283.3341 
927000 2745 348.776 126744.0 49.994 31.729 915 2105890.0 2317.0007 
928000 2748 346.38 126910.0 49.79 31.4809 916 2108530.0 2302.3006 
929000 2751 343.788 127078.0 49.735 31.2703 917 2110870.0 2278.0705 
930000 2754 341.141 127246.0 49.702 31.043 918 2113210.0 2266.2635 
931000 2758 345.011 127394.0 51.316 31.3631 919 2115360.0 2255.6371 
932000 2761 344.829 127542.0 51.248 31.3592 920 2117500.0 2245.0734 
933000 2763 338.022 127698.0 49.632 30.7033 921 2119910.0 2238.5661 
934000 2766 340.752 127819.0 49.595 30.9704 922 2121800.0 2250.7095 
935000 2770 341.083 127966.0 50.446 30.9602 923 2125220.0 2219.6385 
936000 2774 334.469 128112.0 49.573 30.3783 924 2127350.0 2328.6747 
937000 2776 342.445 128274.0 50.865 31.1455 925 2129620.0 2309.8072 
938000 2780 335.445 128413.0 49.641 30.5403 926 2131680.0 2297.8265 
939000 2783 334.61 128561.0 49.623 30.4636 927 2133730.0 2275.0438 
940000 2786 332.778 128702.0 49.316 30.2527 928 2135800.0 2247.5395 
941000 2788 337.49 128856.0 50.316 30.7051 929 2137990.0 2240.7855 
942000 2791 340.047 128997.0 50.266 30.943 930 2141440.0 2226.707 
943000 2795 334.943 129151.0 49.556 30.5014 931 2143650.0 2354.0363 
944000 2797 339.225 129302.0 50.431 30.8399 932 2145810.0 2337.6326 
945000 2800 341.223 129439.0 50.372 31.0158 933 2147840.0 2322.8694 
946000 2801 339.818 129595.0 49.785 30.9061 933 2150140.0 2322.8694 
947000 2804 351.83 129747.0 52.396 31.9767 934 2152320.0 2517.5824 
948000 2807 352.13 129895.0 52.258 32.0332 935 2154460.0 2482.8242 
949000 2809 356.649 130053.0 53.087 32.4544 936 2156780.0 2452.5418 
950000 2812 354.635 130201.0 52.815 32.218 937 2158920.0 2435.2876 
951000 2814 348.545 130358.0 51.175 31.6766 938 2161050.0 2410.7588 
952000 2817 349.657 130490.0 51.085 31.7919 939 2163120.0 2378.683 
953000 2820 350.072 130641.0 51.03 31.8475 940 2165290.0 2368.8147 
954000 2824 352.889 130779.0 52.26 32.0749 941 2167440.0 2349.9332 
955000 2827 351.356 130945.0 52.469 31.9401 942 2169670.0 2334.9399 
956000 2830 349.969 131092.0 52.233 31.8048 943 2171800.0 2309.4459 
957000 2832 354.246 131253.0 53.015 32.1875 944 2174170.0 2486.5013 
958000 2835 354.207 131387.0 52.846 32.1724 945 2176130.0 2456.8512 
959000 2838 349.11 131581.0 52.434 31.7393 946 2181970.0 2714.166 
960000 2841 351.065 131680.0 52.175 31.9234 947 2183260.0 2646.7494 
961000 2844 348.587 131848.0 51.958 31.6561 948 2185640.0 2596.0745 
962000 2846 350.994 131979.0 52.784 31.8678 948 2187470.0 2596.0745 
963000 2847 360.114 132227.0 54.408 32.7155 949 2191050.0 2729.4671 
964000 2851 360.293 132381.0 55.5 32.7056 950 2193660.0 2672.5203 
965000 2854 359.66 132534.0 55.44 32.6419 951 2195850.0 2645.2683 
966000 2856 364.645 132660.0 55.66 33.1185 952 2197690.0 2765.7415 
967000 2859 363.43 132808.0 55.327 32.9909 953 2199830.0 2708.1673 
968000 2862 360.968 132959.0 54.975 32.7704 954 2201910.0 2645.3506 
969000 2865 358.277 133122.0 54.668 32.5251 955 2204110.0 2589.8155 
970000 2867 360.47 133266.0 55.425 32.7547 955 2206110.0 2589.8155 
971000 2868 369.041 133509.0 56.957 33.5146 956 2210240.0 2783.834 
972000 2873 360.372 133585.0 55.106 32.7588 957 2211050.0 2714.4506 
973000 2877 351.881 133733.0 53.68 31.9674 959 2213200.0 2452.405 
974000 2879 357.843 133889.0 54.634 32.4734 959 2216570.0 2452.405 
975000 2882 354.94 134040.0 54.266 32.2323 960 2218650.0 2544.1645 
976000 2885 353.741 134191.0 54.019 32.1281 961 2221020.0 2498.748 
977000 2888 352.814 134331.0 53.488 32.028 962 2223880.0 2484.8732 
978000 2890 358.208 134486.0 54.382 32.5004 963 2226560.0 2529.3859 
979000 2893 357.463 134632.0 54.205 32.4213 964 2228590.0 2545.4473 
980000 2896 354.53 134787.0 54.127 32.1813 965 2230710.0 2490.9026 
981000 2900 347.861 134934.0 52.921 31.5976 966 2232760.0 2450.8123 
982000 2904 341.526 135041.0 51.001 31.047 968 2234330.0 2324.658 
983000 2908 334.403 135220.0 50.488 30.4062 969 2236840.0 2150.1922 
984000 2911 333.366 135384.0 50.728 30.2721 970 2239050.0 2146.173 
985000 2913 335.177 135574.0 50.875 30.4585 971 2242030.0 2289.5557 
986000 2916 336.996 135693.0 50.782 30.6095 972 2243610.0 2277.6001 
987000 2919 338.843 135813.0 50.72 30.7574 973 2245150.0 2258.8401 
988000 2921 337.861 135933.0 51.114 30.6368 973 2246640.0 2258.8401 
989000 2924 347.565 136084.0 51.513 31.5397 974 2248730.0 2210.9561 
990000 2925 343.394 136235.0 50.463 31.17 975 2250880.0 2198.8605 
991000 2929 351.126 136383.0 52.269 31.8497 976 2253030.0 2193.9744 
992000 2931 346.445 136521.0 50.336 31.4485 977 2255060.0 2193.577 
993000 2934 354.062 136573.0 50.313 32.1527 978 2255840.0 2193.2193 
994000 2937 353.992 136705.0 50.28 32.1028 979 2257500.0 2182.8974 
995000 2940 353.054 136851.0 50.247 32.0022 980 2259530.0 2173.6076 
996000 2943 352.141 136993.0 50.136 31.9404 981 2261520.0 2161.2469 
997000 2945 356.516 137143.0 51.152 32.3895 981 2263670.0 2161.2469 
998000 2948 357.495 137295.0 51.124 32.461 982 2265760.0 2163.1222 
999000 2951 355.116 137446.0 51.042 32.2723 983 2267840.0 2155.81 
