0 0 0.0 0.0 0.0 0.0 0 0.0 0.0 0.0 3.4e-05 
1000 24 15.813 -14.0 -0.212 1.6025 4 14.0 0.3168 2.3148037 0.0001604 
2000 50 24.262 -30.0 -0.391 2.5549 10 24.0 1.4357 0.6630852 0.0 
3000 76 31.732 -44.0 -0.433 3.3774 15 35.0 1.9322 0.2052206 0.0 
4000 101 34.422 -58.0 -0.498 3.611 20 46.0 1.9958 0.0830813 0.0 
5000 130 33.841 -79.0 -0.608 3.6349 26 54.0 1.6463 0.0453985 0.0 
6000 165 30.907 -108.0 -0.729 3.3734 33 60.0 1.2049 0.029421 0.0 
7000 191 33.76 -123.0 -0.672 3.5952 38 71.0 1.3961 0.030361 0.0 
8000 217 35.772 -138.0 -0.629 3.8311 43 82.0 1.7163 0.0282205 0.0 
9000 240 38.533 -149.0 -0.574 4.194 48 94.0 2.1277 0.0307279 0.0 
10000 261 41.349 -158.0 -0.521 4.5014 52 107.0 2.3538 0.0389394 0.0 
11000 291 37.521 -179.0 -0.612 3.9904 58 116.0 1.9803 0.039054 0.0 
12000 311 42.523 -185.0 -0.491 4.6196 62 129.0 2.5058 0.0393784 0.0 
13000 337 40.708 -201.0 -0.551 4.3782 67 139.0 2.3301 0.0325177 0.0 
14000 356 42.433 -208.0 -0.522 4.4781 71 152.0 2.4234 0.0253183 0.0 
15000 375 46.644 -212.0 -0.418 5.0333 75 166.0 2.9207 0.0233797 0.0 
16000 389 50.403 -209.0 -0.31 5.4848 77 183.0 3.5757 0.0226097 0.0 
17000 403 57.305 -206.0 -0.13 6.1158 80 201.0 4.1517 0.0225571 0.0 
18000 420 58.833 -206.0 -0.085 6.3252 84 223.0 5.0584 0.0212128 0.0 
19000 439 56.713 -212.0 -0.152 6.1123 87 237.0 4.4006 0.0200697 0.0 
20000 452 62.214 -205.0 0.018 6.5935 90 259.0 5.244 0.0211211 0.0 
21000 463 67.009 -196.0 0.168 7.1854 92 282.0 6.1577 0.0206647 1e-07 
22000 471 76.624 -183.0 0.414 8.1115 94 304.0 6.9777 0.0200889 0.0 
23000 481 81.194 -173.0 0.518 8.645 96 329.0 8.7219 0.0191607 5.78e-05 
24000 490 86.038 -162.0 0.633 9.1566 98 355.0 9.6848 0.0191324 8e-07 
25000 498 92.283 -148.0 0.803 9.7727 99 377.0 9.7163 0.0194167 0.0004361 
26000 507 95.335 -134.0 0.924 10.2092 101 406.0 11.6202 0.0197154 0.000158 
27000 516 96.566 -121.0 0.99 10.2278 103 435.0 12.0824 0.0199397 0.0001101 
28000 524 98.776 -106.0 1.067 10.5231 104 467.0 12.1741 0.0181024 0.0003408 
29000 533 103.898 -93.0 1.199 11.0302 106 491.0 13.111 0.0180337 0.0006894 
30000 542 104.72 -79.0 1.258 11.1098 108 520.0 13.8599 0.0177367 0.0009279 
31000 551 105.62 -69.0 1.234 11.2346 110 543.0 13.5566 0.0180435 0.0056622 
32000 557 112.179 -49.0 1.457 11.8574 111 569.0 13.9009 0.0181692 0.0030368 
33000 565 114.457 -34.0 1.533 12.1942 113 601.0 15.3797 0.0174656 0.005663 
34000 573 115.003 -18.0 1.573 12.1713 114 627.0 15.0418 0.0158586 0.0035876 
35000 583 113.469 -8.0 1.498 12.0771 116 647.0 14.9038 0.017259 0.0075815 
36000 592 113.653 5.0 1.49 12.0202 118 675.0 14.8221 0.0178085 0.0139126 
37000 601 112.121 16.0 1.43 11.861 120 695.0 14.0959 0.0177947 0.0076743 
38000 607 117.992 33.0 1.593 12.512 121 725.0 14.5863 0.0164983 0.0367739 
39000 614 121.968 48.0 1.681 12.8871 122 750.0 15.8277 0.0161787 0.0215969 
40000 622 121.063 63.0 1.673 12.8223 124 775.0 15.8804 0.016014 0.011056 
41000 631 120.191 74.0 1.61 12.6305 126 798.0 15.3431 0.0159619 0.0276168 
42000 641 116.996 88.0 1.596 12.3667 128 829.0 14.8979 0.0152337 0.0040742 
43000 646 122.677 106.0 1.731 12.8919 129 855.0 15.7081 0.0158371 0.0178485 
44000 653 125.807 122.0 1.82 13.3252 130 884.0 16.3373 0.0153004 0.0898669 
45000 659 129.677 142.0 1.971 13.6746 131 916.0 17.4036 0.0165324 0.1179574 
46000 667 130.518 155.0 1.953 13.7982 133 940.0 17.5369 0.0163223 0.0667338 
47000 673 135.411 175.0 2.132 14.2426 134 975.0 17.5832 0.0158134 0.0364589 
48000 678 139.797 193.0 2.236 14.738 135 1001.0 19.0249 0.0154317 0.1237599 
49000 685 140.543 210.0 2.254 14.7971 137 1033.0 20.0702 0.0152579 0.0041607 
50000 692 141.144 224.0 2.24 14.8692 138 1055.0 19.5632 0.0147159 0.1226208 
51000 698 144.582 243.0 2.341 15.3151 139 1091.0 21.4068 0.0150215 0.0841446 
52000 706 142.14 256.0 2.252 15.0429 141 1112.0 19.8195 0.0137146 0.07762 
53000 714 140.146 270.0 2.18 14.8296 142 1137.0 18.8376 0.012479 0.0612734 
54000 720 142.212 285.0 2.212 14.9625 144 1168.0 19.7484 0.0128789 0.1894421 
55000 727 142.873 302.0 2.245 15.167 145 1194.0 19.1736 0.012257 0.0084543 
56000 742 122.899 307.0 1.755 12.9531 148 1218.0 16.4916 0.011182 0.0060069 
57000 749 126.386 325.0 1.88 13.4277 149 1245.0 16.9424 0.012348 0.1060461 
58000 754 131.82 343.0 2.021 14.0181 150 1275.0 17.2482 0.0123745 0.1064032 
59000 758 138.249 364.0 2.213 14.7242 151 1307.0 18.7233 0.0132644 0.2541664 
60000 766 139.314 380.0 2.235 15.0806 153 1335.0 19.5759 0.0134318 0.1500191 
61000 772 140.716 396.0 2.248 15.2908 154 1363.0 19.8183 0.0129079 0.1674292 
62000 778 143.001 410.0 2.255 15.4825 155 1390.0 20.3365 0.0133415 0.1122392 
63000 785 145.462 426.0 2.307 15.9573 157 1425.0 21.0826 0.0132699 0.0473459 
64000 790 148.488 445.0 2.39 16.3346 158 1454.0 21.6743 0.0130868 0.1511611 
65000 796 151.586 463.0 2.497 16.6567 159 1488.0 22.5069 0.0128629 0.139018 
66000 805 146.09 480.0 2.41 16.1892 161 1522.0 22.0406 0.0128032 0.0516357 
67000 811 145.446 495.0 2.358 16.1522 162 1547.0 21.7365 0.0115558 0.0307036 
68000 818 144.771 511.0 2.344 15.9748 163 1579.0 22.1629 0.011733 0.2823137 
69000 822 150.258 533.0 2.468 16.6926 164 1607.0 22.3466 0.0125739 0.3936331 
70000 828 157.347 549.0 2.658 17.5862 165 1645.0 23.0119 0.0132568 0.1817928 
71000 837 150.317 562.0 2.458 16.7018 167 1669.0 22.5496 0.0118129 0.2563571 
72000 842 151.756 579.0 2.493 16.9717 168 1698.0 22.3947 0.0130876 0.2268492 
73000 850 148.011 593.0 2.38 16.5597 170 1735.0 22.6297 0.012098 0.1968181 
74000 859 144.725 608.0 2.316 16.1088 171 1761.0 21.9667 0.0120379 0.1322165 
75000 865 142.964 626.0 2.298 15.9979 173 1795.0 21.723 0.0115862 0.1801936 
76000 872 146.107 643.0 2.386 16.2629 174 1830.0 22.9507 0.0117253 0.1294714 
77000 878 147.615 661.0 2.442 16.4256 175 1857.0 21.8557 0.0128711 0.2244909 
78000 882 152.889 682.0 2.601 17.1472 176 1893.0 23.3701 0.0126962 0.2512503 
79000 889 155.377 699.0 2.67 17.3207 177 1928.0 24.7331 0.0129862 0.4287067 
80000 891 161.74 722.0 2.824 17.9946 178 1958.0 24.3598 0.0120837 0.2364384 
81000 897 168.705 740.0 3.019 18.911 179 1998.0 26.5238 0.0111216 0.232569 
82000 903 168.363 761.0 3.07 18.985 180 2037.0 28.1714 0.0111147 0.1816562 
83000 911 161.287 774.0 2.814 18.0255 182 2066.0 26.7489 0.0118012 0.2340815 
84000 918 160.007 790.0 2.793 17.9272 183 2098.0 26.974 0.0116524 0.2663665 
85000 924 160.968 809.0 2.828 18.0428 184 2129.0 26.7766 0.0113443 0.1456294 
86000 931 157.205 823.0 2.7 17.601 186 2159.0 25.509 0.0112091 0.0937869 
87000 935 165.246 845.0 2.925 18.4119 187 2194.0 26.7581 0.0099158 0.1313007 
88000 942 162.293 859.0 2.804 18.2432 188 2221.0 26.0823 0.0108937 0.3371705 
89000 948 157.926 880.0 2.728 17.6617 189 2254.0 25.8741 0.011125 0.2674306 
90000 955 159.669 894.0 2.77 17.8161 191 2285.0 25.208 0.0113999 0.2814685 
91000 961 160.031 912.0 2.775 18.0391 192 2320.0 26.1872 0.0105568 0.2079842 
92000 968 159.272 929.0 2.768 17.9296 193 2350.0 24.8685 0.010294 0.2806352 
93000 975 154.589 945.0 2.628 17.2909 195 2376.0 23.9735 0.0104235 0.2498428 
94000 980 154.81 965.0 2.659 17.3635 196 2414.0 24.7761 0.0104327 0.0519494 
95000 985 158.689 984.0 2.766 17.9383 197 2441.0 24.9985 0.0097249 0.1337793 
96000 993 158.901 999.0 2.778 17.9554 198 2473.0 25.1987 0.0105941 0.3483721 
97000 999 161.407 1020.0 2.881 18.0627 199 2514.0 25.6788 0.0105744 0.2361239 
98000 1007 155.481 1033.0 2.689 17.4838 201 2541.0 25.4998 0.0098385 0.1518498 
99000 1012 156.889 1051.0 2.719 17.6525 202 2571.0 24.6498 0.0100254 0.2835769 
100000 1019 157.601 1067.0 2.713 17.6816 203 2602.0 25.6849 0.0101519 0.3298117 
101000 1024 162.043 1087.0 2.83 18.1353 204 2636.0 24.5164 0.0101231 0.222582 
102000 1029 163.453 1107.0 2.907 18.3381 205 2667.0 25.3647 0.0103343 0.1991715 
103000 1034 168.835 1127.0 3.055 18.8471 206 2711.0 26.5283 0.0105106 0.1772303 
104000 1040 168.603 1145.0 3.043 18.9091 208 2743.0 27.9279 0.0109637 0.1640446 
105000 1048 162.245 1161.0 2.886 18.2838 209 2770.0 26.9351 0.0105574 0.1229503 
106000 1053 165.442 1182.0 3.009 18.4915 210 2799.0 26.5416 0.0098202 0.2780215 
107000 1060 159.143 1197.0 2.829 17.8107 212 2826.0 24.9387 0.0109359 0.4410105 
108000 1066 162.104 1215.0 2.888 18.3102 213 2860.0 25.5448 0.0098414 0.1989359 
109000 1073 158.883 1232.0 2.819 17.9275 214 2897.0 26.6903 0.0088629 0.1252372 
110000 1079 161.179 1250.0 2.857 18.1021 215 2923.0 26.0213 0.0088175 0.2166719 
111000 1083 162.907 1269.0 2.871 18.1909 216 2953.0 24.9192 0.0107081 0.4019498 
112000 1088 171.558 1290.0 3.121 19.3328 217 2990.0 27.5273 0.009808 0.1887864 
113000 1094 168.086 1307.0 3.018 19.0395 218 3023.0 27.1745 0.0101456 0.160007 
114000 1097 175.719 1332.0 3.269 19.8036 219 3063.0 28.6571 0.0100679 0.288646 
115000 1102 176.273 1350.0 3.273 19.781 220 3098.0 30.1914 0.0115498 0.4026414 
116000 1105 188.442 1373.0 3.624 21.2241 221 3155.0 33.3722 0.0108343 0.1657732 
117000 1110 189.853 1393.0 3.657 21.2364 222 3185.0 33.435 0.0096385 0.0847097 
118000 1117 186.482 1408.0 3.505 20.9363 223 3206.0 31.9915 0.009069 0.0610104 
119000 1122 185.731 1428.0 3.513 20.9058 224 3240.0 31.7924 0.0086446 0.1323139 
120000 1126 189.245 1449.0 3.61 21.2223 225 3269.0 31.6131 0.0089871 0.2453504 
121000 1130 192.137 1473.0 3.735 21.5376 226 3303.0 31.9518 0.0095331 0.1892234 
122000 1134 198.601 1496.0 3.947 22.262 226 3353.0 31.9518 0.0098492 0.3314352 
123000 1138 201.492 1518.0 4.046 22.5341 227 3388.0 35.1566 0.0106122 0.3535852 
124000 1144 199.398 1538.0 4.024 22.2766 228 3424.0 35.041 0.011142 0.3315249 
125000 1156 174.975 1547.0 3.325 19.7521 231 3444.0 29.6469 0.0093957 0.1602264 
126000 1162 173.711 1566.0 3.303 19.5586 232 3485.0 29.6822 0.0088461 0.2321685 
127000 1167 172.949 1589.0 3.293 19.4229 233 3515.0 29.414 0.0086124 0.1182488 
128000 1175 167.329 1605.0 3.166 18.7202 235 3554.0 28.7353 0.0091231 0.2906019 
129000 1184 160.284 1618.0 2.951 17.9675 236 3579.0 27.5618 0.0093388 0.2343564 
130000 1190 160.914 1638.0 2.989 17.9482 238 3617.0 27.095 0.0089043 0.214011 
131000 1195 164.712 1658.0 3.086 18.4257 239 3648.0 27.4855 0.0090674 0.165618 
132000 1200 165.526 1677.0 3.117 18.5854 240 3685.0 28.137 0.0091957 0.1367409 
133000 1207 162.445 1696.0 3.062 18.1274 241 3717.0 27.4233 0.0083595 0.1086045 
134000 1214 161.905 1718.0 3.107 18.0114 242 3766.0 27.881 0.0092919 0.241729 
135000 1220 159.496 1737.0 3.053 17.9066 244 3799.0 28.1436 0.0087688 0.1041513 
136000 1224 165.044 1761.0 3.199 18.5713 244 3834.0 28.1436 0.0087668 0.3490594 
137000 1232 161.752 1776.0 3.099 18.0833 246 3860.0 28.3463 0.0095143 0.1797215 
138000 1236 162.947 1797.0 3.111 18.2325 247 3891.0 27.8117 0.0092866 0.2555734 
139000 1241 168.932 1817.0 3.244 19.0235 248 3926.0 29.0305 0.0093371 0.3980844 
140000 1247 172.616 1837.0 3.358 19.2875 249 3951.0 28.5274 0.008935 0.1054975 
141000 1251 175.87 1860.0 3.485 19.6594 250 3988.0 29.5747 0.0077631 0.2069757 
142000 1256 176.127 1883.0 3.533 19.7397 251 4037.0 31.0172 0.0080359 0.115441 
143000 1260 179.829 1902.0 3.581 20.0845 252 4072.0 31.8155 0.0081051 0.2788323 
144000 1268 177.158 1918.0 3.49 19.7672 253 4107.0 31.434 0.0089625 0.2305274 
145000 1273 176.997 1937.0 3.459 19.7327 254 4149.0 31.7906 0.0085541 0.124817 
146000 1277 176.15 1959.0 3.441 19.5813 255 4182.0 32.2115 0.0086257 0.1967613 
147000 1281 182.029 1983.0 3.635 20.2227 256 4225.0 32.8904 0.0088923 0.2281752 
148000 1286 188.779 2004.0 3.848 20.9691 257 4285.0 37.2013 0.0092606 0.3229294 
149000 1290 193.682 2029.0 4.028 21.4333 258 4328.0 38.1812 0.0086427 0.2256758 
150000 1296 192.29 2050.0 4.002 21.4226 259 4364.0 37.6631 0.008796 0.2828184 
151000 1297 197.885 2075.0 4.162 22.0249 259 4412.0 37.6631 0.009339 0.325229 
152000 1303 201.889 2092.0 4.209 22.385 260 4440.0 40.4968 0.0092709 0.3308771 
153000 1308 204.198 2113.0 4.261 22.798 261 4481.0 41.3471 0.0087353 0.2864058 
154000 1311 200.429 2139.0 4.167 22.3714 262 4515.0 38.6124 0.0091112 0.3696907 
155000 1318 204.231 2157.0 4.29 22.6223 263 4546.0 38.3511 0.0105103 0.4557589 
156000 1321 200.791 2179.0 4.157 22.3183 264 4583.0 37.616 0.0100104 0.3006325 
157000 1326 210.113 2200.0 4.434 23.4047 265 4636.0 41.5544 0.0107864 0.3291162 
158000 1328 215.001 2224.0 4.557 23.8982 265 4672.0 41.5544 0.0106035 0.2471748 
159000 1333 220.035 2245.0 4.692 24.4654 266 4718.0 44.099 0.0111163 0.2917538 
160000 1339 211.45 2264.0 4.465 23.4294 267 4760.0 42.6891 0.0099983 0.2600563 
161000 1342 214.649 2289.0 4.571 23.7626 268 4799.0 43.4202 0.0095467 0.2099542 
162000 1347 216.648 2311.0 4.648 24.0905 269 4831.0 42.4782 0.0094012 0.2444383 
163000 1350 223.159 2333.0 4.803 24.701 270 4890.0 45.5303 0.0098578 0.217805 
164000 1355 222.235 2352.0 4.76 24.6662 271 4923.0 44.5773 0.0090687 0.1696362 
165000 1359 226.181 2375.0 4.862 24.9981 271 4964.0 44.5773 0.0094627 0.2755282 
166000 1363 223.118 2395.0 4.738 24.6351 272 4997.0 45.4196 0.0087639 0.166427 
167000 1366 230.817 2419.0 4.971 25.5464 273 5027.0 43.9776 0.0087929 0.3004675 
168000 1371 231.502 2437.0 4.948 25.588 274 5081.0 46.7799 0.0084119 0.1151921 
169000 1373 239.385 2462.0 5.189 26.4668 274 5130.0 46.7799 0.0088877 0.1527828 
170000 1379 232.136 2482.0 4.995 25.7534 275 5176.0 49.2019 0.0097392 0.4005949 
171000 1386 219.408 2500.0 4.653 24.2268 277 5210.0 45.0535 0.0093091 0.3018721 
172000 1392 212.223 2519.0 4.424 23.4831 278 5244.0 43.2482 0.0089343 0.1567101 
173000 1397 212.553 2538.0 4.43 23.5183 279 5277.0 42.9233 0.0088465 0.2503209 
174000 1402 212.011 2561.0 4.446 23.4054 280 5307.0 41.131 0.0091849 0.3036787 
175000 1404 218.857 2588.0 4.683 24.2813 280 5372.0 41.131 0.0090574 0.2913424 
176000 1408 225.319 2607.0 4.806 25.1494 281 5396.0 44.9179 0.0081228 0.0616296 
177000 1412 223.54 2630.0 4.747 24.9765 282 5425.0 43.5261 0.0082122 0.1911315 
178000 1417 220.685 2651.0 4.687 24.5862 283 5466.0 43.7735 0.0087228 0.1963162 
179000 1422 224.577 2674.0 4.847 25.0364 284 5524.0 44.2962 0.0082583 0.149887 
180000 1428 215.758 2694.0 4.639 24.1614 285 5570.0 44.3665 0.008526 0.2291374 
181000 1431 222.501 2718.0 4.815 24.9384 286 5607.0 45.0299 0.0095655 0.4732518 
182000 1435 227.348 2740.0 4.931 25.4169 287 5657.0 46.7269 0.0089578 0.2432322 
183000 1437 237.845 2763.0 5.191 26.5095 287 5685.0 46.7269 0.0086868 0.2304214 
184000 1440 232.655 2787.0 5.06 25.9433 288 5731.0 47.5542 0.0087305 0.1845912 
185000 1446 235.014 2810.0 5.185 26.4437 289 5774.0 48.4988 0.008943 0.2112843 
186000 1450 228.207 2830.0 4.972 25.6748 290 5805.0 46.1489 0.0083534 0.2390132 
187000 1455 230.488 2853.0 5.04 25.8407 291 5859.0 47.634 0.0083199 0.2635666 
188000 1460 228.885 2872.0 4.973 25.601 292 5899.0 47.0706 0.0086205 0.1533848 
189000 1465 227.455 2895.0 4.958 25.5497 293 5941.0 46.7636 0.0110814 0.5519326 
190000 1466 232.906 2922.0 5.139 26.1738 293 5982.0 46.7636 0.0103867 0.2039354 
191000 1472 226.717 2941.0 4.958 25.3055 294 6037.0 49.8872 0.0090495 0.1128179 
192000 1478 220.13 2959.0 4.746 24.5624 295 6073.0 47.8985 0.0079801 0.1071086 
193000 1483 222.129 2981.0 4.816 24.9638 296 6108.0 46.9086 0.0081999 0.3477699 
194000 1486 227.801 3006.0 4.962 25.7445 297 6151.0 47.2178 0.0085104 0.1396694 
195000 1491 225.321 3026.0 4.918 25.4639 298 6192.0 46.896 0.0084662 0.2761615 
196000 1498 216.098 3045.0 4.656 24.2731 299 6239.0 46.2064 0.008027 0.1071702 
197000 1503 214.057 3066.0 4.603 24.0133 300 6273.0 44.1858 0.0075802 0.18004 
198000 1506 219.193 3090.0 4.722 24.69 301 6315.0 45.0672 0.0081674 0.1742467 
199000 1510 221.646 3109.0 4.778 25.1134 302 6361.0 46.1605 0.0088694 0.0986948 
200000 1516 217.914 3128.0 4.638 24.8028 303 6406.0 46.1444 0.0080701 0.2115732 
201000 1521 216.693 3149.0 4.597 24.7101 304 6440.0 44.73 0.0075855 0.1290415 
202000 1525 217.19 3172.0 4.656 24.7388 305 6480.0 44.557 0.0077712 0.2040541 
203000 1527 217.281 3201.0 4.67 24.6879 305 6522.0 44.557 0.0076541 0.2717993 
204000 1530 226.123 3226.0 4.976 25.52 306 6576.0 47.6013 0.0087551 0.4367056 
205000 1533 232.825 3252.0 5.226 26.3782 306 6630.0 47.6013 0.008637 0.266374 
206000 1536 245.033 3273.0 5.506 27.7829 307 6677.0 52.3412 0.0083488 0.2426492 
207000 1540 248.777 3298.0 5.652 28.0455 308 6747.0 57.007 0.0089291 0.2402942 
208000 1544 248.258 3319.0 5.599 27.9855 308 6774.0 57.007 0.0086503 0.2510385 
209000 1546 252.316 3343.0 5.696 28.455 309 6810.0 55.2063 0.0110909 0.5191038 
210000 1550 253.739 3367.0 5.751 28.692 310 6877.0 57.7857 0.0102118 0.3645885 
211000 1555 253.154 3392.0 5.796 28.521 311 6933.0 58.7071 0.008971 0.1551064 
212000 1558 254.808 3417.0 5.873 28.5652 311 6980.0 58.7071 0.008402 0.189863 
213000 1564 247.933 3439.0 5.7 27.9042 312 7013.0 58.0364 0.0079382 0.2371077 
214000 1567 246.669 3461.0 5.618 27.8451 313 7050.0 57.1328 0.0086987 0.3325544 
215000 1571 250.802 3483.0 5.742 28.1428 314 7089.0 55.5195 0.0084271 0.168134 
216000 1572 256.846 3512.0 5.927 28.7324 314 7146.0 55.5195 0.0104449 0.3351719 
217000 1577 262.2 3535.0 6.101 29.4365 315 7197.0 59.4675 0.0099416 0.4249665 
218000 1581 258.985 3554.0 5.961 29.0141 316 7236.0 58.7208 0.0085587 0.124306 
219000 1584 262.541 3581.0 6.112 29.2618 316 7292.0 58.7208 0.0084371 0.1785851 
220000 1589 259.264 3601.0 5.967 29.0086 317 7332.0 60.2487 0.0085945 0.2941848 
221000 1593 256.16 3621.0 5.855 28.796 318 7363.0 58.3238 0.0102445 0.3118301 
222000 1597 256.037 3644.0 5.849 28.9045 319 7402.0 57.2915 0.0103822 0.2301427 
223000 1600 256.096 3670.0 5.856 28.8781 320 7448.0 56.8623 0.0090793 0.0755506 
224000 1605 255.04 3692.0 5.865 28.6403 321 7505.0 57.6761 0.008656 0.1881828 
225000 1607 264.069 3717.0 6.108 29.6622 321 7544.0 57.6761 0.0090304 0.2591772 
226000 1610 262.175 3745.0 6.101 29.5767 322 7611.0 61.4085 0.0087601 0.1232868 
227000 1614 267.096 3768.0 6.279 30.1795 322 7666.0 61.4085 0.0086088 0.197122 
228000 1618 263.608 3791.0 6.145 29.6684 323 7701.0 62.0676 0.0083428 0.190985 
229000 1621 268.428 3815.0 6.268 30.0903 324 7756.0 63.4609 0.0085439 0.2328446 
230000 1625 267.368 3836.0 6.24 30.0864 325 7797.0 62.1148 0.0081184 0.1473338 
231000 1628 274.703 3862.0 6.438 30.8215 325 7848.0 62.1148 0.007785 0.1913771 
232000 1630 267.86 3888.0 6.222 30.0366 326 7906.0 62.8033 0.0081198 0.1576291 
233000 1637 263.735 3907.0 6.164 29.6006 327 7951.0 64.723 0.0077945 0.1972875 
234000 1640 260.563 3930.0 6.039 29.2833 328 7977.0 60.3507 0.0076608 0.2384125 
235000 1645 263.137 3958.0 6.21 29.4586 329 8045.0 62.4156 0.0079937 0.1684697 
236000 1647 270.63 3985.0 6.464 30.2165 329 8095.0 62.4156 0.007784 0.1976014 
237000 1652 261.622 4009.0 6.245 29.2537 330 8155.0 65.074 0.0094536 0.2037401 
238000 1655 262.752 4032.0 6.246 29.5018 331 8202.0 64.3666 0.0094341 0.1558914 
239000 1657 271.411 4058.0 6.495 30.4838 331 8253.0 64.3666 0.0091756 0.292638 
240000 1663 264.001 4077.0 6.224 29.5894 332 8293.0 66.33 0.0090149 0.281631 
241000 1665 270.113 4106.0 6.451 30.1783 333 8360.0 67.197 0.0086693 0.3707577 
242000 1669 272.834 4127.0 6.508 30.5603 333 8404.0 67.197 0.0083238 0.1288089 
243000 1672 277.598 4153.0 6.656 31.2395 334 8450.0 66.6773 0.0081169 0.107086 
244000 1677 262.45 4173.0 6.209 29.4295 335 8500.0 65.8096 0.0076389 0.2242343 
245000 1681 267.342 4197.0 6.347 29.8849 336 8546.0 64.9286 0.0081391 0.3337731 
246000 1684 266.331 4247.0 6.327 29.7394 336 8822.0 64.9286 0.0091696 0.5248552 
247000 1688 269.763 4279.0 7.056 30.196 337 8887.0 91.6357 0.0097656 0.2936857 
248000 1690 271.266 4304.0 7.052 30.324 338 8935.0 88.2722 0.0112926 0.2095618 
249000 1695 273.471 4330.0 7.111 30.5391 339 9010.0 88.6449 0.0099216 0.346936 
250000 1696 276.762 4357.0 7.169 30.9083 339 9051.0 88.6449 0.0104563 0.206738 
251000 1701 275.986 4382.0 7.18 30.9087 340 9114.0 88.9805 0.0110009 0.1605509 
252000 1703 278.675 4406.0 7.23 31.1369 340 9164.0 88.9805 0.0090997 0.2063848 
253000 1710 268.209 4427.0 6.85 29.8474 342 9209.0 81.8742 0.008999 0.2303113 
254000 1713 270.847 4449.0 6.859 30.3529 342 9237.0 81.8742 0.0090116 0.2806269 
255000 1718 266.964 4476.0 6.771 29.9154 343 9320.0 83.3867 0.0085168 0.1493042 
256000 1720 266.632 4501.0 6.737 29.8498 344 9360.0 78.9481 0.0077967 0.1170046 
257000 1725 266.674 4527.0 6.781 29.686 345 9427.0 79.1533 0.0083248 0.2217431 
258000 1730 257.364 4551.0 6.496 28.7731 346 9471.0 75.1379 0.00828 0.1781186 
259000 1733 257.826 4573.0 6.462 28.7346 346 9516.0 75.1379 0.0106208 0.2650628 
260000 1736 270.45 4599.0 6.79 30.0123 347 9569.0 75.5241 0.0086642 0.0877627 
261000 1741 263.374 4618.0 6.509 29.3922 348 9606.0 72.9717 0.0079738 0.1373631 
262000 1746 251.519 4638.0 6.091 28.1115 349 9645.0 69.4746 0.0077182 0.1544569 
263000 1751 250.05 4656.0 5.984 28.1548 350 9676.0 65.9271 0.0074264 0.2045903 
264000 1755 249.906 4680.0 5.983 28.1607 351 9731.0 65.5344 0.0087358 0.1699519 
265000 1759 251.914 4708.0 6.094 28.3112 351 9795.0 65.5344 0.0091624 0.3157702 
266000 1761 257.646 4736.0 6.292 28.8747 352 9840.0 66.281 0.0088313 0.1481367 
267000 1766 256.779 4763.0 6.333 28.8182 353 9926.0 71.7529 0.0095448 0.3144935 
268000 1768 263.949 4795.0 6.58 29.7431 353 10005.0 71.7529 0.0094212 0.2739466 
269000 1770 260.01 4823.0 6.517 29.3418 354 10045.0 74.0776 0.0088712 0.1054186 
270000 1776 258.776 4844.0 6.485 29.1035 355 10104.0 74.7698 0.0084754 0.2044293 
271000 1780 263.046 4873.0 6.665 29.4696 356 10184.0 76.0928 0.0079675 0.1780962 
272000 1782 270.483 4902.0 6.93 30.3869 356 10224.0 76.0928 0.0079767 0.1843635 
273000 1786 263.263 4924.0 6.664 29.61 357 10272.0 75.8836 0.0076542 0.2125211 
274000 1789 267.271 4945.0 6.722 30.0561 357 10314.0 75.8836 0.0078193 0.2822063 
275000 1791 280.966 4976.0 7.149 31.4645 358 10386.0 77.4952 0.0088648 0.0945832 
276000 1798 265.439 5000.0 6.736 29.7945 359 10453.0 76.6457 0.0094144 0.0784897 
277000 1801 269.52 5024.0 6.811 30.3031 360 10498.0 75.8811 0.0088469 0.2195076 
278000 1805 268.541 5049.0 6.766 30.2282 361 10550.0 74.493 0.0086051 0.3054771 
279000 1810 257.3 5069.0 6.421 28.8551 362 10595.0 70.9437 0.0084669 0.061877 
280000 1812 266.454 5100.0 6.725 29.9228 362 10641.0 70.9437 0.0086616 0.2814236 
281000 1816 268.669 5135.0 6.989 30.2431 363 10831.0 87.2493 0.0090275 0.2401959 
282000 1818 270.43 5160.0 7.012 30.4054 363 10872.0 87.2493 0.0095759 0.2126479 
283000 1822 276.594 5182.0 7.105 30.9225 364 10923.0 85.7244 0.0086338 0.2989621 
284000 1826 272.919 5203.0 6.92 30.5836 365 10969.0 83.652 0.0096738 0.1712998 
285000 1831 267.16 5227.0 6.734 29.8851 366 11012.0 79.5868 0.0096883 0.2263397 
286000 1833 276.967 5256.0 7.057 30.8897 366 11070.0 79.5868 0.0097468 0.2783416 
287000 1836 269.877 5281.0 6.84 30.0859 367 11129.0 81.1281 0.0087368 0.1038709 
288000 1840 273.778 5312.0 7.067 30.7783 368 11216.0 84.0153 0.0091276 0.1793061 
289000 1845 268.75 5335.0 6.899 30.158 369 11285.0 83.0137 0.0087969 0.2198285 
290000 1848 273.298 5359.0 6.983 30.6026 369 11327.0 83.0137 0.0088387 0.2719942 
291000 1854 261.748 5403.0 7.02 29.3045 370 11548.0 99.9124 0.0102981 0.2046756 
292000 1856 267.014 5428.0 7.141 29.9576 371 11585.0 91.6211 0.0080017 0.0614964 
293000 1860 268.323 5477.0 7.607 30.0302 372 11831.0 110.259 0.0087885 0.1565407 
294000 1862 270.288 5500.0 7.584 30.169 372 11869.0 110.259 0.008793 0.264129 
295000 1866 273.239 5525.0 7.576 30.5952 373 11919.0 105.9331 0.0102255 0.1315352 
296000 1873 259.472 5545.0 7.041 29.1053 374 11963.0 100.9398 0.0085541 0.1748136 
297000 1876 262.898 5570.0 7.109 29.3767 375 12019.0 97.0458 0.0077282 0.150901 
298000 1878 270.769 5599.0 7.34 30.1598 375 12067.0 97.0458 0.0077945 0.0734343 
299000 1882 261.137 5623.0 7.0 29.2231 376 12123.0 95.1412 0.0085909 0.2590867 
300000 1886 271.181 5653.0 7.349 30.3907 377 12189.0 92.6271 0.0074908 0.1509792 
301000 1890 265.264 5679.0 7.18 29.6541 378 12259.0 92.4644 0.0082477 0.1342342 
302000 1894 264.711 5701.0 7.065 29.5134 378 12304.0 92.4644 0.0077347 0.1058531 
303000 1897 269.464 5724.0 7.141 30.1663 379 12339.0 88.918 0.0074539 0.1123516 
304000 1901 265.52 5749.0 6.981 29.6255 380 12388.0 84.9262 0.0076721 0.1287844 
305000 1907 259.128 5767.0 6.657 28.7895 381 12432.0 82.9336 0.0077062 0.0606721 
306000 1909 268.868 5792.0 6.889 30.007 381 12483.0 82.9336 0.0076269 0.2090871 
307000 1911 273.704 5821.0 7.096 30.6137 382 12537.0 80.9402 0.006641 0.1083599 
308000 1917 263.799 5846.0 6.799 29.4575 383 12590.0 81.5462 0.0080371 0.1314385 
309000 1920 266.485 5868.0 6.833 29.6281 384 12649.0 80.4916 0.0099579 0.4230551 
310000 1925 261.396 5889.0 6.592 29.1282 385 12693.0 76.9424 0.0090768 0.1297658 
311000 1928 258.556 5910.0 6.439 28.8852 385 12719.0 76.9424 0.0079528 0.0902335 
312000 1933 260.809 5932.0 6.435 29.3606 386 12758.0 74.0482 0.0077134 0.2963808 
313000 1936 263.25 5958.0 6.54 29.5583 387 12824.0 74.6433 0.0083719 0.1548565 
314000 1938 270.79 5981.0 6.698 30.2775 387 12865.0 74.6433 0.0091331 0.3071936 
315000 1942 269.027 6005.0 6.619 30.1635 388 12916.0 75.479 0.0087934 0.2831721 
316000 1946 271.833 6030.0 6.681 30.5599 389 12959.0 72.9311 0.0079945 0.1510959 
317000 1952 256.168 6049.0 6.15 28.8671 390 12990.0 67.638 0.0085899 0.195964 
318000 1955 254.865 6074.0 6.121 28.8685 391 13030.0 65.2742 0.0079293 0.1493729 
319000 1958 266.944 6099.0 6.502 30.3685 391 13091.0 65.2742 0.0075681 0.2237047 
320000 1961 268.488 6125.0 6.591 30.4376 392 13161.0 70.8468 0.0083914 0.172138 
321000 1965 270.396 6170.0 7.014 30.5889 393 13394.0 89.4621 0.0094347 0.3355516 
322000 1971 257.618 6186.0 6.502 29.1532 394 13419.0 82.5159 0.0080201 0.2249706 
323000 1975 258.582 6209.0 6.474 29.1503 395 13464.0 79.3643 0.0088745 0.1171223 
324000 1977 267.05 6238.0 6.767 30.0049 395 13511.0 79.3643 0.0089396 0.401321 
325000 1980 263.87 6261.0 6.639 29.7211 396 13567.0 80.6279 0.0090658 0.285967 
326000 1984 269.669 6287.0 6.805 30.4254 396 13630.0 80.6279 0.0092873 0.1215829 
327000 1987 272.781 6312.0 6.895 30.5997 397 13667.0 81.1651 0.0085664 0.3291915 
328000 1991 270.969 6338.0 6.85 30.4461 398 13723.0 79.5486 0.0088754 0.1517224 
329000 1995 270.785 6360.0 6.777 30.5379 399 13782.0 79.0937 0.0095664 0.1659204 
330000 1996 284.31 6391.0 7.241 31.9806 399 13835.0 79.0937 0.009244 0.2022549 
331000 2000 271.555 6414.0 6.852 30.5027 400 13891.0 80.3843 0.0077941 0.1286035 
332000 2004 279.418 6440.0 7.088 31.4078 400 13962.0 80.3843 0.0084976 0.2609022 
333000 2006 284.4 6469.0 7.266 32.05 401 14008.0 81.5459 0.0079934 0.1366848 
334000 2010 285.502 6490.0 7.226 32.1227 402 14075.0 84.0913 0.0078202 0.107105 
335000 2015 277.56 6512.0 6.945 31.111 403 14122.0 80.4822 0.0073007 0.1129939 
336000 2019 275.237 6538.0 6.901 30.9073 403 14185.0 80.4822 0.0075228 0.2392512 
337000 2021 282.656 6567.0 7.188 31.769 404 14231.0 78.834 0.0079396 0.1313034 
338000 2026 272.069 6588.0 6.805 30.5048 405 14285.0 79.7506 0.0084761 0.2182616 
339000 2030 269.529 6617.0 6.824 30.156 406 14360.0 79.6755 0.0082505 0.2268201 
340000 2032 280.474 6643.0 7.129 31.4782 406 14405.0 79.6755 0.0077609 0.2925831 
341000 2036 277.83 6665.0 6.966 31.3021 407 14453.0 79.708 0.0082586 0.2581976 
342000 2040 278.31 6691.0 7.021 31.3134 408 14525.0 80.8372 0.0080848 0.2016818 
343000 2042 287.351 6722.0 7.36 32.1733 408 14587.0 80.8372 0.0078157 0.149606 
344000 2046 285.721 6747.0 7.303 32.0287 409 14634.0 81.3535 0.0078757 0.1833309 
345000 2050 278.758 6774.0 7.143 31.2636 410 14699.0 81.5181 0.0079277 0.1585923 
346000 2055 268.741 6799.0 6.872 30.1626 411 14759.0 79.0663 0.0081378 0.2547988 
347000 2059 272.617 6830.0 7.101 30.6288 411 14839.0 79.0663 0.0083508 0.392994 
348000 2064 264.766 6854.0 6.866 29.7435 412 14889.0 80.5597 0.0077839 0.1117789 
349000 2066 265.232 6882.0 6.891 29.8599 413 14944.0 79.6037 0.0075165 0.1526712 
350000 2070 265.383 6911.0 6.948 29.8777 414 15018.0 80.7433 0.0078955 0.18015 
351000 2075 262.02 6934.0 6.803 29.4946 415 15073.0 78.669 0.0073965 0.1528196 
352000 2077 274.651 6961.0 7.169 31.0244 415 15119.0 78.669 0.0077573 0.3091528 
353000 2083 264.516 6985.0 6.838 29.8232 416 15185.0 81.2021 0.0079058 0.1454308 
354000 2084 271.666 7011.0 7.062 30.6488 416 15237.0 81.2021 0.0077778 0.23234 
355000 2086 284.897 7040.0 7.456 32.1824 417 15309.0 83.6819 0.0080471 0.2854048 
356000 2091 277.727 7063.0 7.2 31.3712 418 15367.0 83.5137 0.0075128 0.0877103 
357000 2093 286.226 7092.0 7.485 32.3642 418 15422.0 83.5137 0.0096833 0.2314328 
358000 2097 285.265 7118.0 7.447 32.2225 419 15482.0 84.1623 0.0084994 0.2022571 
359000 2103 271.912 7137.0 6.963 30.7425 420 15528.0 81.8461 0.0077066 0.1508715 
360000 2107 269.923 7157.0 6.798 30.5703 421 15558.0 76.4615 0.0068345 0.0690314 
361000 2110 264.433 7181.0 6.615 29.9285 422 15595.0 72.9153 0.0066092 0.1037276 
362000 2115 266.178 7206.0 6.697 30.1014 423 15679.0 75.6238 0.0076728 0.1477857 
363000 2118 267.873 7233.0 6.766 30.2707 423 15734.0 75.6238 0.0072737 0.3026899 
364000 2123 264.243 7256.0 6.633 29.8806 424 15776.0 75.8614 0.0078788 0.224687 
365000 2125 267.919 7282.0 6.704 30.3172 425 15830.0 74.8753 0.0075119 0.1242165 
366000 2128 275.711 7307.0 6.934 31.186 425 15882.0 74.8753 0.0074312 0.2477872 
367000 2131 274.576 7352.0 7.268 31.065 426 16111.0 95.1878 0.0072494 0.0901704 
368000 2135 271.907 7373.0 7.105 30.8079 427 16144.0 89.269 0.0072185 0.2334868 
369000 2138 277.615 7401.0 7.268 31.3867 427 16202.0 89.269 0.0074048 0.2181129 
370000 2142 279.943 7423.0 7.27 31.7023 428 16237.0 87.8421 0.0082224 0.2530507 
371000 2145 279.69 7445.0 7.209 31.6203 429 16302.0 87.8579 0.0075013 0.0815687 
372000 2147 282.532 7471.0 7.26 31.9788 429 16349.0 87.8579 0.0071825 0.1608961 
373000 2150 282.302 7499.0 7.257 31.9905 430 16407.0 87.6721 0.0072329 0.2030077 
374000 2152 301.233 7557.0 8.422 34.1532 430 16693.0 87.6721 0.0081866 0.2218574 
375000 2155 292.778 7582.0 8.101 33.1182 431 16752.0 113.5049 0.007887 0.1511551 
376000 2160 289.418 7605.0 7.927 32.7259 432 16812.0 109.1544 0.008396 0.4163637 
377000 2164 291.628 7631.0 7.973 32.9515 432 16866.0 109.1544 0.0078104 0.1815291 
378000 2167 286.987 7653.0 7.761 32.4237 433 16894.0 105.2389 0.0080191 0.1486926 
379000 2171 286.745 7681.0 7.731 32.3934 434 16971.0 103.8151 0.0079052 0.3114678 
380000 2174 291.93 7709.0 7.877 33.0236 434 17043.0 103.8151 0.0074949 0.2811623 
381000 2177 295.594 7733.0 7.965 33.4012 435 17074.0 101.6335 0.0075894 0.1536644 
382000 2180 288.319 7763.0 7.791 32.5434 436 17140.0 99.2702 0.0084332 0.2328418 
383000 2185 287.471 7789.0 7.788 32.4741 437 17208.0 97.7432 0.0077816 0.3348664 
384000 2189 285.897 7817.0 7.752 32.2135 437 17260.0 97.7432 0.0077938 0.1877572 
385000 2192 288.115 7842.0 7.766 32.4387 438 17303.0 94.7689 0.0076699 0.1144996 
386000 2196 283.568 7867.0 7.59 31.8707 439 17350.0 91.592 0.0084436 0.3251936 
387000 2199 288.787 7896.0 7.784 32.4727 439 17430.0 91.592 0.0082323 0.4195276 
388000 2201 293.484 7924.0 7.935 33.005 440 17482.0 93.0328 0.00825 0.1787803 
389000 2205 287.101 7945.0 7.627 32.3293 441 17524.0 90.9295 0.0088038 0.3045387 
390000 2210 283.445 7969.0 7.51 31.9178 442 17587.0 88.9365 0.0083816 0.1352184 
391000 2211 293.496 8000.0 7.84 33.0366 442 17634.0 88.9365 0.00718 0.0381427 
392000 2217 278.693 8020.0 7.317 31.3777 443 17680.0 88.1429 0.0063436 0.0625504 
393000 2220 280.485 8045.0 7.332 31.5602 444 17735.0 84.9286 0.006581 0.1703296 
394000 2225 275.997 8064.0 7.116 31.05 445 17788.0 82.2357 0.0073854 0.2395072 
395000 2232 257.606 8084.0 6.512 28.9957 446 17823.0 77.4122 0.0077939 0.1545872 
396000 2235 264.679 8106.0 6.635 29.828 447 17868.0 74.971 0.0075177 0.0574896 
397000 2240 257.88 8128.0 6.405 29.0302 448 17904.0 70.9739 0.0070608 0.2584591 
398000 2243 263.336 8155.0 6.574 29.6456 448 17952.0 70.9739 0.0068726 0.2461769 
399000 2246 264.454 8179.0 6.563 29.82 449 17992.0 70.1765 0.0079652 0.1470364 
400000 2250 259.538 8205.0 6.454 29.2694 450 18057.0 71.2588 0.0077136 0.1748286 
401000 2254 263.489 8231.0 6.611 29.7639 450 18111.0 71.2588 0.0073459 0.2715736 
402000 2256 273.807 8260.0 6.948 30.925 451 18173.0 71.7329 0.0073573 0.2145124 
403000 2260 268.955 8283.0 6.759 30.3967 452 18233.0 74.8596 0.0074753 0.215398 
404000 2262 280.569 8308.0 7.083 31.7004 452 18285.0 74.8596 0.0072303 0.1392817 
405000 2266 279.37 8332.0 7.023 31.5446 453 18339.0 77.3737 0.0074205 0.188269 
406000 2270 277.471 8354.0 6.906 31.3466 454 18392.0 76.1363 0.006835 0.1961271 
407000 2272 277.369 8378.0 6.892 31.3098 454 18433.0 76.1363 0.0067563 0.1782211 
408000 2277 277.634 8401.0 6.855 31.3498 455 18490.0 76.6227 0.0069715 0.1857093 
409000 2280 279.807 8425.0 6.884 31.6407 456 18545.0 75.8604 0.0065424 0.147515 
410000 2282 290.35 8451.0 7.187 32.7646 456 18594.0 75.8604 0.0071802 0.3105132 
411000 2285 278.18 8480.0 6.84 31.3944 457 18659.0 75.9744 0.0078407 0.2880047 
412000 2290 279.467 8505.0 6.985 31.5181 458 18728.0 78.5769 0.0093403 0.3539833 
413000 2294 281.667 8527.0 7.004 31.6393 458 18772.0 78.5769 0.0086429 0.2225456 
414000 2296 283.244 8552.0 7.006 31.7641 459 18807.0 76.5192 0.0080568 0.317487 
415000 2300 282.251 8574.0 6.936 31.5008 460 18861.0 76.2673 0.0078215 0.0760954 
416000 2303 290.686 8601.0 7.208 32.2373 460 18917.0 76.2673 0.008387 0.257582 
417000 2307 287.083 8625.0 7.116 31.9365 461 18973.0 77.9406 0.0076901 0.180989 
418000 2310 287.935 8647.0 7.091 32.0815 462 19028.0 78.1465 0.0067728 0.2022594 
419000 2314 288.295 8673.0 7.106 32.152 462 19078.0 78.1465 0.0078442 0.2127963 
420000 2316 290.539 8725.0 7.688 32.3917 463 19337.0 100.2319 0.0089299 0.2123334 
421000 2320 291.914 8752.0 7.74 32.6168 464 19395.0 97.2087 0.0082186 0.1111056 
422000 2322 298.417 8780.0 7.925 33.3668 464 19439.0 97.2087 0.0087555 0.3741609 
423000 2325 295.665 8806.0 7.852 33.0866 465 19510.0 98.1878 0.0094047 0.2849794 
424000 2327 303.536 8830.0 8.016 34.015 465 19561.0 98.1878 0.0099664 0.2453597 
425000 2331 306.503 8860.0 8.149 34.2761 466 19666.0 103.669 0.0090442 0.1767025 
426000 2335 298.989 8883.0 7.883 33.486 467 19723.0 99.8021 0.0087098 0.1992616 
427000 2338 303.004 8910.0 8.018 33.9984 467 19775.0 99.8021 0.0085427 0.1279104 
428000 2342 300.931 8934.0 7.89 33.7596 468 19811.0 95.6219 0.0074058 0.0612904 
429000 2345 292.592 8955.0 7.583 32.8701 469 19860.0 92.7597 0.007558 0.1698062 
430000 2349 299.216 8980.0 7.732 33.6673 469 19915.0 92.7597 0.0069222 0.1343271 
431000 2352 298.536 9005.0 7.691 33.5518 470 19955.0 91.9838 0.006753 0.0290369 
432000 2355 292.996 9031.0 7.549 32.9537 471 20027.0 91.1854 0.0085829 0.2122825 
433000 2359 298.182 9057.0 7.704 33.621 471 20101.0 91.1854 0.0089332 0.3223428 
434000 2361 303.791 9088.0 7.937 34.273 472 20170.0 92.8668 0.0092636 0.1854017 
435000 2365 301.802 9113.0 7.889 34.0012 473 20257.0 97.0802 0.008712 0.2286485 
436000 2370 285.305 9136.0 7.367 32.1361 474 20302.0 90.6721 0.0075489 0.0580497 
437000 2376 278.774 9162.0 7.212 31.4231 475 20376.0 90.2049 0.0075683 0.124477 
438000 2377 285.078 9190.0 7.408 32.1758 475 20417.0 90.2049 0.0081856 0.1539192 
439000 2380 287.205 9218.0 7.495 32.49 476 20490.0 91.5844 0.0074709 0.1693235 
440000 2382 298.629 9248.0 7.885 33.7762 476 20579.0 91.5844 0.0086129 0.2250406 
441000 2385 291.254 9295.0 7.999 32.9462 477 20768.0 107.726 0.0092532 0.119082 
442000 2390 291.616 9321.0 8.039 33.0112 478 20847.0 107.7534 0.008368 0.2521619 
443000 2391 302.844 9351.0 8.418 34.2223 478 20901.0 107.7534 0.0096067 0.4060632 
444000 2395 296.603 9377.0 8.202 33.5358 479 20976.0 109.0781 0.0085112 0.0515045 
445000 2399 301.301 9408.0 8.391 34.1531 479 21068.0 109.0781 0.0079884 0.0760505 
446000 2401 304.3 9434.0 8.439 34.4075 480 21112.0 109.0702 0.0073129 0.1292409 
447000 2405 300.269 9463.0 8.337 33.9769 481 21186.0 109.0632 0.0074748 0.0642872 
448000 2408 305.318 9512.0 8.927 34.6017 481 21421.0 109.0632 0.0082482 0.2015786 
449000 2411 302.034 9539.0 8.774 34.1572 482 21481.0 126.6569 0.0085115 0.1337596 
450000 2415 298.032 9561.0 8.513 33.7133 483 21537.0 120.0912 0.0082197 0.1206258 
451000 2419 299.535 9588.0 8.539 33.8835 483 21619.0 120.0912 0.0084102 0.1832142 
452000 2424 290.005 9608.0 8.101 32.8149 484 21662.0 118.9821 0.0068246 0.0369685 
453000 2425 287.985 9638.0 8.019 32.6406 485 21712.0 110.9839 0.006655 0.1012267 
454000 2430 289.097 9663.0 8.067 32.7959 486 21781.0 109.8855 0.0065776 0.122755 
455000 2435 279.576 9685.0 7.682 31.671 487 21814.0 102.0969 0.0075211 0.2129869 
456000 2437 284.434 9714.0 7.852 32.2755 487 21874.0 102.0969 0.0098514 0.1297096 
457000 2441 283.136 9743.0 7.813 32.0721 488 21964.0 106.3872 0.0083133 0.1836672 
458000 2445 286.773 9791.0 8.34 32.5146 489 22194.0 119.9485 0.0081682 0.1366517 
459000 2447 295.713 9820.0 8.563 33.522 489 22239.0 119.9485 0.0077037 0.1194896 
460000 2450 286.083 9850.0 8.271 32.4159 490 22305.0 115.9537 0.0070958 0.2974967 
461000 2455 284.903 9878.0 8.262 32.2949 491 22386.0 115.0583 0.0077018 0.1359996 
462000 2460 280.898 9903.0 8.061 31.809 492 22437.0 109.3525 0.0074771 0.1755593 
463000 2462 286.319 9932.0 8.195 32.4711 492 22486.0 109.3525 0.0076383 0.1771073 
464000 2465 283.899 9953.0 8.021 32.2098 493 22529.0 106.4172 0.0069619 0.2208068 
465000 2470 282.013 9982.0 7.969 31.9533 494 22595.0 103.4755 0.0077527 0.1047529 
466000 2475 272.367 10003.0 7.579 30.7754 495 22650.0 98.328 0.0075937 0.2594764 
467000 2477 283.847 10031.0 7.873 31.8307 495 22693.0 98.328 0.0067083 0.0955967 
468000 2482 276.735 10055.0 7.594 30.8688 496 22758.0 98.3952 0.0068726 0.1211368 
469000 2484 284.684 10083.0 7.844 31.7692 496 22834.0 98.3952 0.0076844 0.4027545 
470000 2487 280.717 10108.0 7.697 31.3434 497 22880.0 99.6556 0.0070911 0.1923777 
471000 2490 289.161 10160.0 8.397 32.3289 498 23123.0 116.2901 0.0088703 0.2301035 
472000 2494 287.337 10184.0 8.251 32.2443 498 23182.0 116.2901 0.0076035 0.2806819 
473000 2497 282.718 10207.0 8.001 31.763 499 23216.0 111.7611 0.0061249 0.0398588 
474000 2501 286.895 10234.0 8.092 32.2358 500 23283.0 108.285 0.0064569 0.2223879 
475000 2503 287.5 10257.0 8.027 32.3417 500 23332.0 108.285 0.0061585 0.2604821 
476000 2508 283.421 10281.0 7.825 31.955 501 23395.0 107.1565 0.0066442 0.1327664 
477000 2510 286.414 10308.0 7.87 32.2487 502 23441.0 102.5408 0.0072539 0.2201393 
478000 2515 279.253 10343.0 7.826 31.5239 503 23580.0 106.4867 0.0072893 0.2393606 
479000 2520 274.876 10369.0 7.669 31.0195 504 23654.0 103.7381 0.0069605 0.1310681 
480000 2523 279.265 10398.0 7.825 31.5142 504 23721.0 103.7381 0.007996 0.3882642 
481000 2525 276.043 10453.0 8.182 31.1396 505 23988.0 123.1643 0.007617 0.2173965 
482000 2530 281.885 10478.0 8.303 31.8752 506 24090.0 125.1478 0.0076123 0.2556433 
483000 2531 294.307 10513.0 8.777 33.2629 506 24174.0 125.1478 0.0082364 0.3090394 
484000 2535 286.223 10546.0 8.649 32.3648 507 24320.0 134.433 0.0083553 0.2370769 
485000 2538 295.479 10584.0 9.034 33.3773 507 24441.0 134.433 0.0084801 0.2344845 
486000 2541 294.425 10610.0 8.92 33.3345 508 24492.0 136.3897 0.0077247 0.2348256 
