0 0 0.0 -0.027 0.0 0.0 0 0 0 
1000 0 0.0 -1.023 0.0 0.0 0 0 0 
2000 0 0.0 -0.301 0.0 0.0 0 0 0 
3000 0 0.0 0.419 0.0 0.0 0 0 0 
4000 0 0.0 -2.885 0.0 0.0 0 0 0 
5000 0 0.0 5.271 0.0 0.0 0 0 0 
6000 0 0.0 1.726 0.0 0.0 0 0 0 
7000 1 124.0 -2.653 0.03 4.9118 0 0 0 
8000 1 124.0 0.908 0.03 4.9118 0 0 0 
9000 1 124.0 5.379 0.03 4.9118 0 0 0 
10000 1 124.0 7.648 0.03 4.9118 0 0 0 
11000 1 124.0 10.715 0.03 4.9118 0 0 0 
12000 1 124.0 10.641 0.03 4.9118 0 0 0 
13000 2 245.52 15.829 0.259 9.7591 0 0 0 
14000 2 245.52 16.282 0.259 9.7591 0 0 0 
15000 2 245.52 19.269 0.259 9.7591 0 0 0 
16000 2 245.52 23.145 0.259 9.7591 0 0 0 
17000 2 245.52 26.687 0.259 9.7591 0 0 0 
18000 2 245.52 29.763 0.259 9.7591 0 0 0 
19000 3 364.61 29.187 0.59 14.5489 0 0 0 
20000 3 364.61 28.588 0.59 14.5489 0 0 0 
21000 3 364.61 31.091 0.59 14.5489 0 0 0 
22000 3 364.61 32.174 0.59 14.5489 0 0 0 
23000 3 364.61 34.956 0.59 14.5489 0 0 0 
24000 3 364.61 32.602 0.59 14.5489 0 0 0 
25000 4 481.317 37.147 0.705 19.1716 0 0 0 
26000 4 481.317 34.569 0.705 19.1716 0 0 0 
27000 4 481.317 34.32 0.705 19.1716 0 0 0 
28000 4 481.317 39.687 0.705 19.1716 0 0 0 
29000 4 481.317 47.536 0.705 19.1716 0 0 0 
30000 4 481.317 49.029 0.705 19.1716 0 0 0 
31000 5 595.691 51.948 1.008 23.7883 0 0 0 
32000 5 595.691 51.639 1.008 23.7883 0 0 0 
33000 5 595.691 54.902 1.008 23.7883 0 0 0 
34000 5 595.691 59.333 1.008 23.7883 0 0 0 
35000 5 595.691 60.258 1.008 23.7883 0 0 0 
36000 5 595.691 58.406 1.008 23.7883 0 0 0 
37000 5 595.691 56.627 1.008 23.7883 0 0 0 
38000 6 707.777 57.478 1.105 28.2249 0 0 0 
39000 6 707.777 55.096 1.105 28.2249 0 0 0 
40000 6 707.777 56.707 1.105 28.2249 0 0 0 
41000 6 707.777 60.576 1.105 28.2249 0 0 0 
42000 6 707.777 64.967 1.105 28.2249 0 0 0 
43000 6 707.777 71.837 1.105 28.2249 0 0 0 
44000 7 817.622 76.948 1.415 32.6523 0 0 0 
45000 7 817.622 77.351 1.415 32.6523 0 0 0 
46000 7 817.622 81.615 1.415 32.6523 0 0 0 
47000 7 817.622 86.623 1.415 32.6523 0 0 0 
48000 7 817.622 88.679 1.415 32.6523 0 0 0 
49000 7 817.622 89.555 1.415 32.6523 0 0 0 
50000 8 925.269 97.752 1.763 36.9182 0 0 0 
51000 8 925.269 100.298 1.763 36.9182 0 0 0 
52000 8 925.269 102.977 1.763 36.9182 0 0 0 
53000 8 925.269 102.596 1.763 36.9182 0 0 0 
54000 8 925.269 103.756 1.763 36.9182 0 0 0 
55000 8 925.269 101.357 1.763 36.9182 0 0 0 
56000 9 1030.764 102.719 1.929 41.1024 0 0 0 
57000 9 1030.764 103.497 1.929 41.1024 0 0 0 
58000 9 1030.764 103.369 1.929 41.1024 0 0 0 
59000 9 1030.764 106.995 1.929 41.1024 0 0 0 
60000 9 1030.764 113.617 1.929 41.1024 0 0 0 
61000 9 1030.764 111.481 1.929 41.1024 0 0 0 
62000 10 1134.149 114.585 2.116 45.2726 0 0 0 
63000 10 1134.149 114.194 2.116 45.2726 0 0 0 
64000 10 1134.149 116.068 2.116 45.2726 0 0 0 
65000 10 1134.149 117.411 2.116 45.2726 0 0 0 
66000 10 1134.149 123.267 2.116 45.2726 0 0 0 
67000 10 1134.149 123.204 2.116 45.2726 0 0 0 
68000 10 1134.149 127.039 2.116 45.2726 0 0 0 
69000 11 1235.466 129.617 2.337 49.2962 0 0 0 
70000 11 1235.466 130.82 2.337 49.2962 0 0 0 
71000 11 1235.466 134.01 2.337 49.2962 0 0 0 
72000 11 1235.466 134.984 2.337 49.2962 0 0 0 
73000 11 1235.466 133.559 2.337 49.2962 0 0 0 
74000 11 1235.466 137.06 2.337 49.2962 0 0 0 
75000 12 1334.756 141.688 2.504 53.3055 0 0 0 
76000 12 1334.756 140.036 2.504 53.3055 0 0 0 
77000 12 1334.756 144.99 2.504 53.3055 0 0 0 
78000 12 1334.756 151.04 2.504 53.3055 0 0 0 
79000 12 1334.756 149.861 2.504 53.3055 0 0 0 
80000 12 1334.756 149.366 2.504 53.3055 0 0 0 
81000 13 1432.061 154.529 2.704 57.1307 0 0 0 
82000 13 1432.061 156.308 2.704 57.1307 0 0 0 
83000 13 1432.061 156.236 2.704 57.1307 0 0 0 
84000 13 1432.061 157.667 2.704 57.1307 0 0 0 
85000 13 1432.061 158.23 2.704 57.1307 0 0 0 
86000 13 1432.061 156.553 2.704 57.1307 0 0 0 
87000 14 1527.42 164.093 2.858 60.9782 0 0 0 
88000 14 1527.42 165.662 2.858 60.9782 0 0 0 
89000 14 1527.42 167.87 2.858 60.9782 0 0 0 
90000 14 1527.42 171.402 2.858 60.9782 0 0 0 
91000 14 1527.42 175.781 2.858 60.9782 0 0 0 
92000 14 1527.42 172.775 2.858 60.9782 0 0 0 
93000 15 1620.872 176.249 3.099 64.6681 0 0 0 
94000 15 1620.872 180.241 3.099 64.6681 0 0 0 
95000 15 1620.872 183.983 3.099 64.6681 0 0 0 
96000 15 1620.872 185.861 3.099 64.6681 0 0 0 
97000 15 1620.872 189.873 3.099 64.6681 0 0 0 
98000 15 1620.872 188.697 3.099 64.6681 0 0 0 
99000 15 1620.872 184.39 3.099 64.6681 0 0 0 
100000 16 1712.454 186.992 3.23 68.3766 0 0 0 
101000 16 1712.454 188.374 3.23 68.3766 0 0 0 
102000 16 1712.454 193.302 3.23 68.3766 0 0 0 
103000 16 1712.454 196.651 3.23 68.3766 0 0 0 
104000 16 1712.454 193.883 3.23 68.3766 0 0 0 
105000 16 1712.454 195.055 3.23 68.3766 0 0 0 
106000 17 1802.205 200.011 3.366 71.9281 0 0 0 
107000 17 1802.205 200.008 3.366 71.9281 0 0 0 
108000 17 1802.205 202.501 3.366 71.9281 0 0 0 
109000 17 1802.205 208.619 3.366 71.9281 0 0 0 
110000 17 1802.205 210.673 3.366 71.9281 0 0 0 
111000 17 1802.205 212.535 3.366 71.9281 0 0 0 
112000 18 1890.161 216.646 3.675 75.415 0 0 0 
113000 18 1890.161 215.514 3.675 75.415 0 0 0 
114000 18 1890.161 216.822 3.675 75.415 0 0 0 
115000 18 1890.161 216.986 3.675 75.415 0 0 0 
116000 18 1890.161 220.744 3.675 75.415 0 0 0 
117000 18 1890.161 218.917 3.675 75.415 0 0 0 
118000 19 1976.358 221.631 3.748 78.8825 0 0 0 
119000 19 1976.358 222.365 3.748 78.8825 0 0 0 
120000 19 1976.358 227.894 3.748 78.8825 0 0 0 
121000 19 1976.358 235.652 3.748 78.8825 0 0 0 
122000 19 1976.358 239.822 3.748 78.8825 0 0 0 
123000 19 1976.358 239.448 3.748 78.8825 0 0 0 
124000 20 2060.831 239.014 4.012 82.2208 0 0 0 
125000 20 2060.831 234.493 4.012 82.2208 0 0 0 
126000 20 2060.831 239.276 4.012 82.2208 0 0 0 
127000 20 2060.831 238.432 4.012 82.2208 0 0 0 
128000 20 2060.831 238.945 4.012 82.2208 0 0 0 
129000 20 2060.831 238.774 4.012 82.2208 0 0 0 
130000 20 2060.831 238.11 4.012 82.2208 0 0 0 
131000 21 2143.614 240.817 3.952 85.5722 0 0 0 
132000 21 2143.614 241.988 3.952 85.5722 0 0 0 
133000 21 2143.614 245.145 3.952 85.5722 0 0 0 
134000 21 2143.614 244.611 3.952 85.5722 0 0 0 
135000 21 2143.614 247.611 3.952 85.5722 0 0 0 
136000 21 2143.614 246.126 3.952 85.5722 0 0 0 
137000 22 2224.742 249.831 4.027 88.7845 0 0 0 
138000 22 2224.742 248.587 4.027 88.7845 0 0 0 
139000 22 2224.742 254.203 4.027 88.7845 0 0 0 
140000 22 2224.742 253.472 4.027 88.7845 0 0 0 
141000 22 2224.742 253.243 4.027 88.7845 0 0 0 
142000 22 2224.742 252.209 4.027 88.7845 0 0 0 
143000 23 2304.247 256.832 4.091 91.9817 0 0 0 
144000 23 2304.247 257.0 4.091 91.9817 0 0 0 
145000 23 2304.247 260.066 4.091 91.9817 0 0 0 
146000 23 2304.247 262.368 4.091 91.9817 0 0 0 
147000 23 2304.247 266.466 4.091 91.9817 0 0 0 
148000 23 2304.247 263.203 4.091 91.9817 0 0 0 
149000 24 2382.162 264.788 4.196 95.0575 0 0 0 
150000 24 2382.162 262.04 4.196 95.0575 0 0 0 
151000 24 2382.162 261.516 4.196 95.0575 0 0 0 
152000 24 2382.162 262.307 4.196 95.0575 0 0 0 
153000 24 2382.162 263.009 4.196 95.0575 0 0 0 
154000 24 2382.162 258.376 4.196 95.0575 0 0 0 
155000 25 2458.519 262.509 4.076 98.0749 0 0 0 
156000 25 2458.519 260.182 4.076 98.0749 0 0 0 
157000 25 2458.519 260.869 4.076 98.0749 0 0 0 
158000 25 2458.519 259.969 4.076 98.0749 0 0 0 
159000 25 2458.519 264.585 4.076 98.0749 0 0 0 
160000 25 2458.519 267.895 4.076 98.0749 0 0 0 
161000 25 2458.519 267.192 4.076 98.0749 0 0 0 
162000 26 2533.348 269.92 4.125 101.0826 0 0 0 
163000 26 2533.348 267.063 4.125 101.0826 0 0 0 
164000 26 2533.348 273.142 4.125 101.0826 0 0 0 
165000 26 2533.348 273.564 4.125 101.0826 0 0 0 
166000 26 2533.348 268.442 4.125 101.0826 0 0 0 
167000 26 2533.348 264.968 4.125 101.0826 0 0 0 
168000 27 2606.681 267.688 4.001 103.9643 0 0 0 
169000 27 2606.681 268.28 4.001 103.9643 0 0 0 
170000 27 2606.681 266.235 4.001 103.9643 0 0 0 
171000 27 2606.681 270.231 4.001 103.9643 0 0 0 
172000 27 2606.681 266.75 4.001 103.9643 0 0 0 
173000 27 2606.681 264.154 4.001 103.9643 0 0 0 
174000 28 2678.548 266.494 3.866 106.8644 0 0 0 
175000 28 2678.548 264.582 3.866 106.8644 0 0 0 
176000 28 2678.548 264.732 3.866 106.8644 0 0 0 
177000 28 2678.548 265.019 3.866 106.8644 0 0 0 
178000 28 2678.548 266.583 3.866 106.8644 0 0 0 
179000 28 2678.548 266.09 3.866 106.8644 0 0 0 
180000 29 2748.977 267.264 3.812 109.6289 0 0 0 
181000 29 2748.977 270.013 3.812 109.6289 0 0 0 
182000 29 2748.977 270.224 3.812 109.6289 0 0 0 
183000 29 2748.977 271.622 3.812 109.6289 0 0 0 
184000 29 2748.977 269.517 3.812 109.6289 0 0 0 
185000 29 2748.977 267.553 3.812 109.6289 0 0 0 
186000 30 2817.997 270.06 3.83 112.4134 0 0 0 
187000 30 2817.997 274.256 3.83 112.4134 0 0 0 
188000 30 2817.997 282.043 3.83 112.4134 0 0 0 
189000 30 2817.997 280.59 3.83 112.4134 0 0 0 
190000 30 2817.997 284.78 3.83 112.4134 0 0 0 
191000 30 2817.997 287.242 3.83 112.4134 0 0 0 
192000 30 2817.997 286.079 3.83 112.4134 0 0 0 
193000 31 2885.637 288.681 4.105 115.0804 0 0 0 
194000 31 2885.637 286.082 4.105 115.0804 0 0 0 
195000 31 2885.637 285.362 4.105 115.0804 0 0 0 
196000 31 2885.637 290.024 4.105 115.0804 0 0 0 
197000 31 2885.637 292.376 4.105 115.0804 0 0 0 
198000 31 2885.637 291.64 4.105 115.0804 0 0 0 
199000 32 2951.925 291.119 4.145 117.7609 0 0 0 
200000 32 2951.925 292.345 4.145 117.7609 0 0 0 
201000 32 2951.925 297.065 4.145 117.7609 0 0 0 
202000 32 2951.925 297.97 4.145 117.7609 0 0 0 
203000 32 2951.925 299.897 4.145 117.7609 0 0 0 
204000 32 2951.925 303.843 4.145 117.7609 0 0 0 
205000 33 3016.886 309.861 4.244 120.3219 0 0 0 
206000 33 3016.886 309.52 4.244 120.3219 0 0 0 
207000 33 3016.886 309.6 4.244 120.3219 0 0 0 
208000 33 3016.886 314.164 4.244 120.3219 0 0 0 
209000 33 3016.886 319.073 4.244 120.3219 0 0 0 
210000 33 3016.886 316.637 4.244 120.3219 0 0 0 
211000 34 3080.548 319.821 4.45 122.8324 0 0 0 
212000 34 3080.548 321.493 4.45 122.8324 0 0 0 
213000 34 3080.548 322.351 4.45 122.8324 0 0 0 
214000 34 3080.548 328.129 4.45 122.8324 0 0 0 
215000 34 3080.548 330.964 4.45 122.8324 0 0 0 
216000 34 3080.548 327.896 4.45 122.8324 0 0 0 
217000 35 3142.937 334.494 4.703 125.3581 0 0 0 
218000 35 3142.937 336.068 4.703 125.3581 0 0 0 
219000 35 3142.937 338.682 4.703 125.3581 0 0 0 
220000 35 3142.937 341.238 4.703 125.3581 0 0 0 
221000 35 3142.937 338.542 4.703 125.3581 0 0 0 
222000 35 3142.937 336.88 4.703 125.3581 0 0 0 
223000 35 3142.937 335.991 4.703 125.3581 0 0 0 
224000 36 3204.079 342.79 4.695 127.7473 0 0 0 
225000 36 3204.079 341.317 4.695 127.7473 0 0 0 
226000 36 3204.079 349.724 4.695 127.7473 0 0 0 
227000 36 3204.079 356.452 4.695 127.7473 0 0 0 
228000 36 3204.079 355.442 4.695 127.7473 0 0 0 
229000 36 3204.079 361.096 4.695 127.7473 0 0 0 
230000 37 3263.997 367.687 5.078 130.1733 0 0 0 
231000 37 3263.997 367.956 5.078 130.1733 0 0 0 
232000 37 3263.997 372.724 5.078 130.1733 0 0 0 
233000 37 3263.997 371.86 5.078 130.1733 0 0 0 
234000 37 3263.997 374.924 5.078 130.1733 0 0 0 
235000 37 3263.997 376.755 5.078 130.1733 0 0 0 
236000 38 3322.717 375.988 5.257 132.4732 0 0 0 
237000 38 3322.717 374.658 5.257 132.4732 0 0 0 
238000 38 3322.717 376.013 5.257 132.4732 0 0 0 
239000 38 3322.717 376.757 5.257 132.4732 0 0 0 
240000 38 3322.717 378.745 5.257 132.4732 0 0 0 
241000 38 3322.717 373.794 5.257 132.4732 0 0 0 
242000 39 3380.263 376.051 5.107 134.8152 0 0 0 
243000 39 3380.263 370.214 5.107 134.8152 0 0 0 
244000 39 3380.263 373.123 5.107 134.8152 0 0 0 
245000 39 3380.263 376.71 5.107 134.8152 0 0 0 
246000 39 3380.263 377.697 5.107 134.8152 0 0 0 
247000 39 3380.263 376.608 5.107 134.8152 0 0 0 
248000 40 3436.657 376.079 5.038 137.0235 0 0 0 
249000 40 3436.657 377.279 5.038 137.0235 0 0 0 
250000 40 3436.657 380.677 5.038 137.0235 0 0 0 
251000 40 3436.657 385.577 5.038 137.0235 0 0 0 
252000 40 3436.657 391.631 5.038 137.0235 0 0 0 
253000 40 3436.657 391.743 5.038 137.0235 0 0 0 
254000 40 3436.657 390.142 5.038 137.0235 0 0 0 
255000 41 3491.924 393.316 5.22 139.2084 0 0 0 
256000 41 3491.924 392.158 5.22 139.2084 0 0 0 
257000 41 3491.924 398.672 5.22 139.2084 0 0 0 
258000 41 3491.924 406.978 5.22 139.2084 0 0 0 
259000 41 3491.924 407.311 5.22 139.2084 0 0 0 
260000 41 3491.924 407.242 5.22 139.2084 0 0 0 
261000 42 3546.086 405.979 5.479 141.3996 0 0 0 
262000 42 3546.086 402.484 5.479 141.3996 0 0 0 
263000 42 3546.086 408.217 5.479 141.3996 0 0 0 
264000 42 3546.086 412.299 5.479 141.3996 0 0 0 
265000 42 3546.086 409.448 5.479 141.3996 0 0 0 
266000 42 3546.086 409.143 5.479 141.3996 0 0 0 
267000 43 3599.164 409.4 5.392 143.4916 0 0 0 
268000 43 3599.164 410.92 5.392 143.4916 0 0 0 
269000 43 3599.164 414.595 5.392 143.4916 0 0 0 
270000 43 3599.164 416.843 5.392 143.4916 0 0 0 
271000 43 3599.164 422.009 5.392 143.4916 0 0 0 
272000 43 3599.164 418.966 5.392 143.4916 0 0 0 
273000 44 3651.181 424.877 5.556 145.5989 0 0 0 
274000 44 3651.181 424.405 5.556 145.5989 0 0 0 
275000 44 3651.181 426.894 5.556 145.5989 0 0 0 
276000 44 3651.181 431.099 5.556 145.5989 0 0 0 
277000 44 3651.181 432.76 5.556 145.5989 0 0 0 
278000 44 3651.181 431.472 5.556 145.5989 0 0 0 
279000 45 3702.157 437.286 5.728 147.6037 0 0 0 
280000 45 3702.157 446.725 5.728 147.6037 0 0 0 
281000 45 3702.157 450.555 5.728 147.6037 0 0 0 
282000 45 3702.157 449.065 5.728 147.6037 0 0 0 
283000 45 3702.157 454.724 5.728 147.6037 0 0 0 
284000 45 3702.157 456.8 5.728 147.6037 0 0 0 
285000 45 3702.157 452.99 5.728 147.6037 0 0 0 
286000 46 3752.114 456.801 5.949 149.6374 0 0 0 
287000 46 3752.114 457.377 5.949 149.6374 0 0 0 
288000 46 3752.114 463.902 5.949 149.6374 0 0 0 
289000 46 3752.114 467.345 5.949 149.6374 0 0 0 
290000 46 3752.114 461.179 5.949 149.6374 0 0 0 
291000 46 3752.114 462.37 5.949 149.6374 0 0 0 
292000 47 3801.072 465.139 6.02 151.5566 0 0 0 
293000 47 3801.072 464.301 6.02 151.5566 0 0 0 
294000 47 3801.072 469.764 6.02 151.5566 0 0 0 
295000 47 3801.072 474.076 6.02 151.5566 0 0 0 
296000 47 3801.072 472.602 6.02 151.5566 0 0 0 
297000 47 3801.072 474.683 6.02 151.5566 0 0 0 
298000 48 3849.05 477.806 6.173 153.5088 0 0 0 
299000 48 3849.05 480.249 6.173 153.5088 0 0 0 
300000 48 3849.05 483.544 6.173 153.5088 0 0 0 
301000 48 3849.05 488.906 6.173 153.5088 0 0 0 
302000 48 3849.05 491.203 6.173 153.5088 0 0 0 
303000 48 3849.05 489.065 6.173 153.5088 0 0 0 
304000 49 3896.069 492.321 6.339 155.3701 0 0 0 
305000 49 3896.069 492.817 6.339 155.3701 0 0 0 
306000 49 3896.069 495.045 6.339 155.3701 0 0 0 
307000 49 3896.069 499.179 6.339 155.3701 0 0 0 
308000 49 3896.069 500.516 6.339 155.3701 0 0 0 
309000 49 3896.069 496.128 6.339 155.3701 0 0 0 
310000 50 3942.148 498.684 6.352 157.1687 0 0 0 
311000 50 3942.148 496.471 6.352 157.1687 0 0 0 
312000 50 3942.148 496.933 6.352 157.1687 0 0 0 
313000 50 3942.148 498.498 6.352 157.1687 0 0 0 
314000 50 3942.148 508.008 6.352 157.1687 0 0 0 
315000 50 3942.148 508.79 6.352 157.1687 0 0 0 
316000 50 3942.148 507.162 6.352 157.1687 0 0 0 
317000 51 3987.305 518.063 6.422 159.0252 0 0 0 
318000 51 3987.305 517.291 6.422 159.0252 0 0 0 
319000 51 3987.305 518.653 6.422 159.0252 0 0 0 
320000 51 3987.305 523.961 6.422 159.0252 0 0 0 
321000 51 3987.305 523.768 6.422 159.0252 0 0 0 
322000 51 3987.305 525.306 6.422 159.0252 0 0 0 
323000 52 4031.559 528.763 6.665 160.7395 0 0 0 
324000 52 4031.559 531.119 6.665 160.7395 0 0 0 
325000 52 4031.559 537.044 6.665 160.7395 0 0 0 
326000 52 4031.559 543.886 6.665 160.7395 0 0 0 
327000 52 4031.559 544.386 6.665 160.7395 0 0 0 
328000 52 4031.559 542.428 6.665 160.7395 0 0 0 
329000 53 4074.928 548.522 6.89 162.5118 0 0 0 
330000 53 4074.928 548.696 6.89 162.5118 0 0 0 
331000 53 4074.928 550.423 6.89 162.5118 0 0 0 
332000 53 4074.928 553.112 6.89 162.5118 0 0 0 
333000 53 4074.928 559.821 6.89 162.5118 0 0 0 
334000 53 4074.928 557.77 6.89 162.5118 0 0 0 
335000 54 4117.429 560.17 7.057 164.1717 0 0 0 
336000 54 4117.429 561.054 7.057 164.1717 0 0 0 
337000 54 4117.429 562.266 7.057 164.1717 0 0 0 
338000 54 4117.429 565.404 7.057 164.1717 0 0 0 
339000 54 4117.429 573.401 7.057 164.1717 0 0 0 
340000 54 4117.429 571.545 7.057 164.1717 0 0 0 
341000 55 4159.081 571.518 7.141 165.8716 0 0 0 
342000 55 4159.081 574.028 7.141 165.8716 0 0 0 
343000 55 4159.081 574.028 7.141 165.8716 0 0 0 
344000 55 4159.081 574.028 7.141 165.8716 0 0 0 
345000 55 4159.081 582.397 7.141 165.8716 0 0 0 
346000 55 4159.081 584.167 7.141 165.8716 0 0 0 
347000 55 4159.081 583.294 7.141 165.8716 0 0 0 
348000 56 4199.899 584.101 7.255 167.4593 0 0 0 
349000 56 4199.899 586.578 7.255 167.4593 0 0 0 
350000 56 4199.899 594.021 7.255 167.4593 0 0 0 
351000 56 4199.899 601.163 7.255 167.4593 0 0 0 
352000 56 4199.899 601.873 7.255 167.4593 0 0 0 
353000 56 4199.899 601.712 7.255 167.4593 0 0 0 
354000 57 4239.901 605.026 7.472 169.0253 0 0 0 
355000 57 4239.901 606.273 7.472 169.0253 0 0 0 
356000 57 4239.901 609.389 7.472 169.0253 0 0 0 
357000 57 4239.901 614.381 7.472 169.0253 0 0 0 
358000 57 4239.901 616.826 7.472 169.0253 0 0 0 
359000 57 4239.901 614.413 7.472 169.0253 0 0 0 
360000 58 4279.103 617.826 7.592 170.6124 0 0 0 
361000 58 4279.103 622.133 7.592 170.6124 0 0 0 
362000 58 4279.103 625.264 7.592 170.6124 0 0 0 
363000 58 4279.103 629.35 7.592 170.6124 0 0 0 
364000 58 4279.103 631.832 7.592 170.6124 0 0 0 
365000 58 4279.103 628.827 7.592 170.6124 0 0 0 
366000 59 4317.521 628.8 7.697 172.1201 0 0 0 
367000 59 4317.521 628.8 7.697 172.1201 0 0 0 
368000 59 4317.521 630.54 7.697 172.1201 0 0 0 
369000 59 4317.521 635.82 7.697 172.1201 0 0 0 
370000 59 4317.521 638.848 7.697 172.1201 0 0 0 
371000 59 4317.521 638.312 7.697 172.1201 0 0 0 
372000 60 4355.171 640.269 7.773 173.6799 0 0 0 
373000 60 4355.171 638.917 7.773 173.6799 0 0 0 
374000 60 4355.171 640.726 7.773 173.6799 0 0 0 
375000 60 4355.171 644.109 7.773 173.6799 0 0 0 
376000 60 4355.171 650.446 7.773 173.6799 0 0 0 
377000 60 4355.171 649.425 7.773 173.6799 0 0 0 
378000 60 4355.171 649.425 7.773 173.6799 0 0 0 
379000 61 4392.067 649.258 7.8 175.1321 0 0 0 
380000 61 4392.067 649.258 7.8 175.1321 0 0 0 
381000 61 4392.067 653.865 7.8 175.1321 0 0 0 
382000 61 4392.067 660.206 7.8 175.1321 0 0 0 
383000 61 4392.067 660.343 7.8 175.1321 0 0 0 
384000 61 4392.067 660.343 7.8 175.1321 0 0 0 
385000 62 4428.226 662.793 7.862 176.6104 0 0 0 
386000 62 4428.226 660.496 7.862 176.6104 0 0 0 
387000 62 4428.226 660.496 7.862 176.6104 0 0 0 
388000 62 4428.226 660.496 7.862 176.6104 0 0 0 
389000 62 4428.226 660.496 7.862 176.6104 0 0 0 
390000 62 4428.226 660.496 7.862 176.6104 0 0 0 
391000 63 4463.661 660.469 7.708 177.9935 0 0 0 
392000 63 4463.661 660.469 7.708 177.9935 0 0 0 
393000 63 4463.661 660.469 7.708 177.9935 0 0 0 
394000 63 4463.661 660.469 7.708 177.9935 0 0 0 
395000 63 4463.661 660.469 7.708 177.9935 0 0 0 
396000 63 4463.661 660.469 7.708 177.9935 0 0 0 
397000 64 4498.388 660.442 7.553 179.431 0 0 0 
398000 64 4498.388 660.442 7.553 179.431 0 0 0 
399000 64 4498.388 660.442 7.553 179.431 0 0 0 
400000 64 4498.388 660.442 7.553 179.431 0 0 0 
401000 64 4498.388 660.442 7.553 179.431 0 0 0 
402000 64 4498.388 660.442 7.553 179.431 0 0 0 
403000 65 4532.42 660.415 7.402 180.758 0 0 0 
404000 65 4532.42 660.415 7.402 180.758 0 0 0 
405000 65 4532.42 660.415 7.402 180.758 0 0 0 
406000 65 4532.42 660.415 7.402 180.758 0 0 0 
407000 65 4532.42 660.415 7.402 180.758 0 0 0 
408000 65 4532.42 660.415 7.402 180.758 0 0 0 
409000 65 4532.42 660.415 7.402 180.758 0 0 0 
410000 66 4565.772 660.388 7.253 182.0637 0 0 0 
411000 66 4565.772 660.388 7.253 182.0637 0 0 0 
412000 66 4565.772 660.388 7.253 182.0637 0 0 0 
413000 66 4565.772 660.388 7.253 182.0637 0 0 0 
414000 66 4565.772 660.388 7.253 182.0637 0 0 0 
415000 66 4565.772 660.388 7.253 182.0637 0 0 0 
416000 67 4598.456 660.361 7.108 183.4094 0 0 0 
417000 67 4598.456 660.361 7.108 183.4094 0 0 0 
418000 67 4598.456 668.414 7.108 183.4094 0 0 0 
419000 67 4598.456 674.486 7.108 183.4094 0 0 0 
420000 67 4598.456 674.281 7.108 183.4094 0 0 0 
421000 67 4598.456 673.616 7.108 183.4094 0 0 0 
422000 68 4630.487 677.638 7.27 184.6575 0 0 0 
423000 68 4630.487 677.654 7.27 184.6575 0 0 0 
424000 68 4630.487 683.605 7.27 184.6575 0 0 0 
425000 68 4630.487 682.985 7.27 184.6575 0 0 0 
426000 68 4630.487 687.377 7.27 184.6575 0 0 0 
427000 68 4630.487 688.478 7.27 184.6575 0 0 0 
428000 69 4661.878 690.168 7.377 185.946 0 0 0 
429000 69 4661.878 690.392 7.377 185.946 0 0 0 
430000 69 4661.878 693.924 7.377 185.946 0 0 0 
431000 69 4661.878 699.48 7.377 185.946 0 0 0 
432000 69 4661.878 703.728 7.377 185.946 0 0 0 
433000 69 4661.878 702.071 7.377 185.946 0 0 0 
434000 70 4692.64 703.836 7.542 187.1402 0 0 0 
435000 70 4692.64 700.704 7.542 187.1402 0 0 0 
436000 70 4692.64 704.411 7.542 187.1402 0 0 0 
437000 70 4692.64 707.835 7.542 187.1402 0 0 0 
438000 70 4692.64 713.441 7.542 187.1402 0 0 0 
439000 70 4692.64 714.405 7.542 187.1402 0 0 0 
440000 70 4692.64 714.405 7.542 187.1402 0 0 0 
441000 71 4722.787 718.281 7.602 188.4009 0 0 0 
442000 71 4722.787 718.281 7.602 188.4009 0 0 0 
443000 71 4722.787 723.552 7.602 188.4009 0 0 0 
444000 71 4722.787 729.818 7.602 188.4009 0 0 0 
445000 71 4722.787 728.212 7.602 188.4009 0 0 0 
446000 71 4722.787 728.212 7.602 188.4009 0 0 0 
447000 72 4752.331 730.639 7.726 189.5529 0 0 0 
448000 72 4752.331 729.768 7.726 189.5529 0 0 0 
449000 72 4752.331 733.372 7.726 189.5529 0 0 0 
450000 72 4752.331 737.904 7.726 189.5529 0 0 0 
451000 72 4752.331 739.862 7.726 189.5529 0 0 0 
452000 72 4752.331 738.549 7.726 189.5529 0 0 0 
453000 73 4781.285 738.522 7.778 190.6821 0 0 0 
454000 73 4781.285 738.522 7.778 190.6821 0 0 0 
455000 73 4781.285 741.223 7.778 190.6821 0 0 0 
456000 73 4781.285 741.223 7.778 190.6821 0 0 0 
457000 73 4781.285 753.392 7.778 190.6821 0 0 0 
458000 73 4781.285 749.906 7.778 190.6821 0 0 0 
459000 74 4809.659 754.07 7.893 191.8425 0 0 0 
460000 74 4809.659 754.312 7.893 191.8425 0 0 0 
461000 74 4809.659 756.267 7.893 191.8425 0 0 0 
462000 74 4809.659 761.674 7.893 191.8425 0 0 0 
463000 74 4809.659 765.315 7.893 191.8425 0 0 0 
464000 74 4809.659 764.461 7.893 191.8425 0 0 0 
465000 75 4837.466 764.434 7.983 192.9184 0 0 0 
466000 75 4837.466 764.233 7.983 192.9184 0 0 0 
467000 75 4837.466 768.788 7.983 192.9184 0 0 0 
468000 75 4837.466 773.09 7.983 192.9184 0 0 0 
469000 75 4837.466 779.771 7.983 192.9184 0 0 0 
470000 75 4837.466 780.239 7.983 192.9184 0 0 0 
471000 75 4837.466 778.32 7.983 192.9184 0 0 0 
472000 76 4864.717 781.844 8.149 194.0184 0 0 0 
473000 76 4864.717 782.527 8.149 194.0184 0 0 0 
474000 76 4864.717 788.28 8.149 194.0184 0 0 0 
475000 76 4864.717 792.867 8.149 194.0184 0 0 0 
476000 76 4864.717 793.921 8.149 194.0184 0 0 0 
477000 76 4864.717 795.086 8.149 194.0184 0 0 0 
478000 77 4891.422 797.5 8.274 195.0471 0 0 0 
479000 77 4891.422 796.188 8.274 195.0471 0 0 0 
480000 77 4891.422 801.384 8.274 195.0471 0 0 0 
481000 77 4891.422 807.11 8.274 195.0471 0 0 0 
482000 77 4891.422 805.533 8.274 195.0471 0 0 0 
483000 77 4891.422 805.774 8.274 195.0471 0 0 0 
484000 78 4917.594 809.901 8.345 196.1309 0 0 0 
485000 78 4917.594 808.429 8.345 196.1309 0 0 0 
486000 78 4917.594 813.221 8.345 196.1309 0 0 0 
487000 78 4917.594 817.713 8.345 196.1309 0 0 0 
488000 78 4917.594 820.438 8.345 196.1309 0 0 0 
489000 78 4917.594 818.295 8.345 196.1309 0 0 0 
490000 79 4943.242 821.25 8.445 197.1225 0 0 0 
491000 79 4943.242 820.961 8.445 197.1225 0 0 0 
492000 79 4943.242 825.49 8.445 197.1225 0 0 0 
493000 79 4943.242 826.944 8.445 197.1225 0 0 0 
494000 79 4943.242 828.633 8.445 197.1225 0 0 0 
495000 79 4943.242 828.257 8.445 197.1225 0 0 0 
496000 80 4968.377 832.033 8.511 198.1722 0 0 0 
497000 80 4968.377 836.825 8.511 198.1722 0 0 0 
498000 80 4968.377 837.227 8.511 198.1722 0 0 0 
499000 80 4968.377 840.996 8.511 198.1722 0 0 0 
500000 80 4968.377 846.784 8.511 198.1722 0 0 0 
501000 80 4968.377 850.004 8.511 198.1722 0 0 0 
502000 80 4968.377 851.877 8.511 198.1722 0 0 0 
503000 81 4993.01 856.748 8.767 199.1202 0 0 0 
504000 81 4993.01 857.192 8.767 199.1202 0 0 0 
505000 81 4993.01 863.212 8.767 199.1202 0 0 0 
506000 81 4993.01 865.738 8.767 199.1202 0 0 0 
507000 81 4993.01 863.289 8.767 199.1202 0 0 0 
508000 81 4993.01 862.736 8.767 199.1202 0 0 0 
509000 82 5017.149 867.303 8.82 200.0809 0 0 0 
510000 82 5017.149 866.08 8.82 200.0809 0 0 0 
511000 82 5017.149 872.017 8.82 200.0809 0 0 0 
512000 82 5017.149 876.278 8.82 200.0809 0 0 0 
513000 82 5017.149 877.689 8.82 200.0809 0 0 0 
514000 82 5017.149 875.648 8.82 200.0809 0 0 0 
515000 83 5040.806 878.449 8.873 201.0615 0 0 0 
516000 83 5040.806 881.241 8.873 201.0615 0 0 0 
517000 83 5040.806 886.177 8.873 201.0615 0 0 0 
518000 83 5040.806 886.7 8.873 201.0615 0 0 0 
519000 83 5040.806 891.369 8.873 201.0615 0 0 0 
520000 83 5040.806 889.444 8.873 201.0615 0 0 0 
521000 84 5063.99 893.369 9.005 201.9717 0 0 0 
522000 84 5063.99 893.191 9.005 201.9717 0 0 0 
523000 84 5063.99 895.097 9.005 201.9717 0 0 0 
524000 84 5063.99 898.27 9.005 201.9717 0 0 0 
525000 84 5063.99 902.256 9.005 201.9717 0 0 0 
526000 84 5063.99 898.573 9.005 201.9717 0 0 0 
527000 85 5086.71 901.549 9.022 202.9216 0 0 0 
528000 85 5086.71 904.041 9.022 202.9216 0 0 0 
529000 85 5086.71 908.95 9.022 202.9216 0 0 0 
530000 85 5086.71 912.295 9.022 202.9216 0 0 0 
531000 85 5086.71 916.85 9.022 202.9216 0 0 0 
532000 85 5086.71 918.711 9.022 202.9216 0 0 0 
533000 85 5086.71 918.991 9.022 202.9216 0 0 0 
534000 86 5108.976 919.234 9.198 203.7805 0 0 0 
535000 86 5108.976 919.04 9.198 203.7805 0 0 0 
536000 86 5108.976 924.526 9.198 203.7805 0 0 0 
537000 86 5108.976 931.855 9.198 203.7805 0 0 0 
538000 86 5108.976 931.354 9.198 203.7805 0 0 0 
539000 86 5108.976 929.664 9.198 203.7805 0 0 0 
540000 87 5130.797 932.687 9.219 204.6718 0 0 0 
541000 87 5130.797 930.743 9.219 204.6718 0 0 0 
542000 87 5130.797 935.983 9.219 204.6718 0 0 0 
543000 87 5130.797 940.07 9.219 204.6718 0 0 0 
544000 87 5130.797 941.646 9.219 204.6718 0 0 0 
545000 87 5130.797 940.53 9.219 204.6718 0 0 0 
546000 88 5152.181 942.974 9.252 205.4815 0 0 0 
547000 88 5152.181 941.353 9.252 205.4815 0 0 0 
548000 88 5152.181 946.49 9.252 205.4815 0 0 0 
549000 88 5152.181 946.841 9.252 205.4815 0 0 0 
550000 88 5152.181 952.008 9.252 205.4815 0 0 0 
551000 88 5152.181 949.722 9.252 205.4815 0 0 0 
552000 89 5173.137 952.397 9.273 206.2808 0 0 0 
553000 89 5173.137 951.714 9.273 206.2808 0 0 0 
554000 89 5173.137 954.726 9.273 206.2808 0 0 0 
555000 89 5173.137 960.495 9.273 206.2808 0 0 0 
556000 89 5173.137 963.71 9.273 206.2808 0 0 0 
557000 89 5173.137 959.652 9.273 206.2808 0 0 0 
558000 90 5193.674 964.802 9.368 207.1548 0 0 0 
559000 90 5193.674 965.404 9.368 207.1548 0 0 0 
560000 90 5193.674 962.794 9.368 207.1548 0 0 0 
561000 90 5193.674 966.843 9.368 207.1548 0 0 0 
562000 90 5193.674 971.338 9.368 207.1548 0 0 0 
563000 90 5193.674 973.194 9.368 207.1548 0 0 0 
564000 90 5193.674 974.434 9.368 207.1548 0 0 0 
565000 91 5213.801 980.719 9.421 207.9324 0 0 0 
566000 91 5213.801 976.194 9.421 207.9324 0 0 0 
567000 91 5213.801 977.601 9.421 207.9324 0 0 0 
568000 91 5213.801 982.165 9.421 207.9324 0 0 0 
569000 91 5213.801 989.517 9.421 207.9324 0 0 0 
570000 91 5213.801 988.493 9.421 207.9324 0 0 0 
571000 92 5233.525 986.776 9.415 208.7856 0 0 0 
572000 92 5233.525 989.813 9.415 208.7856 0 0 0 
573000 92 5233.525 985.982 9.415 208.7856 0 0 0 
574000 92 5233.525 992.794 9.415 208.7856 0 0 0 
575000 92 5233.525 994.995 9.415 208.7856 0 0 0 
576000 92 5233.525 993.644 9.415 208.7856 0 0 0 
577000 93 5252.854 999.2 9.388 209.5322 0 0 0 
578000 93 5252.854 999.895 9.388 209.5322 0 0 0 
579000 93 5252.854 1007.413 9.388 209.5322 0 0 0 
580000 93 5252.854 1009.362 9.388 209.5322 0 0 0 
581000 93 5252.854 1015.504 9.388 209.5322 0 0 0 
582000 93 5252.854 1012.46 9.388 209.5322 0 0 0 
583000 94 5271.797 1016.945 9.647 210.3286 0 0 0 
584000 94 5271.797 1017.674 9.647 210.3286 0 0 0 
585000 94 5271.797 1019.523 9.647 210.3286 0 0 0 
586000 94 5271.797 1025.136 9.647 210.3286 0 0 0 
587000 94 5271.797 1028.494 9.647 210.3286 0 0 0 
588000 94 5271.797 1026.644 9.647 210.3286 0 0 0 
589000 95 5290.361 1025.005 9.627 211.0325 0 0 0 
590000 95 5290.361 1027.854 9.627 211.0325 0 0 0 
591000 95 5290.361 1032.154 9.627 211.0325 0 0 0 
592000 95 5290.361 1036.559 9.627 211.0325 0 0 0 
593000 95 5290.361 1041.323 9.627 211.0325 0 0 0 
594000 95 5290.361 1041.384 9.627 211.0325 0 0 0 
595000 95 5290.361 1041.384 9.627 211.0325 0 0 0 
596000 96 5308.554 1042.214 9.762 211.8014 0 0 0 
597000 96 5308.554 1042.385 9.762 211.8014 0 0 0 
598000 96 5308.554 1047.876 9.762 211.8014 0 0 0 
599000 96 5308.554 1052.267 9.762 211.8014 0 0 0 
600000 96 5308.554 1051.155 9.762 211.8014 0 0 0 
601000 96 5308.554 1052.039 9.762 211.8014 0 0 0 
602000 97 5326.383 1056.62 9.779 212.4845 0 0 0 
603000 97 5326.383 1057.256 9.779 212.4845 0 0 0 
604000 97 5326.383 1062.592 9.779 212.4845 0 0 0 
605000 97 5326.383 1069.236 9.779 212.4845 0 0 0 
606000 97 5326.383 1072.834 9.779 212.4845 0 0 0 
607000 97 5326.383 1071.711 9.779 212.4845 0 0 0 
608000 98 5343.855 1069.848 9.983 213.1656 0 0 0 
609000 98 5343.855 1064.918 9.983 213.1656 0 0 0 
610000 98 5343.855 1060.138 9.983 213.1656 0 0 0 
611000 98 5343.855 1061.227 9.983 213.1656 0 0 0 
612000 98 5343.855 1060.506 9.983 213.1656 0 0 0 
613000 98 5343.855 1059.734 9.983 213.1656 0 0 0 
614000 99 5360.978 1059.871 9.56 213.8842 0 0 0 
615000 99 5360.978 1059.651 9.56 213.8842 0 0 0 
616000 99 5360.978 1060.137 9.56 213.8842 0 0 0 
617000 99 5360.978 1063.654 9.56 213.8842 0 0 0 
618000 99 5360.978 1069.088 9.56 213.8842 0 0 0 
619000 99 5360.978 1064.959 9.56 213.8842 0 0 0 
620000 100 5377.759 1065.201 9.456 214.5396 0 0 0 
621000 100 5377.759 1062.768 9.456 214.5396 0 0 0 
622000 100 5377.759 1065.122 9.456 214.5396 0 0 0 
623000 100 5377.759 1063.78 9.456 214.5396 0 0 0 
624000 100 5377.759 1067.048 9.456 214.5396 0 0 0 
625000 100 5377.759 1065.823 9.456 214.5396 0 0 0 
626000 100 5377.759 1064.183 9.456 214.5396 0 0 0 
627000 101 5394.204 1067.724 9.336 215.238 0 0 0 
628000 101 5394.204 1064.265 9.336 215.238 0 0 0 
629000 101 5394.204 1066.694 9.336 215.238 0 0 0 
630000 101 5394.204 1073.47 9.336 215.238 0 0 0 
631000 101 5394.204 1073.789 9.336 215.238 0 0 0 
632000 101 5394.204 1075.157 9.336 215.238 0 0 0 
633000 102 5410.32 1079.768 9.322 215.8507 0 0 0 
634000 102 5410.32 1078.878 9.322 215.8507 0 0 0 
635000 102 5410.32 1083.261 9.322 215.8507 0 0 0 
636000 102 5410.32 1088.199 9.322 215.8507 0 0 0 
637000 102 5410.32 1089.089 9.322 215.8507 0 0 0 
638000 102 5410.32 1086.527 9.322 215.8507 0 0 0 
639000 103 5426.113 1092.225 9.371 216.5386 0 0 0 
640000 103 5426.113 1093.046 9.371 216.5386 0 0 0 
641000 103 5426.113 1097.761 9.371 216.5386 0 0 0 
642000 103 5426.113 1101.264 9.371 216.5386 0 0 0 
643000 103 5426.113 1105.998 9.371 216.5386 0 0 0 
644000 103 5426.113 1105.998 9.371 216.5386 0 0 0 
645000 104 5441.591 1105.971 9.522 217.1292 0 0 0 
646000 104 5441.591 1105.971 9.522 217.1292 0 0 0 
647000 104 5441.591 1111.09 9.522 217.1292 0 0 0 
648000 104 5441.591 1115.856 9.522 217.1292 0 0 0 
649000 104 5441.591 1121.814 9.522 217.1292 0 0 0 
650000 104 5441.591 1121.114 9.522 217.1292 0 0 0 
651000 105 5456.759 1121.087 9.634 217.6985 0 0 0 
652000 105 5456.759 1122.149 9.634 217.6985 0 0 0 
653000 105 5456.759 1121.605 9.634 217.6985 0 0 0 
654000 105 5456.759 1126.701 9.634 217.6985 0 0 0 
655000 105 5456.759 1132.778 9.634 217.6985 0 0 0 
656000 105 5456.759 1132.227 9.634 217.6985 0 0 0 
657000 105 5456.759 1132.814 9.634 217.6985 0 0 0 
658000 106 5471.624 1133.823 9.676 218.3338 0 0 0 
659000 106 5471.624 1133.381 9.676 218.3338 0 0 0 
660000 106 5471.624 1138.742 9.676 218.3338 0 0 0 
661000 106 5471.624 1145.116 9.676 218.3338 0 0 0 
662000 106 5471.624 1145.186 9.676 218.3338 0 0 0 
663000 106 5471.624 1143.855 9.676 218.3338 0 0 0 
664000 107 5486.191 1149.789 9.732 218.8988 0 0 0 
665000 107 5486.191 1147.774 9.732 218.8988 0 0 0 
666000 107 5486.191 1153.747 9.732 218.8988 0 0 0 
667000 107 5486.191 1157.985 9.732 218.8988 0 0 0 
668000 107 5486.191 1159.482 9.732 218.8988 0 0 0 
669000 107 5486.191 1158.073 9.732 218.8988 0 0 0 
670000 108 5500.468 1158.12 9.793 219.5198 0 0 0 
671000 108 5500.468 1159.436 9.793 219.5198 0 0 0 
672000 108 5500.468 1166.254 9.793 219.5198 0 0 0 
673000 108 5500.468 1169.171 9.793 219.5198 0 0 0 
674000 108 5500.468 1173.602 9.793 219.5198 0 0 0 
675000 108 5500.468 1170.069 9.793 219.5198 0 0 0 
676000 109 5514.458 1176.974 9.929 220.0435 0 0 0 
677000 109 5514.458 1178.506 9.929 220.0435 0 0 0 
678000 109 5514.458 1181.882 9.929 220.0435 0 0 0 
679000 109 5514.458 1188.839 9.929 220.0435 0 0 0 
680000 109 5514.458 1195.454 9.929 220.0435 0 0 0 
681000 109 5514.458 1194.956 9.929 220.0435 0 0 0 
682000 110 5528.169 1196.388 10.165 220.6403 0 0 0 
683000 110 5528.169 1197.693 10.165 220.6403 0 0 0 
684000 110 5528.169 1197.693 10.165 220.6403 0 0 0 
685000 110 5528.169 1197.693 10.165 220.6403 0 0 0 
686000 110 5528.169 1208.449 10.165 220.6403 0 0 0 
687000 110 5528.169 1209.322 10.165 220.6403 0 0 0 
688000 110 5528.169 1208.753 10.165 220.6403 0 0 0 
689000 111 5541.606 1207.195 10.222 221.154 0 0 0 
690000 111 5541.606 1206.199 10.222 221.154 0 0 0 
691000 111 5541.606 1213.229 10.222 221.154 0 0 0 
692000 111 5541.606 1220.77 10.222 221.154 0 0 0 
693000 111 5541.606 1221.151 10.222 221.154 0 0 0 
694000 111 5541.606 1221.151 10.222 221.154 0 0 0 
695000 112 5554.774 1221.095 10.252 221.7084 0 0 0 
696000 112 5554.774 1220.148 10.252 221.7084 0 0 0 
697000 112 5554.774 1225.98 10.252 221.7084 0 0 0 
698000 112 5554.774 1230.24 10.252 221.7084 0 0 0 
699000 112 5554.774 1230.639 10.252 221.7084 0 0 0 
700000 112 5554.774 1232.462 10.252 221.7084 0 0 0 
701000 113 5567.678 1236.095 10.305 222.1931 0 0 0 
702000 113 5567.678 1236.829 10.305 222.1931 0 0 0 
703000 113 5567.678 1239.948 10.305 222.1931 0 0 0 
704000 113 5567.678 1242.841 10.305 222.1931 0 0 0 
705000 113 5567.678 1246.089 10.305 222.1931 0 0 0 
706000 113 5567.678 1241.789 10.305 222.1931 0 0 0 
707000 114 5580.325 1245.226 10.297 222.6787 0 0 0 
708000 114 5580.325 1245.248 10.297 222.6787 0 0 0 
709000 114 5580.325 1249.269 10.297 222.6787 0 0 0 
710000 114 5580.325 1251.766 10.297 222.6787 0 0 0 
711000 114 5580.325 1256.929 10.297 222.6787 0 0 0 
712000 114 5580.325 1255.087 10.297 222.6787 0 0 0 
713000 115 5592.718 1257.728 10.367 223.2056 0 0 0 
714000 115 5592.718 1258.225 10.367 223.2056 0 0 0 
715000 115 5592.718 1260.4 10.367 223.2056 0 0 0 
716000 115 5592.718 1262.99 10.367 223.2056 0 0 0 
717000 115 5592.718 1269.712 10.367 223.2056 0 0 0 
718000 115 5592.718 1270.256 10.367 223.2056 0 0 0 
719000 115 5592.718 1270.256 10.367 223.2056 0 0 0 
720000 116 5604.864 1269.517 10.415 223.6574 0 0 0 
721000 116 5604.864 1270.63 10.415 223.6574 0 0 0 
722000 116 5604.864 1275.604 10.415 223.6574 0 0 0 
723000 116 5604.864 1281.286 10.415 223.6574 0 0 0 
724000 116 5604.864 1280.625 10.415 223.6574 0 0 0 
725000 116 5604.864 1280.625 10.415 223.6574 0 0 0 
726000 117 5616.766 1285.136 10.441 224.1681 0 0 0 
727000 117 5616.766 1287.389 10.441 224.1681 0 0 0 
728000 117 5616.766 1290.56 10.441 224.1681 0 0 0 
729000 117 5616.766 1295.853 10.441 224.1681 0 0 0 
730000 117 5616.766 1299.126 10.441 224.1681 0 0 0 
731000 117 5616.766 1299.126 10.441 224.1681 0 0 0 
732000 118 5628.431 1302.02 10.569 224.6169 0 0 0 
733000 118 5628.431 1303.388 10.569 224.6169 0 0 0 
734000 118 5628.431 1306.169 10.569 224.6169 0 0 0 
735000 118 5628.431 1309.048 10.569 224.6169 0 0 0 
736000 118 5628.431 1312.974 10.569 224.6169 0 0 0 
737000 118 5628.431 1310.626 10.569 224.6169 0 0 0 
738000 119 5639.862 1310.599 10.589 225.1106 0 0 0 
739000 119 5639.862 1311.927 10.589 225.1106 0 0 0 
740000 119 5639.862 1312.893 10.589 225.1106 0 0 0 
741000 119 5639.862 1316.119 10.589 225.1106 0 0 0 
742000 119 5639.862 1319.703 10.589 225.1106 0 0 0 
743000 119 5639.862 1320.748 10.589 225.1106 0 0 0 
744000 120 5651.065 1319.764 10.56 225.5216 0 0 0 
745000 120 5651.065 1319.764 10.56 225.5216 0 0 0 
746000 120 5651.065 1319.764 10.56 225.5216 0 0 0 
747000 120 5651.065 1327.316 10.56 225.5216 0 0 0 
748000 120 5651.065 1332.841 10.56 225.5216 0 0 0 
749000 120 5651.065 1333.1 10.56 225.5216 0 0 0 
750000 120 5651.065 1333.385 10.56 225.5216 0 0 0 
751000 121 5662.044 1334.996 10.645 225.9209 0 0 0 
752000 121 5662.044 1335.696 10.645 225.9209 0 0 0 
753000 121 5662.044 1341.297 10.645 225.9209 0 0 0 
754000 121 5662.044 1346.944 10.645 225.9209 0 0 0 
755000 121 5662.044 1345.021 10.645 225.9209 0 0 0 
756000 121 5662.044 1346.73 10.645 225.9209 0 0 0 
757000 122 5672.803 1349.174 10.675 226.404 0 0 0 
758000 122 5672.803 1347.443 10.675 226.404 0 0 0 
759000 122 5672.803 1352.268 10.675 226.404 0 0 0 
760000 122 5672.803 1357.3 10.675 226.404 0 0 0 
761000 122 5672.803 1359.691 10.675 226.404 0 0 0 
762000 122 5672.803 1358.199 10.675 226.404 0 0 0 
763000 123 5683.347 1353.997 10.692 226.8022 0 0 0 
764000 123 5683.347 1349.641 10.692 226.8022 0 0 0 
765000 123 5683.347 1344.908 10.692 226.8022 0 0 0 
766000 123 5683.347 1344.876 10.692 226.8022 0 0 0 
767000 123 5683.347 1348.579 10.692 226.8022 0 0 0 
768000 123 5683.347 1347.701 10.692 226.8022 0 0 0 
769000 124 5693.68 1348.842 10.304 227.2672 0 0 0 
770000 124 5693.68 1349.324 10.304 227.2672 0 0 0 
771000 124 5693.68 1346.459 10.304 227.2672 0 0 0 
772000 124 5693.68 1346.459 10.304 227.2672 0 0 0 
773000 124 5693.68 1346.459 10.304 227.2672 0 0 0 
774000 124 5693.68 1346.459 10.304 227.2672 0 0 0 
775000 125 5703.806 1337.063 9.848 227.6461 0 0 0 
776000 125 5703.806 1337.063 9.848 227.6461 0 0 0 
777000 125 5703.806 1333.982 9.848 227.6461 0 0 0 
778000 125 5703.806 1335.349 9.848 227.6461 0 0 0 
779000 125 5703.806 1341.874 9.848 227.6461 0 0 0 
780000 125 5703.806 1343.182 9.848 227.6461 0 0 0 
781000 125 5703.806 1344.178 9.848 227.6461 0 0 0 
782000 126 5713.73 1347.598 9.795 228.0978 0 0 0 
783000 126 5713.73 1348.446 9.795 228.0978 0 0 0 
784000 126 5713.73 1354.514 9.795 228.0978 0 0 0 
785000 126 5713.73 1360.413 9.795 228.0978 0 0 0 
786000 126 5713.73 1360.143 9.795 228.0978 0 0 0 
787000 126 5713.73 1362.865 9.795 228.0978 0 0 0 
788000 127 5723.456 1366.533 9.959 228.4612 0 0 0 
789000 127 5723.456 1362.932 9.959 228.4612 0 0 0 
790000 127 5723.456 1366.905 9.959 228.4612 0 0 0 
791000 127 5723.456 1372.204 9.959 228.4612 0 0 0 
792000 127 5723.456 1374.788 9.959 228.4612 0 0 0 
793000 127 5723.456 1373.462 9.959 228.4612 0 0 0 
794000 128 5732.987 1375.408 9.984 228.886 0 0 0 
795000 128 5732.987 1376.7 9.984 228.886 0 0 0 
796000 128 5732.987 1380.988 9.984 228.886 0 0 0 
797000 128 5732.987 1385.9 9.984 228.886 0 0 0 
798000 128 5732.987 1387.732 9.984 228.886 0 0 0 
799000 128 5732.987 1383.127 9.984 228.886 0 0 0 
800000 129 5742.327 1387.558 10.016 229.2182 0 0 0 
801000 129 5742.327 1386.886 10.016 229.2182 0 0 0 
802000 129 5742.327 1390.98 10.016 229.2182 0 0 0 
803000 129 5742.327 1395.243 10.016 229.2182 0 0 0 
804000 129 5742.327 1399.312 10.016 229.2182 0 0 0 
805000 129 5742.327 1395.727 10.016 229.2182 0 0 0 
806000 130 5751.48 1399.934 10.114 229.5461 0 0 0 
807000 130 5751.48 1405.332 10.114 229.5461 0 0 0 
808000 130 5751.48 1409.773 10.114 229.5461 0 0 0 
809000 130 5751.48 1412.896 10.114 229.5461 0 0 0 
810000 130 5751.48 1418.695 10.114 229.5461 0 0 0 
811000 130 5751.48 1419.426 10.114 229.5461 0 0 0 
812000 130 5751.48 1419.511 10.114 229.5461 0 0 0 
813000 131 5760.451 1419.827 10.303 229.9486 0 0 0 
814000 131 5760.451 1420.215 10.303 229.9486 0 0 0 
815000 131 5760.451 1427.509 10.303 229.9486 0 0 0 
816000 131 5760.451 1430.361 10.303 229.9486 0 0 0 
817000 131 5760.451 1432.67 10.303 229.9486 0 0 0 
818000 131 5760.451 1432.984 10.303 229.9486 0 0 0 
819000 132 5769.242 1435.651 10.366 230.2664 0 0 0 
820000 132 5769.242 1436.643 10.366 230.2664 0 0 0 
821000 132 5769.242 1444.002 10.366 230.2664 0 0 0 
822000 132 5769.242 1450.053 10.366 230.2664 0 0 0 
823000 132 5769.242 1451.793 10.366 230.2664 0 0 0 
824000 132 5769.242 1450.809 10.366 230.2664 0 0 0 
825000 133 5777.857 1450.782 10.515 230.6385 0 0 0 
826000 133 5777.857 1450.782 10.515 230.6385 0 0 0 
827000 133 5777.857 1450.782 10.515 230.6385 0 0 0 
828000 133 5777.857 1450.782 10.515 230.6385 0 0 0 
829000 133 5777.857 1450.782 10.515 230.6385 0 0 0 
830000 133 5777.857 1450.782 10.515 230.6385 0 0 0 
831000 134 5786.3 1450.755 10.304 230.9274 0 0 0 
832000 134 5786.3 1450.755 10.304 230.9274 0 0 0 
833000 134 5786.3 1450.755 10.304 230.9274 0 0 0 
834000 134 5786.3 1450.755 10.304 230.9274 0 0 0 
835000 134 5786.3 1450.755 10.304 230.9274 0 0 0 
836000 134 5786.3 1450.755 10.304 230.9274 0 0 0 
837000 135 5794.574 1450.728 10.098 231.3123 0 0 0 
838000 135 5794.574 1450.728 10.098 231.3123 0 0 0 
839000 135 5794.574 1450.728 10.098 231.3123 0 0 0 
840000 135 5794.574 1450.728 10.098 231.3123 0 0 0 
841000 135 5794.574 1450.728 10.098 231.3123 0 0 0 
842000 135 5794.574 1450.728 10.098 231.3123 0 0 0 
843000 135 5794.574 1450.728 10.098 231.3123 0 0 0 
844000 136 5802.682 1450.701 9.895 231.5986 0 0 0 
845000 136 5802.682 1450.701 9.895 231.5986 0 0 0 
846000 136 5802.682 1450.701 9.895 231.5986 0 0 0 
847000 136 5802.682 1450.701 9.895 231.5986 0 0 0 
848000 136 5802.682 1450.701 9.895 231.5986 0 0 0 
849000 136 5802.682 1450.701 9.895 231.5986 0 0 0 
850000 137 5810.629 1450.674 9.697 231.8732 0 0 0 
851000 137 5810.629 1450.674 9.697 231.8732 0 0 0 
852000 137 5810.629 1450.674 9.697 231.8732 0 0 0 
853000 137 5810.629 1450.674 9.697 231.8732 0 0 0 
854000 137 5810.629 1450.674 9.697 231.8732 0 0 0 
855000 137 5810.629 1450.674 9.697 231.8732 0 0 0 
856000 138 5818.416 1450.647 9.502 232.2221 0 0 0 
857000 138 5818.416 1450.525 9.502 232.2221 0 0 0 
858000 138 5818.416 1455.027 9.502 232.2221 0 0 0 
859000 138 5818.416 1458.154 9.502 232.2221 0 0 0 
860000 138 5818.416 1461.855 9.502 232.2221 0 0 0 
861000 138 5818.416 1461.71 9.502 232.2221 0 0 0 
862000 139 5826.048 1461.683 9.533 232.4818 0 0 0 
863000 139 5826.048 1461.683 9.533 232.4818 0 0 0 
864000 139 5826.048 1461.683 9.533 232.4818 0 0 0 
865000 139 5826.048 1461.683 9.533 232.4818 0 0 0 
866000 139 5826.048 1461.683 9.533 232.4818 0 0 0 
867000 139 5826.048 1472.015 9.533 232.4818 0 0 0 
868000 140 5833.527 1478.727 9.683 232.7985 0 0 0 
869000 140 5833.527 1483.603 9.683 232.7985 0 0 0 
870000 140 5833.527 1486.629 9.683 232.7985 0 0 0 
871000 140 5833.527 1488.888 9.683 232.7985 0 0 0 
872000 140 5833.527 1494.366 9.683 232.7985 0 0 0 
873000 140 5833.527 1495.084 9.683 232.7985 0 0 0 
874000 140 5833.527 1495.084 9.683 232.7985 0 0 0 
875000 141 5840.856 1497.797 9.816 233.0603 0 0 0 
876000 141 5840.856 1499.73 9.816 233.0603 0 0 0 
877000 141 5840.856 1503.302 9.816 233.0603 0 0 0 
878000 141 5840.856 1508.91 9.816 233.0603 0 0 0 
879000 141 5840.856 1509.76 9.816 233.0603 0 0 0 
880000 141 5840.856 1509.76 9.816 233.0603 0 0 0 
881000 142 5848.039 1509.733 9.913 233.3953 0 0 0 
882000 142 5848.039 1509.733 9.913 233.3953 0 0 0 
883000 142 5848.039 1509.733 9.913 233.3953 0 0 0 
884000 142 5848.039 1509.733 9.913 233.3953 0 0 0 
885000 142 5848.039 1509.733 9.913 233.3953 0 0 0 
886000 142 5848.039 1509.733 9.913 233.3953 0 0 0 
887000 143 5855.078 1509.706 9.715 233.6499 0 0 0 
888000 143 5855.078 1509.706 9.715 233.6499 0 0 0 
889000 143 5855.078 1509.706 9.715 233.6499 0 0 0 
890000 143 5855.078 1509.706 9.715 233.6499 0 0 0 
891000 143 5855.078 1509.706 9.715 233.6499 0 0 0 
892000 143 5855.078 1521.263 9.715 233.6499 0 0 0 
893000 144 5861.977 1525.781 9.796 233.9728 0 0 0 
894000 144 5861.977 1528.498 9.796 233.9728 0 0 0 
895000 144 5861.977 1531.807 9.796 233.9728 0 0 0 
896000 144 5861.977 1535.49 9.796 233.9728 0 0 0 
897000 144 5861.977 1540.632 9.796 233.9728 0 0 0 
898000 144 5861.977 1539.338 9.796 233.9728 0 0 0 
899000 145 5868.737 1539.311 9.917 234.2069 0 0 0 
900000 145 5868.737 1539.661 9.917 234.2069 0 0 0 
901000 145 5868.737 1542.795 9.917 234.2069 0 0 0 
902000 145 5868.737 1544.227 9.917 234.2069 0 0 0 
903000 145 5868.737 1550.868 9.917 234.2069 0 0 0 
904000 145 5868.737 1550.761 9.917 234.2069 0 0 0 
905000 145 5868.737 1550.761 9.917 234.2069 0 0 0 
906000 146 5875.362 1550.821 9.947 234.4562 0 0 0 
907000 146 5875.362 1551.855 9.947 234.4562 0 0 0 
908000 146 5875.362 1557.392 9.947 234.4562 0 0 0 
909000 146 5875.362 1562.646 9.947 234.4562 0 0 0 
910000 146 5875.362 1562.548 9.947 234.4562 0 0 0 
911000 146 5875.362 1562.548 9.947 234.4562 0 0 0 
912000 147 5881.855 1562.239 9.983 234.7456 0 0 0 
913000 147 5881.855 1566.039 9.983 234.7456 0 0 0 
914000 147 5881.855 1569.688 9.983 234.7456 0 0 0 
915000 147 5881.855 1574.514 9.983 234.7456 0 0 0 
916000 147 5881.855 1577.722 9.983 234.7456 0 0 0 
917000 147 5881.855 1574.303 9.983 234.7456 0 0 0 
918000 148 5888.218 1574.276 10.019 234.9712 0 0 0 
919000 148 5888.218 1574.276 10.019 234.9712 0 0 0 
920000 148 5888.218 1581.511 10.019 234.9712 0 0 0 
921000 148 5888.218 1583.388 10.019 234.9712 0 0 0 
922000 148 5888.218 1588.41 10.019 234.9712 0 0 0 
923000 148 5888.218 1587.251 10.019 234.9712 0 0 0 
924000 149 5894.454 1587.968 10.092 235.2523 0 0 0 
925000 149 5894.454 1590.084 10.092 235.2523 0 0 0 
926000 149 5894.454 1592.352 10.092 235.2523 0 0 0 
927000 149 5894.454 1600.022 10.092 235.2523 0 0 0 
928000 149 5894.454 1604.383 10.092 235.2523 0 0 0 
929000 149 5894.454 1603.087 10.092 235.2523 0 0 0 
930000 150 5900.565 1603.06 10.192 235.4695 0 0 0 
931000 150 5900.565 1604.008 10.192 235.4695 0 0 0 
932000 150 5900.565 1604.008 10.192 235.4695 0 0 0 
933000 150 5900.565 1609.574 10.192 235.4695 0 0 0 
934000 150 5900.565 1615.105 10.192 235.4695 0 0 0 
935000 150 5900.565 1616.606 10.192 235.4695 0 0 0 
936000 150 5900.565 1616.606 10.192 235.4695 0 0 0 
937000 151 5906.553 1616.579 10.259 235.7324 0 0 0 
938000 151 5906.553 1617.804 10.259 235.7324 0 0 0 
939000 151 5906.553 1625.252 10.259 235.7324 0 0 0 
940000 151 5906.553 1626.572 10.259 235.7324 0 0 0 
941000 151 5906.553 1629.076 10.259 235.7324 0 0 0 
942000 151 5906.553 1629.076 10.259 235.7324 0 0 0 
943000 152 5912.422 1629.049 10.303 235.9331 0 0 0 
944000 152 5912.422 1629.049 10.303 235.9331 0 0 0 
945000 152 5912.422 1636.059 10.303 235.9331 0 0 0 
946000 152 5912.422 1641.996 10.303 235.9331 0 0 0 
947000 152 5912.422 1642.788 10.303 235.9331 0 0 0 
948000 152 5912.422 1642.788 10.303 235.9331 0 0 0 
949000 153 5918.174 1642.761 10.371 236.1309 0 0 0 
950000 153 5918.174 1642.761 10.371 236.1309 0 0 0 
951000 153 5918.174 1647.186 10.371 236.1309 0 0 0 
952000 153 5918.174 1653.726 10.371 236.1309 0 0 0 
953000 153 5918.174 1657.76 10.371 236.1309 0 0 0 
954000 153 5918.174 1655.213 10.371 236.1309 0 0 0 
955000 154 5923.81 1659.932 10.477 236.3818 0 0 0 
956000 154 5923.81 1660.151 10.477 236.3818 0 0 0 
957000 154 5923.81 1663.006 10.477 236.3818 0 0 0 
958000 154 5923.81 1668.285 10.477 236.3818 0 0 0 
959000 154 5923.81 1671.935 10.477 236.3818 0 0 0 
960000 154 5923.81 1670.375 10.477 236.3818 0 0 0 
961000 155 5929.334 1672.408 10.547 236.5592 0 0 0 
962000 155 5929.334 1673.093 10.547 236.5592 0 0 0 
963000 155 5929.334 1677.294 10.547 236.5592 0 0 0 
964000 155 5929.334 1681.079 10.547 236.5592 0 0 0 
965000 155 5929.334 1684.727 10.547 236.5592 0 0 0 
966000 155 5929.334 1683.229 10.547 236.5592 0 0 0 
967000 155 5929.334 1683.535 10.547 236.5592 0 0 0 
968000 156 5934.747 1685.593 10.558 236.821 0 0 0 
969000 156 5934.747 1685.246 10.558 236.821 0 0 0 
970000 156 5934.747 1690.72 10.558 236.821 0 0 0 
971000 156 5934.747 1693.892 10.558 236.821 0 0 0 
972000 156 5934.747 1692.58 10.558 236.821 0 0 0 
973000 156 5934.747 1693.4 10.558 236.821 0 0 0 
974000 157 5940.053 1697.497 10.542 237.0094 0 0 0 
975000 157 5940.053 1696.195 10.542 237.0094 0 0 0 
976000 157 5940.053 1701.786 10.542 237.0094 0 0 0 
977000 157 5940.053 1707.559 10.542 237.0094 0 0 0 
978000 157 5940.053 1707.256 10.542 237.0094 0 0 0 
979000 157 5940.053 1707.256 10.542 237.0094 0 0 0 
980000 158 5945.251 1707.229 10.611 237.2408 0 0 0 
981000 158 5945.251 1707.229 10.611 237.2408 0 0 0 
982000 158 5945.251 1707.229 10.611 237.2408 0 0 0 
983000 158 5945.251 1716.592 10.611 237.2408 0 0 0 
984000 158 5945.251 1717.649 10.611 237.2408 0 0 0 
985000 158 5945.251 1718.277 10.611 237.2408 0 0 0 
986000 159 5950.346 1717.253 10.599 237.4058 0 0 0 
987000 159 5950.346 1717.253 10.599 237.4058 0 0 0 
988000 159 5950.346 1721.655 10.599 237.4058 0 0 0 
989000 159 5950.346 1725.783 10.599 237.4058 0 0 0 
990000 159 5950.346 1731.982 10.599 237.4058 0 0 0 
991000 159 5950.346 1733.241 10.599 237.4058 0 0 0 
992000 160 5955.34 1733.214 10.706 237.6667 0 0 0 
993000 160 5955.34 1735.121 10.706 237.6667 0 0 0 
994000 160 5955.34 1738.629 10.706 237.6667 0 0 0 
995000 160 5955.34 1741.16 10.706 237.6667 0 0 0 
996000 160 5955.34 1745.941 10.706 237.6667 0 0 0 
997000 160 5955.34 1745.524 10.706 237.6667 0 0 0 
998000 160 5955.34 1745.411 10.706 237.6667 0 0 0 
999000 161 5960.233 1745.526 10.735 237.8315 0 0 0 
