128 0 0 0.0 0.0 3.08 -0.0047523 0.0026175  {} 
256 0 0 0.0 0.0 4.9 -0.0037703 0.0021781  {} 
384 1 1 0.0 0.0 4.59 -0.0020627 0.0015082  {} 
512 1 1 0.0 0.0 4.7 -0.0026005 0.0020239  {} 
640 1 1 0.0 0.0 4.52 0.0001931 0.000154  {} 
768 1 1 0.0 0.0 4.47 -0.0007826 0.0005213  {} 
896 1 1 0.0 0.0 4.32 0.0001672 4.11e-05  {} 
1024 1 1 0.0 0.0 4.24 -0.001652 0.0010828  {} 
1152 1 1 0.0 0.0 4.28 -0.0004367 0.0006767  {} 
1280 1 1 0.0 0.0 4.26 -0.0009373 0.000968  {} 
1408 1 1 0.0 0.0 4.29 -0.0019501 0.0015195  {} 
1536 3 3 0.0 0.0 4.32 -0.0006059 0.0011409  {} 
1664 3 3 0.0 0.0 4.36 -0.0037902 0.0025584  {} 
1792 3 3 0.0 0.0 4.44 -0.0006832 0.0008685  {} 
1920 3 3 0.0 0.0 4.47 -0.0015479 0.0011647  {} 
2048 3 3 0.0 0.0 4.5 -0.0026064 0.0015275  {} 
2176 3 3 0.0 0.0 4.64 -0.0029219 0.002092  {} 
2304 3 3 0.0 0.0 4.65 -0.0041691 0.0030651  {} 
2432 3 3 0.0 0.0 4.84 -0.0041057 0.0032998  {} 
2560 3 3 0.0 0.0 4.86 -0.0080029 0.0059614  {} 
2688 6 6 0.0 0.0 4.68 -0.00697 0.0061107  {} 
2816 6 6 0.0 0.0 4.68 -0.0053729 0.0066383  {} 
2944 7 7 0.0 0.0 4.55 -0.0037413 0.0070614  {} 
3072 9 9 0.0 0.0 4.48 -0.0059537 0.0084866  {} 
3200 10 10 0.1 0.1 4.41 0.0024219 0.0067062  {} 
3328 10 10 0.1 0.1 4.31 -0.0046409 0.008644  {} 
3456 13 13 0.07290000000000002 0.07290000000000002 4.17 -0.0085821 0.0100954  {} 
3584 15 15 0.05904900000000002 0.05904900000000002 4.15 -0.0031544 0.0081675  {} 
3712 16 16 0.05314410000000002 0.05314410000000002 4.12 -0.0044963 0.0095512  {} 
3840 16 16 0.05314410000000002 0.05314410000000002 4.11 -0.0039794 0.0105321  {} 
3968 18 18 0.043046721000000024 0.043046721000000024 4.01 -0.0095161 0.0111912  {} 
4096 21 21 0.03138105960900001 0.03138105960900001 4.08 -0.0123689 0.0135312  {} 
4224 21 21 0.03138105960900001 0.03138105960900001 4.1 0.0009717 0.0110114  {} 
4352 23 23 0.12541865828329002 0.12541865828329002 4.27 -0.0116824 0.0176422  {} 
4480 23 23 0.12541865828329002 0.12541865828329002 4.31 -0.0025285 0.0172362  {} 
4608 23 23 0.12541865828329002 0.12541865828329002 4.31 -0.0126726 0.0229386  {} 
4736 23 23 0.12541865828329002 0.12541865828329002 4.32 -0.0037364 0.0270227  {} 
4864 23 23 0.12541865828329002 0.12541865828329002 4.4 0.0027202 0.0231184  {} 
4992 23 23 0.12541865828329002 0.12541865828329002 4.37 -0.0079197 0.0228778  {} 
5120 23 23 0.12541865828329002 0.12541865828329002 4.43 -0.0097624 0.0240541  {} 
5248 23 23 0.12541865828329002 0.12541865828329002 4.4 -0.0167465 0.0267111  {} 
5376 23 23 0.12541865828329002 0.12541865828329002 4.47 -0.0199605 0.0245526  {} 
5504 26 26 0.19143020188851845 0.19143020188851845 4.55 -0.0176678 0.0281307  {} 
5632 31 31 0.1859376199131513 0.1859376199131513 4.44 -0.0170334 0.0317835  {} 
5760 33 33 0.34060947212965254 0.34060947212965254 4.51 -0.0289221 0.0323108  {} 
5888 35 35 0.3658936724250185 0.3658936724250185 4.43 -0.0261882 0.0357325  {} 
6016 35 35 0.3658936724250185 0.3658936724250185 4.32 -0.0107613 0.0322745  {} 
6144 35 35 0.3658936724250185 0.3658936724250185 4.26 -0.0169081 0.0336647  {} 
6272 35 35 0.3658936724250185 0.3658936724250185 4.25 -0.0263676 0.030783  {} 
6400 35 35 0.3658936724250185 0.3658936724250185 4.1 -0.0051079 0.0306124  {} 
6528 35 35 0.3658936724250185 0.3658936724250185 3.99 -0.0190567 0.0310246  {} 
6656 35 35 0.3658936724250185 0.3658936724250185 3.96 -0.0081008 0.0276948  {} 
6784 35 35 0.3658936724250185 0.3658936724250185 3.95 -0.0285911 0.0325807  {} 
6912 35 35 0.3658936724250185 0.3658936724250185 3.96 -0.0432225 0.0317266  {} 
7040 38 38 0.3667364871978386 0.3667364871978386 3.92 -0.0199509 0.0412147  {} 
7168 43 43 0.5260642283254517 0.5260642283254517 3.86 -0.0328003 0.0367011  {} 
7296 46 46 0.4645008224492544 0.4645008224492544 4.01 -0.040031 0.0418561  {} 
7424 50 50 0.6486589896089558 0.6486589896089558 4.06 -0.0523934 0.0393925  {} 
7552 54 54 0.6794851630824359 0.6794851630824359 4.1 -0.0482662 0.0388078  {} 
7680 59 59 0.6378391939485475 0.6378391939485475 4.13 -0.0477519 0.0354085  {} 
7808 65 65 0.74192289907121 0.74192289907121 4.14 -0.0415488 0.0361643  {} 
7936 71 71 0.8628472474053029 0.8628472474053029 4.16 -0.0386318 0.0325334  {} 
8064 76 76 0.9190126711203573 0.9190126711203573 4.21 -0.0426204 0.0293149  {} 
8192 79 79 0.9409602372467405 0.9409602372467405 4.2 -0.0306166 0.0249348  {} 
8320 87 87 0.9214412180485424 0.9214412180485424 4.21 -0.0187668 0.0265863  {} 
8448 90 90 0.9427306479573875 0.9427306479573875 4.18 -0.023342 0.0260595  {} 
8576 97 97 0.9726082464530098 0.9726082464530098 4.23 -0.0266801 0.019504  {} 
8704 103 103 0.9854428991032339 0.9854428991032339 4.16 -0.0239178 0.01591  {} 
8832 108 108 0.9914041774914687 0.9914041774914687 4.14 -0.0119621 0.0148655  {} 
8960 116 116 0.9962997802670973 0.9962997802670973 4.16 -0.0101465 0.0143894  {} 
9088 126 126 0.9987098131555042 0.9987098131555042 4.16 0.0006837 0.0131425  {} 
9216 134 134 0.9994446168686711 0.9994446168686711 4.14 -0.0194027 0.0137107  {} 
9344 142 142 0.9997609257729757 0.9997609257729757 4.1 -0.0062507 0.0130133  {} 
9472 152 152 0.9189249759743077 0.9189249759743077 4.11 -0.0115268 0.0124488  {} 
9600 164 164 0.9745577983824862 0.9745577983824862 4.02 -0.0053255 0.0115398  {} 
9728 172 172 0.9890479664534514 0.9890479664534514 4.04 -0.0046429 0.0112638  {} 
9856 181 181 0.9957569578078516 0.9957569578078516 4.09 -0.0068184 0.0100567  {} 
9984 191 191 0.9986684884004469 0.9986684884004469 4.07 -0.0057522 0.0108417  {} 
10112 202 202 0.9995357306124928 0.9995357306124928 4.08 -0.0024031 0.0097616  {} 
10240 212 212 0.9188381192741778 0.9188381192741778 4.06 -0.0120142 0.0100051  {} 
10368 219 219 0.9611805240506694 0.9611805240506694 4.04 -0.0032946 0.010453  {} 
10496 229 229 0.9864644856804878 0.9864644856804878 3.97 0.0034621 0.0085565  {} 
10624 238 238 0.9947560644234681 0.9947560644234681 4.1 -0.0019483 0.0091823  {} 
10752 248 248 0.9391225527231899 0.9391225527231899 4.01 0.004275 0.0099701  {} 
10880 259 259 0.9808960119816267 0.9808960119816267 4.09 -0.0071011 0.0097928  {} 
11008 269 269 0.9933388512580644 0.9933388512580644 4.04 -0.0117306 0.0093085  {} 
11136 279 279 0.997909660942649 0.997909660942649 4.05 -0.0041194 0.0096941  {} 
11264 291 291 0.9993440294543824 0.9993440294543824 4.06 0.0010108 0.0109183  {} 
