MultiEnvParallel
env_name		   =  basic.wad
envs_count      =  128
threads_count   =  16




model_ppo
Sequential(
  (0): Conv2d(6, 16, kernel_size=(3, 3), stride=(2, 2), padding=(1, 1))
  (1): ReLU()
  (2): Conv2d(16, 32, kernel_size=(3, 3), stride=(2, 2), padding=(1, 1))
  (3): ReLU()
  (4): Conv2d(32, 64, kernel_size=(3, 3), stride=(2, 2), padding=(1, 1))
  (5): ReLU()
  (6): Conv2d(64, 64, kernel_size=(3, 3), stride=(1, 1), padding=(1, 1))
  (7): ReLU()
  (8): Flatten(start_dim=1, end_dim=-1)
  (9): Linear(in_features=8192, out_features=512, bias=True)
)
ModelFC(
  (act0): ReLU()
  (lin0): Linear(in_features=512, out_features=512, bias=True)
  (act1): ReLU()
  (lin1): Linear(in_features=512, out_features=12, bias=True)
)
ModelCritic(
  (act0): ReLU()
  (hidden): Linear(in_features=512, out_features=512, bias=True)
  (act1): ReLU()
  (value): Linear(in_features=512, out_features=1, bias=True)
)
ModelFC(
  (act0): ReLU()
  (lin0): Linear(in_features=512, out_features=512, bias=True)
  (act1): ReLU()
  (lin1): Linear(in_features=512, out_features=512, bias=True)
)



starting training
128 0 0 0.0 0.0 3.08 -0.0047523 0.0026175  {} 
256 0 0 0.0 0.0 4.9 -0.0037703 0.0021781  {} 
384 1 1 0.0 0.0 4.59 -0.0020627 0.0015082  {} 
512 1 1 0.0 0.0 4.7 -0.0026005 0.0020239  {} 
640 1 1 0.0 0.0 4.52 0.0001931 0.000154  {} 
768 1 1 0.0 0.0 4.47 -0.0007826 0.0005213  {} 
896 1 1 0.0 0.0 4.32 0.0001672 4.11e-05  {} 
1024 1 1 0.0 0.0 4.24 -0.001652 0.0010828  {} 
1152 1 1 0.0 0.0 4.28 -0.0004367 0.0006767  {} 
1280 1 1 0.0 0.0 4.26 -0.0009373 0.000968  {} 
1408 1 1 0.0 0.0 4.29 -0.0019501 0.0015195  {} 
1536 3 3 0.0 0.0 4.32 -0.0006059 0.0011409  {} 
1664 3 3 0.0 0.0 4.36 -0.0037902 0.0025584  {} 
1792 3 3 0.0 0.0 4.44 -0.0006832 0.0008685  {} 
1920 3 3 0.0 0.0 4.47 -0.0015479 0.0011647  {} 
2048 3 3 0.0 0.0 4.5 -0.0026064 0.0015275  {} 
2176 3 3 0.0 0.0 4.64 -0.0029219 0.002092  {} 
2304 3 3 0.0 0.0 4.65 -0.0041691 0.0030651  {} 
2432 3 3 0.0 0.0 4.84 -0.0041057 0.0032998  {} 
2560 3 3 0.0 0.0 4.86 -0.0080029 0.0059614  {} 
2688 6 6 0.0 0.0 4.68 -0.00697 0.0061107  {} 
2816 6 6 0.0 0.0 4.68 -0.0053729 0.0066383  {} 
2944 7 7 0.0 0.0 4.55 -0.0037413 0.0070614  {} 
3072 9 9 0.0 0.0 4.48 -0.0059537 0.0084866  {} 
3200 10 10 0.1 0.1 4.41 0.0024219 0.0067062  {} 
3328 10 10 0.1 0.1 4.31 -0.0046409 0.008644  {} 
3456 13 13 0.07290000000000002 0.07290000000000002 4.17 -0.0085821 0.0100954  {} 
3584 15 15 0.05904900000000002 0.05904900000000002 4.15 -0.0031544 0.0081675  {} 
3712 16 16 0.05314410000000002 0.05314410000000002 4.12 -0.0044963 0.0095512  {} 
3840 16 16 0.05314410000000002 0.05314410000000002 4.11 -0.0039794 0.0105321  {} 
3968 18 18 0.043046721000000024 0.043046721000000024 4.01 -0.0095161 0.0111912  {} 
4096 21 21 0.03138105960900001 0.03138105960900001 4.08 -0.0123689 0.0135312  {} 
4224 21 21 0.03138105960900001 0.03138105960900001 4.1 0.0009717 0.0110114  {} 
4352 23 23 0.12541865828329002 0.12541865828329002 4.27 -0.0116824 0.0176422  {} 
4480 23 23 0.12541865828329002 0.12541865828329002 4.31 -0.0025285 0.0172362  {} 
4608 23 23 0.12541865828329002 0.12541865828329002 4.31 -0.0126726 0.0229386  {} 
4736 23 23 0.12541865828329002 0.12541865828329002 4.32 -0.0037364 0.0270227  {} 
4864 23 23 0.12541865828329002 0.12541865828329002 4.4 0.0027202 0.0231184  {} 
4992 23 23 0.12541865828329002 0.12541865828329002 4.37 -0.0079197 0.0228778  {} 
5120 23 23 0.12541865828329002 0.12541865828329002 4.43 -0.0097624 0.0240541  {} 
5248 23 23 0.12541865828329002 0.12541865828329002 4.4 -0.0167465 0.0267111  {} 
5376 23 23 0.12541865828329002 0.12541865828329002 4.47 -0.0199605 0.0245526  {} 
5504 26 26 0.19143020188851845 0.19143020188851845 4.55 -0.0176678 0.0281307  {} 
5632 31 31 0.1859376199131513 0.1859376199131513 4.44 -0.0170334 0.0317835  {} 
5760 33 33 0.34060947212965254 0.34060947212965254 4.51 -0.0289221 0.0323108  {} 
5888 35 35 0.3658936724250185 0.3658936724250185 4.43 -0.0261882 0.0357325  {} 
6016 35 35 0.3658936724250185 0.3658936724250185 4.32 -0.0107613 0.0322745  {} 
6144 35 35 0.3658936724250185 0.3658936724250185 4.26 -0.0169081 0.0336647  {} 
6272 35 35 0.3658936724250185 0.3658936724250185 4.25 -0.0263676 0.030783  {} 
6400 35 35 0.3658936724250185 0.3658936724250185 4.1 -0.0051079 0.0306124  {} 
6528 35 35 0.3658936724250185 0.3658936724250185 3.99 -0.0190567 0.0310246  {} 
6656 35 35 0.3658936724250185 0.3658936724250185 3.96 -0.0081008 0.0276948  {} 
6784 35 35 0.3658936724250185 0.3658936724250185 3.95 -0.0285911 0.0325807  {} 
6912 35 35 0.3658936724250185 0.3658936724250185 3.96 -0.0432225 0.0317266  {} 
7040 38 38 0.3667364871978386 0.3667364871978386 3.92 -0.0199509 0.0412147  {} 
7168 43 43 0.5260642283254517 0.5260642283254517 3.86 -0.0328003 0.0367011  {} 
7296 46 46 0.4645008224492544 0.4645008224492544 4.01 -0.040031 0.0418561  {} 
7424 50 50 0.6486589896089558 0.6486589896089558 4.06 -0.0523934 0.0393925  {} 



saving new best with score =  0.23691724368334924






saving new best with score =  0.2512255193150143






saving new best with score =  0.2641029673835129






saving new best with score =  0.27769267064516157



7552 54 54 0.6794851630824359 0.6794851630824359 4.1 -0.0482662 0.0388078  {} 



saving new best with score =  0.2919234035806454






saving new best with score =  0.3047310632225809






saving new best with score =  0.31825795690032277






saving new best with score =  0.3324321612102905






saving new best with score =  0.3451889450892614



7680 59 59 0.6378391939485475 0.6378391939485475 4.13 -0.0477519 0.0354085  {} 



saving new best with score =  0.35667005058033524






saving new best with score =  0.3670030455223018






saving new best with score =  0.3783027409700716






saving new best with score =  0.3904724668730644






saving new best with score =  0.40342522018575805






saving new best with score =  0.41708269816718213



7808 65 65 0.74192289907121 0.74192289907121 4.14 -0.0415488 0.0361643  {} 



saving new best with score =  0.431374428350464






saving new best with score =  0.44623698551541763






saving new best with score =  0.4616132869638758






saving new best with score =  0.47745195826748826






saving new best with score =  0.49370676244073936






saving new best with score =  0.5103360861966655



7936 71 71 0.8628472474053029 0.8628472474053029 4.16 -0.0386318 0.0325334  {} 



saving new best with score =  0.5273024775769989






saving new best with score =  0.542572229819299






saving new best with score =  0.558315006837369






saving new best with score =  0.5744835061536322






saving new best with score =  0.5890351555382689



8064 76 76 0.9190126711203573 0.9190126711203573 4.21 -0.0426204 0.0293149  {} 



saving new best with score =  0.6041316399844421






saving new best with score =  0.6177184759859979






saving new best with score =  0.6319466283873981



8192 79 79 0.9409602372467405 0.9409602372467405 4.2 -0.0306166 0.0249348  {} 



saving new best with score =  0.6467519655486582






saving new best with score =  0.6600767689937925






saving new best with score =  0.6720690920944132






saving new best with score =  0.6828621828849719






saving new best with score =  0.6925759645964746






saving new best with score =  0.7033183681368271






saving new best with score =  0.7149865313231445






saving new best with score =  0.7274878781908299



8320 87 87 0.9214412180485424 0.9214412180485424 4.21 -0.0187668 0.0265863  {} 



saving new best with score =  0.738739090371747






saving new best with score =  0.7488651813345722






saving new best with score =  0.757978663201115



8448 90 90 0.9427306479573875 0.9427306479573875 4.18 -0.023342 0.0260595  {} 



saving new best with score =  0.7661807968810035






saving new best with score =  0.7735627171929031






saving new best with score =  0.7822064454736128






saving new best with score =  0.7899858009262516






saving new best with score =  0.7989872208336266






saving new best with score =  0.8090884987502639






saving new best with score =  0.8181796488752374



8576 97 97 0.9726082464530098 0.9726082464530098 4.23 -0.0266801 0.019504  {} 



saving new best with score =  0.8263616839877137






