0 0 0.0 0.0 0.0 0.0 0 0 0 0.0 0.000243 0.0 0.0 
10000 20 162.795 -5.0 -0.087 0.4714 0 0 0 0.0 -0.0131487 0.0 -0.0010402 
20000 41 276.421 -20.0 -0.304 0.7826 0 0 0 0.0 -0.0023828 0.0 -0.0676383 
30000 150 79.926 -112.0 -0.801 0.5324 0 0 0 0.001396 0.0051033 0.0004946 0.0533058 
40000 241 125.459 -191.0 -0.804 1.1026 0 0 0 0.0012768 0.0136026 0.0003194 -0.1135578 
50000 352 136.863 -283.0 -0.801 1.251 0 0 0 0.0012281 -0.1029414 0.0002274 0.0216221 
60000 362 294.754 -283.0 -0.654 2.6709 0 0 0 0.0010797 -0.1423085 0.0001624 0.0639544 
70000 372 423.763 -283.0 -0.535 3.807 0 0 0 0.0009169 -0.1324185 0.0001211 0.0564694 
80000 394 420.855 -290.0 -0.471 3.7775 0 0 0 0.0010795 -0.0174055 9.79e-05 -0.0767617 
90000 509 176.401 -392.0 -0.798 1.5963 0 0 0 0.001147 0.0352868 9.47e-05 0.0409282 
100000 519 327.059 -392.0 -0.652 2.9292 0 0 0 0.0010876 -0.1604591 7.62e-05 -0.0038681 
110000 530 445.007 -392.0 -0.523 4.0112 0 0 0 0.0010518 -0.0367688 6.17e-05 0.0159273 
120000 540 546.53 -392.0 -0.427 4.925 0 0 0 0.0009819 -0.055165 4.98e-05 -0.0260831 
130000 550 629.482 -392.0 -0.349 5.6445 0 0 0 0.0009166 0.0205466 4.07e-05 -0.0489036 
140000 560 697.26 -392.0 -0.285 6.2406 0 0 0 0.0008798 -0.0575467 3.77e-05 -0.0557578 
150000 570 752.639 -392.0 -0.233 6.7244 0 0 0 0.0008333 0.0025059 2.98e-05 -0.0083297 
160000 580 797.888 -392.0 -0.191 7.1149 0 0 0 0.0007804 0.0288956 2.49e-05 -0.0169826 
170000 590 834.86 -392.0 -0.156 7.4138 0 0 0 0.0007819 0.2003426 2.32e-05 0.0302811 
180000 600 865.069 -392.0 -0.127 7.7 0 0 0 0.0007677 -0.0297069 1.89e-05 -0.0958633 
190000 610 889.751 -392.0 -0.104 7.9277 0 0 0 0.0007396 -0.0472761 1.85e-05 -0.1042442 
200000 620 894.603 -392.0 -0.084 7.9718 0 0 0 0.0008097 -0.0237043 1.84e-05 -0.2210443 
210000 662 504.248 -416.0 -0.381 4.4922 0 0 0 0.0008233 -0.090963 2.18e-05 -0.1396343 
220000 677 541.56 -413.0 -0.224 4.8388 0 0 0 0.0007885 0.1060585 1.57e-05 0.0191373 
230000 699 509.795 -416.0 -0.219 4.5462 0 0 0 0.0008707 -0.0858715 1.64e-05 0.0010348 
240000 711 576.461 -416.0 -0.173 5.1645 0 0 0 0.0009935 -0.0313625 1.43e-05 0.0323193 
250000 730 552.567 -407.0 0.039 4.9646 0 0 0 0.0009621 -0.1083916 1.53e-05 0.0166507 
260000 757 468.341 -407.0 -0.003 4.2169 0 0 0 0.0010079 0.0242091 1.18e-05 0.0457631 
270000 784 414.872 -388.0 0.281 3.7368 0 0 0 0.0010234 0.0092694 1.15e-05 -0.0455879 
280000 812 399.487 -379.0 0.319 3.612 0 0 0 0.0009874 -0.0598931 1.15e-05 -0.0236358 
290000 836 404.341 -363.0 0.46 3.6598 0 0 0 0.000983 0.004548 1.06e-05 0.1380887 
300000 866 377.288 -384.0 -0.049 3.4118 0 0 0 0.0010121 -0.1074206 9.8e-06 -0.079975 
310000 907 299.656 -385.0 0.007 2.7117 0 0 0 0.0010411 0.0751399 9.5e-06 0.086139 
320000 922 403.002 -381.0 0.072 3.644 0 0 0 0.0010841 -0.1315044 1.19e-05 -0.2659194 
330000 942 425.664 -385.0 -0.025 3.853 0 0 0 0.0011382 0.0652829 8.7e-06 -0.0814026 
340000 972 387.318 -392.0 -0.121 3.5017 0 0 0 0.0011601 -0.0011092 9.7e-06 0.1519898 
350000 998 387.838 -389.0 -0.023 3.5088 0 0 0 0.0011924 0.106777 8.4e-06 -0.1398337 
360000 1034 331.672 -394.0 -0.053 2.9967 0 0 0 0.0012226 -0.0276555 9e-06 -0.0147747 
370000 1079 275.562 -410.0 -0.206 2.4812 0 0 0 0.0012126 0.1572409 8.2e-06 0.0422478 
380000 1135 205.679 -405.0 0.017 1.8508 0 0 0 0.0012208 -0.0438303 8.1e-06 0.04185 
390000 1163 262.474 -403.0 0.02 2.3519 0 0 0 0.0012417 -0.0544422 7.8e-06 0.1133312 
400000 1231 169.016 -375.0 0.302 1.5163 0 0 0 0.0012153 -0.0904519 7.6e-06 0.0848913 
410000 1295 178.886 -360.0 0.272 1.6391 0 0 0 0.001205 -0.058682 7.6e-06 -0.0914804 
420000 1349 180.352 -347.0 0.192 1.6351 0 0 0 0.001167 -0.0223947 8.6e-06 0.1149737 
430000 1369 296.533 -349.0 0.091 2.7048 0 0 0 0.0011369 -0.039721 9.7e-06 -0.1309008 
440000 1402 281.202 -346.0 0.111 2.5575 0 0 0 0.0010866 -0.0277461 5.8e-06 0.0685877 
450000 1488 125.603 -314.0 0.393 1.1477 0 0 0 0.0010624 0.0058521 6.5e-06 -0.0193735 
460000 1590 89.594 -243.0 0.781 0.8268 0 0 0 0.0010463 0.0067568 8.3e-06 0.0090046 
470000 1736 64.435 -115.0 0.941 0.5927 0 0 0 0.00102 -0.0194887 5.9e-06 -0.0526036 
480000 1855 89.624 -1.0 0.94 0.8262 0 0 0 0.0009852 0.0612755 5.7e-06 -0.0155524 
490000 2018 56.031 160.0 0.994 0.513 0 0 0 0.0009598 -0.0091764 7.4e-06 0.0267885 
500000 2168 62.78 301.0 0.947 0.5682 0 0 0 0.0009521 -0.0452599 1.73e-05 0.0272469 
510000 2273 97.553 394.0 0.889 0.8901 0 0 0 0.0009237 -0.0305704 3.9e-06 -0.0577467 
520000 2339 150.965 429.0 0.63 1.3694 0 0 0 0.0008604 -0.1081556 6.8e-06 -0.0748694 
530000 2401 164.062 460.0 0.532 1.4934 0 0 0 0.0008517 0.0374999 4.4e-06 -0.0154995 
540000 2484 119.498 517.0 0.672 1.0832 0 0 0 0.0007979 0.093785 3.2e-06 -0.0102444 
550000 2610 74.165 637.0 0.941 0.685 0 0 0 0.000767 0.0661957 3.6e-06 -0.008071 
560000 2785 55.803 812.0 0.998 0.5106 0 0 0 0.0007349 0.0223252 6.9e-06 -0.048879 
570000 2976 50.602 1000.0 0.99 0.4676 0 0 0 0.0007146 0.0128421 2.5e-06 0.0410733 
580000 3162 60.466 1184.0 0.987 0.5567 0 0 0 0.0006812 -0.0088117 2.7e-06 -0.0104681 
590000 3359 50.774 1381.0 1.0 0.4692 0 0 0 0.0006493 -0.0394667 2.5e-06 0.0286102 
600000 3562 49.681 1584.0 1.0 0.4707 0 0 0 0.0006163 -0.0410285 5.2e-06 0.0073627 
610000 3805 40.237 1825.0 0.999 0.3644 0 0 0 0.0006033 -0.0307623 2.9e-06 -0.0023366 
620000 4061 40.32 2079.0 1.0 0.3691 0 0 0 0.0005673 0.0083504 8.6e-06 -0.0110106 
630000 4299 44.792 2315.0 0.988 0.4151 0 0 0 0.0005379 0.0419635 4.7e-06 -0.0856426 
640000 4497 45.984 2513.0 1.0 0.4232 0 0 0 0.0005192 -0.0350037 3e-06 -0.075033 
650000 4710 44.798 2718.0 0.938 0.4094 0 0 0 0.0005058 0.0376408 4.5e-06 -0.0295132 
660000 4930 42.078 2932.0 0.992 0.3972 0 0 0 0.0004838 -0.0605142 2.9e-06 0.0468238 
670000 5076 71.159 3075.0 0.972 0.6623 0 0 0 0.0004627 -0.0426352 2.2e-06 -0.0713786 
680000 5287 45.025 3281.0 0.962 0.4201 0 0 0 0.0004532 -0.0887633 2e-06 0.0563464 
690000 5459 61.661 3444.0 0.96 0.5631 0 0 0 0.0004452 0.0279884 6.7e-06 -0.0460343 
700000 5690 40.119 3671.0 0.984 0.375 0 0 0 0.0004197 0.0227131 1.8e-06 0.0696576 
710000 5921 44.073 3898.0 0.961 0.4069 0 0 0 0.0004114 -0.0164852 2.7e-06 -0.0172573 
720000 6145 41.208 4120.0 0.999 0.3819 0 0 0 0.0004136 -0.0331924 3e-06 -0.0989227 
730000 6366 42.132 4340.0 1.0 0.3907 0 0 0 0.0003982 0.1049943 1.4e-06 0.0653406 
740000 6593 44.962 4563.0 0.999 0.4097 0 0 0 0.0003825 0.1043632 3.2e-06 0.026135 
750000 6782 57.008 4744.0 0.958 0.5358 0 0 0 0.0003611 -0.0284543 3.1e-06 -0.0544966 
760000 7014 44.679 4968.0 0.965 0.4134 0 0 0 0.0003508 0.0660045 1.5e-06 0.0621536 
770000 7259 43.327 5209.0 0.975 0.3998 0 0 0 0.0003323 -0.0297284 1.3e-06 -0.049535 
780000 7465 42.283 5406.0 0.975 0.3949 0 0 0 0.0003302 -0.0046407 2e-06 0.0446006 
790000 7707 41.278 5640.0 0.98 0.3902 0 0 0 0.0003212 -0.048342 1.3e-06 -0.0046348 
800000 7859 76.304 5781.0 0.946 0.695 0 0 0 0.0003277 0.0316833 2.6e-06 0.1127878 
810000 8001 74.462 5917.0 0.955 0.6633 0 0 0 0.0003191 0.0281383 1.9e-06 0.0097736 
820000 8190 46.29 6105.0 0.998 0.4206 0 0 0 0.0003213 -0.0689283 1e-06 0.0958615 
830000 8408 42.417 6321.0 0.999 0.3915 0 0 0 0.0003269 -0.0498 1.3e-06 0.0187106 
840000 8598 54.176 6504.0 0.964 0.5004 0 0 0 0.000328 0.0287335 1.5e-06 0.0015192 
850000 8767 68.002 6668.0 0.958 0.6302 0 0 0 0.0003328 0.0977578 8e-07 0.0185681 
860000 8979 49.527 6878.0 0.996 0.4575 0 0 0 0.0003339 -0.0218681 4.2e-06 0.0352921 
870000 9162 64.881 7053.0 0.986 0.6007 0 0 0 0.0003297 -0.0604089 2.8e-06 -0.0259416 
880000 9288 88.532 7162.0 0.872 0.8122 0 0 0 0.0003319 -0.01014 1.8e-06 -0.0318843 
890000 9449 57.005 7318.0 0.982 0.5219 0 0 0 0.0003326 -0.065079 8.5e-06 -0.0213022 
900000 9670 43.944 7535.0 0.998 0.4134 0 0 0 0.0003349 -0.0197718 1.6e-06 0.0158888 
910000 9886 47.969 7751.0 1.0 0.4497 0 0 0 0.0003397 -0.0167639 1.9e-06 -0.0289999 
920000 10106 41.725 7965.0 0.986 0.3865 0 0 0 0.0003347 -0.0193215 9.5e-06 -0.0149108 
930000 10331 43.93 8186.0 0.968 0.4105 0 0 0 0.0003236 0.0310951 1.3e-06 0.0024513 
940000 10554 50.045 8407.0 0.98 0.4644 0 0 0 0.0003288 -0.0338821 7.1e-06 -0.0313796 
950000 10768 48.689 8617.0 0.985 0.4439 0 0 0 0.0003362 -0.0129613 1.5e-06 0.0523579 
960000 10977 45.559 8822.0 0.998 0.4235 0 0 0 0.0003332 -0.0310763 1.7e-06 -0.029207 
970000 11192 43.007 9035.0 0.999 0.3977 0 0 0 0.0003281 0.0639465 3.6e-06 0.050267 
980000 11401 48.178 9244.0 1.0 0.4463 0 0 0 0.0003277 0.0026087 8e-07 -0.016541 
990000 11602 44.561 9437.0 0.971 0.4151 0 0 0 0.000321 -0.0300264 1.3e-06 -0.0204258 
