0 0 0.0 0.0 0.0 0.0 0 0.0 0.0 
1000 30 14.675 -23.0 -0.35 1.4843 6 7.0 0.5434 
2000 63 22.088 -50.0 -0.573 2.3551 12 14.0 0.7998 
3000 95 26.751 -73.0 -0.65 2.801 19 22.0 1.0422 
4000 119 32.033 -85.0 -0.59 3.3283 23 35.0 1.5616 
5000 142 36.1 -95.0 -0.548 3.7627 28 47.0 1.8958 
6000 169 36.969 -113.0 -0.587 3.9048 33 56.0 2.0975 
7000 200 34.486 -136.0 -0.664 3.6274 40 64.0 1.6223 
8000 231 33.115 -159.0 -0.706 3.4976 46 72.0 1.488 
9000 256 35.083 -173.0 -0.665 3.661 51 83.0 1.7285 
10000 284 36.129 -191.0 -0.647 3.8284 56 93.0 1.6055 
11000 308 36.919 -205.0 -0.636 3.8801 61 104.0 1.9568 
12000 340 34.758 -229.0 -0.693 3.6747 68 111.0 1.5323 
13000 363 37.384 -241.0 -0.638 3.9765 72 122.0 1.9318 
14000 391 36.512 -260.0 -0.661 3.8933 78 131.0 1.7429 
15000 427 31.596 -291.0 -0.772 3.2952 85 136.0 0.9648 
16000 451 35.426 -305.0 -0.694 3.7502 90 147.0 1.5778 
17000 479 36.417 -324.0 -0.678 3.8064 95 155.0 1.7597 
18000 505 36.716 -340.0 -0.661 3.8884 101 165.0 1.7105 
19000 526 40.726 -347.0 -0.547 4.2941 105 179.0 2.3458 
20000 542 47.189 -345.0 -0.354 4.966 108 200.0 3.3041 
21000 556 50.976 -341.0 -0.251 5.3371 111 218.0 3.9967 
22000 569 57.102 -335.0 -0.08 5.9478 113 237.0 4.7273 
23000 583 62.192 -331.0 0.048 6.4873 116 258.0 5.4532 
24000 591 69.477 -320.0 0.209 7.3501 118 284.0 6.9971 
25000 600 76.855 -308.0 0.41 8.0476 120 308.0 8.2477 
26000 610 80.94 -298.0 0.498 8.473 122 330.0 8.7606 
27000 620 85.188 -289.0 0.589 8.8926 124 349.0 8.9961 
28000 631 85.54 -280.0 0.632 8.8912 126 376.0 9.4468 
29000 640 89.151 -267.0 0.746 9.3186 128 401.0 10.2119 
30000 649 93.903 -255.0 0.857 9.7508 129 424.0 10.7907 
31000 660 93.662 -244.0 0.901 9.76 132 455.0 11.5684 
32000 668 98.456 -232.0 0.991 10.2819 133 478.0 11.9116 
33000 677 98.269 -222.0 0.965 10.216 135 500.0 12.0684 
34000 686 101.161 -208.0 1.078 10.5174 137 533.0 12.4354 
35000 694 104.916 -195.0 1.156 10.9371 138 553.0 12.9919 
36000 706 99.348 -187.0 1.035 10.2928 141 576.0 12.1621 
37000 715 101.795 -178.0 1.046 10.5035 143 600.0 12.4013 
38000 724 103.248 -165.0 1.11 10.7071 144 634.0 13.2611 
39000 733 104.458 -151.0 1.188 10.8926 146 667.0 14.1815 
40000 740 110.432 -135.0 1.345 11.4908 148 695.0 15.137 
41000 751 103.523 -124.0 1.196 10.6756 150 724.0 14.561 
42000 759 108.825 -110.0 1.334 11.2824 151 751.0 14.5049 
43000 767 111.34 -94.0 1.424 11.5558 153 784.0 16.199 
44000 775 112.069 -83.0 1.399 11.5584 155 804.0 15.1212 
45000 783 112.939 -67.0 1.43 11.698 156 828.0 15.009 
46000 793 112.648 -57.0 1.434 11.7114 158 854.0 15.1773 
47000 800 114.091 -43.0 1.455 11.8359 160 882.0 15.2136 
48000 807 117.876 -28.0 1.543 12.2045 161 906.0 15.4923 
49000 817 117.193 -15.0 1.545 12.1455 163 934.0 16.0587 
50000 823 122.893 3.0 1.72 12.7237 164 962.0 15.3529 
51000 828 129.355 22.0 1.905 13.3393 165 998.0 17.0176 
52000 839 123.079 33.0 1.747 12.6997 167 1028.0 17.6942 
53000 845 124.974 49.0 1.791 12.9005 169 1058.0 17.9823 
54000 852 129.248 67.0 1.927 13.3439 170 1091.0 19.0841 
55000 859 131.275 83.0 1.97 13.4825 171 1116.0 19.4757 
56000 866 133.171 99.0 2.028 13.6949 173 1142.0 18.9353 
57000 874 132.242 114.0 2.004 13.6736 174 1168.0 18.4418 
58000 880 135.842 130.0 2.079 13.9789 176 1199.0 19.4178 
59000 889 131.303 142.0 1.942 13.5158 177 1220.0 18.4761 
60000 895 135.148 160.0 2.057 13.9766 179 1250.0 18.8156 
61000 902 135.206 176.0 2.071 13.9163 180 1274.0 18.334 
62000 908 139.084 195.0 2.198 14.3058 181 1304.0 18.7006 
63000 913 145.228 215.0 2.39 14.9176 182 1342.0 19.7306 
64000 918 147.536 236.0 2.486 15.3084 183 1390.0 22.4575 
65000 927 144.78 248.0 2.377 14.9605 185 1413.0 22.5506 
66000 934 143.776 262.0 2.31 14.8319 186 1437.0 21.7955 
67000 939 147.85 281.0 2.413 15.2705 187 1469.0 21.216 
68000 947 144.434 295.0 2.306 14.8835 189 1498.0 21.5349 
69000 957 137.6 307.0 2.13 14.1451 191 1528.0 21.1133 
70000 964 138.792 323.0 2.166 14.2847 192 1554.0 20.902 
71000 970 140.808 341.0 2.238 14.4841 194 1591.0 21.2206 
72000 975 144.526 359.0 2.328 14.978 195 1624.0 22.0985 
73000 983 142.846 375.0 2.294 14.7928 196 1649.0 21.1887 
74000 988 147.031 396.0 2.438 15.1715 197 1694.0 23.4698 
75000 993 151.371 417.0 2.587 15.6078 198 1726.0 23.8228 
76000 997 155.485 438.0 2.712 16.0654 199 1760.0 25.6406 
77000 1002 164.293 458.0 2.951 17.0594 200 1796.0 25.9765 
78000 1008 164.593 474.0 2.922 17.0334 201 1821.0 26.3788 
79000 1013 167.892 493.0 3.002 17.4264 202 1863.0 27.841 
80000 1018 173.534 510.0 3.1 17.9432 203 1891.0 27.5569 
81000 1021 179.307 533.0 3.268 18.537 204 1929.0 29.7012 
82000 1026 184.426 551.0 3.391 19.0494 205 1962.0 30.6311 
83000 1032 179.943 569.0 3.294 18.5425 206 1989.0 29.068 
84000 1036 185.595 590.0 3.45 19.0493 207 2023.0 29.0612 
85000 1041 188.719 610.0 3.547 19.4278 208 2063.0 30.855 
86000 1044 195.192 630.0 3.693 20.1162 208 2107.0 30.855 
87000 1050 194.321 650.0 3.693 20.0133 210 2135.0 32.9126 
88000 1056 189.513 669.0 3.577 19.5838 211 2163.0 31.5213 
89000 1060 194.834 690.0 3.746 20.0829 212 2203.0 33.1692 
90000 1067 189.328 708.0 3.625 19.4986 213 2238.0 32.7523 
91000 1076 174.914 722.0 3.258 17.9747 215 2264.0 28.5293 
92000 1079 182.379 747.0 3.493 18.746 215 2322.0 28.5293 
93000 1085 183.539 765.0 3.513 18.854 217 2361.0 33.1888 
94000 1092 179.514 784.0 3.423 18.4712 218 2392.0 32.4699 
95000 1097 178.916 803.0 3.421 18.4062 219 2426.0 32.2229 
96000 1104 176.221 820.0 3.326 18.1503 220 2452.0 31.1006 
97000 1107 185.683 843.0 3.58 19.1101 221 2493.0 31.7906 
98000 1114 179.296 859.0 3.408 18.4249 222 2529.0 32.2115 
99000 1119 180.139 879.0 3.41 18.5691 223 2559.0 31.1903 
100000 1125 179.16 896.0 3.375 18.468 225 2600.0 31.6542 
101000 1130 179.95 916.0 3.413 18.6415 226 2632.0 31.4888 
102000 1137 177.445 934.0 3.34 18.3635 227 2659.0 30.4399 
103000 1143 175.618 953.0 3.319 18.1785 228 2688.0 29.6959 
104000 1148 171.642 973.0 3.217 17.6959 229 2716.0 28.2263 
105000 1152 182.534 995.0 3.531 18.914 230 2750.0 28.3037 
106000 1160 175.549 1010.0 3.317 18.148 232 2782.0 29.006 
107000 1167 170.298 1027.0 3.176 17.6483 233 2806.0 27.5054 
108000 1171 176.58 1048.0 3.338 18.2577 234 2847.0 28.7548 
109000 1176 179.24 1068.0 3.422 18.5453 235 2884.0 30.1794 
110000 1180 178.497 1091.0 3.402 18.4616 236 2919.0 30.1614 
111000 1184 189.515 1112.0 3.72 19.6461 236 2972.0 30.1614 
112000 1188 192.269 1132.0 3.783 19.9035 237 3005.0 33.5453 
113000 1192 197.233 1156.0 3.937 20.3655 238 3053.0 35.2908 
114000 1199 191.609 1172.0 3.778 19.8127 239 3085.0 35.8617 
115000 1205 189.281 1190.0 3.705 19.5935 241 3116.0 33.808 
116000 1208 198.474 1217.0 4.017 20.5159 241 3160.0 33.808 
117000 1213 194.208 1237.0 3.917 20.0711 242 3213.0 38.6272 
118000 1219 195.222 1257.0 3.945 20.1577 243 3250.0 37.3644 
119000 1224 194.238 1277.0 3.934 20.0687 244 3285.0 36.528 
120000 1227 197.397 1301.0 4.019 20.4318 245 3314.0 36.4752 
121000 1234 192.534 1318.0 3.874 19.8987 246 3350.0 37.4277 
122000 1236 200.04 1341.0 4.076 20.6551 247 3379.0 36.2849 
123000 1242 203.474 1363.0 4.198 21.0196 248 3415.0 36.4564 
124000 1248 197.257 1382.0 4.039 20.3687 249 3452.0 36.8108 
125000 1251 201.032 1406.0 4.152 20.7499 250 3488.0 36.2297 
126000 1255 208.154 1426.0 4.327 21.5237 251 3549.0 40.2067 
127000 1260 208.686 1448.0 4.352 21.6247 252 3582.0 39.5861 
128000 1262 215.455 1473.0 4.554 22.4748 252 3621.0 39.5861 
129000 1267 219.407 1495.0 4.668 22.8425 253 3671.0 43.3275 
130000 1272 217.487 1516.0 4.625 22.5912 254 3709.0 43.1947 
131000 1276 219.95 1540.0 4.729 22.8145 255 3758.0 44.0752 
132000 1281 217.817 1557.0 4.598 22.5324 256 3784.0 42.3677 
133000 1284 223.192 1580.0 4.761 23.0861 256 3825.0 42.3677 
134000 1287 228.626 1604.0 4.937 23.6768 257 3862.0 43.3309 
135000 1291 231.367 1626.0 4.985 23.934 258 3898.0 43.8978 
136000 1296 228.31 1646.0 4.9 23.6225 259 3945.0 45.5081 
137000 1301 226.076 1667.0 4.812 23.4222 260 3979.0 44.3573 
138000 1305 227.774 1688.0 4.863 23.5595 261 4019.0 44.4215 
139000 1308 233.161 1711.0 5.022 24.0664 261 4062.0 44.4215 
140000 1313 232.254 1731.0 4.965 23.921 262 4091.0 45.2794 
141000 1319 223.981 1748.0 4.696 23.121 263 4124.0 44.2514 
142000 1322 230.731 1770.0 4.87 23.9324 264 4155.0 43.4263 
143000 1325 236.889 1793.0 5.033 24.4426 265 4204.0 45.3837 
144000 1326 245.731 1822.0 5.332 25.3584 265 4246.0 45.3837 
145000 1332 242.441 1838.0 5.197 25.0186 266 4290.0 47.4453 
146000 1335 241.84 1861.0 5.165 24.9703 267 4325.0 47.2008 
147000 1340 242.986 1881.0 5.194 25.0464 268 4367.0 47.5807 
148000 1344 241.034 1901.0 5.143 24.8294 268 4401.0 47.5807 
149000 1348 243.79 1924.0 5.231 25.1435 269 4443.0 46.5226 
150000 1352 242.381 1946.0 5.193 24.9928 270 4484.0 48.5704 
151000 1357 240.824 1967.0 5.169 24.8494 271 4516.0 47.0133 
152000 1361 242.093 1991.0 5.235 24.9241 272 4555.0 46.912 
153000 1365 240.898 2013.0 5.23 24.7576 273 4600.0 47.1208 
154000 1370 234.159 2031.0 4.99 24.0872 274 4629.0 44.9087 
155000 1373 242.256 2054.0 5.208 24.9131 274 4663.0 44.9087 
156000 1377 241.391 2076.0 5.158 24.9554 275 4707.0 45.7178 
157000 1380 243.108 2099.0 5.248 25.0978 276 4758.0 48.3461 
158000 1385 236.038 2124.0 5.132 24.3429 277 4821.0 49.1115 
159000 1391 236.432 2146.0 5.18 24.3604 278 4872.0 50.3003 
160000 1396 234.011 2165.0 5.066 24.0619 279 4908.0 49.1703 
161000 1399 239.934 2191.0 5.28 24.6351 279 4952.0 49.1703 
162000 1402 240.48 2215.0 5.284 24.6693 280 4997.0 49.4532 
163000 1407 241.466 2235.0 5.311 24.8166 281 5040.0 51.4079 
164000 1411 240.958 2254.0 5.246 24.8099 282 5075.0 50.7671 
165000 1414 237.229 2275.0 5.114 24.3787 282 5109.0 50.7671 
166000 1418 244.869 2298.0 5.349 25.1563 283 5154.0 50.9904 
167000 1422 247.703 2319.0 5.395 25.5046 284 5194.0 51.9914 
168000 1426 247.771 2340.0 5.379 25.5207 285 5233.0 51.1922 
169000 1428 256.996 2368.0 5.697 26.4498 285 5278.0 51.1922 
170000 1431 254.971 2390.0 5.633 26.2791 286 5328.0 54.773 
171000 1435 261.332 2412.0 5.791 26.84 287 5377.0 55.4957 
172000 1439 260.587 2434.0 5.77 26.8025 287 5418.0 55.4957 
173000 1444 253.86 2455.0 5.595 26.1869 288 5459.0 55.8461 
174000 1446 256.158 2479.0 5.673 26.3385 289 5502.0 52.5615 
175000 1452 251.457 2500.0 5.569 25.9275 290 5549.0 54.9054 
176000 1455 255.482 2524.0 5.669 26.2675 291 5594.0 54.8148 
177000 1461 248.334 2545.0 5.499 25.5436 292 5644.0 53.0334 
178000 1465 243.001 2572.0 5.443 25.0395 293 5708.0 55.13 
179000 1469 248.068 2595.0 5.598 25.465 293 5759.0 55.13 
180000 1472 248.066 2619.0 5.584 25.4212 294 5792.0 55.917 
181000 1476 252.222 2639.0 5.675 25.9215 295 5837.0 56.3253 
182000 1480 253.845 2658.0 5.647 26.0488 296 5884.0 56.7928 
183000 1485 244.127 2681.0 5.4 25.0729 297 5930.0 55.0135 
184000 1490 243.145 2701.0 5.367 24.9359 298 5970.0 54.1122 
185000 1494 244.161 2725.0 5.427 25.0303 298 6028.0 54.1122 
186000 1500 233.587 2746.0 5.169 23.9529 300 6076.0 53.7308 
187000 1504 235.39 2771.0 5.27 24.168 300 6126.0 53.7308 
188000 1506 242.037 2798.0 5.459 24.8233 301 6164.0 54.3578 
189000 1512 237.139 2819.0 5.358 24.3373 302 6218.0 56.222 
190000 1515 241.488 2842.0 5.469 24.8018 303 6268.0 56.4998 
191000 1517 251.802 2871.0 5.83 25.8341 303 6326.0 56.4998 
192000 1525 232.686 2887.0 5.262 23.9347 305 6366.0 54.7748 
193000 1529 234.546 2909.0 5.281 24.0781 305 6400.0 54.7748 
194000 1531 238.67 2931.0 5.351 24.5403 306 6434.0 53.5973 
195000 1536 239.133 2952.0 5.362 24.5583 307 6491.0 55.8376 
196000 1540 241.48 2978.0 5.464 24.8581 308 6540.0 55.8538 
197000 1545 237.54 2997.0 5.322 24.4625 309 6577.0 53.9685 
198000 1548 242.045 3022.0 5.464 24.8858 309 6619.0 53.9685 
199000 1552 239.103 3047.0 5.409 24.6183 310 6673.0 55.1716 
200000 1556 246.395 3069.0 5.59 25.3298 311 6707.0 55.0545 
201000 1558 254.347 3093.0 5.805 26.1864 311 6749.0 55.0545 
202000 1563 249.729 3115.0 5.691 25.736 312 6788.0 56.249 
203000 1566 246.591 3136.0 5.549 25.4468 313 6827.0 55.4241 
204000 1572 244.966 3160.0 5.566 25.191 314 6877.0 55.0817 
205000 1576 245.971 3181.0 5.559 25.2823 315 6915.0 54.2735 
206000 1580 244.459 3204.0 5.528 25.2094 316 6959.0 53.6462 
207000 1585 235.35 3225.0 5.258 24.245 317 6992.0 50.7816 
208000 1587 243.895 3249.0 5.486 25.1245 317 7035.0 50.7816 
209000 1593 243.152 3267.0 5.406 24.9398 318 7083.0 53.6034 
210000 1598 237.424 3285.0 5.198 24.3517 319 7115.0 51.1431 
211000 1602 236.928 3304.0 5.148 24.3631 320 7152.0 49.6288 
212000 1607 230.36 3328.0 4.997 23.746 321 7197.0 49.9659 
213000 1611 237.209 3349.0 5.167 24.3655 322 7244.0 50.7693 
214000 1613 241.525 3374.0 5.3 24.8464 322 7285.0 50.7693 
215000 1617 244.187 3397.0 5.371 25.1735 323 7324.0 52.4924 
216000 1621 245.726 3420.0 5.414 25.2591 324 7372.0 52.9431 
217000 1627 239.854 3437.0 5.228 24.6721 325 7410.0 51.9488 
218000 1630 243.857 3460.0 5.348 25.0651 326 7452.0 51.2539 
219000 1633 249.108 3486.0 5.536 25.588 326 7493.0 51.2539 
220000 1637 250.256 3511.0 5.608 25.6695 327 7548.0 54.4285 
221000 1640 247.816 3535.0 5.551 25.4288 328 7597.0 54.2857 
222000 1645 247.509 3557.0 5.569 25.3877 329 7651.0 54.9571 
223000 1647 256.95 3587.0 5.926 26.3607 329 7724.0 54.9571 
224000 1652 254.478 3613.0 5.924 26.1789 330 7770.0 58.9614 
225000 1656 251.775 3635.0 5.854 25.8643 331 7822.0 59.6653 
226000 1659 260.094 3663.0 6.125 26.7191 331 7887.0 59.6653 
227000 1663 258.107 3683.0 6.022 26.4903 332 7929.0 62.6987 
228000 1668 253.057 3703.0 5.833 25.9453 333 7972.0 61.0289 
229000 1672 250.08 3727.0 5.73 25.621 334 8012.0 59.626 
230000 1680 234.966 3739.0 5.22 24.0667 336 8041.0 53.007 
231000 1683 233.318 3762.0 5.189 23.998 336 8080.0 53.007 
232000 1688 237.317 3785.0 5.302 24.3895 337 8122.0 52.9063 
233000 1692 238.385 3806.0 5.303 24.4433 338 8153.0 51.7157 
234000 1697 233.56 3830.0 5.234 23.9592 339 8212.0 52.8441 
235000 1702 226.123 3850.0 4.998 23.2047 340 8244.0 50.6597 
236000 1707 228.153 3869.0 5.009 23.384 341 8276.0 49.5937 
237000 1712 223.411 3888.0 4.855 22.8649 342 8312.0 47.8344 
238000 1718 219.234 3907.0 4.698 22.4774 343 8340.0 45.5509 
239000 1724 210.776 3926.0 4.476 21.535 344 8380.0 43.3958 
240000 1728 212.34 3949.0 4.517 21.7853 345 8420.0 42.3563 
241000 1733 212.285 3967.0 4.484 21.718 346 8448.0 43.1206 
242000 1737 217.083 3988.0 4.584 22.2215 347 8482.0 41.2086 
243000 1741 216.413 4011.0 4.573 22.2012 348 8525.0 42.2877 
244000 1747 208.807 4029.0 4.35 21.3644 349 8558.0 41.2589 
245000 1751 211.634 4050.0 4.414 21.686 350 8595.0 41.033 
246000 1755 218.146 4072.0 4.612 22.3044 351 8639.0 42.6297 
247000 1760 215.021 4092.0 4.494 22.047 352 8664.0 40.5668 
248000 1765 217.171 4113.0 4.557 22.2561 353 8707.0 41.4101 
249000 1767 224.827 4137.0 4.775 23.0824 353 8751.0 41.4101 
250000 1770 218.609 4164.0 4.591 22.4088 354 8797.0 42.9691 
251000 1776 219.739 4185.0 4.725 22.5042 355 8845.0 45.1722 
252000 1782 221.236 4208.0 4.819 22.6456 356 8900.0 46.955 
253000 1785 225.132 4232.0 4.932 23.1223 357 8945.0 47.1595 
254000 1788 227.801 4255.0 5.011 23.3499 357 8984.0 47.1595 
255000 1791 233.7 4279.0 5.168 24.01 358 9016.0 47.3435 
256000 1795 236.426 4300.0 5.205 24.3046 359 9065.0 49.4092 
257000 1797 251.79 4326.0 5.654 25.9103 359 9108.0 49.4092 
258000 1801 249.068 4351.0 5.611 25.6277 360 9149.0 51.0682 
259000 1805 251.334 4373.0 5.695 25.8918 361 9212.0 54.6614 
260000 1808 250.945 4397.0 5.668 25.7761 361 9250.0 54.6614 
261000 1811 260.929 4418.0 5.902 26.8104 362 9293.0 55.3953 
262000 1814 262.37 4441.0 5.942 26.9365 362 9343.0 55.3953 
263000 1817 269.952 4470.0 6.226 27.7383 363 9398.0 58.3558 
264000 1820 263.733 4491.0 6.014 27.1052 364 9440.0 59.1202 
265000 1826 259.099 4511.0 5.903 26.6708 365 9489.0 58.7082 
266000 1831 253.153 4535.0 5.734 25.9626 366 9531.0 57.1373 
267000 1837 244.736 4553.0 5.497 25.1795 367 9565.0 54.4236 
268000 1841 244.389 4575.0 5.482 25.1604 368 9612.0 53.1812 
269000 1846 241.178 4597.0 5.39 24.8472 369 9662.0 54.0631 
270000 1847 248.774 4624.0 5.642 25.6142 369 9712.0 54.0631 
271000 1850 250.517 4649.0 5.679 25.7121 370 9776.0 58.6568 
272000 1854 258.262 4675.0 5.981 26.6037 370 9842.0 58.6568 
273000 1858 259.343 4698.0 5.998 26.7015 371 9875.0 61.3911 
274000 1860 262.099 4722.0 6.055 26.9527 372 9927.0 62.452 
275000 1865 260.437 4741.0 5.968 26.8031 373 9970.0 61.4068 
276000 1873 241.272 4757.0 5.373 24.8412 374 9993.0 56.8661 
277000 1878 237.728 4774.0 5.217 24.4962 375 10019.0 53.1795 
278000 1882 237.542 4796.0 5.199 24.4297 376 10048.0 50.5616 
279000 1886 238.597 4820.0 5.282 24.5712 377 10101.0 51.4054 
280000 1891 237.597 4842.0 5.242 24.5078 378 10141.0 50.4649 
281000 1895 236.892 4863.0 5.22 24.4304 379 10194.0 51.6184 
282000 1899 235.416 4888.0 5.211 24.2185 379 10232.0 51.6184 
283000 1901 246.77 4912.0 5.519 25.3015 380 10273.0 52.5565 
284000 1905 247.063 4933.0 5.492 25.272 381 10324.0 54.1009 
285000 1907 258.706 4959.0 5.83 26.3878 381 10364.0 54.1009 
286000 1912 250.631 4977.0 5.537 25.4725 382 10406.0 55.5908 
287000 1915 254.079 5001.0 5.64 25.7983 383 10447.0 55.0317 
288000 1920 252.54 5020.0 5.574 25.5164 384 10483.0 53.7285 
289000 1923 256.63 5046.0 5.754 25.8819 384 10522.0 53.7285 
290000 1927 248.524 5066.0 5.484 25.0365 385 10549.0 52.9557 
291000 1931 255.212 5087.0 5.658 25.6071 386 10595.0 53.4601 
292000 1935 256.975 5113.0 5.752 25.7644 387 10654.0 54.9141 
293000 1938 253.597 5135.0 5.645 25.3833 387 10695.0 54.9141 
294000 1940 261.636 5162.0 5.914 26.1724 388 10754.0 58.1227 
295000 1945 264.362 5185.0 6.008 26.3825 389 10814.0 59.6104 
296000 1946 270.915 5212.0 6.228 27.0108 389 10852.0 59.6104 
297000 1951 268.744 5231.0 6.122 26.7044 390 10898.0 61.0494 
298000 1954 274.227 5258.0 6.325 27.294 390 10960.0 61.0494 
299000 1958 270.969 5280.0 6.222 26.9119 391 10994.0 63.0444 
300000 1965 255.065 5297.0 5.742 25.306 393 11033.0 56.836 
301000 1967 260.614 5323.0 5.932 25.8565 393 11077.0 56.836 
302000 1972 259.695 5345.0 5.903 25.681 394 11115.0 57.7524 
303000 1976 257.302 5369.0 5.853 25.4252 395 11164.0 57.6772 
304000 1980 253.341 5393.0 5.779 25.0218 396 11213.0 57.0094 
305000 1983 258.912 5418.0 5.962 25.5775 396 11272.0 57.0094 
306000 1987 262.043 5446.0 6.141 25.8506 397 11321.0 58.8085 
307000 1990 257.935 5469.0 5.997 25.4541 398 11368.0 60.1277 
308000 1994 264.718 5493.0 6.205 26.0612 398 11420.0 60.1277 
309000 2000 251.373 5512.0 5.816 24.7458 400 11467.0 58.8834 
310000 2001 260.805 5540.0 6.12 25.716 400 11514.0 58.8834 
311000 2005 255.31 5564.0 5.93 25.2113 401 11563.0 60.3951 
312000 2012 249.1 5582.0 5.76 24.542 402 11603.0 60.0556 
313000 2016 250.42 5605.0 5.797 24.652 403 11642.0 58.05 
314000 2019 255.385 5629.0 5.926 25.1612 403 11683.0 58.05 
315000 2021 259.982 5655.0 6.05 25.5801 404 11720.0 58.145 
316000 2025 260.727 5679.0 6.077 25.6179 405 11781.0 60.4305 
317000 2029 262.361 5699.0 6.086 25.8236 405 11829.0 60.4305 
318000 2032 267.167 5726.0 6.245 26.2674 406 11880.0 60.4874 
319000 2037 262.499 5748.0 6.133 25.784 407 11928.0 59.4387 
320000 2041 260.356 5772.0 6.093 25.5678 408 11977.0 60.5948 
321000 2045 259.329 5795.0 6.046 25.4344 409 12040.0 62.6353 
322000 2049 257.41 5823.0 6.107 25.2629 409 12114.0 62.6353 
323000 2052 259.858 5851.0 6.201 25.524 410 12154.0 64.7718 
324000 2055 259.788 5873.0 6.203 25.5171 411 12210.0 65.9946 
325000 2060 262.121 5901.0 6.33 25.6855 412 12284.0 67.9952 
326000 2063 263.806 5924.0 6.368 25.8634 412 12314.0 67.9952 
327000 2067 257.185 5949.0 6.185 25.2784 413 12363.0 65.4957 
328000 2070 257.58 5974.0 6.172 25.2839 414 12416.0 65.3461 
329000 2075 259.313 5998.0 6.269 25.4809 415 12484.0 67.5115 
330000 2077 269.981 6024.0 6.575 26.514 415 12526.0 67.5115 
331000 2080 265.419 6051.0 6.482 26.0276 416 12593.0 70.0603 
332000 2085 264.932 6077.0 6.478 25.972 417 12659.0 71.0543 
333000 2088 273.337 6100.0 6.702 26.8528 417 12700.0 71.0543 
334000 2095 254.717 6119.0 6.149 24.9908 419 12742.0 65.864 
335000 2098 251.215 6142.0 6.021 24.6767 419 12771.0 65.864 
336000 2104 246.912 6162.0 5.838 24.2441 420 12802.0 63.1776 
337000 2106 253.058 6188.0 6.024 24.8126 421 12845.0 59.9598 
338000 2112 249.31 6209.0 5.904 24.5289 422 12894.0 60.3638 
339000 2116 248.432 6232.0 5.865 24.3742 423 12950.0 61.3275 
340000 2120 248.953 6253.0 5.824 24.4339 424 12987.0 59.2947 
341000 2124 250.137 6275.0 5.837 24.5522 424 13029.0 59.2947 
342000 2128 247.524 6298.0 5.751 24.2913 425 13074.0 58.9652 
343000 2130 254.091 6324.0 5.958 24.9413 426 13138.0 61.8687 
344000 2134 260.069 6353.0 6.202 25.5614 426 13200.0 61.8687 
345000 2136 263.883 6378.0 6.314 25.9255 427 13249.0 64.8818 
346000 2141 256.348 6398.0 6.042 25.1472 428 13295.0 64.7937 
347000 2145 258.922 6421.0 6.109 25.4414 429 13343.0 63.6143 
348000 2150 254.243 6439.0 5.901 24.9579 430 13371.0 60.3529 
349000 2151 253.858 6470.0 5.883 24.9079 430 13429.0 60.3529 
350000 2157 255.493 6492.0 6.031 25.0911 431 13477.0 62.6176 
351000 2161 257.252 6515.0 6.09 25.2424 432 13519.0 60.5558 
352000 2165 251.616 6540.0 5.947 24.6931 433 13580.0 62.1002 
353000 2170 253.746 6564.0 6.016 24.8444 434 13642.0 63.0902 
354000 2172 259.06 6588.0 6.156 25.4146 434 13682.0 63.0902 
355000 2179 246.992 6608.0 5.787 24.2324 435 13731.0 62.0812 
356000 2182 248.764 6634.0 5.898 24.4119 436 13797.0 60.1731 
357000 2190 234.37 6652.0 5.431 22.9909 438 13834.0 57.6502 
358000 2192 234.141 6676.0 5.434 22.9905 438 13880.0 57.6502 
359000 2198 236.117 6700.0 5.508 23.1315 439 13938.0 60.0852 
360000 2200 241.087 6726.0 5.646 23.6645 440 13978.0 59.4767 
361000 2205 239.412 6746.0 5.574 23.4833 441 14025.0 58.629 
362000 2207 248.736 6775.0 5.884 24.4037 441 14076.0 58.629 
363000 2210 250.283 6801.0 5.946 24.5531 442 14147.0 64.3661 
364000 2212 262.847 6829.0 6.364 25.7871 442 14212.0 64.3661 
365000 2215 261.375 6854.0 6.298 25.7018 443 14269.0 69.3295 
366000 2218 272.389 6878.0 6.589 26.7033 443 14326.0 69.3295 
367000 2222 272.292 6902.0 6.602 26.6181 444 14381.0 72.2965 
368000 2225 273.987 6927.0 6.66 26.785 445 14451.0 74.7669 
369000 2227 277.613 6952.0 6.75 27.1506 445 14490.0 74.7669 
370000 2230 279.515 6975.0 6.722 27.3089 446 14536.0 74.7902 
371000 2235 277.5 6999.0 6.722 27.1461 447 14606.0 75.1112 
372000 2237 277.263 7024.0 6.691 27.1058 447 14648.0 75.1112 
373000 2241 279.424 7051.0 6.819 27.3269 448 14704.0 76.1001 
374000 2245 280.287 7078.0 6.878 27.4223 449 14775.0 76.79 
375000 2249 279.094 7103.0 6.879 27.2581 449 14836.0 76.79 
376000 2252 283.558 7128.0 7.01 27.6754 450 14881.0 75.911 
377000 2256 281.216 7155.0 6.997 27.479 451 14938.0 75.6199 
378000 2261 274.585 7179.0 6.798 26.8191 452 15017.0 78.3579 
379000 2262 286.094 7209.0 7.202 27.944 452 15072.0 78.3579 
380000 2267 278.233 7233.0 6.975 27.1711 453 15125.0 78.5222 
381000 2271 277.754 7254.0 6.881 27.2055 454 15174.0 78.2699 
382000 2274 279.387 7277.0 6.903 27.344 454 15219.0 78.2699 
383000 2276 284.337 7305.0 7.068 27.7833 455 15261.0 75.9429 
384000 2281 281.097 7324.0 6.887 27.4845 456 15305.0 74.9486 
385000 2291 245.689 7337.0 5.806 24.0222 458 15355.0 66.4284 
386000 2294 254.271 7365.0 6.081 24.8133 458 15407.0 66.4284 
387000 2296 257.152 7391.0 6.178 25.142 459 15453.0 67.7856 
388000 2300 256.427 7413.0 6.135 25.0751 460 15513.0 68.207 
389000 2301 263.298 7443.0 6.333 25.7747 460 15572.0 68.207 
390000 2310 249.715 7460.0 5.954 24.379 462 15636.0 67.1377 
391000 2312 258.391 7489.0 6.257 25.2081 462 15684.0 67.1377 
392000 2315 255.483 7513.0 6.164 24.9688 463 15742.0 69.8239 
393000 2320 256.863 7534.0 6.155 25.1473 464 15785.0 68.2415 
394000 2322 267.502 7561.0 6.467 26.1838 464 15823.0 68.2415 
395000 2328 253.322 7581.0 6.062 24.8069 465 15902.0 72.2174 
396000 2330 252.741 7611.0 6.06 24.7071 466 15945.0 67.8956 
397000 2335 254.584 7634.0 6.151 24.9576 467 16003.0 68.5061 
398000 2339 258.147 7662.0 6.306 25.2732 467 16068.0 68.5061 
399000 2342 261.197 7689.0 6.445 25.5451 468 16119.0 69.0555 
400000 2346 257.38 7712.0 6.311 25.1953 469 16170.0 71.1499 
401000 2350 258.991 7736.0 6.345 25.3429 470 16219.0 69.5349 
402000 2354 260.415 7760.0 6.391 25.4367 470 16275.0 69.5349 
403000 2358 253.236 7784.0 6.18 24.7826 471 16322.0 69.8814 
404000 2361 261.325 7806.0 6.346 25.5602 472 16363.0 68.0933 
405000 2365 258.841 7831.0 6.254 25.2961 473 16421.0 68.684 
406000 2367 272.382 7864.0 6.698 26.7029 473 16528.0 68.684 
407000 2373 261.278 7902.0 6.753 25.6216 474 16707.0 89.5156 
408000 2375 265.718 7927.0 6.844 26.0251 475 16753.0 86.064 
409000 2378 272.845 7957.0 7.137 26.7157 475 16822.0 86.064 
410000 2385 258.215 7974.0 6.549 25.2485 477 16860.0 80.4418 
411000 2391 243.47 7995.0 6.055 23.8067 478 16893.0 74.7977 
412000 2395 243.783 8019.0 6.065 23.8266 479 16945.0 72.8179 
413000 2399 244.137 8043.0 6.108 23.8647 479 17013.0 72.8179 
414000 2403 245.623 8067.0 6.067 24.0105 480 17052.0 73.3361 
415000 2405 248.654 8093.0 6.162 24.3588 481 17101.0 72.4025 
416000 2410 252.914 8113.0 6.209 24.6853 482 17150.0 72.0622 
417000 2412 255.327 8137.0 6.239 24.9739 482 17183.0 72.0622 
418000 2415 257.209 8164.0 6.3 25.1741 483 17237.0 71.956 
419000 2418 265.244 8188.0 6.534 25.9197 483 17300.0 71.956 
420000 2423 264.325 8213.0 6.531 25.8563 484 17371.0 75.7604 
421000 2425 263.71 8240.0 6.509 25.758 485 17432.0 76.2844 
422000 2430 266.316 8266.0 6.63 26.0426 486 17491.0 76.4559 
423000 2432 275.099 8289.0 6.823 26.9079 486 17526.0 76.4559 
424000 2435 271.265 8313.0 6.714 26.5439 487 17587.0 77.3103 
425000 2440 271.685 8334.0 6.652 26.51 488 17639.0 75.8793 
426000 2442 274.374 8359.0 6.707 26.7684 488 17674.0 75.8793 
427000 2447 272.007 8379.0 6.577 26.5284 489 17715.0 74.0914 
428000 2451 270.351 8405.0 6.557 26.3425 490 17765.0 70.8822 
429000 2455 268.123 8430.0 6.515 26.1539 491 17836.0 73.194 
430000 2458 274.886 8454.0 6.683 26.7973 491 17878.0 73.194 
431000 2460 270.879 8481.0 6.557 26.3502 492 17928.0 72.5746 
432000 2465 269.993 8505.0 6.587 26.3694 493 18002.0 74.7172 
433000 2469 274.966 8529.0 6.715 26.7882 493 18054.0 74.7172 
434000 2472 276.446 8552.0 6.731 26.9321 494 18101.0 75.7454 
435000 2477 268.259 8573.0 6.478 26.1982 495 18134.0 71.5709 
436000 2480 267.067 8596.0 6.406 26.0843 496 18192.0 71.1138 
437000 2485 263.092 8620.0 6.295 25.7379 497 18239.0 69.3024 
438000 2490 259.958 8641.0 6.202 25.4238 498 18293.0 68.2722 
439000 2492 269.134 8665.0 6.412 26.3075 498 18330.0 68.2722 
440000 2495 262.054 8693.0 6.23 25.5987 499 18391.0 69.145 
441000 2500 260.235 8714.0 6.214 25.5057 500 18451.0 69.1305 
442000 2504 265.742 8739.0 6.391 26.0294 500 18523.0 69.1305 
443000 2508 265.677 8768.0 6.469 26.0089 501 18578.0 71.9174 
444000 2512 263.99 8796.0 6.495 25.873 502 18658.0 72.1257 
445000 2515 263.198 8849.0 7.005 25.8348 503 18933.0 96.6131 
446000 2517 272.33 8875.0 7.245 26.6892 503 18982.0 96.6131 
447000 2520 273.907 8901.0 7.266 26.8484 504 19056.0 98.6518 
