0 0 0.0 0.0 0.0 0.0 0 0 0 0.0 0.0001698 0.0 0.0 
10000 10 176.533 -2.0 -0.036 0.5506 0 0 0 0.0 -0.0137647 0.0 0.0110378 
20000 20 323.588 -3.0 -0.049 0.9586 0 0 0 0.0 -0.0103026 0.0 -0.1055375 
30000 30 447.322 -3.0 -0.04 2.3576 0 0 0 0.0013943 -0.0711911 0.0004732 -0.0009176 
40000 40 542.721 -4.0 -0.051 3.4756 0 0 0 0.0010509 0.0393625 0.0002705 -0.0485015 
50000 165 98.435 -108.0 -0.821 0.7774 0 0 0 0.0010279 -0.0659639 0.0001858 0.0394134 
60000 244 161.604 -169.0 -0.691 1.4272 0 0 0 0.0008696 -0.0459861 0.0001276 -0.0484014 
70000 254 314.969 -169.0 -0.565 2.7654 0 0 0 0.0007815 -0.0767782 0.00019 -0.1208378 
80000 264 440.28 -169.0 -0.461 3.8627 0 0 0 0.000716 -0.0639245 7.16e-05 -0.1112941 
90000 275 546.883 -168.0 -0.351 4.8275 0 0 0 0.0006542 0.2665354 5.34e-05 0.0420831 
100000 285 623.267 -167.0 -0.27 5.5049 0 0 0 0.0006206 -0.0146711 4.37e-05 0.0208033 
110000 295 690.514 -168.0 -0.237 6.098 0 0 0 0.0005726 -0.0485381 3.48e-05 -0.0931535 
120000 305 747.128 -168.0 -0.194 6.6013 0 0 0 0.0005444 -0.0584431 3.47e-05 -0.0875604 
130000 315 793.385 -168.0 -0.159 7.013 0 0 0 0.0005212 -0.0737058 2.57e-05 -0.1417973 
140000 325 831.18 -168.0 -0.13 7.3388 0 0 0 0.000521 -0.05933 2.27e-05 -0.1196006 
150000 335 862.062 -168.0 -0.106 7.6103 0 0 0 0.0005079 0.0414574 2.46e-05 -0.059114 
160000 345 887.295 -168.0 -0.086 7.8402 0 0 0 0.0004893 -0.0465316 1.83e-05 -0.1275242 
170000 355 907.912 -168.0 -0.071 8.0224 0 0 0 0.0004783 0.0244557 1.72e-05 0.1023474 
180000 365 924.757 -168.0 -0.058 8.1672 0 0 0 0.0004628 -0.053339 1.92e-05 -0.1208887 
190000 375 938.521 -168.0 -0.047 8.2877 0 0 0 0.0004472 -0.0147846 1.49e-05 -0.1087958 
200000 385 949.767 -168.0 -0.039 8.3676 0 0 0 0.0004407 0.1067762 2.02e-05 -0.0848891 
210000 395 958.956 -168.0 -0.031 8.4599 0 0 0 0.0003343 -0.0608625 1.3e-05 -0.1288675 
220000 405 966.464 -168.0 -0.026 8.5477 0 0 0 0.0002082 -0.041955 1.15e-05 0.0712261 
230000 415 972.599 -168.0 -0.021 8.6081 0 0 0 0.0001427 -0.0013741 7.1e-06 -0.0771865 
240000 425 975.29 -167.0 0.001 8.6294 0 0 0 0.000124 -0.0112878 7.6e-06 -0.1074265 
250000 435 979.81 -167.0 0.0 8.6848 0 0 0 9.22e-05 0.0042699 5e-06 -0.0451971 
260000 445 983.504 -167.0 0.0 8.7337 0 0 0 7.36e-05 -0.0060635 4.3e-06 -0.0998452 
270000 456 980.03 -168.0 -0.019 8.7238 0 0 0 6.24e-05 -0.0723033 3.9e-06 0.0696945 
280000 466 983.683 -168.0 -0.015 8.7849 0 0 0 5.89e-05 0.1914055 4e-06 0.152367 
290000 476 986.668 -168.0 -0.013 8.816 0 0 0 5.25e-05 -0.019878 3.4e-06 0.0998587 
300000 486 989.106 -168.0 -0.01 8.8359 0 0 0 4.65e-05 -0.0137234 2.8e-06 0.0620712 
310000 496 991.099 -168.0 -0.008 8.8739 0 0 0 4.01e-05 -0.0153919 3.1e-06 0.0846856 
320000 506 992.727 -168.0 -0.007 8.919 0 0 0 4.22e-05 0.0193419 3e-06 0.0148463 
330000 516 994.058 -168.0 -0.006 8.9411 0 0 0 3.94e-05 0.1603838 4.4e-06 0.1180946 
340000 526 995.145 -168.0 -0.005 8.9797 0 0 0 3.77e-05 -0.0816092 2.5e-06 0.0425033 
350000 536 996.033 -168.0 -0.004 8.9956 0 0 0 3.72e-05 0.1227824 4e-06 0.1588138 
360000 546 996.759 -168.0 -0.003 9.0229 0 0 0 3.69e-05 -0.0919506 2.1e-06 -0.0413884 
370000 556 997.352 -168.0 -0.003 9.0324 0 0 0 3.57e-05 0.0136293 2.4e-06 0.0951982 
380000 566 997.836 -168.0 -0.002 9.0487 0 0 0 3.61e-05 0.2751862 3e-06 0.1422974 
390000 576 998.232 -168.0 -0.002 9.0762 0 0 0 3.55e-05 -0.0513624 1.9e-06 0.0617751 
400000 586 996.595 -169.0 -0.021 9.0485 0 0 0 3.31e-05 -0.0557498 2.1e-06 0.037215 
410000 596 997.218 -169.0 -0.017 9.0581 0 0 0 3.4e-05 -0.0103005 2e-06 0.1087893 
420000 606 997.727 -169.0 -0.014 9.0732 0 0 0 3.14e-05 -0.0535057 2.4e-06 0.0563588 
430000 616 987.445 -169.0 -0.01 8.9818 0 0 0 3.07e-05 -0.0336941 1.6e-06 -0.0579593 
440000 626 989.742 -169.0 -0.008 9.0188 0 0 0 2.94e-05 0.02073 2.8e-06 -0.0787359 
450000 636 991.618 -169.0 -0.007 9.0159 0 0 0 2.84e-05 -0.0077583 1.5e-06 -0.0465074 
460000 646 993.152 -169.0 -0.006 9.0228 0 0 0 2.78e-05 -0.017646 2e-06 -0.0778227 
470000 656 994.404 -169.0 -0.005 9.0337 0 0 0 2.78e-05 0.0017039 1.3e-06 -0.1045143 
480000 667 982.053 -171.0 -0.042 8.9125 0 0 0 2.83e-05 -0.0109983 1.7e-06 -0.0523954 
490000 678 973.565 -172.0 -0.05 8.8516 0 0 0 2.73e-05 -0.0754483 1.5e-06 0.0822512 
500000 688 978.401 -172.0 -0.041 8.9161 0 0 0 2.86e-05 0.0999238 1.8e-06 0.0647205 
510000 699 967.682 -171.0 -0.015 8.8098 0 0 0 2.71e-05 0.0598026 2.4e-06 0.0329973 
520000 709 973.594 -171.0 -0.012 8.8876 0 0 0 2.65e-05 0.0599923 1.5e-06 -0.0116673 
530000 719 978.424 -171.0 -0.01 8.9385 0 0 0 2.49e-05 0.1667369 1.9e-06 -0.0014911 
540000 729 982.371 -171.0 -0.008 8.9907 0 0 0 2.41e-05 0.0811423 1.6e-06 0.0593909 
550000 739 985.596 -171.0 -0.007 9.055 0 0 0 2.39e-05 -4.3e-06 1.4e-06 -0.0433874 
560000 749 988.231 -171.0 -0.005 9.0858 0 0 0 2.31e-05 -0.0394173 1.4e-06 -0.0774118 
570000 759 990.384 -171.0 -0.004 9.1078 0 0 0 2.3e-05 0.0653227 1.3e-06 0.0479636 
580000 769 992.143 -171.0 -0.004 9.1462 0 0 0 2.38e-05 0.0964998 1.4e-06 0.0438754 
590000 779 993.58 -171.0 -0.003 9.155 0 0 0 2.54e-05 -0.0710761 1.7e-06 -0.0334111 
600000 789 994.754 -171.0 -0.002 9.1619 0 0 0 2.15e-05 0.0166421 1.6e-06 0.0334891 
610000 799 995.714 -171.0 -0.002 9.1883 0 0 0 2.1e-05 -0.0088186 1.2e-06 -0.0755766 
620000 809 996.498 -171.0 -0.002 9.2339 0 0 0 2.08e-05 -0.0723878 1.3e-06 -0.0881556 
630000 819 997.139 -171.0 -0.001 9.2184 0 0 0 2.22e-05 -0.0089415 1.6e-06 -0.0521468 
640000 829 997.662 -171.0 -0.001 9.2273 0 0 0 2.14e-05 -0.0143029 1.5e-06 -0.0796496 
650000 839 998.09 -171.0 -0.001 9.2278 0 0 0 2.15e-05 0.2051443 1.4e-06 0.0635221 
660000 849 998.439 -171.0 -0.001 9.2378 0 0 0 2.25e-05 -0.0604266 1.1e-06 -0.1119148 
670000 859 998.725 -171.0 -0.001 9.2181 0 0 0 2.31e-05 0.0114441 1.2e-06 -0.0401921 
680000 869 998.958 -171.0 -0.0 9.2374 0 0 0 2.04e-05 -0.0127528 1.2e-06 -0.1565503 
690000 879 999.149 -171.0 -0.0 9.2536 0 0 0 2.13e-05 0.0141731 1.1e-06 0.1483233 
700000 889 999.304 -171.0 -0.0 9.2526 0 0 0 1.6e-05 -0.0408997 1.1e-06 -0.0285435 
710000 899 999.432 -171.0 -0.0 9.2457 0 0 0 1.37e-05 0.1397007 1.4e-06 0.0299937 
720000 909 999.536 -171.0 -0.0 9.2649 0 0 0 1.46e-05 0.0456295 1e-06 0.0840196 
730000 919 999.621 -171.0 -0.0 9.251 0 0 0 1.27e-05 0.0292986 1.4e-06 -0.0437894 
740000 929 999.276 -172.0 -0.019 9.2472 0 0 0 1.44e-05 0.109303 1e-06 0.0576013 
750000 939 999.408 -172.0 -0.015 9.2321 0 0 0 1.17e-05 -0.0105796 1.1e-06 -0.0229496 
760000 949 999.517 -172.0 -0.013 9.2216 0 0 0 1.12e-05 0.029844 1.4e-06 0.0179835 
770000 959 999.605 -172.0 -0.01 9.1926 0 0 0 1.3e-05 -0.0433486 1.1e-06 -0.1223485 
780000 969 999.677 -172.0 -0.008 9.2156 0 0 0 1.12e-05 0.1963754 9e-07 -0.0576798 
790000 979 999.736 -172.0 -0.007 9.2205 0 0 0 1.23e-05 0.0262589 1.1e-06 -0.0349532 
800000 989 999.785 -172.0 -0.006 9.2017 0 0 0 1.07e-05 0.116344 9e-07 0.1364064 
810000 999 999.824 -172.0 -0.005 9.2155 0 0 0 1.23e-05 -0.01957 8e-07 -0.0272746 
820000 1009 999.856 -172.0 -0.004 9.2097 0 0 0 1.12e-05 -0.0244467 7e-07 0.0039349 
830000 1019 999.882 -172.0 -0.003 9.2377 0 0 0 1.16e-05 -0.0191068 1e-06 -0.0221114 
840000 1029 999.904 -172.0 -0.003 9.2305 0 0 0 1.35e-05 0.1173657 2.2e-06 0.031002 
850000 1039 999.922 -172.0 -0.002 9.2383 0 0 0 9e-06 -0.0033929 8e-07 -0.0864066 
860000 1049 999.623 -173.0 -0.019 9.2303 0 0 0 9.8e-06 0.0448451 6e-07 0.0908319 
870000 1059 999.692 -173.0 -0.016 9.2223 0 0 0 1.15e-05 -0.0218021 1.5e-06 0.0355734 
880000 1069 999.749 -173.0 -0.013 9.2024 0 0 0 9.8e-06 0.0831523 1e-06 0.1318084 
890000 1079 998.11 -174.0 -0.027 9.1867 0 0 0 1.05e-05 -0.0141077 1.3e-06 0.0096546 
900000 1089 998.456 -174.0 -0.022 9.2107 0 0 0 9e-06 -0.0019696 1.2e-06 0.0666372 
910000 1099 998.738 -174.0 -0.018 9.2155 0 0 0 8.7e-06 -0.0116105 9e-07 0.1578286 
920000 1109 988.014 -175.0 -0.031 9.0979 0 0 0 8.7e-06 0.0405097 6e-07 0.038348 
930000 1119 990.206 -175.0 -0.026 9.1125 0 0 0 1.62e-05 0.0639797 7e-07 -0.1429192 
940000 1129 991.998 -175.0 -0.021 9.1308 0 0 0 9.7e-06 -0.0036072 1.4e-06 -0.110908 
950000 1139 993.462 -175.0 -0.017 9.1689 0 0 0 9.1e-06 -0.0250006 1.7e-06 -0.0656897 
960000 1149 994.658 -175.0 -0.014 9.1828 0 0 0 1.09e-05 0.0788498 1e-06 0.0221045 
970000 1159 995.635 -175.0 -0.011 9.1867 0 0 0 9e-06 -0.0287072 8e-07 -0.1009667 
980000 1169 996.433 -175.0 -0.009 9.218 0 0 0 9.9e-06 -0.0439724 1e-06 -0.0995305 
990000 1179 997.086 -175.0 -0.008 9.2003 0 0 0 9e-06 -0.0519446 1e-06 -0.0694391 
