128 3 3 0.0 0.0 5.08 -0.0010162 0.0005496  {} 
256 3 3 0.0 0.0 4.88 -0.0001075 4.18e-05  {} 
384 3 3 0.0 0.0 4.79 -0.0010415 0.0006173  {} 
512 3 3 0.0 0.0 4.69 -0.0010151 0.0008964  {} 
640 3 3 0.0 0.0 4.46 -0.0010729 0.0007012  {} 
768 3 3 0.0 0.0 4.47 -0.0021599 0.0012354  {} 
896 3 3 0.0 0.0 4.53 -0.0009103 0.0005376  {} 
1024 3 3 0.0 0.0 4.48 9.23e-05 4.21e-05  {} 
1152 3 3 0.0 0.0 4.65 0.0001758 3.5e-06  {} 
1280 4 4 0.0 0.0 4.63 0.0001324 5e-07  {} 
1408 4 4 0.0 0.0 4.8 -0.0019879 0.0010154  {} 
1536 4 4 0.0 0.0 4.73 -0.0019897 0.0011158  {} 
1664 4 4 0.0 0.0 4.99 -0.0019472 0.0013514  {} 
1792 5 5 0.0 0.0 5.0 -0.0029617 0.0020288  {} 
1920 6 6 0.0 0.0 5.15 -0.0018006 0.0011824  {} 
2048 6 6 0.0 0.0 5.11 -0.0013987 0.0010768  {} 
2176 6 6 0.0 0.0 4.98 0.0005746 8.44e-05  {} 
2304 6 6 0.0 0.0 4.83 -0.0029049 0.0020501  {} 
2432 6 6 0.0 0.0 4.88 -0.000347 0.0010831  {} 
2560 6 6 0.0 0.0 4.83 -0.0008356 0.0012762  {} 
2688 6 6 0.0 0.0 4.67 -8.21e-05 0.0010505  {} 
2816 6 6 0.0 0.0 4.66 -0.0015166 0.0020566  {} 
2944 6 6 0.0 0.0 4.36 -0.0016498 0.001901  {} 
3072 7 7 0.0 0.0 4.34 0.0006311 0.0006847  {} 
3200 8 8 0.0 0.0 4.29 -0.0005239 0.0013763  {} 
3328 8 8 0.0 0.0 4.25 -0.0014941 0.0016416  {} 
3456 8 8 0.0 0.0 4.28 -0.003101 0.0028619  {} 
3584 8 8 0.0 0.0 4.51 -0.008739 0.006627  {} 
3712 8 8 0.0 0.0 4.54 -0.0015743 0.0028806  {} 
3840 8 8 0.0 0.0 4.44 0.0007483 0.0014347  {} 
3968 8 8 0.0 0.0 4.49 -0.0017937 0.0019579  {} 
4096 8 8 0.0 0.0 4.48 -0.0035723 0.0035603  {} 
4224 8 8 0.0 0.0 4.48 -0.0006644 0.0028957  {} 
4352 9 9 0.0 0.0 4.67 -0.0003854 0.0042513  {} 
4480 9 9 0.0 0.0 4.67 0.0019177 0.0030541  {} 
4608 13 13 0.1 0.1 4.58 -0.0049461 0.0054077  {} 
4736 19 19 0.05314410000000002 0.05314410000000002 4.85 -0.0053542 0.0066287  {} 
4864 20 20 0.04782969000000002 0.04782969000000002 4.77 -0.0065441 0.0070797  {} 
4992 21 21 0.043046721000000024 0.043046721000000024 4.61 -0.0122401 0.0111235  {} 
5120 26 26 0.025418658283290013 0.025418658283290013 4.77 -0.0106133 0.0126246  {} 
5248 28 28 0.020589113209464913 0.020589113209464913 4.72 -0.0042629 0.0100182  {} 
5376 35 35 0.009847709021836121 0.009847709021836121 4.54 -0.0031593 0.0107152  {} 
5504 38 38 0.007178979876918534 0.007178979876918534 4.51 -0.0097602 0.0152433  {} 
5632 39 39 0.006461081889226681 0.006461081889226681 4.45 -0.0083939 0.0142962  {} 
5760 41 41 0.09523347633027361 0.09523347633027361 4.49 -0.0136783 0.0176311  {} 
5888 45 45 0.15248268382029254 0.15248268382029254 4.29 -0.0231996 0.0220832  {} 
6016 47 47 0.12351097389443697 0.12351097389443697 4.18 -0.0310078 0.0296041  {} 
6144 50 50 0.09003949996904455 0.09003949996904455 4.07 -0.018982 0.0280337  {} 
6272 51 51 0.08103554997214009 0.08103554997214009 4.12 -0.0120079 0.0304203  {} 
6400 58 58 0.0387590523414697 0.0387590523414697 4.15 -0.0176593 0.034934  {} 
6528 61 61 0.19925534915693144 0.19925534915693144 4.22 -0.0222482 0.0405541  {} 
6656 66 66 0.26426829112367656 0.26426829112367656 4.27 -0.0190139 0.0386056  {} 
6784 69 69 0.3736515842291602 0.3736515842291602 4.28 -0.0086553 0.0401931  {} 
6912 72 72 0.35339200490305783 0.35339200490305783 4.36 -0.0230023 0.0443259  {} 
7040 73 73 0.41805280441275205 0.41805280441275205 4.29 -0.0153054 0.0425729  {} 
7168 76 76 0.5757604944168963 0.5757604944168963 4.36 -0.0203586 0.0473305  {} 
7296 82 82 0.46159273291340985 0.46159273291340985 4.38 -0.0305753 0.0507291  {} 
7424 84 84 0.463890113659862 0.463890113659862 4.31 -0.0255715 0.050838  {} 
7552 87 87 0.5191758928580394 0.5191758928580394 4.24 -0.0367146 0.0524383  {} 
7680 87 87 0.5191758928580394 0.5191758928580394 4.22 -0.0194781 0.0504832  {} 
7808 91 91 0.6845313033041597 0.6845313033041597 4.18 -0.0267566 0.0492064  {} 
7936 95 95 0.7120209880978592 0.7120209880978592 4.2 -0.0388727 0.0540342  {} 
8064 102 102 0.730311531342143 0.730311531342143 4.25 -0.0460462 0.0519902  {} 
8192 107 107 0.750751656142222 0.750751656142222 4.18 -0.037932 0.0545198  {} 
8320 109 109 0.6981088414751997 0.6981088414751997 4.22 -0.0350734 0.0468243  {} 
8448 116 116 0.7656063947401794 0.7656063947401794 4.17 -0.036937 0.0389703  {} 
8576 122 122 0.8754336280271157 0.8754336280271157 4.15 -0.0185951 0.039419  {} 
8704 127 127 0.9264448030137316 0.9264448030137316 4.09 -0.0356717 0.0308207  {} 
8832 132 132 0.9565663917315783 0.9565663917315783 4.19 -0.0163645 0.0318094  {} 
8960 138 138 0.9769175997882217 0.9769175997882217 4.22 -0.0347164 0.0278365  {} 
9088 144 144 0.9877330661490523 0.9877330661490523 4.17 -0.017118 0.0270607  {} 
9216 149 149 0.9927564982303538 0.9927564982303538 4.15 -0.0241781 0.0251871  {} 
9344 157 157 0.9968819100025903 0.9968819100025903 4.12 -0.0183519 0.0242259  {} 
9472 161 161 0.9979542211526995 0.9979542211526995 4.16 -0.0158636 0.0179171  {} 
9600 167 167 0.9989127892436116 0.9989127892436116 4.23 -0.022566 0.0163564  {} 
9728 173 173 0.9994222116284143 0.9994222116284143 4.17 -0.0168214 0.0139078  {} 
9856 179 179 0.9997236456130144 0.9997236456130144 4.2 -0.0164313 0.0141697  {} 
9984 186 186 0.9998531339482261 0.9998531339482261 4.18 -0.0141287 0.0141412  {} 
10112 194 194 0.9999367789804492 0.9999367789804492 4.27 -0.0248571 0.0108942  {} 
10240 201 201 0.9999697615823339 0.9999697615823339 4.25 -0.0052454 0.0126617  {} 
