0 0 0.0 0.0 0.0 0.0 0 0 0 0.0 0.000136 0.0 0.0 
10000 10 182.927 0.0 0.0 0.5246 0 0 0 0.0 0.0489348 0.0 0.0867905 
20000 20 324.498 -1.0 -0.019 0.9624 0 0 0 0.0 -0.010637 0.0 0.1311104 
30000 33 425.666 -5.0 -0.08 2.2846 0 0 0 0.001439 -0.0170771 0.0005448 0.0458557 
40000 43 530.727 -5.0 -0.065 3.4976 0 0 0 0.0009955 0.0171995 0.0003014 -0.0646727 
50000 155 145.538 -91.0 -0.723 1.1927 0 0 0 0.0008856 -0.0855961 0.0001822 -0.0955867 
60000 165 301.842 -91.0 -0.591 2.604 0 0 0 0.0007711 0.125472 0.0001199 0.0504622 
70000 175 429.554 -91.0 -0.483 3.7564 0 0 0 0.0006827 0.1282112 8.06e-05 -0.0085552 
80000 185 526.392 -90.0 -0.377 4.6357 0 0 0 0.0006055 -0.1042762 6.07e-05 0.1147398 
90000 195 613.028 -90.0 -0.308 5.4424 0 0 0 0.0005803 -0.0156018 5.28e-05 0.116176 
100000 205 683.816 -90.0 -0.252 6.0974 0 0 0 0.0005405 0.0470327 3.85e-05 0.1018588 
110000 215 741.655 -90.0 -0.206 6.6152 0 0 0 0.0005374 -0.0267669 3.11e-05 0.0204027 
120000 225 788.913 -90.0 -0.168 7.035 0 0 0 0.0005011 0.0174758 2.51e-05 0.1144394 
130000 236 816.148 -89.0 -0.117 7.2728 0 0 0 0.0004795 0.1820018 2.01e-05 0.1841925 
140000 284 421.422 -123.0 -0.501 3.7593 0 0 0 0.0005957 -0.081073 3.03e-05 0.0550359 
150000 296 506.836 -126.0 -0.447 4.5223 0 0 0 0.0007458 -0.0387875 2.67e-05 -0.1407387 
160000 309 561.985 -127.0 -0.358 5.0121 0 0 0 0.0008113 -0.0704588 2.3e-05 -0.1071394 
170000 322 615.748 -123.0 -0.205 5.4921 0 0 0 0.0008883 0.05728 2.13e-05 -0.0581042 
180000 335 651.383 -123.0 -0.161 5.8094 0 0 0 0.0009812 -0.0031965 2.22e-05 -0.0048111 
190000 396 304.857 -158.0 -0.456 2.7345 0 0 0 0.0010733 -0.0262333 2.16e-05 -0.0996676 
200000 436 299.243 -182.0 -0.52 2.7068 0 0 0 0.0011248 -0.0210754 1.94e-05 0.0740391 
210000 446 427.43 -182.0 -0.425 3.8478 0 0 0 0.0010775 -0.0070462 1.83e-05 0.0647474 
220000 461 479.392 -175.0 -0.182 4.3353 0 0 0 0.0010065 -0.0554458 1.49e-05 -0.0435634 
230000 482 489.478 -164.0 0.06 4.4103 0 0 0 0.0010029 0.0899541 1.59e-05 -0.1368224 
240000 499 508.453 -157.0 0.163 4.5771 0 0 0 0.0010924 0.066512 1.48e-05 -0.0464055 
250000 523 472.842 -151.0 0.208 4.2635 0 0 0 0.001162 -0.0150756 1.52e-05 0.0005705 
260000 544 473.833 -149.0 0.171 4.267 0 0 0 0.0011418 0.1569763 1.47e-05 0.0260242 
270000 575 391.192 -157.0 0.0 3.5159 0 0 0 0.0011936 0.0014554 1.41e-05 -0.1038048 
280000 606 362.0 -146.0 0.163 3.2545 0 0 0 0.0012456 0.0618224 1.47e-05 -0.018529 
290000 638 332.288 -132.0 0.311 2.996 0 0 0 0.0012744 0.0634937 1.42e-05 0.0657837 
300000 693 225.624 -97.0 0.556 2.0527 0 0 0 0.0012735 0.1411125 1.2e-05 0.1233946 
310000 704 354.64 -95.0 0.484 3.2194 0 0 0 0.0012934 -0.0542584 1.15e-05 -0.0472591 
320000 745 293.885 -68.0 0.616 2.6704 0 0 0 0.0012751 -0.0538209 1.08e-05 -0.0349977 
330000 781 287.208 -46.0 0.607 2.6186 0 0 0 0.0012705 -0.0034773 9.2e-06 0.0708298 
340000 835 227.255 -12.0 0.614 2.0716 0 0 0 0.0012269 0.0291259 1.12e-05 -0.1422025 
350000 865 274.55 4.0 0.553 2.5015 0 0 0 0.0011789 0.1015605 8.5e-06 0.0267996 
360000 907 250.86 34.0 0.65 2.292 0 0 0 0.0011518 0.0022434 8.6e-06 0.0253676 
370000 952 235.655 67.0 0.7 2.1449 0 0 0 0.001098 -0.0387137 6.8e-06 0.1702814 
380000 986 281.18 81.0 0.533 2.557 0 0 0 0.0010534 -0.0120164 7.4e-06 0.1097294 
390000 1009 334.911 88.0 0.448 3.0269 0 0 0 0.0010311 -0.0301269 6.5e-06 0.0429061 
400000 1060 222.104 81.0 0.021 2.0107 0 0 0 0.0009873 0.0004013 7.9e-06 0.1643101 
410000 1166 119.507 26.0 -0.408 1.0907 0 0 0 0.0009626 -0.0651678 9e-06 0.0833724 
420000 1204 210.048 41.0 0.059 1.8895 0 0 0 0.000942 0.1479682 7.3e-06 0.0664794 
430000 1254 206.893 77.0 0.498 1.8869 0 0 0 0.0009059 0.0668445 5.7e-06 0.0148252 
440000 1331 137.264 135.0 0.725 1.2514 0 0 0 0.0008628 0.0132815 4.8e-06 -0.1381568 
450000 1399 148.589 151.0 0.429 1.3446 0 0 0 0.0008485 0.004175 7.8e-06 -0.0405273 
460000 1494 98.101 239.0 0.884 0.8877 0 0 0 0.0008115 0.0867537 4.2e-06 -0.0129226 
470000 1669 54.024 403.0 0.949 0.491 0 0 0 0.0008005 -0.023296 5.7e-06 0.0454531 
480000 1879 46.863 605.0 0.983 0.43 0 0 0 0.0007668 0.0386055 3.8e-06 0.007162 
490000 2078 53.062 792.0 0.963 0.4896 0 0 0 0.0007456 -0.0920456 5.5e-06 0.1122043 
500000 2275 51.074 983.0 0.962 0.4729 0 0 0 0.0007237 0.0556741 3.8e-06 0.0379719 
510000 2465 66.762 1158.0 0.903 0.6173 0 0 0 0.0007177 -0.0354714 8.1e-06 0.0246436 
520000 2598 70.357 1281.0 0.943 0.6382 0 0 0 0.0007145 -0.0446522 3.3e-06 -0.0791584 
530000 2778 47.985 1440.0 0.938 0.4441 0 0 0 0.0007004 -0.015614 3.9e-06 -0.1138833 
540000 2941 59.004 1589.0 0.911 0.5409 0 0 0 0.0006735 -0.0457743 3.6e-06 0.1353049 
550000 3105 58.746 1741.0 0.96 0.5419 0 0 0 0.0006573 -0.0400134 5.4e-06 -0.0496025 
560000 3296 56.907 1928.0 0.992 0.5328 0 0 0 0.0006542 0.0426225 3.2e-06 -0.0237962 
570000 3494 49.452 2122.0 0.987 0.453 0 0 0 0.0006327 0.0084479 7.5e-06 0.0110281 
580000 3694 49.384 2321.0 0.995 0.4584 0 0 0 0.0006062 0.0364615 2.7e-06 0.0459086 
590000 3903 49.074 2528.0 0.995 0.4582 0 0 0 0.000612 0.066458 3.3e-06 0.0892773 
600000 4123 42.818 2746.0 0.997 0.397 0 0 0 0.0006033 0.0453085 1.09e-05 0.0329965 
610000 4338 44.254 2956.0 0.948 0.4061 0 0 0 0.000585 -0.0717645 2.4e-06 0.0287202 
620000 4577 43.917 3189.0 0.959 0.4107 0 0 0 0.0005608 -0.0219133 3.8e-06 -0.0026731 
630000 4806 42.528 3416.0 0.965 0.3873 0 0 0 0.0005436 -0.0194707 8.1e-06 0.0049615 
640000 5054 38.072 3654.0 0.932 0.3533 0 0 0 0.0005411 0.0091228 2.6e-06 -0.0135917 
650000 5268 43.056 3859.0 0.974 0.397 0 0 0 0.0005325 -0.0145868 4.6e-06 -0.0023197 
660000 5512 40.113 4093.0 0.995 0.3742 0 0 0 0.0005172 -0.0124117 4.1e-06 -0.0386363 
670000 5752 41.95 4333.0 1.0 0.3905 0 0 0 0.0005012 0.0506484 2.4e-06 -0.0362817 
680000 5980 51.24 4553.0 0.944 0.4663 0 0 0 0.0004955 0.0223994 4.3e-06 -0.0352156 
690000 6214 43.631 4785.0 0.998 0.4019 0 0 0 0.0005023 0.0372276 3.7e-06 -0.0149347 
700000 6424 43.983 4992.0 0.969 0.4163 0 0 0 0.0004837 -0.0364131 3e-06 -0.0241661 
710000 6635 45.432 5202.0 0.996 0.4196 0 0 0 0.0004862 -0.0362571 5.1e-06 -0.0344619 
720000 6835 49.706 5401.0 0.997 0.4592 0 0 0 0.000478 -0.0330632 2.7e-06 -0.0279779 
730000 7019 51.104 5580.0 0.994 0.4732 0 0 0 0.000465 -0.0260098 2e-06 -0.0124183 
740000 7263 44.492 5818.0 0.987 0.4102 0 0 0 0.0004725 0.1302407 2e-06 0.0117156 
750000 7505 42.977 6056.0 0.96 0.3815 0 0 0 0.000461 -0.0471294 2.3e-06 0.00513 
760000 7712 42.034 6261.0 0.998 0.3664 0 0 0 0.0004477 0.0475048 1.6e-06 0.0034644 
770000 7968 40.932 6517.0 1.0 0.3713 0 0 0 0.0004347 0.0079678 2.8e-06 0.0098041 
780000 8176 63.883 6720.0 0.935 0.5755 0 0 0 0.000433 0.0599218 2.3e-06 -0.05203 
790000 8411 41.693 6955.0 0.999 0.374 0 0 0 0.0004319 0.0515888 2e-06 0.0274588 
800000 8645 43.434 7185.0 0.959 0.3939 0 0 0 0.0004155 -0.004983 1.9e-06 -0.0248916 
810000 8869 42.585 7403.0 0.976 0.3879 0 0 0 0.0004154 -0.0152803 1.5e-06 0.0106749 
820000 9053 61.166 7582.0 0.958 0.5438 0 0 0 0.0004278 -0.008277 1.5e-06 0.0160172 
830000 9275 44.91 7802.0 0.999 0.4132 0 0 0 0.0004096 -0.0022168 3e-06 -0.0267233 
840000 9457 48.5 7973.0 0.931 0.4458 0 0 0 0.0004087 0.0201652 3.5e-06 -0.0123117 
850000 9654 53.268 8163.0 0.938 0.48 0 0 0 0.0004036 0.0132166 2.1e-06 0.0483747 
860000 9889 43.385 8396.0 0.998 0.4019 0 0 0 0.0004108 0.0222425 3.8e-06 -0.0190795 
870000 10123 44.838 8626.0 0.997 0.4121 0 0 0 0.0003986 0.051086 1.5e-06 0.0189328 
880000 10344 42.858 8845.0 0.995 0.4039 0 0 0 0.000395 -0.0823721 9e-07 0.0550551 
890000 10569 41.876 9066.0 0.991 0.3846 0 0 0 0.0003807 0.0119474 1.5e-06 -0.0227932 
900000 10793 44.254 9275.0 0.941 0.4122 0 0 0 0.0003921 0.039936 3.5e-06 0.0463984 
910000 10986 65.231 9461.0 0.975 0.609 0 0 0 0.000392 0.0757982 8e-07 0.0256342 
920000 11209 45.811 9678.0 0.996 0.4188 0 0 0 0.0003827 -0.0279361 2.6e-06 -0.0027369 
930000 11455 39.517 9922.0 0.979 0.3703 0 0 0 0.0003869 0.0431608 1.1e-06 0.0089033 
940000 11647 55.624 10111.0 0.988 0.5113 0 0 0 0.0003843 0.0187757 1e-06 0.1080191 
950000 11850 41.261 10313.0 0.999 0.3815 0 0 0 0.0003765 -0.0815596 1.7e-06 0.1472984 
960000 12053 47.693 10514.0 0.961 0.4412 0 0 0 0.0003729 -0.0877355 1.8e-06 0.0992431 
970000 12260 46.252 10718.0 0.989 0.4307 0 0 0 0.0003594 -0.0215895 1.1e-06 -0.0209733 
980000 12502 41.651 10958.0 0.983 0.3732 0 0 0 0.0003575 0.0079011 2.7e-06 -0.012746 
990000 12731 44.147 11181.0 0.927 0.4082 0 0 0 0.0003574 -0.0206052 1.14e-05 -0.0234782 
