0 0 0.0 0.0 0.0 0.0 0 0.0 0.0 0.0 1.8e-06 
1000 5 15.845 46.0 0.766 1.3841 1 550.0 26.0 0.0110973 -0.0032335 
2000 12 34.888 82.0 1.456 3.3244 4 1020.0 87.844 0.0034555 -0.003471 
3000 16 52.292 123.0 2.139 5.0866 5 2320.0 125.0596 0.0013093 -0.0035443 
4000 20 66.296 164.0 2.694 6.361 6 2810.0 208.5536 0.0006794 -0.0036575 
5000 25 79.122 202.0 3.25 7.7049 8 3700.0 250.2284 0.0004654 -0.0036876 
6000 30 91.179 234.0 3.537 8.9256 10 4070.0 274.585 0.000405 -0.0037514 
7000 35 101.876 296.0 4.385 9.8889 11 5360.0 350.1265 0.0003753 -0.0036888 
8000 39 113.182 366.0 5.416 11.1299 13 6180.0 386.7025 0.0003537 -0.0037625 
9000 44 122.242 425.0 6.029 11.9796 14 7050.0 377.0322 0.0003229 -0.00393 
10000 48 126.536 472.0 6.104 12.314 16 7600.0 389.5961 0.0002875 -0.0039588 
11000 53 135.603 554.0 7.148 13.3415 17 8930.0 395.6365 0.0002612 -0.003965 
12000 58 143.382 606.0 7.548 14.0416 19 9890.0 487.1656 0.0002299 -0.0041873 
13000 63 146.682 688.0 8.085 14.3091 21 10800.0 474.6041 0.0002026 -0.0042216 
14000 69 152.069 732.0 8.481 14.9782 23 11340.0 463.7293 0.0001711 -0.0044295 
15000 74 152.86 805.0 8.737 15.0212 24 12390.0 483.3564 0.0001526 -0.004331 
16000 80 157.886 863.0 9.04 15.5123 26 13030.0 461.6187 0.000144 -0.0044271 
17000 84 159.783 933.0 9.32 15.7453 28 14230.0 472.3111 0.0001359 -0.0044527 
18000 88 169.324 1008.0 10.286 16.5783 29 15290.0 540.08 0.0001275 -0.0044864 
19000 93 173.384 1080.0 10.69 17.0585 31 16060.0 535.2648 0.0001208 -0.0045171 
20000 97 181.538 1133.0 11.113 17.7907 32 16670.0 513.7383 0.0001107 -0.0045781 
21000 103 177.562 1204.0 11.072 17.3432 34 17440.0 500.1281 0.0001049 -0.0046207 
22000 108 180.667 1264.0 11.141 17.7514 36 18750.0 552.8037 0.0001001 -0.0047019 
23000 111 183.476 1332.0 11.199 17.9392 37 19730.0 541.5233 9.37e-05 -0.0046766 
24000 117 187.168 1394.0 11.625 18.3591 39 20730.0 583.1339 8.89e-05 -0.0046961 
25000 123 185.32 1462.0 11.704 18.1482 41 21700.0 569.8385 9.53e-05 -0.004677 
26000 127 190.888 1544.0 12.401 18.6404 42 22830.0 598.8546 9.14e-05 -0.0048094 
27000 130 198.591 1642.0 13.66 19.5295 43 24920.0 694.9692 8.82e-05 -0.004802 
28000 135 200.077 1700.0 13.464 19.5653 45 26010.0 747.525 8.51e-05 -0.0047676 
29000 138 201.786 1817.0 14.126 19.7962 46 27520.0 777.7725 8.43e-05 -0.0047381 
30000 142 206.556 1903.0 15.047 20.2851 47 28890.0 768.9953 8.17e-05 -0.0049928 
31000 147 206.101 2002.0 15.149 20.1556 49 30200.0 810.4862 7.72e-05 -0.0050371 
32000 151 207.995 2069.0 15.697 20.4283 50 31280.0 784.4375 7.42e-05 -0.0047683 
33000 156 208.283 2167.0 15.592 20.4103 52 32580.0 786.4944 7.16e-05 -0.0050227 
34000 159 215.434 2231.0 16.13 21.0877 53 33430.0 822.845 7.44e-05 -0.0051327 
35000 164 216.044 2332.0 17.046 21.2405 54 34720.0 798.5605 7.44e-05 -0.0047664 
36000 168 220.434 2403.0 17.132 21.5426 56 35940.0 860.334 7.46e-05 -0.005141 
37000 174 213.752 2485.0 16.677 20.9971 58 36860.0 782.2705 7.21e-05 -0.005253 
38000 178 211.356 2596.0 17.014 20.708 59 38470.0 768.0435 6.85e-05 -0.0053916 
39000 182 221.471 2698.0 18.371 21.6585 60 40080.0 803.2391 6.92e-05 -0.0049142 
40000 184 224.238 2782.0 18.599 22.0404 61 41440.0 888.9152 6.72e-05 -0.0051033 
41000 187 233.394 2857.0 19.198 22.8858 62 43310.0 925.0237 6.72e-05 -0.0051903 
42000 192 232.279 2943.0 18.907 22.7508 64 45070.0 1039.5692 6.48e-05 -0.0055121 
43000 195 238.153 3040.0 19.703 23.3522 65 46670.0 1116.6123 6.39e-05 -0.0058161 
44000 198 245.168 3094.0 19.998 23.9993 66 49360.0 1298.951 6.14e-05 -0.0059948 
45000 202 246.817 3231.0 21.267 24.2993 67 51130.0 1287.0559 5.95e-05 -0.0054155 
46000 206 245.882 3321.0 21.259 24.2654 68 53840.0 1245.3503 5.73e-05 -0.0058604 
47000 210 244.903 3425.0 21.266 24.1105 70 55650.0 1384.7338 5.55e-05 -0.005823 
48000 213 244.879 3536.0 21.27 24.0709 71 57100.0 1341.2604 5.66e-05 -0.0056721 
49000 216 252.329 3621.0 22.06 24.8959 72 59590.0 1399.1344 5.57e-05 -0.0066485 
50000 220 255.527 3701.0 22.555 25.083 73 61380.0 1441.2209 5.34e-05 -0.0048897 
51000 224 255.496 3805.0 22.918 25.1811 74 63330.0 1456.0988 5.42e-05 -0.0074105 
52000 228 250.918 3919.0 22.607 24.7152 76 64870.0 1413.6401 5.39e-05 -0.0067221 
53000 232 256.44 4048.0 24.313 25.1644 77 67990.0 1408.276 5.41e-05 -0.0059869 
54000 235 258.391 4126.0 24.059 25.4947 78 69880.0 1587.4484 5.4e-05 -0.0073685 
55000 239 260.53 4222.0 24.433 25.774 79 72180.0 1595.7036 5.26e-05 -0.0068888 
56000 242 260.244 4320.0 24.433 25.6686 80 75120.0 1615.1332 5.41e-05 -0.0055908 
57000 245 269.242 4405.0 25.144 26.6204 81 77390.0 1747.6199 5.18e-05 -0.0076549 
58000 249 267.25 4505.0 25.118 26.3996 83 78930.0 1772.4721 5.28e-05 -0.0075733 
59000 252 271.516 4608.0 25.637 26.7198 84 82060.0 1908.2249 5.12e-05 -0.0070473 
60000 255 272.434 4709.0 25.674 26.9058 85 83220.0 1808.4024 5.2e-05 -0.0074048 
61000 258 273.337 4827.0 25.983 27.0033 86 84940.0 1756.5622 5.16e-05 -0.0085288 
62000 263 267.171 4945.0 26.116 26.2802 87 86630.0 1686.906 5.05e-05 -0.0068364 
63000 267 268.352 5046.0 26.434 26.5037 89 88190.0 1634.8938 5e-05 -0.0096045 
64000 270 270.428 5155.0 26.624 26.6467 90 89720.0 1601.4044 4.92e-05 -0.0107951 
65000 273 271.551 5280.0 26.905 26.6906 91 93410.0 1640.264 5.02e-05 -0.0067405 
66000 278 268.313 5378.0 27.124 26.4992 92 94960.0 1746.2376 5.09e-05 -0.0058583 
67000 282 267.842 5479.0 27.036 26.4527 94 96860.0 1678.7525 5.2e-05 -0.0065464 
68000 287 261.857 5618.0 27.079 25.8333 95 98760.0 1657.8772 4.83e-05 -0.0103909 
69000 290 262.292 5728.0 27.282 25.9541 96 100660.0 1562.0895 4.72e-05 -0.0068684 
70000 294 259.817 5873.0 27.199 25.7131 98 103040.0 1525.2925 4.78e-05 -0.0132188 
71000 298 264.166 6001.0 28.696 26.0287 99 105550.0 1542.7632 4.78e-05 -0.0058797 
72000 302 258.136 6114.0 28.034 25.5376 100 108410.0 1606.4869 4.83e-05 -0.0091615 
73000 306 261.178 6224.0 28.623 25.7511 102 109820.0 1686.1544 4.65e-05 -0.0161442 
74000 309 266.431 6338.0 29.138 26.2956 103 112040.0 1739.539 4.62e-05 -0.0137874 
75000 312 266.842 6460.0 29.203 26.3796 104 114020.0 1709.5851 4.6e-05 -0.0095138 
76000 315 272.553 6542.0 29.525 26.8923 105 115330.0 1715.6266 4.62e-05 -0.0149003 
77000 318 272.005 6675.0 29.503 26.7746 106 118410.0 1745.0639 4.48e-05 -0.0169317 
78000 321 274.707 6808.0 30.042 27.1191 107 123680.0 2057.5575 4.42e-05 -0.019804 
79000 326 272.507 6879.0 29.797 26.9076 108 125060.0 2102.8018 4.37e-05 -0.0124056 
80000 329 276.437 7019.0 30.69 27.205 109 127900.0 2003.5216 4.27e-05 -0.0167403 
81000 332 277.274 7144.0 31.039 27.4054 110 130750.0 2033.1694 4.54e-05 -0.0130382 
82000 335 279.751 7259.0 31.475 27.6542 111 133300.0 2153.8525 4.59e-05 -0.0062029 
83000 339 277.206 7384.0 31.09 27.2714 113 135320.0 2066.5205 4.53e-05 -0.0164228 
84000 342 275.429 7526.0 31.131 27.1575 114 138640.0 2082.8685 4.47e-05 -0.0130919 
85000 345 282.498 7625.0 31.969 27.8348 115 143210.0 2433.5816 4.36e-05 -0.013192 
86000 349 280.461 7736.0 31.894 27.5369 116 146430.0 2442.2235 4.36e-05 -0.0394509 
87000 354 277.178 7840.0 31.438 27.3729 118 148090.0 2266.601 4.07e-05 -0.0413102 
88000 357 279.665 7950.0 31.696 27.5712 119 150310.0 2260.9409 4.23e-05 -0.038129 
89000 360 280.16 8098.0 32.018 27.5164 120 152360.0 2180.8468 4.11e-05 -0.0260966 
90000 363 280.894 8225.0 32.272 27.6889 121 154740.0 2203.7621 4.18e-05 -0.0208107 
91000 366 287.663 8293.0 32.44 28.4485 122 156300.0 2182.3859 4.21e-05 -0.0611701 
92000 369 283.939 8461.0 32.476 28.0067 123 160180.0 2134.1473 4.13e-05 -0.0450987 
93000 372 290.653 8555.0 33.018 28.6181 124 162010.0 2263.7326 4.24e-05 -0.029471 
94000 376 289.975 8675.0 33.352 28.7039 125 163840.0 2145.3593 4.04e-05 -0.0540292 
95000 380 283.93 8821.0 33.281 28.0909 126 165650.0 2115.8234 3.84e-05 -0.0652626 
96000 383 290.948 8949.0 34.492 28.6563 127 168120.0 2077.2411 4.03e-05 -0.0263679 
97000 387 286.799 9076.0 34.09 28.3913 129 169790.0 2032.5653 4.09e-05 -0.0474557 
98000 392 279.954 9218.0 33.742 27.6988 130 172360.0 2017.3087 4.08e-05 -0.0181852 
99000 395 281.702 9304.0 33.447 27.7618 131 173950.0 1907.5779 4.05e-05 -0.0456873 
100000 397 288.342 9397.0 33.283 28.4506 132 175760.0 1864.8201 3.92e-05 -0.0506381 
101000 401 286.587 9527.0 33.73 28.3194 133 177760.0 1885.3381 4.04e-05 -0.0186722 
102000 404 289.742 9647.0 34.232 28.5441 134 179710.0 1876.8043 3.91e-05 -0.0455284 
103000 410 276.514 9773.0 32.705 27.3355 136 181730.0 1761.3114 3.83e-05 -0.0837661 
104000 414 273.208 9916.0 32.618 27.0038 138 183740.0 1715.6623 3.78e-05 -0.0047541 
105000 417 273.239 10063.0 32.897 26.9173 139 186720.0 1727.096 3.85e-05 -0.0644599 
106000 420 281.805 10130.0 33.297 27.7842 140 187740.0 1795.3864 3.89e-05 -0.0157021 
107000 424 279.336 10289.0 33.735 27.5853 141 190450.0 1803.8478 3.9e-05 -0.1872601 
108000 426 284.332 10378.0 33.443 27.9939 142 191400.0 1762.463 3.79e-05 -0.0394857 
109000 428 294.278 10451.0 34.142 29.0123 142 194270.0 1762.463 3.96e-05 0.0181251 
110000 432 289.531 10603.0 33.761 28.6192 144 196720.0 1858.995 3.96e-05 -0.0540327 
111000 435 290.792 10736.0 34.065 28.7412 145 199760.0 1963.0955 3.79e-05 -0.1570161 
112000 440 286.164 10871.0 34.42 28.1463 146 202280.0 1959.786 3.78e-05 0.00615 
113000 442 292.974 11004.0 35.54 28.9013 147 205170.0 2013.8074 3.71e-05 -0.1290598 
114000 446 289.899 11115.0 35.118 28.5775 148 208480.0 2174.4266 3.55e-05 -0.1397863 
115000 447 294.101 11263.0 35.116 28.9451 149 212300.0 2190.984 3.64e-05 0.0923207 
116000 451 300.601 11358.0 36.373 29.6603 150 214630.0 2311.8856 3.73e-05 -0.0268653 
117000 456 289.629 11488.0 34.842 28.5244 152 217070.0 2266.2273 3.64e-05 -0.2124901 
118000 459 291.576 11602.0 34.845 28.6558 153 219260.0 2250.6046 3.63e-05 -0.1331186 
119000 462 291.327 11739.0 34.898 28.7572 154 221390.0 2206.5441 3.6e-05 0.0236549 
120000 465 297.748 11810.0 35.194 29.432 155 222840.0 2204.8897 3.71e-05 0.0797948 
121000 468 297.737 11933.0 35.004 29.3178 156 225580.0 2174.4007 3.67e-05 -0.0036136 
122000 471 297.659 12069.0 35.019 29.3093 157 228890.0 2155.9607 3.59e-05 -0.140279 
123000 475 300.003 12187.0 35.995 29.6358 158 231230.0 2228.3646 3.42e-05 0.0089704 
124000 477 295.439 12312.0 34.845 29.1586 159 234010.0 2205.5281 3.54e-05 0.1425168 
125000 480 298.633 12417.0 35.024 29.3739 160 237260.0 2254.9753 3.49e-05 -0.187198 
126000 484 304.022 12517.0 36.106 30.0738 161 240450.0 2351.4778 3.45e-05 -0.0916701 
127000 487 303.602 12640.0 36.156 30.056 162 242400.0 2441.33 3.54e-05 -0.0115531 
128000 492 296.703 12744.0 34.976 29.2447 164 244280.0 2328.6773 3.48e-05 -0.068392 
129000 495 294.338 12910.0 34.901 29.0661 165 247220.0 2299.8096 3.46e-05 0.0448713 
130000 498 296.277 13013.0 34.87 29.3135 166 248490.0 2208.8286 3.6e-05 0.0302209 
131000 501 301.522 13092.0 35.164 29.7151 167 250210.0 2215.9458 3.54e-05 -0.3965159 
132000 504 301.268 13244.0 35.542 29.7482 168 253570.0 2246.3512 3.45e-05 -0.0362564 
133000 507 298.945 13399.0 35.436 29.5661 169 256220.0 2198.7161 3.39e-05 -0.1820817 
134000 510 301.129 13502.0 35.455 29.7226 170 261230.0 2198.8445 3.4e-05 -0.0115939 
135000 513 303.134 13619.0 35.678 29.8806 171 263540.0 2500.96 3.36e-05 -0.1491929 
136000 516 304.372 13735.0 35.73 30.1305 172 265630.0 2463.864 3.36e-05 -0.0813806 
137000 519 307.557 13845.0 36.05 30.3785 173 267780.0 2458.4776 3.31e-05 -0.0502765 
138000 524 302.292 13968.0 36.388 29.8057 174 270840.0 2398.6299 3.39e-05 -0.1092034 
139000 528 297.505 14077.0 35.398 29.4665 176 272670.0 2360.2902 3.33e-05 -0.0789031 
140000 531 299.838 14187.0 35.563 29.6367 177 275760.0 2440.2612 3.36e-05 0.0585813 
141000 534 301.448 14318.0 35.915 29.6738 178 278030.0 2419.235 3.37e-05 -0.0549317 
142000 537 300.96 14461.0 35.997 29.7235 179 280520.0 2374.3115 3.28e-05 0.0202908 
143000 540 302.272 14577.0 36.019 29.8037 180 282570.0 2297.8804 3.41e-05 -0.1905724 
144000 543 303.897 14690.0 36.002 29.8987 181 284520.0 2259.0923 3.32e-05 -0.1346061 
145000 546 305.638 14795.0 35.951 30.1787 182 286670.0 2250.1831 3.26e-05 -0.2633767 
146000 549 303.004 14941.0 35.809 29.8518 183 289700.0 2228.1648 3.11e-05 -0.1572104 
147000 553 306.299 15055.0 36.978 30.0799 184 292100.0 2222.3483 3.07e-05 -0.1241854 
148000 555 303.219 15179.0 35.691 29.8564 185 294380.0 2241.1135 3.16e-05 -0.116999 
149000 558 307.978 15279.0 35.994 30.2863 186 296490.0 2247.0021 3.15e-05 -0.1222087 
150000 563 304.222 15395.0 36.357 29.9351 187 298600.0 2248.3019 3.12e-05 -0.2659103 
151000 567 298.529 15538.0 35.851 29.3773 189 301470.0 2221.6246 3.05e-05 0.0597813 
152000 570 300.516 15658.0 36.09 29.4851 190 305100.0 2383.4621 3.17e-05 -0.0683012 
153000 573 301.309 15775.0 35.973 29.5934 191 307950.0 2359.1159 3.23e-05 -0.0267799 
154000 576 304.9 15867.0 36.13 29.9683 192 310010.0 2417.2043 3.2e-05 0.0001217 
155000 580 301.994 16000.0 36.179 29.5722 193 312900.0 2367.4839 3.35e-05 -0.1191907 
156000 582 306.359 16118.0 36.241 30.1322 194 315470.0 2395.7355 3.24e-05 -0.1690335 
157000 586 304.513 16266.0 36.919 29.9658 195 318450.0 2380.1619 3.04e-05 0.1382076 
158000 589 305.732 16405.0 37.563 29.9773 196 320900.0 2376.1457 3.1e-05 -0.0338804 
159000 591 299.56 16528.0 36.293 29.3379 197 323970.0 2333.5312 3.17e-05 0.0890272 
160000 595 311.003 16658.0 38.307 30.6109 198 327620.0 2415.1781 3.17e-05 0.198442 
161000 597 306.509 16776.0 36.83 30.1732 199 330230.0 2528.6602 3.12e-05 0.1586958 
162000 601 312.254 16888.0 38.088 30.6708 200 332580.0 2543.7942 3.18e-05 -0.2075174 
163000 604 312.522 17010.0 38.194 30.7595 201 334470.0 2519.4148 3.2e-05 -0.0521656 
164000 608 308.484 17128.0 37.912 30.271 202 337350.0 2461.4733 3.2e-05 0.0201104 
165000 611 312.07 17261.0 38.298 30.7265 203 340310.0 2492.326 3.18e-05 0.0087001 
166000 615 306.584 17381.0 37.636 30.1614 205 342770.0 2531.0841 3.15e-05 -0.1997579 
167000 618 308.241 17503.0 37.776 30.2363 206 345530.0 2553.9756 3.02e-05 0.0487803 
168000 620 307.364 17632.0 38.306 30.2104 206 348070.0 2553.9756 3.14e-05 -0.0296385 
169000 624 309.106 17745.0 37.724 30.4674 208 350820.0 2558.3203 3.04e-05 -0.2668374 
170000 627 307.981 17888.0 37.605 30.2729 209 354310.0 2594.4882 2.89e-05 -0.1910562 
171000 630 311.667 17975.0 37.703 30.6588 210 357030.0 2663.0394 2.82e-05 0.0233018 
172000 633 306.724 18154.0 37.447 30.2037 211 361020.0 2628.7355 2.89e-05 -0.0695547 
173000 637 307.127 18269.0 38.545 30.1606 212 363390.0 2565.8619 2.72e-05 -0.1376243 
174000 642 298.785 18366.0 36.659 29.3534 214 365070.0 2439.3482 2.84e-05 -0.2565594 
175000 645 299.757 18501.0 36.853 29.5513 215 367440.0 2419.4133 2.85e-05 -0.3948321 
176000 648 298.382 18662.0 36.956 29.3188 216 371160.0 2420.472 2.81e-05 -0.4542782 
177000 651 299.41 18776.0 36.673 29.4192 217 373600.0 2393.4248 2.81e-05 -0.3050692 
178000 654 299.805 18923.0 37.076 29.5584 218 377870.0 2548.0823 2.86e-05 -0.0501645 
179000 658 299.775 19051.0 38.078 29.5039 219 380370.0 2525.2741 2.74e-05 -0.0216821 
180000 661 303.225 19177.0 38.641 29.8343 220 383350.0 2505.7467 2.71e-05 -0.0220924 
181000 664 302.018 19317.0 38.566 29.7763 221 386590.0 2546.172 2.91e-05 0.2463413 
182000 669 294.362 19423.0 36.804 28.9583 223 388160.0 2448.9993 2.98e-05 -0.3736657 
183000 672 291.421 19584.0 36.561 28.619 224 392320.0 2464.0994 2.75e-05 -0.0610523 
184000 676 296.223 19718.0 38.225 29.2184 225 394870.0 2462.6895 2.85e-05 -0.2880694 
185000 679 299.29 19837.0 38.376 29.424 226 397510.0 2493.4205 2.94e-05 0.0878576 
186000 683 294.39 19958.0 37.719 28.8952 227 400230.0 2488.0785 2.94e-05 -0.0012777 
187000 687 291.297 20079.0 37.152 28.7062 229 402890.0 2496.1436 2.78e-05 -0.206886 
188000 690 289.676 20240.0 37.121 28.5034 230 406560.0 2502.5292 2.67e-05 -0.0569114 
189000 693 291.892 20365.0 37.311 28.6479 231 410040.0 2519.2763 2.76e-05 0.0537148 
190000 696 288.422 20522.0 37.108 28.4034 232 412980.0 2531.3487 2.94e-05 0.1558549 
191000 701 285.449 20646.0 37.601 28.1421 233 415480.0 2502.2138 3.1e-05 0.0819954 
192000 705 286.169 20770.0 37.369 28.0992 235 417930.0 2494.4932 2.98e-05 0.1525394 
193000 707 294.75 20905.0 38.551 29.0463 235 420330.0 2494.4932 2.85e-05 0.0611613 
194000 711 289.385 21026.0 37.423 28.4843 237 422610.0 2436.3395 2.88e-05 -0.2021156 
195000 713 297.369 21138.0 38.607 29.1939 237 425320.0 2436.3395 2.81e-05 -0.0907344 
196000 717 294.964 21269.0 38.024 29.0593 239 427660.0 2470.535 2.84e-05 -0.0629318 
197000 720 297.829 21407.0 38.57 29.3183 240 430480.0 2511.4815 2.79e-05 -0.1286046 
198000 723 296.392 21576.0 38.711 29.1315 241 434130.0 2518.3333 2.59e-05 -0.0414218 
199000 727 296.65 21729.0 39.561 29.2197 242 437150.0 2452.5 2.74e-05 -0.2223623 
200000 732 282.116 21893.0 37.642 27.777 244 440680.0 2408.025 2.7e-05 -0.067449 
201000 735 281.133 22051.0 37.71 27.6019 245 443430.0 2378.2225 2.64e-05 0.0772691 
202000 739 287.213 22186.0 39.331 28.2817 246 446140.0 2394.4002 2.67e-05 0.0849278 
203000 742 286.989 22336.0 39.413 28.307 247 448920.0 2417.9602 2.7e-05 0.0159859 
204000 747 280.139 22481.0 38.694 27.5241 249 452270.0 2473.7478 2.65e-05 -0.3299147 
205000 751 278.49 22662.0 39.307 27.3905 250 456250.0 2451.373 2.58e-05 -0.1471659 
206000 754 277.845 22809.0 39.593 27.476 251 458970.0 2419.2357 2.7e-05 0.1618106 
207000 757 286.656 22937.0 40.395 28.5272 252 461690.0 2445.3121 2.7e-05 0.0093226 
208000 760 287.083 23084.0 40.656 28.6209 253 464980.0 2467.7809 2.72e-05 0.1255075 
209000 764 286.764 23223.0 40.519 28.7387 254 467810.0 2546.0028 2.7e-05 -0.0443836 
210000 768 276.882 23394.0 39.256 27.8231 256 471440.0 2534.2623 2.71e-05 -0.0264727 
211000 771 282.073 23521.0 39.635 28.5139 257 475110.0 2635.8361 2.98e-05 0.0476106 
212000 774 283.578 23653.0 39.667 28.7484 258 477160.0 2596.2525 2.85e-05 -0.0187971 
213000 777 285.658 23780.0 39.454 29.0797 259 479480.0 2519.6272 2.63e-05 -0.0423311 
214000 780 288.211 23917.0 39.757 29.3714 260 481810.0 2507.6645 2.61e-05 0.1663412 
215000 783 287.275 24070.0 39.831 29.3797 261 484870.0 2501.898 2.59e-05 0.1515499 
216000 787 293.503 24204.0 41.452 30.1019 262 487460.0 2500.7082 2.61e-05 -0.0512674 
217000 789 287.579 24337.0 40.048 29.5699 263 490030.0 2505.6374 2.55e-05 -0.0591392 
218000 794 291.147 24455.0 40.654 29.985 264 492520.0 2514.0737 2.56e-05 -0.1217924 
219000 798 284.025 24642.0 39.777 29.3499 266 497200.0 2481.8997 2.73e-05 0.1954717 
220000 803 280.296 24792.0 40.024 28.9916 267 500160.0 2528.7097 2.81e-05 0.179499 
221000 807 277.8 24938.0 39.744 28.7979 269 502840.0 2516.1549 2.55e-05 -0.03379 
222000 811 277.791 25128.0 40.636 28.8572 270 507540.0 2489.5394 2.65e-05 0.0174631 
223000 816 270.253 25255.0 39.189 28.1452 272 510650.0 2561.3269 2.75e-05 0.0803793 
224000 819 273.752 25379.0 39.305 28.5124 273 513140.0 2554.1942 2.57e-05 -0.26521 
225000 821 279.316 25491.0 39.874 29.1723 273 515300.0 2554.1942 2.5e-05 -0.0736953 
226000 825 276.841 25620.0 38.553 28.9735 275 518890.0 2518.2973 2.7e-05 -0.2646014 
227000 828 281.467 25733.0 38.901 29.4517 276 520690.0 2527.4676 2.96e-05 0.1473652 
228000 831 281.538 25883.0 38.754 29.5053 277 525930.0 2608.7208 2.77e-05 -0.0699737 
229000 834 282.797 26027.0 38.82 29.6507 278 529930.0 2722.8487 2.51e-05 -0.2672136 
230000 837 286.024 26146.0 39.055 30.0255 279 531810.0 2746.5639 2.66e-05 -0.0762657 
231000 841 287.363 26285.0 39.669 30.1733 280 534950.0 2664.9075 2.6e-05 -0.033773 
232000 845 283.274 26411.0 39.198 29.799 281 537570.0 2663.4167 2.61e-05 -0.1637021 
233000 847 293.762 26558.0 40.777 30.8705 282 540370.0 2676.0751 2.59e-05 0.0655741 
234000 850 290.847 26684.0 40.317 30.6082 283 542780.0 2659.4676 2.6e-05 -0.1163806 
235000 853 295.183 26820.0 40.717 31.046 284 545480.0 2643.5208 2.61e-05 -0.1413668 
236000 856 300.589 26953.0 41.417 31.6402 285 548330.0 2644.1687 2.62e-05 -0.1023645 
237000 860 294.939 27076.0 40.475 31.1092 286 550810.0 2660.7518 2.53e-05 -0.1777013 
238000 864 291.341 27234.0 39.824 30.6679 288 554030.0 2633.509 2.45e-05 -0.0580099 
239000 867 295.021 27342.0 39.945 31.1184 289 556170.0 2623.1581 2.54e-05 -0.0735764 
240000 870 299.271 27460.0 40.227 31.5413 290 558640.0 2630.8423 2.56e-05 -0.1796506 
241000 873 297.44 27615.0 40.133 31.4082 291 562030.0 2607.7581 2.59e-05 -0.100563 
242000 876 294.698 27789.0 39.993 31.1388 292 565810.0 2609.9823 2.6e-05 -0.0123702 
243000 879 298.797 27902.0 40.404 31.5402 293 567820.0 2635.984 2.55e-05 -0.0772447 
244000 882 298.045 28055.0 40.259 31.4769 294 571170.0 2614.3856 2.73e-05 0.310924 
245000 885 300.692 28191.0 40.626 31.755 295 573770.0 2618.9471 2.79e-05 0.540563 
246000 888 302.859 28324.0 40.891 31.9925 296 576160.0 2619.0524 2.69e-05 0.048767 
247000 891 306.125 28445.0 41.181 32.3856 297 578520.0 2612.1471 2.65e-05 0.0459858 
248000 894 311.47 28525.0 41.395 32.9305 298 579860.0 2640.9324 2.45e-05 -0.2005767 
249000 897 314.459 28648.0 41.668 33.2856 299 582330.0 2640.8392 2.5e-05 -0.0194785 
250000 899 319.135 28780.0 42.497 33.7284 299 584900.0 2640.8392 2.58e-05 -0.165074 
251000 903 312.374 28942.0 41.528 33.0712 301 588170.0 2588.3797 2.62e-05 0.2099263 
252000 906 305.468 29112.0 40.987 32.2979 302 591470.0 2529.5418 2.69e-05 0.0406726 
253000 909 308.963 29241.0 41.214 32.7059 303 594350.0 2537.5876 2.68e-05 0.272058 
254000 912 315.188 29339.0 41.592 33.3879 304 596540.0 2639.8288 2.98e-05 0.4872085 
255000 915 308.919 29500.0 41.034 32.7242 305 599590.0 2542.8459 2.77e-05 0.0118128 
256000 919 313.978 29605.0 42.076 33.1999 306 601530.0 2567.5613 2.69e-05 -0.0676197 
257000 922 313.521 29749.0 42.341 33.211 307 604730.0 2555.8052 2.45e-05 -0.0930577 
258000 925 316.798 29882.0 42.798 33.5319 308 607590.0 2557.2247 2.47e-05 -0.3681028 
259000 928 317.616 30021.0 43.038 33.6608 309 610420.0 2593.5022 2.4e-05 -0.2819106 
260000 932 315.222 30160.0 42.507 33.4149 310 613450.0 2619.152 2.45e-05 0.0932281 
261000 935 315.166 30298.0 42.611 33.391 311 616750.0 2660.2368 2.51e-05 -0.1159737 
262000 939 306.172 30463.0 41.474 32.4241 313 620480.0 2674.3918 2.51e-05 -0.2233557 
263000 941 312.07 30552.0 42.438 33.0522 313 622030.0 2674.3918 2.48e-05 -0.1008026 
264000 944 316.764 30676.0 42.433 33.6184 314 624520.0 2704.9526 2.51e-05 -0.1881182 
265000 947 320.199 30820.0 42.956 33.9185 315 627310.0 2683.4574 2.36e-05 -0.2317235 
266000 950 319.195 30934.0 42.474 33.8782 316 629470.0 2694.1116 2.43e-05 -0.2099 
267000 953 321.38 31077.0 42.89 34.0645 317 632760.0 2651.7005 2.61e-05 0.1336822 
268000 955 327.203 31220.0 44.009 34.679 318 636010.0 2706.5304 2.52e-05 -0.1694157 
269000 960 316.738 31335.0 42.098 33.6143 320 638380.0 2719.4896 2.5e-05 -0.2122888 
270000 963 315.521 31493.0 42.31 33.4931 321 641330.0 2719.5407 2.48e-05 -0.2894387 
271000 966 314.775 31647.0 42.331 33.3983 322 644670.0 2699.5866 2.37e-05 -0.2918105 
272000 969 311.551 31811.0 41.985 33.0594 323 648070.0 2660.6279 2.46e-05 0.0980287 
273000 972 316.709 31909.0 42.364 33.6546 324 650020.0 2695.5652 2.46e-05 -0.1131318 
274000 974 321.916 32014.0 43.517 34.1984 324 652280.0 2695.5652 2.51e-05 0.2307505 
275000 977 326.59 32155.0 43.752 34.6594 325 655210.0 2760.0086 2.53e-05 0.2534017 
276000 980 328.568 32300.0 44.14 34.9126 326 658190.0 2779.0078 2.47e-05 0.0924154 
277000 982 333.508 32447.0 45.153 35.4251 327 661560.0 2797.107 2.43e-05 0.132732 
278000 985 335.526 32581.0 45.329 35.606 328 664330.0 2858.3963 2.47e-05 -0.2510098 
279000 987 329.208 32727.0 43.771 34.9525 329 667690.0 2858.5567 2.37e-05 -0.0502466 
280000 990 332.394 32849.0 43.888 35.3109 330 670240.0 2903.701 2.48e-05 0.1519822 
281000 993 336.308 32951.0 44.136 35.7078 331 672850.0 2951.3309 2.49e-05 0.1515969 
282000 996 339.787 33043.0 44.389 36.1126 332 674310.0 2956.1978 2.41e-05 0.0680382 
283000 998 346.659 33177.0 45.578 36.8234 332 677170.0 2956.1978 2.46e-05 0.4546494 
284000 1001 347.418 33317.0 45.645 36.8701 333 680100.0 2962.578 2.46e-05 0.1503472 
285000 1003 350.604 33462.0 46.537 37.236 334 683070.0 2961.3202 2.32e-05 -0.1213876 
286000 1006 348.614 33604.0 46.512 37.0002 335 685550.0 2963.1882 2.37e-05 -0.094352 
287000 1008 344.828 33751.0 45.024 36.6016 336 688350.0 2915.8694 2.53e-05 0.3410833 
288000 1012 347.6 33861.0 46.057 36.9142 337 690290.0 2903.2824 2.63e-05 0.265835 
289000 1016 343.224 34001.0 45.604 36.4531 338 693240.0 2810.9542 2.48e-05 0.1030363 
290000 1019 338.74 34137.0 45.163 35.9514 339 696430.0 2818.8588 2.43e-05 0.2506438 
291000 1024 325.255 34274.0 43.029 34.5022 341 698600.0 2645.3756 3.09e-05 0.6717641 
292000 1026 325.561 34435.0 43.151 34.515 342 701630.0 2608.8381 3.3e-05 0.4927857 
293000 1029 330.629 34527.0 43.265 35.0737 343 703650.0 2600.9542 3.06e-05 0.1578729 
294000 1032 324.743 34705.0 42.944 34.4958 344 706960.0 2565.8588 2.78e-05 2.18e-05 
295000 1035 326.561 34834.0 43.208 34.6709 345 709850.0 2637.2729 2.46e-05 -0.0244003 
296000 1038 330.076 34943.0 43.346 35.0395 346 712190.0 2637.5456 2.43e-05 -0.0524272 
297000 1041 328.06 35095.0 43.479 34.8396 347 715540.0 2655.7911 2.57e-05 0.2173516 
298000 1045 329.828 35229.0 44.475 35.053 348 718650.0 2693.212 2.42e-05 -0.0145597 
299000 1047 326.87 35382.0 43.48 34.744 349 722130.0 2782.8908 2.31e-05 -0.2211839 
300000 1051 330.451 35513.0 44.902 35.1364 350 724850.0 2806.6017 2.36e-05 -0.1852569 
301000 1054 331.65 35658.0 45.188 35.2335 351 727730.0 2814.9415 2.42e-05 0.2200122 
302000 1056 328.85 35803.0 44.185 34.9153 352 730420.0 2799.4474 2.44e-05 0.0434201 
303000 1059 329.621 35936.0 44.232 34.9787 353 733180.0 2800.5026 2.38e-05 0.068468 
304000 1062 329.117 36089.0 44.44 34.9742 354 736230.0 2818.4524 2.29e-05 -0.3401814 
305000 1065 331.803 36207.0 44.676 35.2662 355 738670.0 2828.6071 2.29e-05 -0.1971052 
306000 1068 332.529 36338.0 44.716 35.3229 356 741030.0 2789.7464 2.4e-05 -0.1868766 
307000 1071 333.112 36473.0 44.896 35.39 357 744780.0 2900.7718 2.41e-05 -0.3434924 
308000 1074 334.427 36592.0 44.958 35.5163 358 746500.0 2874.6946 2.33e-05 -0.1084986 
309000 1077 336.906 36697.0 45.084 35.8007 359 748560.0 2855.2251 2.34e-05 -0.0661708 
310000 1080 329.675 36899.0 44.569 35.0324 360 753770.0 2841.7026 2.43e-05 -0.130815 
311000 1083 327.991 37048.0 44.483 34.853 361 756640.0 2862.5324 2.27e-05 -0.2501851 
312000 1086 329.198 37174.0 44.504 35.0426 362 759700.0 2857.2791 2.27e-05 -0.0312482 
313000 1090 330.545 37312.0 45.547 35.1261 363 762620.0 2897.5512 2.36e-05 -0.1032743 
314000 1094 322.705 37465.0 44.669 34.3437 364 765450.0 2870.7961 2.26e-05 -0.0481459 
315000 1098 316.561 37609.0 43.855 33.6236 366 768830.0 2847.2448 2.28e-05 0.0323292 
316000 1100 324.337 37729.0 44.972 34.441 366 771810.0 2847.2448 2.3e-05 0.1007871 
317000 1103 322.597 37861.0 44.387 34.2584 367 774470.0 2890.5204 2.32e-05 0.0671372 
318000 1105 329.929 38008.0 46.079 35.0333 368 777760.0 2866.4683 2.39e-05 0.0317364 
319000 1108 328.177 38143.0 45.428 34.8586 369 780760.0 2912.8215 2.28e-05 -0.1883548 
320000 1110 327.021 38289.0 44.434 34.7683 370 783730.0 2927.5393 2.41e-05 0.3558633 
321000 1113 328.616 38427.0 44.648 34.9197 371 786350.0 2933.7854 2.48e-05 0.1507698 
322000 1117 334.1 38538.0 45.779 35.5388 372 789090.0 2907.4069 2.42e-05 0.1016092 
323000 1120 334.839 38694.0 46.227 35.6257 373 792560.0 2909.6662 2.38e-05 -0.0913987 
324000 1123 334.595 38836.0 46.345 35.633 374 795510.0 2938.6996 2.38e-05 -0.2784847 
325000 1126 334.188 38963.0 46.119 35.5478 375 798310.0 2933.8296 2.39e-05 -0.0337698 
326000 1129 335.217 39094.0 46.064 35.6486 376 801060.0 2921.4466 2.29e-05 -0.0750459 
327000 1132 332.335 39227.0 45.508 35.363 377 804040.0 2911.302 2.35e-05 -0.1746382 
328000 1135 332.972 39366.0 45.742 35.4229 378 806440.0 2926.1718 2.27e-05 -0.1957042 
329000 1137 326.146 39511.0 44.344 34.7317 379 809790.0 2860.5546 2.33e-05 -0.0610974 
330000 1140 330.771 39652.0 44.674 35.1746 380 812440.0 2918.4991 2.29e-05 -0.1109482 
331000 1143 332.903 39771.0 44.814 35.4229 381 815030.0 2913.6492 2.39e-05 -0.2170976 
332000 1146 336.409 39868.0 44.905 35.7628 382 817200.0 2917.2843 2.43e-05 0.1567686 
333000 1149 329.669 40035.0 44.305 35.027 383 821030.0 2891.5559 2.45e-05 -0.038226 
334000 1152 331.639 40170.0 44.506 35.2742 384 825500.0 2892.4003 2.49e-05 0.2800863 
335000 1155 336.279 40261.0 44.718 35.8014 385 827280.0 3080.1603 2.43e-05 -0.0681761 
336000 1158 338.252 40374.0 44.879 35.9655 386 829610.0 3099.1442 2.47e-05 -0.1573938 
337000 1161 337.386 40522.0 44.988 35.9066 387 832340.0 3056.2298 2.48e-05 -0.240018 
338000 1164 333.954 40674.0 44.423 35.572 388 836090.0 2987.6068 2.36e-05 0.0875827 
339000 1167 331.42 40828.0 44.253 35.305 389 840520.0 3085.8461 2.63e-05 0.670972 
340000 1169 340.847 40881.0 45.387 36.3097 389 841110.0 3085.8461 2.93e-05 0.0209428 
341000 1172 339.531 41017.0 44.836 36.1222 390 843710.0 3051.2615 2.63e-05 -0.1788759 
342000 1174 349.17 41155.0 46.307 37.1402 391 846420.0 3010.1354 2.64e-05 -0.2332873 
343000 1178 344.908 41271.0 45.139 36.6821 392 848370.0 2981.1218 2.53e-05 -0.0702336 
344000 1179 349.47 41388.0 44.616 37.2174 393 850730.0 2893.0097 2.39e-05 -0.1882385 
345000 1182 349.07 41526.0 44.841 37.1747 394 854760.0 3014.7087 2.35e-05 -0.0749538 
346000 1185 343.552 41682.0 44.343 36.5938 395 857650.0 2947.2378 2.46e-05 0.0691991 
347000 1188 344.416 41807.0 44.486 36.6558 396 860240.0 2928.514 2.32e-05 -0.1220999 
348000 1191 344.092 41945.0 44.604 36.6217 397 862820.0 2930.6626 2.44e-05 0.2741435 
349000 1194 343.661 42075.0 44.594 36.5717 398 865650.0 2906.5964 2.37e-05 0.0147526 
350000 1197 345.449 42199.0 44.803 36.7668 399 868520.0 2945.9367 2.46e-05 0.0328736 
351000 1200 346.099 42320.0 44.955 36.8756 400 871030.0 2929.3431 2.27e-05 -0.2976767 
352000 1203 345.101 42455.0 44.888 36.7162 401 874200.0 2953.4088 2.25e-05 -0.1817002 
353000 1206 341.65 42632.0 44.999 36.3636 402 877630.0 2944.0679 2.25e-05 -0.2614095 
354000 1209 342.086 42764.0 45.165 36.4001 403 880580.0 2977.6611 2.24e-05 -0.2236791 
355000 1212 343.683 42875.0 45.302 36.5893 404 882760.0 2967.895 2.33e-05 0.0503722 
356000 1215 342.772 43022.0 45.428 36.5106 405 886850.0 3078.1055 2.28e-05 0.1387916 
357000 1217 351.846 43123.0 46.532 37.4722 405 888870.0 3078.1055 2.4e-05 0.8261417 
358000 1219 354.337 43273.0 47.37 37.6855 406 892180.0 3082.2949 2.59e-05 0.4737818 
359000 1221 351.771 43413.0 45.828 37.4404 407 894810.0 3107.0654 2.46e-05 0.0983126 
360000 1224 349.903 43552.0 45.92 37.2791 408 897640.0 3065.3589 2.27e-05 0.1170639 
361000 1228 351.725 43691.0 46.994 37.4236 409 900290.0 3042.823 2.29e-05 0.1968719 
362000 1231 348.305 43817.0 46.52 37.0714 410 902650.0 3014.5407 2.51e-05 0.31869 
363000 1234 352.676 43937.0 46.923 37.5439 411 904900.0 2955.0866 2.47e-05 0.0045477 
364000 1236 349.849 44080.0 45.932 37.2093 412 908010.0 2904.578 2.4e-05 -0.0792487 
365000 1239 349.36 44213.0 45.898 37.1494 413 911150.0 2936.1202 2.28e-05 -0.1386226 
366000 1242 351.33 44320.0 45.795 37.4322 414 913850.0 3001.5082 2.22e-05 -0.1276872 
367000 1245 351.24 44448.0 45.887 37.4049 415 916050.0 2969.3573 2.33e-05 -0.2119734 
368000 1247 359.917 44552.0 47.137 38.3327 415 919040.0 2969.3573 2.25e-05 -0.0867704 
369000 1249 364.405 44691.0 47.91 38.7958 416 922050.0 3090.4216 2.27e-05 -0.1628246 
370000 1252 364.826 44825.0 47.846 38.856 417 924830.0 3084.3794 2.18e-05 -0.0710103 
371000 1256 356.053 44944.0 46.543 37.9384 418 927230.0 3058.9415 2.17e-05 -0.1448915 
372000 1259 355.168 45094.0 46.75 37.8409 419 930550.0 2986.0474 2.16e-05 -0.0717894 
373000 1262 354.153 45234.0 46.76 37.66 420 933280.0 3022.4426 2.16e-05 -0.077262 
374000 1265 352.998 45379.0 46.852 37.5502 421 936170.0 2999.1984 2.28e-05 0.0327823 
375000 1267 356.729 45523.0 47.736 37.9605 422 939520.0 2981.2785 2.2e-05 -0.2411491 
376000 1270 357.078 45638.0 47.3 38.0265 423 941880.0 3022.1507 2.13e-05 -0.1564042 
377000 1272 351.581 45787.0 45.78 37.3985 424 944830.0 2970.9356 2.25e-05 0.1435577 
378000 1275 354.395 45890.0 45.857 37.7361 425 947060.0 2960.842 2.45e-05 0.3189506 
379000 1278 354.019 46028.0 46.068 37.6845 426 949690.0 2958.7578 2.34e-05 -0.2562252 
380000 1281 356.28 46124.0 46.229 37.9062 427 951140.0 2955.8821 2.36e-05 0.0959723 
381000 1284 351.688 46273.0 45.505 37.4328 428 954300.0 2836.2938 2.35e-05 -0.2732166 
382000 1287 350.873 46410.0 45.559 37.3407 429 957100.0 2837.6645 2.2e-05 -0.2695444 
383000 1290 351.227 46527.0 45.57 37.3513 430 959430.0 2845.898 2.21e-05 -0.0803529 
384000 1293 351.902 46640.0 45.639 37.4468 431 961770.0 2887.3082 2.33e-05 -0.0319158 
385000 1295 354.429 46774.0 46.638 37.6828 431 964540.0 2887.3082 2.42e-05 -0.0727734 
386000 1298 356.369 46913.0 46.569 37.8821 432 967080.0 2892.5774 2.4e-05 0.0176101 
387000 1300 355.849 47058.0 47.1 37.8766 433 969950.0 2859.3197 2.26e-05 -0.0930717 
388000 1302 365.974 47113.0 46.159 38.8993 434 971140.0 2870.3877 2.34e-05 -0.2537436 
389000 1304 371.088 47218.0 47.193 39.4505 434 972990.0 2870.3877 2.23e-05 -0.0731352 
390000 1305 378.166 47335.0 46.45 40.2285 435 975350.0 2882.3489 2.29e-05 -0.0196664 
391000 1308 376.339 47475.0 46.623 40.0226 436 978280.0 2898.114 2.28e-05 -0.1714122 
392000 1313 365.096 47607.0 46.346 38.7957 437 981060.0 2860.3026 2.24e-05 -0.0854911 
393000 1316 365.086 47770.0 46.982 38.8347 438 984710.0 2859.2724 2.29e-05 0.0466772 
394000 1317 360.605 47924.0 46.063 38.3512 439 988930.0 2897.3451 2.27e-05 1.3663455 
395000 1320 363.494 48063.0 46.391 38.6099 440 991760.0 3035.6106 2.21e-05 0.0641669 
396000 1323 368.264 48148.0 46.512 39.1748 441 993620.0 3024.0496 2.19e-05 0.2183943 
397000 1326 367.67 48266.0 46.523 39.0794 442 995870.0 3007.6446 2.11e-05 -0.1499482 
398000 1328 372.047 48366.0 47.527 39.5923 442 998150.0 3007.6446 2.12e-05 -0.2373072 
399000 1331 372.478 48508.0 47.536 39.6428 443 1001000.0 3042.8801 2.2e-05 -0.142559 
400000 1334 370.287 48627.0 46.917 39.4182 444 1003800.0 3028.5921 2.31e-05 0.2782166 
401000 1337 368.684 48770.0 47.038 39.2485 445 1006670.0 3000.7329 2.21e-05 -0.1308599 
402000 1339 370.552 48910.0 47.895 39.4108 446 1009400.0 2987.6596 2.3e-05 0.0292102 
403000 1341 370.356 49030.0 46.194 39.4111 447 1011830.0 2965.8937 2.22e-05 -0.0001038 
404000 1344 369.277 49163.0 46.381 39.2779 448 1014650.0 2972.3043 2.28e-05 -0.1544568 
405000 1347 370.636 49273.0 46.594 39.4749 449 1016770.0 2962.0739 2.16e-05 -0.2535056 
406000 1350 369.529 49401.0 46.685 39.3258 450 1018860.0 2956.8665 2.12e-05 0.0195676 
407000 1353 367.286 49538.0 46.636 39.1008 451 1021290.0 2907.1798 2.13e-05 -0.0808135 
408000 1356 363.884 49698.0 46.608 38.7306 452 1024750.0 2899.4618 2.06e-05 -0.1688597 
409000 1359 360.365 49858.0 46.536 38.3503 453 1028120.0 2892.5157 2.09e-05 0.0321619 
410000 1362 358.96 50003.0 46.702 38.2148 454 1031090.0 2907.2641 2.09e-05 0.0424353 
411000 1365 358.218 50135.0 46.761 38.1364 455 1033620.0 2915.5377 2.07e-05 -0.1277555 
412000 1368 357.657 50268.0 46.838 38.1364 456 1036440.0 2923.9839 2.04e-05 -0.0909665 
413000 1370 365.032 50376.0 47.868 38.8874 456 1038140.0 2923.9839 2.09e-05 0.3250335 
414000 1374 357.95 50475.0 46.136 38.1792 458 1039210.0 2721.627 2.16e-05 -0.0769605 
415000 1375 365.731 50624.0 48.093 39.0221 458 1042210.0 2721.627 2.05e-05 -0.1969961 
416000 1378 367.425 50771.0 48.141 39.1932 459 1045110.0 2752.4643 2.11e-05 -0.1201803 
417000 1380 362.556 50905.0 46.352 38.6904 460 1047870.0 2764.2178 2.16e-05 -0.1755581 
418000 1383 360.051 51055.0 46.469 38.3842 461 1050700.0 2787.7961 2.24e-05 -0.028808 
419000 1388 356.413 51174.0 46.879 38.0116 462 1053120.0 2782.0165 2.19e-05 0.0373042 
420000 1389 361.704 51300.0 46.781 38.575 463 1055810.0 2797.8148 2.34e-05 0.1367617 
421000 1392 360.745 51442.0 46.887 38.4476 464 1058180.0 2801.0333 2.33e-05 0.2381193 
422000 1395 361.149 51564.0 47.036 38.5098 465 1060280.0 2776.93 2.2e-05 0.0952069 
423000 1398 359.558 51708.0 47.078 38.2656 466 1063160.0 2789.237 2.06e-05 0.1932497 
424000 1401 360.703 51816.0 47.216 38.3867 467 1065060.0 2805.3133 2.12e-05 0.0084945 
425000 1404 360.328 51963.0 47.345 38.3842 468 1068060.0 2828.782 2.09e-05 -0.2275955 
426000 1407 356.874 52116.0 47.386 38.0001 469 1071120.0 2845.9038 2.01e-05 -0.1366155 
427000 1408 370.857 52261.0 49.458 39.4834 469 1074080.0 2845.9038 2.16e-05 -0.1900253 
428000 1411 366.884 52395.0 48.967 39.0625 470 1077030.0 2870.3134 2.19e-05 -0.1130111 
429000 1413 364.226 52526.0 47.563 38.8045 471 1079620.0 2891.2821 2.17e-05 -0.1865672 
430000 1416 366.263 52634.0 47.65 38.9742 472 1081900.0 2905.1538 2.13e-05 -0.147763 
431000 1420 363.152 52791.0 48.469 38.6924 473 1085910.0 2878.6385 2.18e-05 0.2706743 
432000 1423 359.74 52940.0 48.45 38.3156 474 1089840.0 2905.7746 2.2e-05 0.0717934 
433000 1427 352.318 53075.0 47.351 37.4955 475 1092850.0 2997.1972 2.11e-05 1.311588 
434000 1430 351.02 53234.0 47.776 37.3529 476 1095970.0 3005.4774 2.08e-05 0.0502633 
435000 1434 344.125 53367.0 46.654 36.5839 478 1098960.0 3004.9367 2.01e-05 0.0550307 
436000 1435 355.362 53520.0 48.721 37.7613 478 1102000.0 3004.9367 1.98e-05 -0.0737057 
437000 1437 351.513 53658.0 46.911 37.3571 479 1104810.0 3013.4431 1.96e-05 -0.1550313 
438000 1440 351.292 53791.0 47.016 37.3126 480 1107480.0 3014.0987 1.98e-05 0.012863 
439000 1443 351.412 53926.0 47.193 37.3821 481 1110910.0 3018.6889 2.17e-05 0.1511269 
440000 1446 348.172 54086.0 46.995 37.034 482 1113990.0 3053.82 1.98e-05 -0.2536991 
441000 1449 349.773 54205.0 47.055 37.1443 483 1116620.0 3039.438 1.97e-05 -0.0714042 
442000 1452 346.179 54355.0 46.716 36.7805 484 1119370.0 2986.4942 1.95e-05 0.0891205 
443000 1455 344.951 54508.0 46.833 36.6805 485 1122430.0 2989.8448 1.91e-05 -0.0608152 
444000 1458 343.38 54667.0 46.98 36.5432 486 1125740.0 2994.8603 1.85e-05 -0.0104125 
445000 1461 340.676 54823.0 47.022 36.2424 487 1128920.0 2994.3743 1.85e-05 0.0761515 
446000 1465 342.608 54952.0 48.137 36.4064 488 1132150.0 2997.9368 2.05e-05 0.1457581 
447000 1468 345.934 55101.0 48.8 36.7275 489 1135380.0 3024.1432 1.99e-05 0.0267816 
448000 1470 339.434 55250.0 46.946 36.049 490 1138380.0 3039.7288 2.23e-05 0.3037659 
449000 1473 343.869 55354.0 47.166 36.5212 491 1140630.0 3042.756 2.18e-05 -0.2405824 
450000 1476 346.153 55470.0 47.337 36.759 492 1143000.0 3044.4804 2.09e-05 -0.2514179 
451000 1478 355.846 55570.0 48.443 37.7643 492 1144660.0 3044.4804 2.09e-05 0.4029152 
452000 1481 352.516 55707.0 47.987 37.4152 493 1148270.0 3049.0323 2.16e-05 -0.1065211 
453000 1484 354.344 55856.0 48.469 37.6179 494 1151410.0 3116.1291 2.27e-05 0.3292583 
454000 1486 356.454 56007.0 49.328 37.868 495 1154340.0 3112.5162 2.29e-05 0.0539045 
455000 1490 351.765 56135.0 48.245 37.3472 496 1157380.0 3095.2646 2.25e-05 -0.0161204 
456000 1494 338.623 56259.0 45.603 35.9834 498 1159550.0 2835.5643 2.33e-05 0.1568903 
457000 1497 337.395 56408.0 45.615 35.8152 499 1162380.0 2816.0079 2.32e-05 -0.1047305 
458000 1500 340.698 56502.0 45.713 36.1453 500 1163810.0 2822.4071 2.13e-05 -0.2001712 
459000 1503 340.995 56639.0 45.952 36.2249 501 1166660.0 2844.1664 2.19e-05 -0.1377389 
460000 1506 337.176 56818.0 45.792 35.7771 502 1170460.0 2797.7497 2.02e-05 0.1645075 
461000 1509 340.534 56916.0 46.041 36.1995 503 1172020.0 2823.9748 1.98e-05 0.0344433 
462000 1512 339.114 57082.0 46.316 36.0125 504 1175200.0 2848.5773 2.03e-05 0.0665066 
463000 1515 340.062 57207.0 46.267 36.0813 505 1177700.0 2827.7196 2.07e-05 0.1607961 
464000 1518 340.115 57346.0 46.227 36.0789 506 1180540.0 2828.9476 2.33e-05 0.3630532 
465000 1521 335.901 57511.0 46.0 35.6788 507 1184160.0 2849.0528 2.18e-05 0.1736504 
466000 1524 336.618 57644.0 46.14 35.7327 508 1186820.0 2864.1476 2.04e-05 0.2431207 
467000 1527 336.893 57779.0 46.214 35.7462 509 1189650.0 2874.7328 2.06e-05 -0.0814894 
468000 1530 338.26 57914.0 46.326 35.9218 510 1192840.0 2917.2595 2.01e-05 -0.2424654 
469000 1531 340.735 58055.0 47.379 36.132 510 1195370.0 2917.2595 2.07e-05 -0.2326596 
470000 1534 350.735 58203.0 48.359 37.2047 511 1198380.0 2883.5336 2.21e-05 0.2428831 
471000 1536 345.844 58305.0 46.561 36.7247 512 1200630.0 2899.1802 2.28e-05 0.1273316 
472000 1539 347.464 58445.0 46.463 36.9107 513 1203510.0 2898.2622 2.12e-05 -0.0899821 
473000 1542 346.456 58597.0 46.654 36.7496 514 1206560.0 2912.436 2.1e-05 -0.0891251 
474000 1545 347.063 58699.0 46.773 36.8621 515 1208210.0 2924.1924 2.08e-05 0.0081244 
475000 1548 347.943 58842.0 46.772 36.9105 516 1211450.0 2959.7731 2.39e-05 0.698981 
476000 1551 343.322 59005.0 46.266 36.446 517 1215040.0 2881.7958 2.56e-05 -0.1413548 
477000 1554 342.591 59150.0 46.394 36.3645 518 1218010.0 2893.6162 2.11e-05 -0.1916678 
478000 1557 347.478 59231.0 46.584 36.8737 519 1219120.0 2898.2546 2.3e-05 -0.1081379 
479000 1559 352.205 59360.0 47.74 37.3579 519 1221880.0 2898.2546 2.23e-05 -0.0338383 
480000 1563 340.558 59524.0 45.463 36.0928 521 1225190.0 2744.9862 2.25e-05 0.0058246 
481000 1566 340.648 59667.0 45.715 36.1763 522 1227760.0 2755.4876 2.14e-05 -0.1603823 
482000 1569 344.342 59757.0 45.965 36.527 523 1229240.0 2784.9389 2.02e-05 -0.1027993 
483000 1571 351.59 59877.0 46.892 37.2755 523 1231440.0 2784.9389 2.09e-05 -0.0348637 
484000 1572 352.899 60019.0 46.054 37.4657 524 1234280.0 2756.445 1.97e-05 -0.1490633 
485000 1575 352.01 60172.0 46.269 37.3834 525 1237250.0 2776.8005 2.1e-05 -0.0772279 
486000 1578 351.437 60317.0 46.472 37.3299 526 1240220.0 2804.1204 2e-05 -0.3620882 
487000 1581 361.411 60392.0 47.738 38.3749 527 1241710.0 2943.7084 2.06e-05 0.0277109 
488000 1584 359.033 60541.0 47.796 38.1579 528 1244720.0 2950.3375 1.93e-05 -0.090917 
489000 1586 363.465 60695.0 48.883 38.6072 528 1247780.0 2950.3375 1.91e-05 0.0159872 
490000 1590 355.899 60823.0 47.595 37.7725 530 1250080.0 2895.1734 2.07e-05 0.1722429 
491000 1591 360.941 60955.0 48.863 38.327 530 1252440.0 2895.1734 2.11e-05 0.3176152 
492000 1593 364.936 61076.0 47.575 38.7302 531 1254850.0 2855.6561 2.08e-05 0.159137 
493000 1596 367.627 61173.0 47.755 39.0495 532 1256740.0 2869.0905 2.05e-05 0.1798017 
494000 1599 369.91 61278.0 47.952 39.3266 533 1258650.0 2890.1814 2.03e-05 -0.1203017 
495000 1601 374.185 61429.0 48.998 39.7533 533 1261670.0 2890.1814 2.01e-05 -0.2044508 
496000 1603 377.676 61583.0 50.116 40.1247 534 1264730.0 2906.1633 2.04e-05 0.0290636 
497000 1606 377.102 61736.0 50.227 40.1117 535 1267790.0 2921.5469 1.91e-05 -0.0887321 
498000 1609 371.385 61871.0 49.292 39.4523 536 1270390.0 2936.3923 1.88e-05 0.0764311 
499000 1611 367.686 62031.0 48.403 39.0958 537 1273510.0 2918.753 1.82e-05 0.0699457 
500000 1614 367.277 62164.0 48.441 38.9966 538 1276080.0 2929.8777 1.9e-05 -0.2169591 
501000 1617 367.914 62288.0 48.576 39.0689 539 1278720.0 2934.89 1.92e-05 -0.2914438 
502000 1620 367.167 62422.0 48.62 39.0303 540 1281390.0 2945.401 2.05e-05 0.4916637 
503000 1623 366.007 62560.0 48.683 38.8833 541 1284250.0 2954.8609 2.04e-05 0.2534578 
504000 1626 363.164 62718.0 48.648 38.5418 542 1287390.0 2958.3748 1.94e-05 0.0330678 
505000 1629 361.177 62864.0 48.613 38.3265 543 1290280.0 2952.5373 1.81e-05 -0.1301507 
506000 1632 361.875 62980.0 48.694 38.4087 544 1292210.0 2962.2836 1.89e-05 -0.1624488 
507000 1634 367.584 63101.0 49.805 39.0217 544 1294700.0 2962.2836 1.87e-05 0.5349508 
508000 1637 367.109 63242.0 49.679 39.0384 545 1297630.0 2974.0552 2.06e-05 -0.157288 
509000 1639 370.017 63396.0 50.692 39.3049 546 1300690.0 2970.6497 2.08e-05 -0.1571821 
510000 1641 365.41 63539.0 48.743 38.8208 547 1303630.0 2978.5847 2.06e-05 0.2538815 
511000 1644 365.89 63672.0 48.799 38.8862 548 1306200.0 2984.7262 2.13e-05 0.0864326 
512000 1647 367.967 63780.0 48.928 39.1568 549 1308100.0 2994.2536 2.09e-05 0.139991 
513000 1650 363.27 63944.0 48.701 38.6741 550 1310990.0 2889.8283 2.06e-05 0.0090789 
514000 1653 362.97 64081.0 48.721 38.5954 551 1313890.0 2903.8454 1.91e-05 -0.2249657 
515000 1656 361.43 64217.0 48.644 38.4289 552 1317110.0 2942.4609 1.91e-05 -0.1257712 
516000 1659 360.81 64348.0 48.552 38.3361 553 1320050.0 2977.2148 2.06e-05 0.0837384 
517000 1662 364.031 64431.0 48.634 38.6819 554 1321420.0 2984.4933 2.1e-05 -0.1242596 
518000 1665 362.654 64581.0 48.656 38.5258 555 1324350.0 2979.044 2.01e-05 0.069414 
519000 1667 366.212 64733.0 49.71 38.8947 555 1327390.0 2979.044 1.92e-05 0.188874 
520000 1670 364.399 64859.0 49.267 38.7206 556 1329620.0 2985.1396 2e-05 0.1907512 
521000 1672 368.478 65022.0 50.552 39.2168 557 1332760.0 2921.6256 2.03e-05 0.1010529 
522000 1676 362.046 65170.0 49.548 38.4594 558 1335690.0 2933.4631 2.38e-05 0.4040821 
523000 1679 360.426 65274.0 48.673 38.3024 559 1337230.0 2936.1168 2.75e-05 0.5100749 
524000 1684 345.098 65396.0 46.375 36.6886 561 1338820.0 2638.2546 2.68e-05 0.5726626 
525000 1686 342.616 65540.0 45.774 36.4704 562 1340650.0 2476.4291 2.51e-05 0.1660894 
526000 1688 354.99 65606.0 46.849 37.7695 562 1341690.0 2476.4291 2.23e-05 -0.2145208 
527000 1690 358.965 65753.0 47.814 38.1883 563 1344680.0 2446.7862 2.07e-05 -0.2701258 
528000 1694 354.463 65873.0 46.59 37.6856 564 1347100.0 2504.1076 2.04e-05 -0.2102307 
529000 1696 360.442 66027.0 47.823 38.3274 565 1350150.0 2499.6968 2e-05 -0.3137397 
530000 1698 351.333 66185.0 46.028 37.354 566 1353240.0 2554.7271 1.89e-05 -0.1599935 
531000 1701 350.858 66333.0 46.3 37.2961 567 1356240.0 2606.2544 1.85e-05 -0.2050299 
532000 1704 355.856 66431.0 46.478 37.8666 568 1358430.0 2648.629 1.92e-05 0.03724 
533000 1707 359.095 66520.0 46.684 38.1477 569 1359710.0 2689.7661 1.91e-05 -0.1666055 
534000 1709 365.642 66646.0 47.875 38.8992 569 1362440.0 2689.7661 1.87e-05 0.0423103 
535000 1711 370.673 66797.0 48.98 39.3829 570 1365470.0 2726.7895 2.03e-05 -0.1682556 
536000 1713 364.163 66948.0 47.12 38.6723 571 1368500.0 2762.1105 1.96e-05 -0.2042038 
537000 1716 362.639 67101.0 47.351 38.4989 572 1371560.0 2794.8995 2.01e-05 -0.0308984 
538000 1719 360.279 67255.0 47.452 38.2665 573 1374630.0 2818.4095 1.82e-05 0.1696604 
539000 1722 368.838 67351.0 48.759 39.1845 574 1376090.0 2924.5686 1.98e-05 -0.1091788 
540000 1724 373.756 67470.0 49.769 39.7262 574 1378570.0 2924.5686 1.98e-05 0.0149542 
541000 1725 377.341 67635.0 49.333 40.0824 575 1381730.0 2963.1117 1.99e-05 0.2673977 
542000 1728 375.3 67780.0 49.332 39.851 576 1384620.0 2970.8005 2.01e-05 -0.1127279 
543000 1731 381.488 67825.0 49.427 40.5563 577 1385230.0 2982.7205 1.96e-05 -0.2803762 
544000 1734 380.021 67954.0 49.442 40.3738 578 1388010.0 2989.4484 2.08e-05 -0.0864817 
545000 1736 385.764 68110.0 50.544 40.9768 578 1391470.0 2989.4484 2.26e-05 0.3962127 
546000 1738 385.275 68238.0 50.343 40.9493 579 1394600.0 3036.5036 2.25e-05 0.0864439 
547000 1741 386.255 68392.0 51.151 41.0225 580 1397670.0 3050.8532 1.99e-05 -0.2643361 
548000 1743 376.714 68545.0 49.184 40.0568 581 1400720.0 3050.7679 1.95e-05 -0.3062581 
549000 1746 378.325 68664.0 49.231 40.1739 582 1403160.0 3051.6911 1.95e-05 -0.1054617 
550000 1749 376.918 68796.0 49.182 40.0671 583 1405690.0 3019.522 1.91e-05 -0.3409264 
551000 1752 373.188 68942.0 49.14 39.6366 584 1409050.0 2990.5698 1.9e-05 -0.1061622 
552000 1755 372.253 69075.0 48.866 39.5734 585 1411780.0 3032.5128 1.95e-05 -0.1256283 
553000 1758 371.352 69204.0 48.878 39.445 586 1414190.0 3023.2615 2.26e-05 0.2031943 
554000 1761 365.938 69366.0 48.358 38.907 587 1417190.0 2945.9354 2.11e-05 0.0193562 
555000 1764 371.838 69474.0 49.632 39.5299 588 1418620.0 3019.3419 2.11e-05 -0.0663494 
556000 1765 384.821 69617.0 51.72 40.8812 588 1421550.0 3019.3419 2.2e-05 0.5484377 
557000 1767 380.393 69768.0 50.322 40.3818 589 1424290.0 3056.4077 2.25e-05 0.033041 
558000 1770 381.472 69877.0 50.301 40.4696 590 1426680.0 3055.7669 2.16e-05 0.0203133 
559000 1773 380.195 70000.0 50.282 40.3845 591 1429070.0 3056.1902 2.28e-05 0.5697047 
560000 1776 381.339 70076.0 49.672 40.5025 592 1430080.0 2958.5712 2.81e-05 0.7045983 
561000 1779 374.453 70216.0 48.505 39.7593 593 1431720.0 2772.7141 2.82e-05 0.2311842 
562000 1782 373.075 70329.0 48.136 39.658 594 1433970.0 2678.4427 2.74e-05 0.1074211 
563000 1786 362.535 70453.0 46.746 38.4977 595 1436110.0 2547.5984 2.67e-05 0.0974495 
564000 1791 351.025 70596.0 45.704 37.2961 597 1438240.0 2428.3547 2.55e-05 0.1724018 
565000 1793 352.156 70730.0 46.217 37.4151 597 1440910.0 2428.3547 2.36e-05 -0.2504456 
566000 1797 348.843 70874.0 45.719 37.0006 599 1444000.0 2515.9673 2.16e-05 -0.0469962 
567000 1799 352.487 71028.0 46.849 37.3932 599 1447050.0 2515.9673 1.97e-05 -0.0191114 
568000 1802 352.53 71169.0 46.91 37.4507 600 1449900.0 2569.3706 2.01e-05 0.0267068 
569000 1805 351.832 71322.0 47.152 37.3713 601 1452960.0 2601.4335 2.04e-05 -0.089284 
570000 1807 358.533 71474.0 48.363 38.0679 602 1456000.0 2646.2902 2.06e-05 -0.0443412 
571000 1809 349.831 71624.0 46.468 37.1259 603 1459020.0 2685.6612 1.92e-05 -0.2252467 
572000 1813 353.459 71743.0 47.601 37.4705 604 1461140.0 2726.095 1.9e-05 -0.231551 
573000 1815 348.803 71911.0 46.601 36.9972 605 1464330.0 2680.4855 1.98e-05 -0.3304279 
574000 1818 351.094 72031.0 46.84 37.2272 606 1466730.0 2719.437 1.99e-05 0.1248552 
575000 1821 350.49 72174.0 47.007 37.1518 607 1469680.0 2751.4933 1.86e-05 0.1143249 
576000 1824 349.792 72321.0 47.261 37.0758 608 1472690.0 2785.344 1.87e-05 -0.0268841 
577000 1827 350.476 72446.0 47.221 37.1936 609 1475680.0 2842.8096 2.07e-05 -0.0746682 
578000 1830 347.747 72617.0 47.364 36.8887 610 1479100.0 2863.5286 2.02e-05 0.1637274 
579000 1833 347.571 72761.0 47.578 36.8549 611 1481870.0 2885.1757 1.97e-05 -0.1103475 
580000 1836 352.446 72833.0 47.719 37.3632 612 1483130.0 2901.6582 1.94e-05 -0.231497 
581000 1836 352.446 72990.0 47.719 37.3632 612 1486190.0 2901.6582 1.87e-05 -0.0436575 
582000 1840 362.109 73126.0 49.499 38.4091 613 1488760.0 2949.4924 2.07e-05 0.0854654 
583000 1842 361.325 73271.0 48.615 38.3614 614 1491640.0 2949.5431 2.06e-05 0.0485226 
584000 1845 367.624 73344.0 49.095 39.0209 615 1492720.0 2980.5888 2e-05 -0.2990432 
585000 1848 365.243 73489.0 48.994 38.7899 616 1495610.0 2971.5299 1.85e-05 -0.1352636 
586000 1851 362.348 73648.0 49.092 38.4569 617 1498720.0 2981.3769 2.12e-05 0.3697045 
587000 1854 359.301 73797.0 48.731 38.1195 618 1501420.0 2931.2392 2.27e-05 -0.079902 
588000 1856 365.047 73929.0 49.781 38.7481 618 1504220.0 2931.2392 2.04e-05 -0.1219821 
589000 1859 365.531 74081.0 49.873 38.8238 619 1507270.0 2944.1153 1.99e-05 -0.2740147 
590000 1862 363.634 74233.0 49.92 38.6395 620 1510310.0 2954.7038 1.94e-05 -0.0389559 
591000 1864 368.069 74386.0 50.964 39.0771 621 1513350.0 2963.2334 1.85e-05 -0.0658044 
592000 1866 360.625 74535.0 49.005 38.3034 622 1516360.0 2973.9101 1.95e-05 0.2288984 
593000 1869 366.771 74609.0 49.081 38.9463 623 1518110.0 2983.5191 2.05e-05 -0.0296772 
594000 1872 369.255 74692.0 49.096 39.2252 624 1519200.0 2960.1672 1.92e-05 -0.0717351 
595000 1875 367.124 74846.0 49.169 39.0066 625 1522270.0 2971.1504 1.98e-05 0.0521206 
596000 1878 365.54 74998.0 49.199 38.8316 626 1525310.0 2978.0354 2.07e-05 -0.040127 
597000 1878 365.54 75154.0 49.199 38.8316 626 1528360.0 2978.0354 2.04e-05 0.0354515 
598000 1881 369.176 75305.0 49.302 39.2162 627 1531390.0 2988.2319 2.02e-05 0.15368 
599000 1884 367.392 75452.0 49.303 39.0199 628 1534390.0 2992.4087 2e-05 0.0814112 
600000 1887 378.072 75539.0 50.961 40.1333 629 1535330.0 3084.1678 2.2e-05 0.0191909 
601000 1889 377.759 75681.0 51.584 40.1089 629 1538180.0 3084.1678 2.05e-05 -0.0384263 
602000 1891 386.736 75836.0 52.718 41.0336 630 1541250.0 3060.751 2.03e-05 0.1011326 
603000 1893 388.222 75985.0 52.709 41.2252 631 1543420.0 3167.6759 1.98e-05 -0.1735313 
604000 1895 395.405 76094.0 53.7 41.991 631 1545400.0 3167.6759 2.08e-05 0.0319994 
605000 1896 391.037 76249.0 52.626 41.4991 632 1548450.0 3159.9083 1.95e-05 0.0697334 
606000 1902 381.062 76345.0 51.29 40.4075 634 1550130.0 3001.6257 2.01e-05 -0.0483307 
607000 1904 384.002 76503.0 52.319 40.7809 634 1553220.0 3001.6257 2.14e-05 0.3428923 
608000 1907 380.859 76635.0 51.772 40.3882 635 1556290.0 3010.4632 2.24e-05 0.2519031 
609000 1911 369.135 76782.0 49.831 39.211 637 1559750.0 2954.0752 2.15e-05 -0.1813098 
610000 1914 368.941 76882.0 49.437 39.1265 638 1561260.0 2903.6677 2.02e-05 -0.1103851 
611000 1915 379.302 77017.0 51.229 40.231 638 1563830.0 2903.6677 2.05e-05 0.1357409 
612000 1917 371.401 77168.0 49.337 39.3972 639 1566860.0 2883.3009 2.05e-05 0.2117984 
613000 1920 371.474 77322.0 49.414 39.4067 640 1569930.0 2902.9708 2.01e-05 -0.2076024 
614000 1924 372.556 77454.0 50.457 39.4951 641 1572500.0 2919.6737 1.95e-05 -0.1858423 
615000 1926 375.168 77543.0 49.519 39.7782 642 1574390.0 2904.7063 1.97e-05 0.0543328 
616000 1928 384.146 77635.0 50.636 40.7103 642 1575840.0 2904.7063 1.99e-05 -0.0125126 
617000 1930 388.391 77789.0 51.631 41.2099 643 1578520.0 2922.2357 1.98e-05 -0.2426982 
618000 1932 385.377 77967.0 51.086 40.9017 644 1581770.0 2998.0121 2.04e-05 0.1099383 
619000 1935 383.244 78104.0 50.965 40.6515 645 1584670.0 3001.2109 1.96e-05 -0.2801616 
620000 1938 378.545 78274.0 50.848 40.129 646 1587930.0 3004.0898 1.89e-05 -0.1911631 
621000 1941 376.269 78418.0 50.817 39.8753 647 1590850.0 3009.6809 1.8e-05 -0.1842298 
622000 1944 377.015 78533.0 50.825 40.0125 648 1593290.0 3016.7128 1.89e-05 -0.2737384 
623000 1946 385.623 78627.0 51.854 40.9158 648 1594800.0 3016.7128 2.05e-05 0.0340491 
624000 1949 383.989 78776.0 51.767 40.718 649 1597730.0 3023.0415 2.11e-05 0.1565058 
625000 1951 380.358 78884.0 51.257 40.3703 650 1599430.0 3015.7373 2.17e-05 0.1298721 
626000 1953 381.835 79051.0 50.485 40.4889 651 1602530.0 2917.1636 1.99e-05 -0.1550242 
627000 1956 386.846 79166.0 51.615 41.0293 652 1604260.0 3012.4472 1.98e-05 -0.1246641 
628000 1959 386.975 79284.0 51.578 41.1143 653 1606740.0 3020.2025 1.94e-05 -0.108616 
629000 1961 391.499 79438.0 52.554 41.5968 653 1609800.0 3020.2025 1.94e-05 0.1542196 
630000 1964 388.053 79592.0 52.482 41.1567 654 1612860.0 3026.1823 1.74e-05 0.1003685 
631000 1965 382.592 79747.0 51.453 40.5865 655 1615910.0 3029.564 1.65e-05 0.0342293 
632000 1968 386.403 79866.0 51.405 41.0143 656 1618350.0 3033.6076 2.09e-05 0.6245615 
633000 1971 389.835 80010.0 52.74 41.3455 657 1620330.0 3107.2469 2.31e-05 0.0923903 
634000 1974 383.71 80164.0 51.881 40.7265 658 1623150.0 2964.5222 2.09e-05 -0.1277817 
635000 1977 382.869 80285.0 51.828 40.6604 659 1625520.0 2976.07 2.05e-05 0.0685235 
636000 1979 386.002 80443.0 52.855 40.9735 659 1627990.0 2976.07 2.09e-05 0.238517 
637000 1981 393.515 80598.0 54.646 41.7839 660 1631060.0 3029.463 1.88e-05 -0.252953 
638000 1983 385.835 80751.0 52.54 40.9574 661 1634100.0 3035.5167 1.8e-05 0.0319701 
639000 1986 386.402 80872.0 52.445 41.0526 662 1636550.0 3039.965 2.13e-05 0.2714999 
640000 1989 391.798 80981.0 53.641 41.6095 663 1638140.0 3127.9685 2.09e-05 -0.0016271 
641000 1990 399.782 81127.0 55.468 42.4449 663 1641100.0 3127.9685 2.29e-05 0.1463049 
642000 1993 395.401 81242.0 53.597 42.011 664 1642900.0 3124.1717 2.19e-05 0.5268066 
643000 1997 387.859 81374.0 52.938 41.1972 665 1644960.0 3001.7545 2.26e-05 0.0484891 
644000 1999 393.783 81526.0 53.941 41.8066 666 1647990.0 2890.579 2e-05 -0.3234792 
645000 2001 387.658 81657.0 51.884 41.1644 667 1650530.0 2910.5211 2.1e-05 0.0538819 
646000 2004 390.336 81740.0 51.829 41.412 668 1652330.0 2927.469 2.02e-05 -0.1098699 
647000 2007 381.844 81925.0 51.174 40.5207 669 1655890.0 2873.7221 1.91e-05 -0.2458811 
648000 2010 381.05 82055.0 51.105 40.4477 670 1658670.0 2891.3499 1.88e-05 0.1749255 
649000 2013 375.692 82218.0 50.77 39.8792 671 1662160.0 2922.2149 2.09e-05 -0.0298625 
650000 2016 374.732 82353.0 50.801 39.7253 672 1665000.0 2938.9934 1.82e-05 -0.3364356 
651000 2019 375.985 82480.0 51.211 39.9086 673 1667240.0 2974.0941 2e-05 0.0210266 
652000 2021 381.664 82590.0 52.202 40.5178 673 1669230.0 2974.0941 1.98e-05 -0.0164593 
653000 2023 386.914 82744.0 53.214 41.0838 674 1672290.0 2984.6847 1.96e-05 0.0952422 
654000 2025 380.349 82896.0 51.165 40.3485 675 1675320.0 2994.2162 1.92e-05 -0.0231866 
655000 2026 389.922 82997.0 53.202 41.3847 675 1676800.0 2994.2162 2.15e-05 0.0444327 
656000 2028 399.902 83152.0 53.789 42.4524 676 1679830.0 3205.7946 2.23e-05 0.2128563 
657000 2031 398.577 83267.0 53.494 42.3022 677 1681670.0 3160.2151 2.07e-05 -0.055231 
658000 2034 395.901 83389.0 52.75 41.9712 678 1684030.0 3050.1936 2.12e-05 0.2429506 
659000 2036 402.625 83470.0 53.738 42.6939 678 1685370.0 3050.1936 2.13e-05 -0.0303622 
660000 2037 405.573 83692.0 54.304 43.0609 679 1689170.0 3144.1743 2.22e-05 -0.0493168 
661000 2040 403.57 83821.0 54.107 42.7793 680 1691700.0 3137.7568 2.1e-05 -0.0308029 
662000 2042 406.839 83942.0 55.042 43.1465 680 1693630.0 3137.7568 2.07e-05 -0.0209747 
663000 2045 412.149 84097.0 56.44 43.7378 681 1696710.0 3256.9811 2.08e-05 -0.433724 
664000 2046 411.806 84299.0 56.451 43.6954 682 1700280.0 3301.283 1.94e-05 -0.157386 
665000 2049 412.974 84390.0 56.128 43.8079 683 1702210.0 3280.1547 1.95e-05 -0.1393425 
666000 2052 407.2 84554.0 55.766 43.2525 684 1705570.0 3258.1393 1.96e-05 -0.0168028 
667000 2055 407.266 84647.0 55.482 43.2118 685 1706890.0 3241.3253 1.96e-05 -0.0797167 
668000 2058 400.679 84804.0 54.689 42.5135 686 1710300.0 3167.1928 2.1e-05 -0.2016827 
669000 2059 411.025 84959.0 56.716 43.6014 686 1712930.0 3167.1928 2.22e-05 0.459061 
670000 2062 408.799 85125.0 57.274 43.371 687 1716000.0 3326.4735 2.25e-05 0.1675123 
671000 2065 405.908 85245.0 56.522 43.1087 688 1717930.0 3249.8262 2.13e-05 -0.0175397 
672000 2070 383.648 85400.0 53.151 40.6859 690 1721140.0 2937.9592 1.93e-05 -0.0758636 
673000 2072 390.372 85513.0 54.104 41.4208 690 1722840.0 2937.9592 1.82e-05 -0.2677772 
674000 2073 388.064 85688.0 53.722 41.153 691 1726090.0 2988.1633 1.92e-05 0.0324773 
675000 2076 391.806 85849.0 54.439 41.5684 692 1728950.0 3041.3469 1.93e-05 -0.1901 
676000 2079 389.891 85981.0 54.178 41.3268 693 1731760.0 3043.2123 1.84e-05 -0.0462023 
677000 2082 393.014 86046.0 53.951 41.7051 694 1732760.0 3045.891 2.11e-05 -0.087394 
678000 2084 398.206 86196.0 54.894 42.2529 694 1735770.0 3045.891 2.06e-05 -0.0306535 
679000 2086 400.621 86336.0 55.38 42.5052 695 1738210.0 3049.3019 1.92e-05 -0.0061851 
680000 2088 393.664 86490.0 53.464 41.8047 696 1741260.0 2997.3717 2.2e-05 0.3263295 
681000 2091 399.533 86607.0 54.776 42.3911 697 1742920.0 3101.6346 1.94e-05 -0.223339 
682000 2094 396.386 86745.0 54.498 42.1265 698 1745640.0 3097.4711 2e-05 -0.0786002 
683000 2097 391.277 86904.0 54.026 41.5689 699 1748660.0 3053.724 1.82e-05 -0.1533661 
684000 2099 397.599 87022.0 54.924 42.2827 699 1751120.0 3053.724 1.86e-05 0.1255167 
685000 2100 393.447 87177.0 53.866 41.8054 700 1754180.0 3057.3516 1.8e-05 0.2792343 
686000 2103 398.248 87280.0 53.677 42.3107 701 1756410.0 3059.6164 1.77e-05 -0.4512418 
687000 2106 402.637 87336.0 53.538 42.8493 702 1757320.0 3062.6548 1.89e-05 -0.2505008 
688000 2107 412.465 87495.0 55.587 43.9026 702 1760410.0 3062.6548 1.92e-05 0.1957 
689000 2109 406.211 87672.0 54.465 43.2347 703 1764040.0 3122.3893 1.92e-05 -0.1025061 
690000 2112 407.072 87779.0 54.263 43.2407 704 1766220.0 3158.1504 2.06e-05 -0.2870195 
691000 2115 402.894 87904.0 53.571 42.7915 705 1768530.0 3078.3353 1.97e-05 -0.3899297 
692000 2117 410.13 88056.0 55.527 43.6362 705 1770810.0 3078.3353 1.83e-05 0.1031219 
693000 2119 414.153 88215.0 56.779 44.0577 706 1773910.0 3174.5018 1.73e-05 -0.1198914 
694000 2122 410.099 88363.0 56.339 43.6243 707 1776920.0 3162.0516 1.96e-05 -0.3370452 
695000 2124 402.902 88504.0 54.225 42.8111 708 1779850.0 3148.8465 1.96e-05 -0.0219373 
696000 2127 400.342 88638.0 53.977 42.5639 709 1782440.0 3139.9618 1.89e-05 0.0346789 
697000 2130 399.849 88758.0 53.802 42.497 710 1785130.0 3134.9656 1.83e-05 -0.1440529 
698000 2133 397.429 88888.0 53.597 42.1953 711 1787720.0 3128.4691 1.81e-05 -0.1139028 
699000 2136 396.519 88998.0 53.425 42.171 712 1789400.0 3122.6222 1.86e-05 0.0027565 
700000 2138 401.91 89136.0 54.347 42.7109 712 1792300.0 3122.6222 1.75e-05 0.1939425 
701000 2141 397.383 89270.0 53.761 42.2576 713 1794890.0 3117.3599 1.96e-05 0.0235919 
702000 2142 394.775 89422.0 52.766 41.9758 714 1797920.0 3068.624 1.9e-05 -0.1115821 
703000 2145 400.552 89517.0 53.002 42.5444 715 1799880.0 3087.7616 1.88e-05 -0.2423287 
704000 2148 397.915 89650.0 52.883 42.2917 716 1802370.0 3086.9854 1.86e-05 -0.0542844 
705000 2151 393.197 89809.0 52.695 41.7474 717 1806320.0 3082.2869 1.93e-05 0.1857533 
706000 2154 389.094 89946.0 52.042 41.3459 718 1808830.0 3063.0582 2.12e-05 -0.012319 
707000 2156 396.712 90040.0 53.059 42.1418 718 1810300.0 3063.0582 1.96e-05 0.3538351 
708000 2157 399.338 90260.0 53.778 42.4137 719 1814240.0 3186.7524 1.92e-05 0.0483921 
709000 2160 394.996 90415.0 53.555 41.978 720 1817320.0 3174.0771 1.98e-05 -0.0926055 
710000 2163 397.872 90534.0 54.276 42.2313 721 1819290.0 3209.6694 1.96e-05 0.2393436 
711000 2166 393.498 90684.0 53.855 41.7913 722 1822620.0 3187.7025 2.02e-05 0.1763806 
712000 2169 390.724 90824.0 53.686 41.4865 723 1825220.0 3176.9322 1.93e-05 0.154785 
713000 2172 390.261 90933.0 53.47 41.4344 724 1827210.0 3164.239 2.04e-05 0.1610132 
714000 2175 385.195 91104.0 53.231 40.9553 725 1830400.0 3142.8151 1.75e-05 -0.1126231 
715000 2178 382.567 91252.0 53.1 40.6827 726 1833370.0 3137.5336 1.88e-05 -0.1276838 
716000 2180 388.263 91419.0 54.434 41.2712 726 1836550.0 3137.5336 1.83e-05 0.0246732 
717000 2181 384.158 91604.0 53.966 40.801 727 1839910.0 3181.7802 2.01e-05 0.0278681 
718000 2184 385.876 91754.0 54.128 40.9995 728 1842850.0 3189.6022 1.99e-05 0.1042638 
719000 2188 385.136 91887.0 54.946 40.9328 729 1845490.0 3176.642 1.99e-05 0.2671949 
720000 2190 378.106 92055.0 53.345 40.1623 730 1848910.0 3138.9778 1.99e-05 0.0994353 
721000 2193 373.678 92214.0 53.148 39.6672 731 1852020.0 3130.08 1.88e-05 0.0181047 
722000 2196 375.7 92351.0 53.379 39.896 732 1854640.0 3143.072 1.99e-05 0.2976457 
723000 2199 382.811 92471.0 54.803 40.6727 733 1856610.0 3263.7648 2.03e-05 0.1005499 
724000 2202 378.644 92607.0 54.203 40.2099 734 1859020.0 3178.3883 2.01e-05 -0.0729114 
725000 2204 383.843 92763.0 55.116 40.7532 734 1862100.0 3178.3883 1.71e-05 -0.081082 
726000 2208 373.623 92902.0 53.518 39.6725 736 1864860.0 3125.8945 2e-05 0.0199825 
727000 2210 378.624 93058.0 54.457 40.1997 736 1867930.0 3125.8945 1.96e-05 -0.3306285 
728000 2211 374.972 93216.0 53.388 39.8504 737 1871010.0 3122.3051 1.89e-05 0.387758 
729000 2214 376.262 93371.0 53.604 39.977 738 1874000.0 3136.0746 1.82e-05 0.2845937 
730000 2217 375.175 93507.0 53.429 39.8297 739 1876690.0 3130.4671 1.91e-05 -0.2564787 
731000 2221 371.685 93626.0 53.22 39.5114 740 1878470.0 3125.4204 1.96e-05 -0.1543379 
732000 2223 369.09 93788.0 52.347 39.2596 741 1881640.0 2968.8784 1.87e-05 0.1129357 
733000 2226 366.799 93942.0 52.284 39.0407 742 1884510.0 2980.9905 1.82e-05 0.1565311 
734000 2229 363.678 94098.0 52.037 38.6802 743 1887800.0 2982.8915 1.67e-05 -0.1521364 
735000 2232 363.49 94231.0 51.898 38.6787 744 1890470.0 2989.6023 1.77e-05 -0.2797299 
736000 2234 371.177 94337.0 52.902 39.4187 744 1892150.0 2989.6023 1.79e-05 0.1405215 
737000 2235 377.454 94542.0 54.264 40.1463 745 1895940.0 3176.6421 1.7e-05 0.1002464 
738000 2237 390.73 94680.0 57.113 41.5205 745 1897880.0 3176.6421 1.88e-05 0.1253401 
739000 2240 390.788 94836.0 57.465 41.4996 746 1900970.0 3353.9779 1.84e-05 0.140633 
740000 2241 389.552 95021.0 57.036 41.4 747 1904330.0 3361.5801 1.9e-05 -0.124587 
741000 2244 396.871 95174.0 58.679 42.1604 748 1908000.0 3583.4221 1.94e-05 -0.0883796 
742000 2247 395.707 95289.0 58.225 42.0225 749 1910060.0 3534.0799 1.87e-05 0.1294511 
743000 2248 405.313 95471.0 60.201 43.0572 749 1913390.0 3534.0799 1.91e-05 0.0893374 
744000 2251 402.755 95637.0 60.545 42.7662 750 1916570.0 3535.6719 1.82e-05 0.1780023 
745000 2254 401.029 95746.0 59.222 42.6131 751 1918860.0 3491.1047 2.02e-05 -0.0198864 
746000 2256 393.525 95919.0 57.603 41.7943 752 1922630.0 3466.9942 1.87e-05 0.0104522 
747000 2259 391.673 96052.0 57.195 41.6158 753 1925300.0 3427.2948 1.88e-05 0.2694033 
748000 2262 390.619 96179.0 56.808 41.4323 754 1927860.0 3392.5653 1.98e-05 -0.1791951 
749000 2265 390.981 96279.0 56.464 41.5256 755 1929630.0 3361.3088 2.03e-05 -0.1526761 
750000 2266 399.941 96450.0 58.355 42.4422 755 1932860.0 3361.3088 1.9e-05 0.1925308 
751000 2268 400.607 96641.0 58.745 42.5505 756 1937870.0 3580.1779 2.04e-05 0.0729008 
752000 2271 398.956 96768.0 58.119 42.3984 757 1940200.0 3594.1601 2.05e-05 0.1930189 
753000 2274 390.378 96930.0 56.86 41.4935 758 1943450.0 3467.7441 2.15e-05 -0.1528827 
754000 2277 393.507 97007.0 56.513 41.7847 759 1945000.0 3429.9697 2.11e-05 0.1158658 
755000 2279 395.285 97165.0 57.294 41.9722 759 1948090.0 3429.9697 1.94e-05 0.1141904 
756000 2281 403.155 97332.0 59.409 42.799 760 1951820.0 3573.9727 1.76e-05 -0.0362893 
757000 2283 395.028 97488.0 57.214 41.9303 761 1954900.0 3537.5755 1.86e-05 -0.0121686 
758000 2286 395.338 97619.0 56.846 42.0061 762 1957450.0 3492.8179 1.83e-05 0.2457838 
759000 2287 404.951 97776.0 58.869 43.0411 762 1960460.0 3492.8179 1.94e-05 0.065094 
760000 2290 414.398 97936.0 61.046 44.0314 763 1963580.0 3698.5361 1.88e-05 -0.133617 
761000 2292 404.788 98078.0 58.628 43.0283 764 1966520.0 3637.6825 1.8e-05 -0.1339539 
762000 2294 412.082 98173.0 59.384 43.7902 764 1967950.0 3637.6825 1.75e-05 0.0442667 
763000 2295 418.86 98363.0 60.576 44.5155 765 1972770.0 3889.9143 1.75e-05 0.2498214 
764000 2298 427.735 98502.0 62.656 45.3946 766 1975090.0 4033.9228 1.84e-05 -0.0711518 
765000 2299 438.341 98658.0 64.483 46.5582 766 1978160.0 4033.9228 1.96e-05 -0.1724332 
766000 2302 432.503 98805.0 63.668 45.9479 767 1981160.0 3939.5305 1.85e-05 -0.0412277 
767000 2304 420.706 98962.0 61.245 44.6851 768 1984250.0 3850.5775 1.75e-05 0.2374343 
768000 2307 420.207 99115.0 61.253 44.5759 769 1987020.0 3805.5197 1.87e-05 0.1086034 
769000 2308 433.003 99246.0 63.168 45.9832 769 1989140.0 3805.5197 1.98e-05 0.084255 
770000 2310 441.523 99328.0 63.531 46.8678 770 1990060.0 3935.9678 1.85e-05 -0.1972209 
771000 2311 449.552 99502.0 65.38 47.6702 770 1993490.0 3935.9678 2.11e-05 -0.0275412 
772000 2313 447.962 99708.0 65.59 47.5448 771 1997440.0 4085.371 1.98e-05 0.1170032 
773000 2316 445.444 99836.0 65.209 47.3176 772 1999920.0 4008.8339 1.95e-05 0.1392109 
774000 2318 447.334 99978.0 65.704 47.4653 772 2002230.0 4008.8339 1.89e-05 -0.0257298 
775000 2319 449.887 100193.0 66.55 47.7822 773 2006150.0 4074.9505 1.76e-05 -0.0077697 
776000 2322 442.498 100347.0 65.637 46.9627 774 2009120.0 3975.4555 1.74e-05 0.137169 
777000 2325 437.436 100492.0 64.718 46.4795 775 2012100.0 3873.9099 1.73e-05 -0.2369978 
778000 2327 441.856 100582.0 65.213 46.989 775 2013520.0 3873.9099 1.69e-05 -0.1229244 
779000 2328 451.839 100784.0 66.829 47.9972 776 2017190.0 4014.5189 1.79e-05 -0.2815412 
780000 2330 462.365 100932.0 69.259 49.0701 776 2020100.0 4014.5189 1.8e-05 -0.1205541 
781000 2332 465.384 101103.0 70.304 49.4331 777 2024110.0 4267.067 1.92e-05 0.0157286 
782000 2334 454.32 101250.0 67.519 48.1884 778 2027090.0 4149.3603 1.85e-05 -0.0146283 
783000 2337 451.6 101360.0 66.566 47.9207 779 2029390.0 4043.4243 1.87e-05 0.012651 
784000 2339 452.919 101508.0 67.008 48.0978 779 2032890.0 4043.4243 1.74e-05 -0.1148688 
785000 2341 461.782 101666.0 69.334 48.9784 780 2035980.0 4217.0819 1.79e-05 -0.3104041 
786000 2345 447.341 101818.0 66.932 47.474 781 2039030.0 4095.3737 1.79e-05 -0.034531 
787000 2347 448.975 101975.0 67.382 47.6088 782 2042120.0 3991.8363 1.8e-05 -0.0985538 
788000 2349 438.638 102112.0 64.713 46.5154 783 2044920.0 3900.6527 1.83e-05 0.1582131 
789000 2352 435.557 102245.0 63.895 46.1798 784 2047500.0 3809.5874 1.91e-05 0.2982829 
790000 2354 447.931 102385.0 66.443 47.5289 784 2050090.0 3809.5874 1.82e-05 -0.0096949 
791000 2356 448.477 102551.0 67.049 47.578 785 2053270.0 3935.6287 1.91e-05 0.22205 
792000 2358 448.992 102731.0 67.333 47.6999 786 2056250.0 4089.0658 1.94e-05 0.1757553 
793000 2361 441.62 102886.0 66.256 46.8702 787 2059620.0 3973.1592 1.85e-05 -0.2241402 
794000 2363 445.365 103001.0 66.672 47.3138 787 2061380.0 3973.1592 1.99e-05 0.1729964 
795000 2364 452.797 103186.0 67.639 48.0776 788 2064530.0 4000.8433 1.98e-05 -0.0553732 
796000 2366 452.922 103348.0 68.04 48.0911 788 2067380.0 4000.8433 1.97e-05 0.2325303 
797000 2370 442.057 103507.0 66.916 46.9637 790 2070410.0 3926.7831 1.8e-05 -0.0073863 
798000 2370 442.057 103676.0 66.916 46.9637 790 2073600.0 3926.7831 1.84e-05 0.0881529 
799000 2374 447.858 103811.0 67.9 47.5692 791 2076410.0 3940.1048 1.75e-05 -0.1494622 
800000 2376 438.016 103995.0 66.133 46.589 792 2079710.0 3834.0943 1.89e-05 -0.0232019 
801000 2379 433.952 104125.0 65.128 46.1071 793 2082250.0 3724.6849 1.84e-05 0.1757305 
802000 2381 436.45 104271.0 65.646 46.4045 793 2085290.0 3724.6849 2.01e-05 0.460853 
803000 2383 447.611 104430.0 68.205 47.5796 794 2088390.0 3894.2164 1.96e-05 0.0416851 
804000 2385 445.692 104630.0 68.323 47.4291 795 2092490.0 4069.7947 1.95e-05 -0.2492953 
805000 2387 450.017 104785.0 69.335 47.8369 795 2094650.0 4069.7947 1.86e-05 0.0853097 
806000 2388 447.477 104972.0 69.108 47.6035 796 2098020.0 4065.8153 2e-05 -0.0990883 
807000 2391 454.091 105127.0 70.604 48.3189 797 2101560.0 4289.2337 1.89e-05 -0.2258867 
808000 2392 463.589 105284.0 72.332 49.3196 797 2104500.0 4289.2337 1.88e-05 -0.1628637 
809000 2394 453.638 105465.0 70.434 48.3153 798 2107820.0 4209.3104 2e-05 0.338324 
810000 2397 456.146 105638.0 71.407 48.5435 799 2112040.0 4350.3793 1.78e-05 -0.0994419 
811000 2398 465.403 105808.0 73.139 49.5178 799 2114960.0 4350.3793 1.92e-05 -0.1050331 
812000 2400 460.949 105997.0 72.687 49.0716 800 2119190.0 4501.3414 1.82e-05 0.0438896 
813000 2403 461.758 106121.0 72.669 49.142 801 2121780.0 4489.2073 1.85e-05 0.3420186 
814000 2406 456.777 106237.0 71.392 48.616 802 2123800.0 4348.2865 1.86e-05 0.1833956 
815000 2407 464.481 106423.0 73.104 49.4747 802 2127210.0 4348.2865 1.94e-05 -0.0928441 
816000 2409 461.7 106622.0 72.886 49.1706 803 2131100.0 4433.4579 1.88e-05 -0.2179092 
817000 2412 452.68 106788.0 71.502 48.1877 804 2134330.0 4294.1121 1.86e-05 -0.0176382 
818000 2414 458.443 106887.0 71.748 48.8468 804 2137260.0 4294.1121 1.83e-05 -0.1957286 
819000 2415 464.534 107087.0 73.013 49.4995 805 2140940.0 4519.7009 1.7e-05 -0.0913974 
820000 2418 463.914 107198.0 72.605 49.3821 806 2142590.0 4420.7308 1.88e-05 -0.0639058 
821000 2421 456.269 107350.0 71.333 48.5858 807 2145630.0 4286.6577 1.89e-05 -0.0619734 
822000 2422 464.064 107534.0 73.067 49.4512 807 2149200.0 4286.6577 1.93e-05 0.1003098 
823000 2424 460.263 107730.0 72.549 49.0568 808 2152860.0 4362.9919 1.89e-05 -0.0254749 
824000 2427 462.975 107809.0 72.36 49.3489 809 2153810.0 4292.6927 2.01e-05 0.1223826 
825000 2430 451.011 107969.0 70.092 48.0562 810 2157900.0 4129.4235 1.93e-05 0.0253311 
826000 2432 456.959 108054.0 70.104 48.64 810 2159220.0 4129.4235 2.18e-05 0.277709 
827000 2435 449.514 108206.0 68.943 47.8682 811 2162260.0 3991.4811 1.91e-05 0.1922402 
828000 2438 442.396 108357.0 67.79 47.1317 812 2165300.0 3899.333 2.02e-05 -0.1470303 
829000 2442 428.13 108485.0 65.07 45.6056 814 2168040.0 3703.2597 2.12e-05 -0.101225 
830000 2444 430.285 108643.0 65.513 45.7801 814 2171140.0 3703.2597 1.84e-05 0.0401826 
831000 2446 433.255 108831.0 66.602 46.0983 815 2175010.0 3880.9338 2.27e-05 0.3895557 
832000 2448 421.62 108993.0 64.262 44.8491 816 2178140.0 3652.8404 2.31e-05 0.4246107 
833000 2451 423.975 109150.0 64.854 45.1138 817 2180670.0 3687.5564 2.16e-05 0.0777991 
834000 2454 419.272 109278.0 63.651 44.6018 818 2183010.0 3530.8007 2.06e-05 0.0227435 
835000 2457 413.972 109433.0 62.848 44.0546 819 2186080.0 3483.7206 1.91e-05 -0.0150589 
836000 2459 419.307 109592.0 64.158 44.6451 819 2188470.0 3483.7206 2.09e-05 0.2782184 
837000 2462 418.532 109752.0 64.414 44.5195 820 2192890.0 3569.3486 2.1e-05 0.2069265 
838000 2463 413.301 109916.0 63.325 44.0224 821 2196040.0 3648.4137 1.87e-05 -0.0998542 
839000 2464 433.975 110053.0 67.019 46.1933 821 2198360.0 3648.4137 2.06e-05 0.0275395 
840000 2468 426.321 110200.0 65.382 45.3337 822 2201170.0 3824.5723 1.99e-05 -0.0468425 
841000 2470 429.332 110358.0 66.03 45.6923 823 2204260.0 3720.1151 1.85e-05 -0.1785199 
842000 2473 424.539 110510.0 65.205 45.1853 824 2207300.0 3657.1036 1.82e-05 -0.2703713 
843000 2475 416.509 110651.0 62.76 44.3768 825 2210130.0 3600.3932 1.86e-05 -0.1987812 
844000 2478 420.272 110774.0 63.599 44.7416 826 2211790.0 3652.3539 2.11e-05 0.0896919 
845000 2480 420.709 110902.0 64.001 44.8142 826 2214450.0 3652.3539 1.92e-05 -0.1685016 
846000 2481 430.535 111086.0 64.781 45.8375 827 2217940.0 3728.1185 1.94e-05 0.2473008 
847000 2483 433.654 111211.0 65.274 46.1448 827 2219810.0 3728.1185 1.89e-05 -0.0723804 
848000 2484 439.841 111409.0 66.309 46.8207 828 2223240.0 3813.3067 2.11e-05 0.1269395 
849000 2488 435.253 111532.0 66.039 46.3271 829 2225780.0 3739.976 1.89e-05 -0.1741369 
850000 2491 429.58 111666.0 64.846 45.7197 830 2228650.0 3654.9784 1.94e-05 -0.0186474 
851000 2494 422.355 111807.0 63.607 44.9371 831 2230940.0 3553.4806 1.94e-05 0.229938 
852000 2496 415.471 111975.0 61.922 44.2149 832 2234370.0 3435.1325 1.91e-05 -0.3839208 
853000 2499 415.145 112109.0 61.831 44.1162 833 2236920.0 3428.6193 1.89e-05 -0.0429061 
854000 2502 413.778 112210.0 61.073 44.0429 834 2238710.0 3368.7573 1.87e-05 -0.1298853 
855000 2505 404.481 112378.0 59.758 43.0533 835 2241770.0 3269.8816 1.86e-05 0.0655245 
856000 2508 399.171 112538.0 59.036 42.4623 836 2244620.0 3174.8934 1.98e-05 -0.0865087 
857000 2509 408.548 112679.0 60.975 43.4749 836 2246630.0 3174.8934 1.81e-05 -0.2265707 
858000 2511 412.643 112845.0 61.032 43.9236 837 2249760.0 3323.4041 1.98e-05 0.0062554 
859000 2513 416.479 112965.0 61.673 44.3162 837 2252750.0 3323.4041 1.8e-05 0.1397935 
860000 2514 424.85 113156.0 63.18 45.2401 838 2256210.0 3609.0637 1.76e-05 -0.0144141 
861000 2517 420.971 113301.0 62.463 44.7815 839 2259190.0 3557.1573 1.64e-05 -0.1864524 
862000 2520 420.163 113408.0 61.731 44.7185 840 2261460.0 3507.4416 1.93e-05 -0.086714 
863000 2522 427.406 113561.0 63.423 45.4482 840 2263790.0 3507.4416 1.75e-05 -0.092511 
864000 2523 426.878 113754.0 63.675 45.3883 841 2267460.0 3663.6974 1.9e-05 -0.0585412 
865000 2526 430.566 113919.0 64.751 45.82 842 2270820.0 3768.3277 1.84e-05 0.1125209 
866000 2527 440.055 114081.0 66.596 46.82 842 2273230.0 3768.3277 1.91e-05 -0.0774971 
867000 2530 439.272 114243.0 67.236 46.7333 843 2276380.0 3812.4949 1.97e-05 0.0903193 
868000 2532 429.404 114398.0 64.751 45.6848 844 2279450.0 3740.2454 1.97e-05 0.1902636 
869000 2535 433.462 114546.0 65.759 46.1183 845 2282130.0 3817.2209 1.85e-05 -0.0866847 
870000 2538 423.731 114707.0 64.193 45.0511 846 2285460.0 3675.4988 2.02e-05 0.382436 
871000 2541 422.076 114815.0 63.378 44.8379 847 2287510.0 3613.9489 1.9e-05 0.2307607 
872000 2543 420.274 114920.0 63.548 44.647 847 2289360.0 3613.9489 2.02e-05 0.1922525 
873000 2546 417.597 115040.0 62.047 44.3817 848 2291290.0 3548.554 2.07e-05 0.0675724 
874000 2550 410.396 115150.0 59.81 43.6098 850 2293090.0 3228.0288 1.98e-05 -0.0405638 
875000 2551 419.568 115318.0 61.734 44.6131 850 2296270.0 3228.0288 1.97e-05 0.1050832 
876000 2554 417.897 115519.0 62.312 44.4463 851 2299940.0 3312.2259 2e-05 -0.2318869 
877000 2556 407.586 115677.0 60.043 43.3932 852 2303040.0 3271.0033 1.9e-05 -0.0995094 
878000 2559 403.343 115831.0 59.493 42.9528 853 2306110.0 3251.903 1.95e-05 -0.1876318 
879000 2561 419.495 115963.0 62.594 44.6062 853 2307950.0 3251.903 2.09e-05 0.1630392 
880000 2563 423.274 116122.0 63.353 45.0099 854 2311050.0 3412.7127 1.89e-05 -0.0493594 
881000 2565 422.675 116287.0 63.263 44.9992 855 2313840.0 3549.4414 1.96e-05 0.1283763 
882000 2566 432.701 116402.0 65.098 46.0472 855 2315870.0 3549.4414 1.98e-05 0.0035142 
883000 2568 432.027 116593.0 64.439 45.9428 856 2319050.0 3643.4973 2e-05 -0.0005796 
884000 2571 422.634 116770.0 63.272 44.9908 857 2322390.0 3500.1475 1.74e-05 -0.3512947 
885000 2574 426.515 116907.0 64.366 45.3609 858 2324100.0 3559.1328 2.02e-05 -0.1139204 
886000 2575 436.125 117082.0 66.218 46.3724 858 2327360.0 3559.1328 1.94e-05 0.1771613 
887000 2577 428.014 117256.0 64.917 45.5366 859 2330620.0 3603.2195 1.97e-05 -0.1304215 
888000 2580 432.506 117423.0 66.215 46.0225 860 2334160.0 3748.8976 1.89e-05 -0.2706137 
889000 2583 429.376 117536.0 65.299 45.7038 861 2335870.0 3682.0078 1.79e-05 -0.2880022 
890000 2586 423.711 117684.0 64.418 45.1093 862 2338870.0 3619.807 1.71e-05 0.0405425 
891000 2589 418.04 117839.0 63.549 44.5307 863 2341950.0 3562.8263 1.8e-05 0.0435547 
892000 2591 420.013 117980.0 64.032 44.7088 863 2344880.0 3562.8263 1.88e-05 0.3140441 
893000 2593 423.552 118141.0 64.596 45.0736 864 2348010.0 3512.5437 1.9e-05 -0.1795918 
894000 2595 426.603 118311.0 65.044 45.4063 865 2350920.0 3737.2893 1.85e-05 -0.0513851 
895000 2598 421.662 118452.0 64.178 44.8635 866 2353820.0 3670.5604 1.77e-05 -0.3679513 
896000 2601 415.741 118612.0 63.327 44.2746 867 2356980.0 3607.5043 1.87e-05 0.0036023 
897000 2603 418.899 118760.0 63.917 44.5453 867 2359930.0 3607.5043 1.88e-05 -0.0580737 
898000 2604 420.721 118989.0 64.639 44.7358 868 2365710.0 3863.7539 1.92e-05 0.3532844 
899000 2606 432.872 119128.0 67.056 46.0752 868 2368340.0 3863.7539 1.84e-05 0.3060504 
900000 2607 431.595 119303.0 66.615 45.9425 869 2371600.0 4040.3785 1.85e-05 0.0112633 
901000 2610 437.618 119471.0 68.316 46.5287 870 2374290.0 4153.3407 1.98e-05 0.0238752 
902000 2611 446.726 119649.0 70.11 47.4919 870 2377420.0 4153.3407 1.91e-05 0.064013 
903000 2613 445.343 119833.0 70.04 47.3884 871 2381110.0 4259.0066 1.86e-05 0.0771983 
904000 2616 439.74 119982.0 68.92 46.7778 872 2384120.0 4142.1059 1.78e-05 -0.2177319 
905000 2617 450.046 120139.0 70.702 47.8347 872 2386710.0 4142.1059 1.72e-05 -0.1439209 
906000 2620 450.477 120310.0 71.619 47.9038 873 2389940.0 4213.8953 1.81e-05 -0.1444624 
907000 2622 438.618 120463.0 68.901 46.615 874 2392990.0 4101.5058 1.94e-05 0.0924245 
908000 2625 441.155 120630.0 69.647 46.956 875 2396330.0 4156.3552 1.76e-05 -0.3396541 
909000 2628 439.864 120774.0 69.762 46.8224 876 2398540.0 4132.7197 1.84e-05 -0.0066009 
910000 2629 450.027 120933.0 71.507 47.8861 876 2401640.0 4132.7197 1.9e-05 0.0789511 
911000 2631 445.283 121138.0 70.792 47.3771 877 2405770.0 4226.4477 1.87e-05 -0.1848212 
912000 2633 447.864 121227.0 71.028 47.6479 877 2407040.0 4226.4477 1.84e-05 0.021368 
913000 2634 455.467 121439.0 71.927 48.5042 878 2412220.0 4413.803 1.87e-05 0.1273126 
914000 2637 448.493 121586.0 70.62 47.7702 879 2415220.0 4277.4227 1.82e-05 0.0771101 
915000 2638 469.223 121733.0 74.588 49.9529 879 2418060.0 4277.4227 1.97e-05 -0.0039915 
916000 2641 458.839 121866.0 72.53 48.8799 880 2420670.0 4411.6804 1.95e-05 0.1540711 
917000 2643 452.45 122035.0 70.662 48.2255 881 2423780.0 4234.5124 1.96e-05 -0.0260074 
918000 2646 449.661 122181.0 70.232 47.8895 882 2426530.0 4156.0611 2e-05 0.0969352 
919000 2649 444.309 122308.0 69.061 47.3091 883 2429100.0 4046.455 1.98e-05 0.180667 
920000 2651 450.343 122467.0 70.364 47.9096 883 2431530.0 4046.455 1.84e-05 -0.2253824 
921000 2653 452.624 122651.0 71.46 48.1239 884 2434880.0 4069.8095 1.97e-05 0.0401408 
922000 2655 441.23 122804.0 68.728 46.9286 885 2437920.0 3971.8286 1.89e-05 0.0449412 
923000 2658 445.341 122946.0 69.661 47.3137 886 2440300.0 4051.6457 1.88e-05 0.1877059 
924000 2658 445.341 123146.0 69.661 47.3137 886 2445250.0 4051.6457 1.91e-05 0.0165517 
925000 2661 450.171 123323.0 71.031 47.7809 887 2448460.0 4251.4811 2e-05 0.2641283 
926000 2663 460.346 123482.0 73.455 48.8582 887 2450900.0 4251.4811 1.9e-05 -0.2710253 
927000 2665 464.967 123642.0 74.275 49.3604 888 2454010.0 4347.333 1.86e-05 -0.1504789 
928000 2667 464.775 123794.0 74.081 49.4061 889 2456870.0 4494.5997 1.79e-05 -0.1765793 
929000 2668 473.04 123978.0 75.759 50.2926 889 2460440.0 4494.5997 1.84e-05 0.0057823 
930000 2670 470.845 124174.0 75.558 50.0251 890 2464490.0 4609.1397 1.87e-05 0.1088147 
931000 2673 467.193 124264.0 74.113 49.6732 891 2465780.0 4457.2258 1.96e-05 0.0470116 
932000 2675 469.323 124389.0 74.14 49.8936 891 2468230.0 4457.2258 1.84e-05 -0.1944535 
933000 2677 470.042 124551.0 74.304 50.0103 892 2471360.0 4286.5032 1.97e-05 0.2570814 
934000 2679 468.09 124725.0 73.659 49.7628 893 2475980.0 4469.8529 1.98e-05 0.1318274 
935000 2682 464.328 124817.0 72.327 49.41 894 2477440.0 4331.8676 1.85e-05 -0.4087248 
936000 2682 464.328 124995.0 72.327 49.41 894 2480760.0 4331.8676 1.85e-05 -0.0717677 
937000 2685 471.774 125174.0 73.817 50.223 895 2484820.0 4483.6808 2.04e-05 -0.0941523 
938000 2688 465.872 125295.0 72.494 49.6123 896 2486650.0 4344.3127 1.74e-05 -0.2205933 
939000 2689 474.854 125450.0 74.185 50.5648 896 2489670.0 4344.3127 1.99e-05 0.0337593 
940000 2691 471.759 125635.0 73.439 50.2326 897 2494160.0 4383.8815 2.11e-05 -0.0096771 
941000 2694 465.219 125761.0 71.917 49.5105 898 2496280.0 4333.4933 2.02e-05 0.1680597 
942000 2697 460.36 125867.0 70.539 49.009 899 2497830.0 4125.144 1.87e-05 -0.2070108 
943000 2699 464.366 125987.0 70.745 49.4656 899 2501030.0 4125.144 2.05e-05 0.3109859 
944000 2701 465.411 126173.0 71.587 49.608 900 2504130.0 4212.6296 2.03e-05 -0.030949 
945000 2703 457.725 126333.0 69.649 48.777 901 2507000.0 4026.3666 1.79e-05 -0.225791 
946000 2706 450.665 126485.0 68.574 48.0257 902 2510050.0 3932.73 1.74e-05 -0.2272713 
947000 2709 446.837 126603.0 67.521 47.6141 903 2512530.0 3847.457 1.82e-05 -0.0896848 
948000 2710 455.0 126769.0 69.271 48.5035 903 2515230.0 3847.457 1.77e-05 0.1141161 
949000 2712 455.493 126935.0 69.143 48.5269 904 2518360.0 3978.7113 1.8e-05 0.0180708 
950000 2715 449.004 127080.0 68.055 47.8217 905 2521340.0 3888.8401 1.81e-05 -0.2178712 
951000 2718 446.419 127183.0 67.052 47.5862 906 2523630.0 3808.9561 1.94e-05 0.1276989 
952000 2721 438.034 127357.0 66.017 46.6798 907 2526650.0 3704.0605 1.88e-05 0.0099708 
953000 2724 431.048 127488.0 64.559 45.9637 908 2529310.0 3592.6545 1.85e-05 -0.3768493 
954000 2727 425.916 127619.0 63.379 45.4034 909 2531760.0 3483.389 1.97e-05 0.0079608 
955000 2728 436.298 127717.0 65.291 46.4615 909 2533260.0 3483.389 1.8e-05 0.0549782 
956000 2730 433.985 127919.0 64.297 46.2162 910 2536980.0 3553.0501 1.81e-05 0.1099874 
957000 2733 439.465 128038.0 65.615 46.8447 911 2539090.0 3691.7451 2.01e-05 0.2729003 
958000 2735 439.56 128186.0 65.806 46.7763 911 2542010.0 3691.7451 1.87e-05 0.0954556 
959000 2738 431.892 128322.0 64.174 46.0347 912 2544620.0 3617.5706 2.1e-05 0.3147476 
960000 2739 431.994 128488.0 63.71 46.0202 913 2547790.0 3527.8135 1.85e-05 0.288087 
961000 2742 428.191 128639.0 62.96 45.6499 914 2550820.0 3484.0322 1.95e-05 -0.0104881 
962000 2743 451.307 128780.0 67.201 48.1012 914 2553180.0 3484.0322 1.9e-05 0.3023302 
963000 2746 446.775 128940.0 66.754 47.6667 915 2556310.0 3678.629 2.83e-05 2.7448673 
964000 2751 423.214 129017.0 61.852 45.1764 917 2557170.0 3339.8895 2.91e-05 0.3374206 
965000 2754 414.178 129166.0 60.394 44.1854 918 2560380.0 3266.9005 2.66e-05 0.0764429 
966000 2757 409.634 129295.0 59.437 43.7216 919 2561950.0 3121.2105 2.6e-05 0.1841963 
967000 2761 397.775 129444.0 57.766 42.4678 920 2564470.0 2995.0894 2.53e-05 -0.013862 
968000 2764 393.641 129609.0 57.58 42.0772 921 2568270.0 2836.5805 2.12e-05 -0.2483136 
969000 2766 386.79 129774.0 56.165 41.3151 922 2571430.0 2908.9224 2.06e-05 -0.4424907 
970000 2770 388.637 129891.0 56.867 41.5272 923 2573850.0 2921.0302 2.16e-05 -0.0718766 
971000 2772 384.919 130033.0 55.381 41.1596 924 2576460.0 2902.9272 2e-05 -0.1087651 
972000 2773 394.66 130195.0 57.434 42.1336 924 2580530.0 2902.9272 2.08e-05 -0.0214459 
973000 2775 396.562 130371.0 57.85 42.337 925 2583800.0 3271.6345 1.9e-05 0.0175944 
974000 2778 395.752 130499.0 57.445 42.2549 926 2586330.0 3252.471 1.91e-05 -0.0443988 
975000 2781 395.141 130621.0 57.044 42.2569 927 2589040.0 3235.2239 2.06e-05 0.1433366 
976000 2784 394.676 130731.0 56.688 42.1874 928 2591110.0 3220.7015 2.01e-05 -0.0875765 
977000 2786 402.262 130841.0 57.501 42.983 928 2593100.0 3220.7015 1.93e-05 -0.0626219 
978000 2788 403.399 130982.0 57.884 43.119 929 2596740.0 3206.6314 2.02e-05 -0.1262001 
979000 2790 398.429 131136.0 56.006 42.5567 930 2599790.0 3263.9682 1.84e-05 -0.1496397 
980000 2793 399.969 131265.0 56.427 42.7086 931 2602100.0 3281.5714 1.94e-05 0.0471518 
981000 2794 408.789 131442.0 58.439 43.6903 931 2605090.0 3281.5714 1.89e-05 0.2053196 
982000 2796 408.836 131630.0 58.852 43.6504 932 2608720.0 3495.4143 1.98e-05 0.3822952 
983000 2797 418.479 131761.0 60.795 44.6942 932 2610600.0 3495.4143 1.95e-05 -0.0060871 
984000 2800 426.632 131916.0 62.529 45.5479 933 2614490.0 3652.8728 1.99e-05 -0.0975208 
985000 2802 425.515 131998.0 60.367 45.4141 934 2616310.0 3666.5856 1.88e-05 -0.1958505 
986000 2804 427.37 132153.0 61.055 45.6529 934 2618510.0 3666.5856 1.96e-05 -0.2427818 
987000 2805 433.763 132354.0 62.554 46.3536 935 2622750.0 3837.927 1.89e-05 0.0548352 
988000 2808 437.922 132500.0 64.18 46.8121 936 2626050.0 4052.1343 1.97e-05 -0.2904522 
989000 2809 446.543 132652.0 66.037 47.6666 936 2629070.0 4052.1343 2.03e-05 0.1398774 
990000 2811 449.186 132832.0 66.285 47.9508 937 2632050.0 4194.9209 1.85e-05 -0.0395961 
991000 2812 459.202 132987.0 68.119 49.0688 937 2634910.0 4194.9209 1.96e-05 0.173955 
992000 2814 458.381 133173.0 68.091 48.9777 938 2639650.0 4413.4288 2.05e-05 0.0190183 
993000 2817 455.776 133260.0 67.105 48.6316 939 2641060.0 4281.0859 2.04e-05 0.0783199 
994000 2820 447.085 133410.0 65.724 47.772 940 2644240.0 4130.9773 2.13e-05 -0.0625694 
995000 2823 440.483 133546.0 64.5 47.0737 941 2647750.0 4069.8796 2.07e-05 -0.2335835 
996000 2826 434.462 133680.0 63.426 46.4221 942 2649630.0 3875.8916 1.98e-05 0.1183114 
997000 2829 428.045 133837.0 62.595 45.6689 943 2653630.0 3862.3025 2.11e-05 0.0921212 
998000 2832 419.593 134009.0 61.497 44.8022 944 2658060.0 3834.0722 2.01e-05 0.025928 
999000 2835 414.395 134159.0 60.782 44.2749 945 2661280.0 3744.665 2.03e-05 -0.1767513 
