100 1 1 -0.25058631849158236 -0.25058631849158236 0.33 
200 1 1 -0.25058631849158236 -0.25058631849158236 0.33 
300 2 2 -0.6846395040662743 -0.6846395040662743 0.39 
400 3 3 -0.7778854635403717 -0.7778854635403717 0.41 
500 3 3 -0.7778854635403717 -0.7778854635403717 0.35 
600 4 4 -0.8129103845268177 -0.8129103845268177 0.31 
700 4 4 -0.8129103845268177 -0.8129103845268177 0.31 
800 5 5 -0.9237165379621224 -0.9237165379621224 0.3 
900 6 6 -1.0684639060764434 -1.0684639060764434 0.3 
1000 7 7 -1.1900089868400234 -1.1900089868400234 0.33 
1100 7 7 -1.1900089868400234 -1.1900089868400234 0.35 
1200 8 8 -1.424722151183541 -1.424722151183541 0.32 
1300 9 9 -1.4369022508169018 -1.4369022508169018 0.38 
1400 10 10 -1.6280855628124418 -1.6280855628124418 0.31 
1500 10 10 -1.6280855628124418 -1.6280855628124418 0.33 
1600 11 11 -1.656571422070558 -1.656571422070558 0.34 
1700 13 13 -1.5565412990633707 -1.5565412990633707 0.36 
1800 14 14 -1.46259539695383 -1.46259539695383 0.38 
1900 15 15 -1.4063955499481389 -1.4063955499481389 0.36 
2000 15 15 -1.4063955499481389 -1.4063955499481389 0.36 
2100 16 16 -1.2707683395384863 -1.2707683395384863 0.39 
2200 17 17 -1.2139056257482814 -1.2139056257482814 0.42 
2300 17 17 -1.2139056257482814 -1.2139056257482814 0.5 
2400 18 18 -1.2491602974692264 -1.2491602974692264 0.56 
2500 18 18 -1.2491602974692264 -1.2491602974692264 0.61 
2600 19 19 -1.265104525738851 -1.265104525738851 0.72 
2700 20 20 -1.3416458881521192 -1.3416458881521192 0.85 
2800 20 20 -1.3416458881521192 -1.3416458881521192 0.56 
2900 20 20 -1.3416458881521192 -1.3416458881521192 0.58 
3000 20 20 -1.3416458881521192 -1.3416458881521192 0.67 
3100 20 20 -1.3416458881521192 -1.3416458881521192 0.69 
3200 20 20 -1.3416458881521192 -1.3416458881521192 0.76 
3300 20 20 -1.3416458881521192 -1.3416458881521192 0.83 
3400 20 20 -1.3416458881521192 -1.3416458881521192 0.91 
3500 20 20 -1.3416458881521192 -1.3416458881521192 0.99 
3600 20 20 -1.3416458881521192 -1.3416458881521192 1.2 
3700 21 21 -1.2298424379147257 -1.2298424379147257 1.37 
3800 21 21 -1.2298424379147257 -1.2298424379147257 1.43 
3900 22 22 -1.1118454267132312 -1.1118454267132312 1.56 
4000 22 22 -1.1118454267132312 -1.1118454267132312 1.63 
4100 22 22 -1.1118454267132312 -1.1118454267132312 1.88 
4200 22 22 -1.1118454267132312 -1.1118454267132312 2.18 
4300 22 22 -1.1118454267132312 -1.1118454267132312 1.52 
4400 22 22 -1.1118454267132312 -1.1118454267132312 1.36 
4500 22 22 -1.1118454267132312 -1.1118454267132312 1.49 
4600 22 22 -1.1118454267132312 -1.1118454267132312 1.98 
4700 22 22 -1.1118454267132312 -1.1118454267132312 1.88 
4800 22 22 -1.1118454267132312 -1.1118454267132312 1.84 
