0 0 0.0 0.0 0.0 0.0 0 0 0 0.0 0.0014309 
1000 0 0.0 0.0 0.0 0.0 0 0 0 0.0078808 0.0034555 
2000 1 28.88 -1.0 -0.02 0.2004 0 0 0 0.0047173 0.0032648 
3000 2 57.182 -2.0 -0.04 0.404 0 0 0 0.0029139 0.0036061 
4000 2 57.182 -2.0 -0.04 0.404 0 0 0 0.0023216 0.0014177 
5000 3 84.919 -3.0 -0.059 0.5891 0 0 0 0.0020818 0.0017985 
6000 4 112.1 -4.0 -0.078 0.776 0 0 0 0.0015979 0.002571 
7000 4 112.1 -4.0 -0.078 0.776 0 0 0 0.0015138 0.0009959 
8000 5 138.738 -5.0 -0.096 0.9584 0 0 0 0.001549 0.0012489 
9000 6 164.844 -6.0 -0.114 1.1386 0 0 0 0.0014055 0.0018786 
10000 6 164.844 -6.0 -0.114 1.1386 0 0 0 0.0010991 0.0007061 
11000 7 190.427 -7.0 -0.132 1.3114 0 0 0 0.0012987 0.0010561 
12000 8 215.498 -8.0 -0.149 1.4895 0 0 0 0.0012207 0.0013847 
13000 9 240.068 -9.0 -0.166 1.6571 0 0 0 0.0009404 0.0007527 
14000 10 247.327 -8.0 -0.143 1.7104 0 0 0 0.0011953 0.001262 
15000 10 247.327 -8.0 -0.143 1.7104 0 0 0 0.0011524 0.0010463 
16000 13 273.019 -7.0 -0.114 1.9133 0 0 0 0.0010207 0.0011465 
17000 13 273.019 -7.0 -0.114 1.9133 0 0 0 0.000986 0.0008279 
18000 14 296.439 -8.0 -0.132 2.205 0 0 0 0.0009086 0.0008982 
19000 16 313.464 -6.0 -0.087 2.4562 0 0 0 0.0009031 0.0010753 
20000 16 313.464 -6.0 -0.087 2.4562 0 0 0 0.0008922 0.0009403 
21000 18 343.433 -6.0 -0.083 2.7134 0 0 0 0.0008443 0.0008442 
22000 18 343.433 -6.0 -0.083 2.7134 0 0 0 0.0007998 0.0009142 
23000 19 365.445 -7.0 -0.102 3.0061 0 0 0 0.0008002 0.0006956 
24000 20 387.016 -8.0 -0.119 3.2697 0 0 0 0.0007481 0.0008022 
25000 20 387.016 -8.0 -0.119 3.2697 0 0 0 0.0007041 0.0006692 
26000 21 408.156 -9.0 -0.137 3.5327 0 0 0 0.0006975 0.0007435 
27000 23 426.615 -9.0 -0.131 3.7955 0 0 0 0.0007167 0.0008891 
28000 23 426.615 -9.0 -0.131 3.7955 0 0 0 0.0007047 0.0006348 
29000 24 446.963 -10.0 -0.149 4.0512 0 0 0 0.0006678 0.0006025 
30000 25 466.903 -11.0 -0.166 4.3181 0 0 0 0.0006342 0.0007296 
31000 25 466.903 -11.0 -0.166 4.3181 0 0 0 0.0006327 0.0005887 
32000 26 486.445 -12.0 -0.182 4.5617 0 0 0 0.0006394 0.0007083 
33000 27 505.596 -13.0 -0.199 4.7986 0 0 0 0.0006054 0.0006224 
34000 29 512.458 -11.0 -0.151 4.9242 0 0 0 0.0006364 0.0006798 
35000 29 512.458 -11.0 -0.151 4.9242 0 0 0 0.0005938 0.0005853 
36000 31 524.068 -11.0 -0.145 5.0873 0 0 0 0.0006148 0.0006712 
37000 31 524.068 -11.0 -0.145 5.0873 0 0 0 0.0005742 0.0005496 
38000 32 542.466 -12.0 -0.162 5.3326 0 0 0 0.0005667 0.0005763 
39000 33 560.497 -13.0 -0.179 5.5522 0 0 0 0.000522 0.0005572 
40000 34 578.167 -14.0 -0.195 5.7714 0 0 0 0.0005143 0.0005824 
41000 34 578.167 -14.0 -0.195 5.7714 0 0 0 0.0005125 0.0005081 
42000 35 595.484 -15.0 -0.211 6.0052 0 0 0 0.0004745 0.0005206 
43000 36 612.454 -16.0 -0.227 6.2148 0 0 0 0.0004911 0.0005972 
44000 36 612.454 -16.0 -0.227 6.2148 0 0 0 0.0005024 0.0005333 
45000 37 629.085 -17.0 -0.242 6.4189 0 0 0 0.0005375 0.0005055 
46000 39 635.355 -17.0 -0.232 6.5371 0 0 0 0.0005199 0.000542 
47000 39 635.355 -17.0 -0.232 6.5371 0 0 0 0.0005132 0.0005645 
48000 41 644.438 -17.0 -0.223 6.6675 0 0 0 0.0004766 0.0004493 
49000 41 644.438 -17.0 -0.223 6.6675 0 0 0 0.0004832 0.0004994 
50000 42 660.429 -18.0 -0.238 6.8623 0 0 0 0.000475 0.0004959 
51000 43 676.1 -19.0 -0.254 7.0708 0 0 0 0.0004432 0.00043 
52000 44 691.458 -20.0 -0.269 7.2604 0 0 0 0.000412 0.0004381 
53000 46 673.185 -18.0 -0.218 7.0833 0 0 0 0.0004232 0.000429 
54000 47 688.601 -19.0 -0.234 7.2725 0 0 0 0.0004347 0.0005442 
55000 48 689.409 -18.0 -0.209 7.3016 0 0 0 0.0004787 0.0004563 
56000 49 704.501 -19.0 -0.225 7.4869 0 0 0 0.0004692 0.0005311 
57000 51 690.39 -17.0 -0.177 7.3433 0 0 0 0.0004288 0.0003418 
58000 51 690.39 -17.0 -0.177 7.3433 0 0 0 0.0004467 0.0005022 
59000 54 685.723 -16.0 -0.146 7.3349 0 0 0 0.000435 0.0004746 
60000 55 700.889 -17.0 -0.163 7.5189 0 0 0 0.0004544 0.0005062 
61000 55 700.889 -17.0 -0.163 7.5189 0 0 0 0.0004282 0.0003787 
62000 58 697.834 -14.0 -0.095 7.5122 0 0 0 0.0004099 0.0005056 
63000 59 689.657 -13.0 -0.073 7.4383 0 0 0 0.0004663 0.0004542 
64000 62 681.072 -12.0 -0.048 7.3723 0 0 0 0.0004418 0.0005559 
65000 64 672.277 -10.0 -0.006 7.2893 0 0 0 0.0004074 0.0003835 
66000 64 672.277 -10.0 -0.006 7.2893 0 0 0 0.0004029 0.0004448 
67000 66 685.198 -10.0 -0.006 7.4673 0 0 0 0.0004128 0.0005359 
68000 66 685.198 -10.0 -0.006 7.4673 0 0 0 0.0003699 0.0003408 
69000 69 679.4 -9.0 0.015 7.4122 0 0 0 0.0004189 0.0004505 
70000 69 679.4 -9.0 0.015 7.4122 0 0 0 0.000375 0.0004008 
71000 71 689.798 -9.0 0.015 7.5554 0 0 0 0.0004141 0.0004732 
72000 72 704.882 -10.0 -0.006 7.7493 0 0 0 0.00039 0.0004268 
73000 72 704.882 -10.0 -0.006 7.7493 0 0 0 0.0004125 0.0003832 
74000 73 719.664 -11.0 -0.025 7.9248 0 0 0 0.0003789 0.0004358 
75000 75 721.288 -11.0 -0.024 7.9596 0 0 0 0.0003779 0.0004403 
76000 76 718.782 -10.0 -0.004 7.9281 0 0 0 0.0003678 0.0004146 
77000 78 719.061 -10.0 -0.003 7.953 0 0 0 0.0003381 0.00034 
78000 79 713.8 -9.0 0.017 7.8936 0 0 0 0.0003541 0.0003936 
79000 80 712.184 -8.0 0.037 7.883 0 0 0 0.0003551 0.0003386 
80000 82 716.124 -8.0 0.036 7.944 0 0 0 0.0003679 0.0004217 
81000 82 716.124 -8.0 0.036 7.944 0 0 0 0.0003217 0.0003648 
82000 83 730.681 -9.0 0.015 8.1168 0 0 0 0.0003569 0.0003082 
83000 84 744.948 -10.0 -0.005 8.2999 0 0 0 0.000357 0.0004304 
84000 84 744.948 -10.0 -0.005 8.2999 0 0 0 0.000325 0.0003437 
85000 85 758.929 -11.0 -0.025 8.4615 0 0 0 0.0003329 0.0003214 
86000 87 759.957 -11.0 -0.024 8.4805 0 0 0 0.0003273 0.0004165 
87000 87 759.957 -11.0 -0.024 8.4805 0 0 0 0.0003583 0.0003965 
88000 90 760.792 -10.0 -0.002 8.519 0 0 0 0.0003406 0.0003184 
89000 90 760.792 -10.0 -0.002 8.519 0 0 0 0.0003205 0.0003135 
90000 91 772.096 -9.0 0.018 8.6487 0 0 0 0.0003533 0.0003754 
91000 92 785.534 -10.0 -0.002 8.8048 0 0 0 0.0003252 0.0003595 
92000 93 782.623 -9.0 0.018 8.7768 0 0 0 0.0003408 0.0003588 
93000 95 780.474 -9.0 0.017 8.7766 0 0 0 0.0003373 0.0003504 
94000 97 758.589 -7.0 0.056 8.52 0 0 0 0.0003436 0.0003849 
95000 100 745.173 -6.0 0.073 8.3899 0 0 0 0.0003397 0.0003402 
96000 101 738.669 -5.0 0.092 8.3131 0 0 0 0.0003099 0.0003424 
97000 102 752.776 -6.0 0.07 8.4984 0 0 0 0.000307 0.0003566 
98000 102 752.776 -6.0 0.07 8.4984 0 0 0 0.0003129 0.0003722 
99000 105 745.016 -5.0 0.086 8.4067 0 0 0 0.0003292 0.0003657 
100000 106 741.415 -4.0 0.105 8.3785 0 0 0 0.0003303 0.0002606 
101000 107 755.467 -5.0 0.083 8.5396 0 0 0 0.0003135 0.0003594 
102000 107 755.467 -5.0 0.083 8.5396 0 0 0 0.0002946 0.0003533 
103000 110 744.54 -4.0 0.098 8.4323 0 0 0 0.0002938 0.0002941 
104000 111 758.53 -5.0 0.076 8.5933 0 0 0 0.0003034 0.000312 
105000 114 725.203 -2.0 0.13 8.2087 0 0 0 0.000292 0.0003514 
106000 115 739.579 -3.0 0.108 8.3907 0 0 0 0.0003031 0.0003386 
107000 115 739.579 -3.0 0.108 8.3907 0 0 0 0.0002898 0.0003293 
108000 116 753.668 -4.0 0.086 8.5509 0 0 0 0.0002895 0.0003013 
109000 117 767.474 -5.0 0.064 8.7064 0 0 0 0.000272 0.0003586 
110000 119 760.528 -3.0 0.101 8.6444 0 0 0 0.0003289 0.0003359 
111000 120 751.317 -2.0 0.119 8.5376 0 0 0 0.0002712 0.0002232 
112000 121 765.171 -3.0 0.097 8.6962 0 0 0 0.000303 0.0003324 
113000 122 761.448 -2.0 0.115 8.6654 0 0 0 0.0002866 0.0004167 
114000 123 775.099 -3.0 0.092 8.821 0 0 0 0.0002925 0.0002542 
115000 123 775.099 -3.0 0.092 8.821 0 0 0 0.0002791 0.0002837 
116000 124 788.477 -4.0 0.071 8.9736 0 0 0 0.0002662 0.0002957 
117000 126 792.835 -4.0 0.068 9.0292 0 0 0 0.0002894 0.0003926 
118000 126 792.835 -4.0 0.068 9.0292 0 0 0 0.0002804 0.0002123 
119000 128 794.861 -4.0 0.066 9.073 0 0 0 0.0002504 0.0002488 
120000 129 802.984 -3.0 0.085 9.161 0 0 0 0.0002623 0.0003515 
121000 133 762.098 1.0 0.156 8.7037 0 0 0 0.0002559 0.0002598 
122000 134 752.936 2.0 0.172 8.5956 0 0 0 0.000301 0.0003047 
123000 135 766.757 1.0 0.149 8.7554 0 0 0 0.0002773 0.0003739 
124000 137 750.925 3.0 0.183 8.5823 0 0 0 0.0003126 0.0003457 
125000 138 764.786 2.0 0.159 8.7409 0 0 0 0.0002945 0.0003614 
126000 142 722.004 6.0 0.224 8.2553 0 0 0 0.0002836 0.0002935 
127000 143 727.764 7.0 0.24 8.33 0 0 0 0.0002368 0.0002366 
128000 143 727.764 7.0 0.24 8.33 0 0 0 0.0002661 0.0002825 
129000 146 721.117 8.0 0.246 8.2685 0 0 0 0.0002558 0.0002685 
130000 146 721.117 8.0 0.246 8.2685 0 0 0 0.0002504 0.000248 
131000 147 735.574 7.0 0.221 8.435 0 0 0 0.0002621 0.0002798 
132000 148 749.743 6.0 0.197 8.5958 0 0 0 0.0002214 0.0002977 
133000 149 747.548 7.0 0.213 8.5717 0 0 0 0.0002771 0.0002216 
134000 150 756.657 8.0 0.229 8.6855 0 0 0 0.0002682 0.0003395 
135000 151 761.244 9.0 0.244 8.7272 0 0 0 0.0002742 0.0003216 
136000 152 774.899 8.0 0.219 8.9032 0 0 0 0.0002899 0.0003411 
137000 152 774.899 8.0 0.219 8.9032 0 0 0 0.0002818 0.0003014 
138000 154 777.935 8.0 0.211 8.9313 0 0 0 0.0002627 0.0002535 
139000 155 779.037 9.0 0.227 8.9569 0 0 0 0.0002537 0.0002944 
140000 157 778.589 9.0 0.218 8.9474 0 0 0 0.0002546 0.0003195 
141000 157 778.589 9.0 0.218 8.9474 0 0 0 0.0002543 0.0002137 
142000 159 777.72 9.0 0.21 8.9456 0 0 0 0.0002097 0.0002347 
143000 162 759.572 12.0 0.256 8.7381 0 0 0 0.0002706 0.0003616 
144000 167 701.823 17.0 0.328 8.0728 0 0 0 0.0002745 0.000259 
145000 168 700.746 18.0 0.341 8.0597 0 0 0 0.0002397 0.0002127 
146000 170 702.859 18.0 0.328 8.0874 0 0 0 0.0002202 0.0002856 
147000 171 703.162 19.0 0.342 8.0831 0 0 0 0.0002422 0.0002582 
148000 172 717.979 18.0 0.315 8.2723 0 0 0 0.0002371 0.0002574 
149000 174 694.614 20.0 0.342 8.0072 0 0 0 0.000211 0.0002404 
150000 177 684.056 23.0 0.381 7.8857 0 0 0 0.000216 0.0002 
151000 177 684.056 23.0 0.381 7.8857 0 0 0 0.0002047 0.0002632 
152000 178 699.255 22.0 0.353 8.0594 0 0 0 0.0002014 0.0002265 
153000 179 714.15 21.0 0.326 8.2272 0 0 0 0.0002412 0.0002433 
154000 179 714.15 21.0 0.326 8.2272 0 0 0 0.0002063 0.0001985 
155000 180 728.747 20.0 0.299 8.4133 0 0 0 0.0001854 0.0001905 
156000 181 743.052 19.0 0.273 8.5769 0 0 0 0.0002059 0.0002376 
157000 181 743.052 19.0 0.273 8.5769 0 0 0 0.0002079 0.0002237 
158000 185 731.731 21.0 0.292 8.4501 0 0 0 0.0002365 0.000244 
159000 185 731.731 21.0 0.292 8.4501 0 0 0 0.0002077 0.0002039 
160000 187 739.817 21.0 0.281 8.551 0 0 0 0.0002127 0.0002591 
161000 187 739.817 21.0 0.281 8.551 0 0 0 0.0002235 0.000164 
162000 188 753.901 20.0 0.255 8.7114 0 0 0 0.0002367 0.0002771 
163000 189 767.703 19.0 0.23 8.8689 0 0 0 0.0001953 0.0002042 
164000 191 760.653 21.0 0.261 8.7812 0 0 0 0.0002233 0.0001882 
165000 191 760.653 21.0 0.261 8.7812 0 0 0 0.00022 0.0002754 
166000 192 774.32 20.0 0.236 8.9518 0 0 0 0.0002064 0.000222 
167000 193 787.713 19.0 0.211 9.1037 0 0 0 0.0002056 0.0002516 
168000 194 776.419 20.0 0.227 8.978 0 0 0 0.0002186 0.0002145 
169000 195 789.771 19.0 0.202 9.1309 0 0 0 0.0002253 0.0002577 
170000 196 802.855 18.0 0.178 9.2824 0 0 0 0.0001988 0.000218 
171000 196 802.855 18.0 0.178 9.2824 0 0 0 0.0001973 0.0002356 
172000 202 745.794 22.0 0.236 8.6279 0 0 0 0.0002298 0.0002737 
173000 204 725.572 24.0 0.266 8.3999 0 0 0 0.0002088 0.0002045 
174000 205 738.201 25.0 0.281 8.5381 0 0 0 0.0002116 0.0002362 
175000 205 738.201 25.0 0.281 8.5381 0 0 0 0.0002126 0.0002768 
176000 208 728.924 26.0 0.285 8.4361 0 0 0 0.0002229 0.0002407 
177000 212 687.395 30.0 0.34 7.951 0 0 0 0.0002569 0.0002393 
178000 213 702.527 29.0 0.313 8.1407 0 0 0 0.0002258 0.000245 
179000 213 702.527 29.0 0.313 8.1407 0 0 0 0.0002203 0.0002782 
180000 214 717.357 28.0 0.287 8.3104 0 0 0 0.0002309 0.0001836 
181000 218 696.886 30.0 0.305 8.0637 0 0 0 0.0002599 0.0003092 
182000 218 696.886 30.0 0.305 8.0637 0 0 0 0.0002205 0.0001893 
183000 220 701.252 30.0 0.293 8.1232 0 0 0 0.0002191 0.0002374 
184000 220 701.252 30.0 0.293 8.1232 0 0 0 0.0001956 0.0001318 
185000 223 692.737 31.0 0.296 8.02 0 0 0 0.0002316 0.000287 
186000 224 707.762 30.0 0.27 8.211 0 0 0 0.0002038 0.0002244 
187000 224 707.762 30.0 0.27 8.211 0 0 0 0.000193 0.0002094 
188000 225 722.487 29.0 0.245 8.3772 0 0 0 0.0001844 0.0001897 
189000 227 723.219 29.0 0.236 8.3908 0 0 0 0.0001806 0.0002017 
190000 227 723.219 29.0 0.236 8.3908 0 0 0 0.0001834 0.0001986 
191000 228 737.634 28.0 0.211 8.5526 0 0 0 0.0001835 0.0001916 
192000 229 751.762 27.0 0.187 8.7147 0 0 0 0.0001651 0.0002181 
193000 230 747.287 28.0 0.203 8.6595 0 0 0 0.0001764 0.0001704 
194000 231 761.221 27.0 0.179 8.8165 0 0 0 0.0001798 0.0002289 
195000 232 774.876 26.0 0.155 8.9919 0 0 0 0.0001889 0.0002407 
196000 232 774.876 26.0 0.155 8.9919 0 0 0 0.0001814 0.0002126 
197000 233 788.259 25.0 0.132 9.1405 0 0 0 0.0002077 0.0002238 
198000 240 709.608 32.0 0.247 8.2317 0 0 0 0.0002178 0.0002204 
199000 240 709.608 32.0 0.247 8.2317 0 0 0 0.000184 0.0002094 
200000 243 704.019 33.0 0.253 8.1591 0 0 0 0.0002236 0.00024 
201000 243 704.019 33.0 0.253 8.1591 0 0 0 0.000213 0.0003105 
202000 245 708.842 33.0 0.243 8.213 0 0 0 0.0002448 0.0002283 
203000 246 723.126 34.0 0.258 8.3986 0 0 0 0.0002071 0.0002439 
204000 247 725.723 35.0 0.273 8.4159 0 0 0 0.0002119 0.0002674 
205000 247 725.723 35.0 0.273 8.4159 0 0 0 0.0002175 0.000202 
206000 253 678.513 39.0 0.32 7.8663 0 0 0 0.0002169 0.0002531 
207000 254 693.822 38.0 0.293 8.0538 0 0 0 0.0002077 0.000208 
208000 255 683.086 39.0 0.307 7.9255 0 0 0 0.0001982 0.0002119 
209000 256 698.304 38.0 0.281 8.1004 0 0 0 0.0001931 0.0001821 
210000 259 680.42 41.0 0.324 7.9044 0 0 0 0.000183 0.0002838 
211000 264 630.79 46.0 0.389 7.3223 0 0 0 0.0002128 0.0001711 
212000 264 630.79 46.0 0.389 7.3223 0 0 0 0.0001817 0.0002109 
213000 267 626.896 47.0 0.386 7.2871 0 0 0 0.000193 0.0001851 
214000 271 607.95 49.0 0.396 7.0649 0 0 0 0.0001897 0.0002001 
215000 272 601.811 50.0 0.408 6.988 0 0 0 0.0001862 0.0002511 
216000 275 597.828 51.0 0.405 6.9461 0 0 0 0.0001914 0.0001869 
217000 275 597.828 51.0 0.405 6.9461 0 0 0 0.0001877 0.0001812 
218000 276 614.751 50.0 0.376 7.1407 0 0 0 0.0001919 0.0002193 
219000 278 623.67 50.0 0.362 7.2392 0 0 0 0.0001799 0.0001818 
220000 282 592.36 54.0 0.412 6.8782 0 0 0 0.0001662 0.0002619 
221000 282 592.36 54.0 0.412 6.8782 0 0 0 0.000166 0.000187 
222000 288 556.879 58.0 0.443 6.4692 0 0 0 0.0001987 0.0002114 
223000 289 553.841 59.0 0.454 6.436 0 0 0 0.0001724 0.0001446 
224000 290 571.645 58.0 0.425 6.6517 0 0 0 0.0001684 0.0002347 
225000 293 562.636 61.0 0.458 6.5467 0 0 0 0.0001606 0.0002133 
226000 293 562.636 61.0 0.458 6.5467 0 0 0 0.0001654 0.0001559 
227000 294 580.263 60.0 0.429 6.7481 0 0 0 0.0001617 0.0002057 
228000 295 597.538 59.0 0.401 6.9452 0 0 0 0.0001478 0.000125 
229000 295 597.538 59.0 0.401 6.9452 0 0 0 0.0001785 0.0002043 
230000 298 591.802 60.0 0.398 6.8842 0 0 0 0.0001856 0.0002534 
231000 299 608.846 59.0 0.37 7.0775 0 0 0 0.0001664 0.000122 
232000 301 606.488 61.0 0.395 7.0549 0 0 0 0.0001842 0.0002411 
233000 301 606.488 61.0 0.395 7.0549 0 0 0 0.0001937 0.0001928 
234000 303 612.394 61.0 0.379 7.1235 0 0 0 0.0001888 0.0001834 
235000 306 606.096 62.0 0.377 7.0468 0 0 0 0.0001566 0.0002276 
236000 306 606.096 62.0 0.377 7.0468 0 0 0 0.0001831 0.0001332 
237000 311 581.868 65.0 0.4 6.7627 0 0 0 0.0001903 0.0002688 
238000 311 581.868 65.0 0.4 6.7627 0 0 0 0.0001836 0.0001864 
239000 313 587.809 65.0 0.385 6.8413 0 0 0 0.0001857 0.0001646 
240000 316 582.227 66.0 0.383 6.7787 0 0 0 0.0001877 0.0002405 
241000 317 587.243 67.0 0.395 6.8261 0 0 0 0.0002053 0.0001983 
242000 318 604.378 66.0 0.367 7.0216 0 0 0 0.0002041 0.0002651 
243000 322 577.421 70.0 0.416 6.7096 0 0 0 0.0001951 0.0002179 
244000 325 551.166 73.0 0.451 6.4001 0 0 0 0.0002014 0.0001843 
245000 326 569.023 72.0 0.422 6.6245 0 0 0 0.000199 0.0002367 
246000 326 569.023 72.0 0.422 6.6245 0 0 0 0.0001921 0.0002399 
247000 327 586.523 71.0 0.393 6.8219 0 0 0 0.0001771 0.0001824 
248000 332 559.865 74.0 0.415 6.5208 0 0 0 0.0001757 0.0002152 
249000 335 540.4 77.0 0.449 6.288 0 0 0 0.0001724 0.000151 
250000 336 558.472 76.0 0.42 6.4949 0 0 0 0.0001626 0.0001711 
251000 340 521.925 80.0 0.465 6.0778 0 0 0 0.0001935 0.0002122 
252000 342 530.999 80.0 0.447 6.1851 0 0 0 0.0001846 0.000262 
253000 342 530.999 80.0 0.447 6.1851 0 0 0 0.0001623 0.000108 
254000 344 551.094 80.0 0.43 6.4137 0 0 0 0.0001922 0.0002173 
255000 345 555.872 81.0 0.441 6.4686 0 0 0 0.0001885 0.0002189 
256000 345 555.872 81.0 0.441 6.4686 0 0 0 0.0001736 0.0001811 
257000 350 544.575 84.0 0.458 6.347 0 0 0 0.000185 0.0002069 
258000 351 538.204 85.0 0.469 6.2747 0 0 0 0.0001788 0.0001762 
259000 352 556.32 84.0 0.439 6.4829 0 0 0 0.0001727 0.0001969 
260000 352 556.32 84.0 0.439 6.4829 0 0 0 0.0001553 0.0001595 
261000 355 561.673 85.0 0.434 6.5376 0 0 0 0.0001819 0.000188 
262000 355 561.673 85.0 0.434 6.5376 0 0 0 0.0001675 0.0002137 
263000 360 545.531 88.0 0.451 6.3534 0 0 0 0.0001728 0.0001653 
264000 360 545.531 88.0 0.451 6.3534 0 0 0 0.0001859 0.0002158 
265000 364 536.659 90.0 0.456 6.2515 0 0 0 0.00018 0.000183 
266000 365 554.806 89.0 0.427 6.4595 0 0 0 0.0001742 0.0001855 
267000 367 555.947 91.0 0.45 6.4701 0 0 0 0.0001666 0.0002416 
268000 370 534.373 94.0 0.482 6.2285 0 0 0 0.0001757 0.0002008 
269000 371 552.565 93.0 0.453 6.4362 0 0 0 0.0001713 0.0001709 
270000 373 532.848 95.0 0.474 6.2112 0 0 0 0.0001612 0.0001795 
271000 376 536.956 96.0 0.467 6.2506 0 0 0 0.0001753 0.0001962 
272000 376 536.956 96.0 0.467 6.2506 0 0 0 0.0002128 0.0002439 
273000 384 488.769 102.0 0.512 5.6897 0 0 0 0.000189 0.0002129 
274000 388 472.061 106.0 0.55 5.5054 0 0 0 0.0001782 0.0001856 
275000 390 461.722 108.0 0.567 5.377 0 0 0 0.0001849 0.000201 
276000 394 456.053 110.0 0.563 5.3243 0 0 0 0.0001846 0.0001951 
277000 396 459.575 112.0 0.581 5.352 0 0 0 0.0001811 0.0002007 
278000 398 444.016 114.0 0.597 5.1721 0 0 0 0.0001777 0.0002403 
279000 400 455.355 114.0 0.574 5.3141 0 0 0 0.000177 0.0001446 
280000 401 457.688 115.0 0.582 5.333 0 0 0 0.0001744 0.0001662 
281000 403 464.781 117.0 0.599 5.4147 0 0 0 0.000187 0.0002291 
282000 405 475.438 117.0 0.576 5.5476 0 0 0 0.0001865 0.0001998 
283000 405 475.438 117.0 0.576 5.5476 0 0 0 0.0001617 0.000186 
284000 407 488.333 117.0 0.553 5.6858 0 0 0 0.0001448 0.0001467 
285000 408 502.507 118.0 0.562 5.8615 0 0 0 0.0001684 0.0002428 
286000 409 506.237 119.0 0.571 5.9006 0 0 0 0.0001599 0.0001744 
287000 411 516.552 119.0 0.549 6.0196 0 0 0 0.0001691 0.0002179 
288000 419 455.914 127.0 0.616 5.3193 0 0 0 0.0001771 0.0001831 
289000 422 438.296 130.0 0.639 5.1179 0 0 0 0.0001856 0.0001978 
290000 423 458.41 129.0 0.606 5.3481 0 0 0 0.0001786 0.0001769 
291000 423 458.41 129.0 0.606 5.3481 0 0 0 0.0001529 0.0001538 
292000 424 478.122 128.0 0.574 5.5732 0 0 0 0.000167 0.0001571 
293000 426 488.091 128.0 0.551 5.696 0 0 0 0.0001506 0.0001622 
294000 436 421.595 138.0 0.634 4.9214 0 0 0 0.0001488 0.0001502 
295000 441 398.734 143.0 0.669 4.6479 0 0 0 0.0001703 0.0002036 
296000 441 398.734 143.0 0.669 4.6479 0 0 0 0.00015 0.0002061 
297000 444 410.454 144.0 0.65 4.7813 0 0 0 0.0001646 0.0001642 
298000 444 410.454 144.0 0.65 4.7813 0 0 0 0.0001989 0.0002322 
299000 445 431.125 143.0 0.617 5.0352 0 0 0 0.0001901 0.0001782 
300000 453 396.481 149.0 0.639 4.626 0 0 0 0.0001807 0.0001904 
301000 453 396.481 149.0 0.639 4.626 0 0 0 0.0001414 0.0001715 
302000 455 414.162 149.0 0.614 4.8267 0 0 0 0.000155 0.0001296 
303000 456 434.759 148.0 0.582 5.0613 0 0 0 0.0001692 0.0002294 
304000 460 417.054 152.0 0.615 4.8594 0 0 0 0.0001785 0.0002469 
305000 460 417.054 152.0 0.615 4.8594 0 0 0 0.000173 0.0001476 
306000 466 409.348 156.0 0.622 4.7772 0 0 0 0.0001597 0.000163 
307000 466 409.348 156.0 0.622 4.7772 0 0 0 0.0001515 0.0002073 
308000 469 423.209 157.0 0.606 4.9345 0 0 0 0.0001494 0.0001566 
309000 470 431.645 158.0 0.614 5.0433 0 0 0 0.0001537 0.0001951 
310000 472 435.794 160.0 0.629 5.0801 0 0 0 0.0001466 0.0001864 
311000 473 432.718 161.0 0.637 5.0444 0 0 0 0.000164 0.0001922 
312000 474 452.944 160.0 0.604 5.2867 0 0 0 0.000147 0.0001638 
313000 474 452.944 160.0 0.604 5.2867 0 0 0 0.0001314 0.000124 
314000 478 456.611 162.0 0.597 5.3162 0 0 0 0.0001561 0.0001593 
315000 478 456.611 162.0 0.597 5.3162 0 0 0 0.0001286 0.0001745 
316000 481 463.185 163.0 0.582 5.3999 0 0 0 0.0001495 0.0001192 
317000 482 482.801 162.0 0.551 5.6215 0 0 0 0.0001474 0.0001881 
318000 482 482.801 162.0 0.551 5.6215 0 0 0 0.0001593 0.000145 
319000 487 468.495 165.0 0.557 5.4674 0 0 0 0.0001758 0.0001787 
320000 488 488.005 164.0 0.526 5.6886 0 0 0 0.000175 0.0002283 
321000 488 488.005 164.0 0.526 5.6886 0 0 0 0.0001607 0.0001345 
322000 493 472.262 167.0 0.535 5.5026 0 0 0 0.0001645 0.0001609 
323000 493 472.262 167.0 0.535 5.5026 0 0 0 0.0001475 0.0001725 
324000 494 491.697 166.0 0.504 5.7242 0 0 0 0.0001563 0.0001739 
325000 495 510.743 165.0 0.474 5.9543 0 0 0 0.0001297 0.0001683 
326000 496 529.408 164.0 0.444 6.1658 0 0 0 0.0001705 0.000168 
327000 497 520.04 165.0 0.455 6.0492 0 0 0 0.0001436 0.0001944 
328000 499 531.709 165.0 0.438 6.1909 0 0 0 0.0001605 0.0001899 
329000 499 531.709 165.0 0.438 6.1909 0 0 0 0.0001694 0.0001455 
330000 501 546.876 165.0 0.421 6.379 0 0 0 0.0001591 0.0001557 
331000 502 564.818 164.0 0.392 6.5829 0 0 0 0.0001367 0.0001827 
332000 506 530.288 168.0 0.44 6.1862 0 0 0 0.0001698 0.0002424 
333000 507 548.562 167.0 0.411 6.3924 0 0 0 0.000177 0.0001714 
334000 511 510.285 171.0 0.457 5.9493 0 0 0 0.0001711 0.0002269 
335000 514 510.017 172.0 0.45 5.9474 0 0 0 0.0001689 0.0001967 
336000 514 510.017 172.0 0.45 5.9474 0 0 0 0.0001611 0.0002 
337000 518 513.923 174.0 0.455 5.9805 0 0 0 0.0001961 0.0002371 
338000 518 513.923 174.0 0.455 5.9805 0 0 0 0.0001949 0.0002228 
339000 523 502.963 177.0 0.471 5.8689 0 0 0 0.0001711 0.0001833 
340000 523 502.963 177.0 0.471 5.8689 0 0 0 0.0001526 0.0001617 
341000 527 502.028 181.0 0.512 5.8471 0 0 0 0.0001713 0.0002002 
342000 529 489.022 183.0 0.531 5.7008 0 0 0 0.0001514 0.0001313 
343000 534 473.862 188.0 0.576 5.5201 0 0 0 0.0001577 0.0002099 
344000 534 473.862 188.0 0.576 5.5201 0 0 0 0.0001747 0.000138 
345000 536 489.04 188.0 0.554 5.7039 0 0 0 0.0001557 0.0002121 
346000 536 489.04 188.0 0.554 5.7039 0 0 0 0.0001422 0.0001227 
347000 537 508.139 187.0 0.523 5.9218 0 0 0 0.0001468 0.0001799 
348000 539 516.959 187.0 0.502 6.0167 0 0 0 0.0001549 0.0001912 
349000 539 516.959 187.0 0.502 6.0167 0 0 0 0.000138 0.0001443 
350000 546 478.576 192.0 0.532 5.564 0 0 0 0.0001405 0.0001624 
351000 548 489.167 192.0 0.512 5.6936 0 0 0 0.0001265 0.0001596 
352000 548 489.167 192.0 0.512 5.6936 0 0 0 0.0001345 0.0001526 
353000 549 508.264 191.0 0.482 5.9247 0 0 0 0.0001342 0.000195 
354000 550 526.979 190.0 0.452 6.1381 0 0 0 0.0001558 0.0001638 
355000 550 526.979 190.0 0.452 6.1381 0 0 0 0.0001315 0.0001809 
356000 554 514.841 192.0 0.457 6.0026 0 0 0 0.0001444 0.0001146 
357000 559 492.351 197.0 0.509 5.7372 0 0 0 0.0001376 0.0001389 
358000 559 492.351 197.0 0.509 5.7372 0 0 0 0.0001446 0.0001793 
359000 560 511.384 196.0 0.479 5.9559 0 0 0 0.0001545 0.0001872 
360000 561 530.036 195.0 0.449 6.1836 0 0 0 0.0001432 0.0001239 
361000 563 518.658 197.0 0.471 6.0401 0 0 0 0.0001425 0.0001413 
362000 570 484.361 202.0 0.505 5.6448 0 0 0 0.0001428 0.000156 
363000 570 484.361 202.0 0.505 5.6448 0 0 0 0.0001473 0.0001794 
364000 576 465.818 206.0 0.526 5.4356 0 0 0 0.0001613 0.0002171 
365000 579 459.023 209.0 0.554 5.3511 0 0 0 0.0001466 0.0001574 
366000 580 452.383 210.0 0.563 5.2767 0 0 0 0.0001454 0.0001397 
367000 584 449.031 212.0 0.559 5.2315 0 0 0 0.0001304 0.0001814 
368000 585 463.41 213.0 0.568 5.3996 0 0 0 0.0001432 0.0002072 
369000 585 463.41 213.0 0.568 5.3996 0 0 0 0.0001439 0.0001107 
370000 588 474.245 214.0 0.555 5.5352 0 0 0 0.0001629 0.0002281 
371000 588 474.245 214.0 0.555 5.5352 0 0 0 0.0001533 0.0001653 
372000 597 430.457 223.0 0.629 5.015 0 0 0 0.000169 0.0001917 
373000 597 430.457 223.0 0.629 5.015 0 0 0 0.0001637 0.0001399 
374000 598 450.728 222.0 0.596 5.2437 0 0 0 0.0001684 0.0002243 
375000 599 470.593 221.0 0.564 5.4912 0 0 0 0.0001661 0.0001508 
376000 599 470.593 221.0 0.564 5.4912 0 0 0 0.0001577 0.0001758 
377000 601 494.92 221.0 0.542 5.7707 0 0 0 0.0001677 0.0002044 
378000 611 423.47 231.0 0.626 4.9254 0 0 0 0.0001866 0.0001915 
379000 614 402.129 234.0 0.648 4.6884 0 0 0 0.0001605 0.0001487 
380000 615 422.966 233.0 0.615 4.9228 0 0 0 0.000139 0.0001471 
381000 616 428.247 234.0 0.623 4.9786 0 0 0 0.0001691 0.0001902 
382000 617 448.562 233.0 0.59 5.2301 0 0 0 0.0001399 0.0002001 
383000 617 448.562 233.0 0.59 5.2301 0 0 0 0.0001625 0.0001467 
384000 628 396.832 242.0 0.639 4.6188 0 0 0 0.000134 0.0001632 
385000 633 370.287 247.0 0.674 4.3157 0 0 0 0.0001726 0.0002359 
386000 634 386.462 248.0 0.68 4.5023 0 0 0 0.0001637 0.0002267 
387000 634 386.462 248.0 0.68 4.5023 0 0 0 0.0001398 0.0001296 
388000 638 385.592 250.0 0.668 4.4924 0 0 0 0.0001241 9.84e-05 
389000 646 357.766 256.0 0.682 4.1628 0 0 0 0.000143 0.0001882 
390000 646 357.766 256.0 0.682 4.1628 0 0 0 0.0001341 0.0001549 
391000 655 333.18 263.0 0.701 3.8873 0 0 0 0.0001394 0.0001395 
392000 655 333.18 263.0 0.701 3.8873 0 0 0 0.0001465 0.0002057 
393000 657 348.629 263.0 0.674 4.0606 0 0 0 0.0001328 0.0001107 
394000 660 356.657 264.0 0.655 4.1618 0 0 0 0.0001462 0.0001953 
395000 660 356.657 264.0 0.655 4.1618 0 0 0 0.0001332 0.0001557 
396000 663 369.287 267.0 0.675 4.3197 0 0 0 0.0001504 0.0001673 
397000 664 369.462 268.0 0.681 4.3194 0 0 0 0.0001613 0.0001863 
398000 667 378.736 269.0 0.662 4.4211 0 0 0 0.0001358 9.71e-05 
399000 667 378.736 269.0 0.662 4.4211 0 0 0 0.0001578 0.0002151 
400000 668 400.042 268.0 0.629 4.6652 0 0 0 0.0001415 0.0001176 
401000 674 385.158 272.0 0.635 4.504 0 0 0 0.0001476 0.0001717 
402000 674 385.158 272.0 0.635 4.504 0 0 0 0.0001489 0.00013 
403000 676 398.708 272.0 0.61 4.6562 0 0 0 0.0001242 0.0001587 
404000 682 383.595 276.0 0.618 4.4756 0 0 0 0.0001473 0.0001426 
405000 688 356.607 282.0 0.662 4.1642 0 0 0 0.000159 0.0002145 
406000 693 338.15 287.0 0.694 3.9518 0 0 0 0.0001422 0.000104 
407000 693 338.15 287.0 0.694 3.9518 0 0 0 0.0001264 0.0001151 
408000 695 361.881 287.0 0.667 4.2196 0 0 0 0.0001207 0.0001517 
409000 699 361.593 291.0 0.693 4.2273 0 0 0 0.0001133 0.0001142 
410000 701 352.737 293.0 0.705 4.1207 0 0 0 0.0001171 0.0001057 
411000 702 374.562 292.0 0.671 4.3706 0 0 0 0.0001195 0.0001632 
412000 702 374.562 292.0 0.671 4.3706 0 0 0 0.0001148 0.0001437 
413000 703 395.951 291.0 0.638 4.6172 0 0 0 0.0001211 0.0001027 
414000 705 410.034 291.0 0.613 4.7836 0 0 0 0.0001438 0.0001674 
415000 706 420.673 292.0 0.621 4.9204 0 0 0 0.0001574 0.0001728 
416000 708 427.693 294.0 0.636 4.9923 0 0 0 0.0001298 0.0001272 
417000 714 387.782 300.0 0.677 4.5319 0 0 0 0.0001333 0.0001424 
418000 718 389.81 302.0 0.665 4.5495 0 0 0 0.0001223 0.0001674 
419000 718 389.81 302.0 0.665 4.5495 0 0 0 0.0001253 0.0001274 
420000 726 367.588 308.0 0.68 4.292 0 0 0 0.0001317 0.0001691 
421000 730 357.836 312.0 0.705 4.1653 0 0 0 0.0001495 0.0001762 
422000 731 352.519 313.0 0.711 4.1089 0 0 0 0.0001525 0.0001486 
423000 735 355.207 315.0 0.696 4.134 0 0 0 0.0001399 0.0001585 
424000 735 355.207 315.0 0.696 4.134 0 0 0 0.0001171 8.22e-05 
425000 736 376.983 314.0 0.662 4.3972 0 0 0 0.000132 0.0001477 
426000 738 392.557 314.0 0.636 4.5795 0 0 0 0.0001293 0.0001834 
427000 744 365.711 320.0 0.677 4.2582 0 0 0 0.0001573 0.000141 
428000 744 365.711 320.0 0.677 4.2582 0 0 0 0.000122 0.0001583 
429000 746 380.572 320.0 0.651 4.4338 0 0 0 0.0001613 0.0001855 
430000 751 377.227 323.0 0.648 4.3992 0 0 0 0.0001478 0.0001519 
431000 758 340.47 330.0 0.694 3.964 0 0 0 0.0001489 0.0001583 
432000 758 340.47 330.0 0.694 3.964 0 0 0 0.0001481 0.0001552 
433000 764 345.418 334.0 0.693 4.031 0 0 0 0.0001535 0.0001988 
434000 764 345.418 334.0 0.693 4.031 0 0 0 0.0001363 0.000142 
435000 772 329.19 340.0 0.704 3.8334 0 0 0 0.0001519 0.000151 
436000 773 324.027 341.0 0.71 3.7824 0 0 0 0.0001352 0.0001522 
437000 783 293.35 351.0 0.763 3.4242 0 0 0 0.0001377 0.0001609 
438000 783 293.35 351.0 0.763 3.4242 0 0 0 0.000129 0.0001442 
439000 792 281.451 358.0 0.768 3.2915 0 0 0 0.0001426 0.0001617 
440000 793 281.002 359.0 0.773 3.2894 0 0 0 0.0001458 0.0001692 
441000 802 268.082 366.0 0.777 3.1361 0 0 0 0.0001465 0.0001627 
442000 803 272.681 367.0 0.781 3.1911 0 0 0 0.0001415 0.0001609 
443000 804 296.107 366.0 0.746 3.4613 0 0 0 0.0001371 0.0001478 
444000 809 287.62 371.0 0.77 3.3651 0 0 0 0.0001443 0.0001667 
445000 810 283.088 372.0 0.775 3.3039 0 0 0 0.0001424 0.0001799 
446000 812 301.94 372.0 0.744 3.5252 0 0 0 0.0001499 0.0001832 
447000 813 324.781 371.0 0.709 3.8048 0 0 0 0.0001559 0.0001746 
448000 816 308.89 374.0 0.727 3.6139 0 0 0 0.0001772 0.000212 
449000 819 321.16 375.0 0.704 3.7477 0 0 0 0.0001658 0.0001651 
450000 819 321.16 375.0 0.704 3.7477 0 0 0 0.0001548 0.0001387 
451000 825 318.033 379.0 0.702 3.7231 0 0 0 0.0001633 0.0001819 
452000 826 329.593 380.0 0.708 3.8614 0 0 0 0.0001359 0.0001399 
453000 829 339.21 381.0 0.687 3.9602 0 0 0 0.0001431 0.000181 
454000 831 329.552 383.0 0.699 3.8523 0 0 0 0.0001447 0.0002067 
455000 832 351.841 382.0 0.665 4.1076 0 0 0 0.0001396 0.0001092 
456000 832 351.841 382.0 0.665 4.1076 0 0 0 0.0001414 0.0001627 
457000 842 327.199 390.0 0.693 3.8251 0 0 0 0.0001348 0.0001695 
458000 843 323.955 391.0 0.699 3.7801 0 0 0 0.0001373 0.0001463 
459000 847 331.955 393.0 0.685 3.8827 0 0 0 0.0001475 0.0001691 
460000 849 326.9 395.0 0.697 3.8196 0 0 0 0.0001558 0.0001433 
461000 851 344.097 395.0 0.67 4.0193 0 0 0 0.0001231 0.0001238 
462000 851 344.097 395.0 0.67 4.0193 0 0 0 0.0001544 0.0001577 
463000 852 366.095 394.0 0.637 4.27 0 0 0 0.0001424 0.0001231 
464000 854 380.4 394.0 0.612 4.4463 0 0 0 0.0001268 0.000136 
465000 858 376.205 398.0 0.642 4.3878 0 0 0 0.0001248 0.0001682 
466000 858 376.205 398.0 0.642 4.3878 0 0 0 0.000157 0.0001946 
467000 861 382.767 399.0 0.625 4.4739 0 0 0 0.0001362 0.0001009 
468000 862 403.992 398.0 0.592 4.7152 0 0 0 0.0001355 0.0001681 
469000 880 299.39 416.0 0.716 3.5067 0 0 0 0.0001513 0.0001765 
470000 890 257.589 426.0 0.768 3.0077 0 0 0 0.0001924 0.0002527 
471000 890 257.589 426.0 0.768 3.0077 0 0 0 0.0001379 8.94e-05 
472000 899 254.297 433.0 0.773 2.9762 0 0 0 0.0001599 0.0001944 
473000 903 237.467 437.0 0.79 2.7775 0 0 0 0.0001421 0.0001259 
474000 904 261.597 436.0 0.755 3.0555 0 0 0 0.0001277 0.0001456 
475000 905 285.245 435.0 0.72 3.3295 0 0 0 0.0001258 0.0001533 
476000 908 275.468 438.0 0.736 3.2152 0 0 0 0.0001272 0.0001183 
477000 911 290.921 439.0 0.713 3.4006 0 0 0 0.0001361 0.0001829 
478000 911 290.921 439.0 0.713 3.4006 0 0 0 0.000142 0.0001397 
479000 916 295.929 442.0 0.704 3.4625 0 0 0 0.0001603 0.000182 
480000 916 295.929 442.0 0.704 3.4625 0 0 0 0.0001412 0.0001317 
481000 919 307.131 443.0 0.683 3.5836 0 0 0 0.0001342 0.0001456 
482000 920 329.869 442.0 0.649 3.8588 0 0 0 0.0001318 0.0001401 
483000 920 329.869 442.0 0.649 3.8588 0 0 0 0.0001335 0.0001558 
484000 922 345.568 442.0 0.624 4.0316 0 0 0 0.000148 0.0001345 
485000 927 343.963 445.0 0.623 4.0114 0 0 0 0.0001416 0.0001975 
486000 931 331.728 449.0 0.652 3.871 0 0 0 0.0001543 0.0001472 
487000 931 331.728 449.0 0.652 3.871 0 0 0 0.0001185 0.0001128 
488000 934 342.469 450.0 0.634 4.0065 0 0 0 0.0001313 0.0001545 
489000 935 364.499 449.0 0.602 4.2606 0 0 0 0.0001555 0.0002013 
490000 939 354.018 453.0 0.633 4.1309 0 0 0 0.0001483 0.0001515 
491000 940 375.818 452.0 0.6 4.3815 0 0 0 0.0001443 0.0001472 
492000 942 362.123 454.0 0.616 4.2316 0 0 0 0.0001508 0.0001673 
493000 946 366.504 456.0 0.608 4.2782 0 0 0 0.0001232 0.0001356 
494000 946 366.504 456.0 0.608 4.2782 0 0 0 0.0001281 0.0001466 
495000 951 363.08 459.0 0.609 4.2503 0 0 0 0.0001261 0.0001283 
496000 954 371.072 460.0 0.593 4.3252 0 0 0 0.0001306 0.000169 
497000 960 334.621 466.0 0.64 3.9108 0 0 0 0.0001381 0.0001329 
498000 964 338.476 468.0 0.63 3.9491 0 0 0 0.0001256 0.0001659 
499000 964 338.476 468.0 0.63 3.9491 0 0 0 0.0001025 9.3e-05 
500000 965 360.587 467.0 0.597 4.2169 0 0 0 0.000126 0.0001368 
501000 967 375.35 467.0 0.574 4.3808 0 0 0 0.0001181 0.0001645 
502000 967 375.35 467.0 0.574 4.3808 0 0 0 0.000137 0.0001317 
503000 973 371.508 471.0 0.587 4.3446 0 0 0 0.0001273 0.000206 
504000 977 362.126 475.0 0.619 4.2316 0 0 0 0.0001403 0.0001361 
505000 978 356.003 476.0 0.626 4.152 0 0 0 0.000114 0.0001042 
506000 988 324.946 484.0 0.661 3.8001 0 0 0 0.0001454 0.0001946 
507000 988 324.946 484.0 0.661 3.8001 0 0 0 0.0001522 0.0001519 
508000 992 333.931 486.0 0.65 3.9012 0 0 0 0.0001457 0.000177 
509000 992 333.931 486.0 0.65 3.9012 0 0 0 0.0001231 0.0001137 
510000 993 356.132 485.0 0.617 4.1574 0 0 0 0.0001435 0.0001611 
511000 994 377.889 484.0 0.585 4.4085 0 0 0 0.0001272 0.000158 
512000 994 377.889 484.0 0.585 4.4085 0 0 0 0.0001283 0.0001588 
513000 997 385.392 485.0 0.571 4.4927 0 0 0 0.0001461 0.0001343 
514000 1002 379.226 488.0 0.575 4.4217 0 0 0 0.0001361 0.0002059 
515000 1002 379.226 488.0 0.575 4.4217 0 0 0 0.0001484 0.0001477 
516000 1005 389.611 489.0 0.562 4.5552 0 0 0 0.0001372 0.0001308 
517000 1005 389.611 489.0 0.562 4.5552 0 0 0 0.000129 0.0001172 
518000 1012 371.23 494.0 0.584 4.3321 0 0 0 0.0001317 0.0001638 
519000 1014 385.912 494.0 0.561 4.5128 0 0 0 0.0001317 0.0001284 
520000 1022 336.726 502.0 0.627 3.9269 0 0 0 0.0001508 0.0001707 
521000 1027 334.044 505.0 0.626 3.9084 0 0 0 0.0001333 0.0001431 
522000 1030 317.864 508.0 0.648 3.7124 0 0 0 0.000142 0.0001914 
523000 1035 316.807 511.0 0.645 3.6927 0 0 0 0.0001428 0.0001688 
524000 1040 300.067 516.0 0.679 3.5 0 0 0 0.000133 0.0001379 
525000 1063 209.389 539.0 0.798 2.4422 0 0 0 0.0001368 0.0001225 
526000 1063 209.389 539.0 0.798 2.4422 0 0 0 0.0001229 0.0001219 
527000 1074 202.998 548.0 0.806 2.3778 0 0 0 0.000132 0.0001946 
528000 1076 196.521 550.0 0.813 2.2928 0 0 0 0.0001198 0.0001065 
529000 1082 204.773 554.0 0.799 2.3858 0 0 0 0.0001379 0.0001819 
530000 1082 204.773 554.0 0.799 2.3858 0 0 0 0.0001085 0.0001504 
531000 1100 175.388 570.0 0.832 2.046 0 0 0 0.0001332 0.0001341 
532000 1103 171.465 573.0 0.841 2.006 0 0 0 0.0001357 0.0001642 
533000 1105 193.578 573.0 0.809 2.2579 0 0 0 0.0001352 0.0001573 
534000 1108 192.547 576.0 0.82 2.2398 0 0 0 0.0001351 0.0001331 
535000 1111 210.59 577.0 0.792 2.4549 0 0 0 0.0001279 0.0001848 
536000 1118 195.712 584.0 0.819 2.2881 0 0 0 0.0001261 0.0001307 
537000 1119 220.677 583.0 0.783 2.5704 0 0 0 0.0001381 0.0001352 
538000 1119 220.677 583.0 0.783 2.5704 0 0 0 0.000109 0.0001145 
539000 1120 245.144 582.0 0.747 2.8525 0 0 0 0.0001212 0.0001676 
540000 1123 259.775 583.0 0.724 3.0312 0 0 0 0.0001201 0.0001434 
541000 1123 259.775 583.0 0.724 3.0312 0 0 0 0.0001379 0.0001654 
542000 1130 257.581 588.0 0.725 3.0045 0 0 0 0.000125 0.0001488 
543000 1130 257.581 588.0 0.725 3.0045 0 0 0 0.0001441 0.0001419 
544000 1142 241.022 598.0 0.752 2.8052 0 0 0 0.000126 0.0001247 
545000 1145 246.358 601.0 0.767 2.873 0 0 0 0.0001452 0.0001565 
546000 1149 232.513 605.0 0.785 2.706 0 0 0 0.0001632 0.0001675 
547000 1152 248.663 606.0 0.759 2.8966 0 0 0 0.0001422 0.0001435 
548000 1152 248.663 606.0 0.759 2.8966 0 0 0 0.0001316 0.0001108 
549000 1156 260.602 608.0 0.74 3.0349 0 0 0 0.0001267 0.000154 
550000 1160 257.393 612.0 0.76 2.9967 0 0 0 0.0001298 0.0001422 
551000 1161 281.125 611.0 0.725 3.2832 0 0 0 0.0001206 0.0001238 
552000 1161 281.125 611.0 0.725 3.2832 0 0 0 0.0001474 0.0001766 
553000 1171 266.813 619.0 0.742 3.1224 0 0 0 0.000145 0.0001137 
554000 1171 266.813 619.0 0.742 3.1224 0 0 0 0.0001378 0.0001544 
555000 1177 270.39 623.0 0.735 3.1549 0 0 0 0.0001348 0.000182 
556000 1178 284.943 624.0 0.741 3.3263 0 0 0 0.0001431 0.0001412 
557000 1178 284.943 624.0 0.741 3.3263 0 0 0 0.0001119 0.0001273 
558000 1180 304.401 624.0 0.712 3.5514 0 0 0 0.0001479 0.0001671 
559000 1183 317.602 625.0 0.69 3.7085 0 0 0 0.0001421 0.0001691 
560000 1183 317.602 625.0 0.69 3.7085 0 0 0 0.0001281 0.0001292 
561000 1188 321.259 628.0 0.683 3.7505 0 0 0 0.0001334 0.0001283 
562000 1188 321.259 628.0 0.683 3.7505 0 0 0 0.0001272 0.0001817 
563000 1190 337.48 628.0 0.656 3.9469 0 0 0 0.0001182 0.0001117 
564000 1191 353.37 629.0 0.663 4.1203 0 0 0 0.0001399 0.0001972 
565000 1199 328.29 637.0 0.714 3.8228 0 0 0 0.0001526 0.0001735 
566000 1199 328.29 637.0 0.714 3.8228 0 0 0 0.0001244 0.0001077 
567000 1201 345.792 637.0 0.686 4.0442 0 0 0 0.00013 0.0001671 
568000 1202 367.756 636.0 0.652 4.298 0 0 0 0.0001076 0.0001321 
569000 1208 338.765 642.0 0.692 3.9562 0 0 0 0.0001455 0.0001766 
570000 1208 338.765 642.0 0.692 3.9562 0 0 0 0.0001279 0.0001095 
571000 1209 360.87 641.0 0.658 4.2088 0 0 0 0.0001314 0.0001232 
572000 1211 380.422 641.0 0.632 4.4472 0 0 0 0.0001156 0.0001942 
573000 1217 348.55 647.0 0.674 4.0769 0 0 0 0.0001443 0.0001217 
574000 1218 361.799 648.0 0.681 4.2294 0 0 0 0.000129 0.0001604 
575000 1219 383.443 647.0 0.647 4.4773 0 0 0 0.0001176 0.0001178 
576000 1231 315.678 659.0 0.723 3.6806 0 0 0 0.0001377 0.0001624 
577000 1231 315.678 659.0 0.723 3.6806 0 0 0 0.0001074 0.000129 
578000 1234 329.783 660.0 0.701 3.8552 0 0 0 0.0001136 0.0001208 
579000 1236 346.426 660.0 0.674 4.0371 0 0 0 0.0001309 0.000187 
580000 1247 291.919 671.0 0.739 3.4129 0 0 0 0.0001363 0.0001301 
581000 1253 282.262 677.0 0.768 3.2914 0 0 0 0.0001311 0.0001381 
582000 1253 282.262 677.0 0.768 3.2914 0 0 0 0.0001248 0.0001541 
583000 1255 299.887 677.0 0.738 3.5045 0 0 0 0.0001304 0.0001387 
584000 1257 317.074 677.0 0.71 3.696 0 0 0 0.0001227 0.0001576 
585000 1261 299.093 681.0 0.732 3.4958 0 0 0 0.0001489 0.0001778 
586000 1264 310.552 682.0 0.709 3.6284 0 0 0 0.0001423 0.0001555 
587000 1264 310.552 682.0 0.709 3.6284 0 0 0 0.0001494 0.0001522 
588000 1276 276.533 692.0 0.74 3.2224 0 0 0 0.0001508 0.0001465 
589000 1278 285.911 694.0 0.75 3.3319 0 0 0 0.0001285 0.000105 
590000 1282 286.536 698.0 0.77 3.3516 0 0 0 0.0001339 0.0001397 
591000 1282 286.536 698.0 0.77 3.3516 0 0 0 0.0001188 9.92e-05 
592000 1284 303.892 698.0 0.74 3.5446 0 0 0 0.0001266 0.0001641 
593000 1286 320.74 698.0 0.711 3.7509 0 0 0 0.0001161 0.0001539 
594000 1286 320.74 698.0 0.711 3.7509 0 0 0 0.0001269 0.00016 
595000 1294 310.342 704.0 0.719 3.625 0 0 0 0.0001296 0.000125 
596000 1302 275.064 712.0 0.761 3.2 0 0 0 0.0001347 0.000129 
597000 1303 284.363 713.0 0.766 3.3151 0 0 0 0.0001136 0.0001543 
598000 1310 270.935 720.0 0.797 3.168 0 0 0 0.0001516 0.0001431 
599000 1327 214.106 737.0 0.856 2.4975 0 0 0 0.0001216 0.000167 
600000 1334 193.318 744.0 0.875 2.2511 0 0 0 0.0001448 0.0001098 
601000 1335 218.332 743.0 0.837 2.5595 0 0 0 0.0001424 0.0001689 
602000 1336 218.025 744.0 0.841 2.545 0 0 0 0.0001421 0.000131 
603000 1344 216.614 750.0 0.83 2.532 0 0 0 0.0001535 0.0001614 
604000 1349 217.246 755.0 0.846 2.5376 0 0 0 0.0001292 0.0001608 
605000 1352 206.575 758.0 0.855 2.4185 0 0 0 0.0001447 0.0001311 
606000 1356 221.549 760.0 0.829 2.595 0 0 0 0.0001323 0.0001612 
607000 1365 207.411 769.0 0.857 2.4246 0 0 0 0.0001196 0.0001069 
608000 1368 200.807 772.0 0.866 2.3468 0 0 0 0.0001194 0.0001704 
609000 1369 225.671 771.0 0.828 2.6318 0 0 0 0.0001116 0.000102 
610000 1369 225.671 771.0 0.828 2.6318 0 0 0 0.0001406 0.0001511 
611000 1375 229.125 775.0 0.812 2.6786 0 0 0 0.0001218 0.0001452 
612000 1381 232.934 779.0 0.797 2.7257 0 0 0 0.0001262 0.0001553 
613000 1381 232.934 779.0 0.797 2.7257 0 0 0 0.0001236 0.0001424 
614000 1387 236.146 783.0 0.784 2.7481 0 0 0 0.0001271 0.0001315 
615000 1387 236.146 783.0 0.784 2.7481 0 0 0 0.0001133 0.0001197 
616000 1391 253.194 785.0 0.763 2.9551 0 0 0 0.0001204 0.0001414 
617000 1393 272.75 785.0 0.733 3.1894 0 0 0 0.0001221 0.000143 
618000 1393 272.75 785.0 0.733 3.1894 0 0 0 0.0001223 0.0001407 
619000 1395 291.172 785.0 0.705 3.3936 0 0 0 0.0001201 0.0001292 
620000 1396 314.228 784.0 0.671 3.6732 0 0 0 0.0001199 0.0001494 
621000 1397 310.524 785.0 0.677 3.6315 0 0 0 0.0001308 0.0001327 
622000 1402 314.452 788.0 0.671 3.6707 0 0 0 0.0001091 0.0001207 
623000 1404 306.712 790.0 0.684 3.5859 0 0 0 0.0001334 0.0001555 
624000 1405 329.458 789.0 0.651 3.8444 0 0 0 0.0001334 0.0001696 
625000 1406 351.749 788.0 0.618 4.0977 0 0 0 0.0001182 0.0001073 
626000 1411 321.256 793.0 0.654 3.7569 0 0 0 0.0001083 9.48e-05 
627000 1412 343.711 792.0 0.621 4.0113 0 0 0 0.000126 0.0001485 
628000 1412 343.711 792.0 0.621 4.0113 0 0 0 0.0001014 9.61e-05 
629000 1422 315.361 800.0 0.657 3.6808 0 0 0 0.0001326 0.0001623 
630000 1422 315.361 800.0 0.657 3.6808 0 0 0 0.0001274 0.0001629 
631000 1431 292.333 807.0 0.68 3.4103 0 0 0 0.0001269 0.0001125 
632000 1437 288.966 811.0 0.681 3.3718 0 0 0 0.000144 0.0001468 
633000 1444 263.113 818.0 0.723 3.0684 0 0 0 0.0001358 0.0001459 
634000 1444 263.113 818.0 0.723 3.0684 0 0 0 0.0001418 0.0001291 
635000 1455 245.355 827.0 0.745 2.8575 0 0 0 0.0001224 0.0001531 
636000 1457 243.852 829.0 0.755 2.8403 0 0 0 0.0001349 0.0001215 
637000 1461 254.654 831.0 0.737 2.9752 0 0 0 0.0001193 0.0001499 
638000 1470 225.317 840.0 0.78 2.6202 0 0 0 0.0001308 0.0001379 
639000 1473 242.056 841.0 0.755 2.8139 0 0 0 0.0001078 0.0001202 
640000 1474 237.855 842.0 0.76 2.7756 0 0 0 0.000141 0.000176 
641000 1482 238.122 848.0 0.761 2.7725 0 0 0 0.0001295 0.0001396 
642000 1482 238.122 848.0 0.761 2.7725 0 0 0 0.0001219 0.0001508 
643000 1483 260.44 849.0 0.766 3.037 0 0 0 0.0001299 0.000139 
644000 1484 284.111 848.0 0.73 3.3078 0 0 0 0.0001178 0.0001739 
645000 1485 302.169 849.0 0.736 3.5141 0 0 0 0.0001328 0.0001635 
646000 1486 297.205 850.0 0.741 3.4657 0 0 0 0.0001326 0.0001263 
647000 1489 309.203 851.0 0.718 3.6088 0 0 0 0.0001158 0.0001388 
648000 1489 309.203 851.0 0.718 3.6088 0 0 0 0.0001412 0.0002082 
649000 1499 284.165 859.0 0.736 3.3087 0 0 0 0.0001378 0.0001006 
650000 1500 307.362 858.0 0.701 3.5898 0 0 0 0.0001268 0.0001443 
651000 1504 289.018 862.0 0.725 3.3723 0 0 0 0.0001269 0.0001395 
652000 1505 312.117 861.0 0.69 3.6401 0 0 0 0.0001091 0.000139 
653000 1507 325.064 863.0 0.702 3.7905 0 0 0 0.0001324 0.0001629 
654000 1513 300.987 869.0 0.736 3.5018 0 0 0 0.0001373 0.000155 
655000 1520 281.583 876.0 0.771 3.2791 0 0 0 0.0001365 0.0001465 
656000 1521 302.211 877.0 0.776 3.5153 0 0 0 0.0001335 0.0001299 
657000 1521 302.211 877.0 0.776 3.5153 0 0 0 0.000124 0.0001335 
658000 1532 274.628 886.0 0.788 3.2085 0 0 0 0.0001215 0.0001278 
659000 1542 243.014 896.0 0.827 2.8348 0 0 0 0.000128 0.0001394 
660000 1544 235.049 898.0 0.833 2.7316 0 0 0 0.0001201 0.0001196 
661000 1546 254.543 898.0 0.801 2.9663 0 0 0 0.0001172 0.0001348 
662000 1549 256.325 901.0 0.813 2.9937 0 0 0 0.0001261 0.0001052 
663000 1554 260.766 904.0 0.794 3.0379 0 0 0 0.0001124 0.0001815 
664000 1563 228.865 913.0 0.828 2.6648 0 0 0 0.0001239 0.0001151 
665000 1563 228.865 913.0 0.828 2.6648 0 0 0 0.0001169 0.0001237 
666000 1570 231.317 918.0 0.815 2.6924 0 0 0 0.0001267 0.0001507 
667000 1573 246.644 919.0 0.788 2.8756 0 0 0 0.0001219 0.0001465 
668000 1573 246.644 919.0 0.788 2.8756 0 0 0 0.0001141 0.0001036 
669000 1577 256.375 921.0 0.766 2.9891 0 0 0 0.0001162 0.0001391 
670000 1578 280.128 920.0 0.731 3.2612 0 0 0 0.0001138 0.000153 
671000 1579 284.485 921.0 0.737 3.3151 0 0 0 0.0001237 0.0001414 
672000 1582 296.64 922.0 0.714 3.4617 0 0 0 0.0001254 0.0001606 
673000 1586 278.297 926.0 0.736 3.2528 0 0 0 0.000119 0.0001181 
674000 1588 296.019 926.0 0.707 3.4534 0 0 0 0.0001039 7.56e-05 
675000 1589 298.678 927.0 0.713 3.4946 0 0 0 0.0001092 0.0001548 
676000 1594 299.014 930.0 0.704 3.4928 0 0 0 0.0001312 0.0001394 
677000 1596 307.057 932.0 0.715 3.5897 0 0 0 0.0001351 0.0001664 
678000 1596 307.057 932.0 0.715 3.5897 0 0 0 0.0001118 8.08e-05 
679000 1599 317.866 933.0 0.694 3.7033 0 0 0 0.0001309 0.0001447 
680000 1602 327.88 934.0 0.673 3.8242 0 0 0 0.0001426 0.0001656 
681000 1602 327.88 934.0 0.673 3.8242 0 0 0 0.0001158 0.0001055 
682000 1606 338.495 936.0 0.661 3.9517 0 0 0 0.0001323 0.0001405 
683000 1611 332.816 941.0 0.694 3.8803 0 0 0 0.0001236 0.0001279 
684000 1639 204.601 969.0 0.826 2.3863 0 0 0 0.0001375 0.0001564 
685000 1640 200.909 970.0 0.829 2.3406 0 0 0 0.0001207 0.0001168 
686000 1649 200.246 977.0 0.824 2.3408 0 0 0 0.0001287 0.0001626 
687000 1652 192.46 980.0 0.834 2.2535 0 0 0 0.0001425 0.0001288 
688000 1653 217.491 979.0 0.797 2.5424 0 0 0 0.0001106 0.0001347 
689000 1657 227.216 983.0 0.813 2.6607 0 0 0 0.0001309 0.0001489 
690000 1662 219.678 988.0 0.831 2.5731 0 0 0 0.0001346 0.0001668 
691000 1662 219.678 988.0 0.831 2.5731 0 0 0 0.0001278 0.000117 
692000 1669 230.101 993.0 0.818 2.6981 0 0 0 0.0001058 0.0001159 
693000 1670 230.759 994.0 0.822 2.7027 0 0 0 0.0001174 9.29e-05 
694000 1673 245.957 995.0 0.794 2.8688 0 0 0 0.0001131 0.0001512 
695000 1673 245.957 995.0 0.794 2.8688 0 0 0 0.0001099 0.0001112 
696000 1676 261.362 996.0 0.767 3.0471 0 0 0 0.0001128 0.0001199 
697000 1685 248.372 1003.0 0.772 2.8994 0 0 0 0.0001064 0.0001615 
698000 1685 248.372 1003.0 0.772 2.8994 0 0 0 0.0001383 0.0001527 
699000 1703 201.5 1021.0 0.842 2.3559 0 0 0 0.0001409 0.0001523 
700000 1703 201.5 1021.0 0.842 2.3559 0 0 0 0.0001206 8.02e-05 
701000 1711 205.299 1027.0 0.83 2.4031 0 0 0 0.0001129 0.0001565 
702000 1711 205.299 1027.0 0.83 2.4031 0 0 0 0.0001008 0.0001056 
703000 1713 227.892 1027.0 0.798 2.6625 0 0 0 0.0001083 0.0001115 
704000 1714 252.214 1026.0 0.762 2.9403 0 0 0 0.0001138 0.0001158 
705000 1715 268.11 1027.0 0.767 3.1254 0 0 0 0.0001149 0.0001223 
706000 1715 268.11 1027.0 0.767 3.1254 0 0 0 0.0001264 0.0001667 
707000 1719 276.716 1029.0 0.747 3.2395 0 0 0 0.0001278 0.0001279 
708000 1721 285.177 1031.0 0.757 3.3288 0 0 0 0.000138 0.0001633 
709000 1722 308.353 1030.0 0.722 3.6134 0 0 0 0.0001292 0.00013 
710000 1722 308.353 1030.0 0.722 3.6134 0 0 0 0.0001193 0.0001531 
711000 1734 277.807 1040.0 0.75 3.2425 0 0 0 0.0001343 0.0001513 
712000 1750 218.636 1056.0 0.819 2.5586 0 0 0 0.0001177 0.0001117 
713000 1750 218.636 1056.0 0.819 2.5586 0 0 0 0.0001207 0.0001339 
714000 1762 203.571 1066.0 0.826 2.3847 0 0 0 0.0001349 0.0001437 
715000 1762 203.571 1066.0 0.826 2.3847 0 0 0 0.0001237 0.0001289 
716000 1775 190.191 1077.0 0.835 2.2257 0 0 0 0.0001137 9.36e-05 
717000 1784 173.972 1086.0 0.862 2.041 0 0 0 0.0001321 0.0001495 
718000 1790 175.517 1092.0 0.878 2.0567 0 0 0 0.0001139 0.000128 
719000 1795 168.711 1097.0 0.89 1.9792 0 0 0 0.0001379 0.0001321 
720000 1797 190.733 1097.0 0.855 2.2283 0 0 0 0.0001257 0.0001665 
721000 1798 188.058 1098.0 0.858 2.2038 0 0 0 0.0001229 0.0001066 
722000 1800 210.214 1098.0 0.824 2.4691 0 0 0 0.0001128 0.0001575 
723000 1801 234.889 1097.0 0.788 2.7534 0 0 0 0.0001263 0.0001286 
724000 1801 234.889 1097.0 0.788 2.7534 0 0 0 0.0001174 0.000107 
725000 1806 240.708 1100.0 0.771 2.8176 0 0 0 0.0001041 0.0001443 
726000 1809 247.831 1103.0 0.785 2.8932 0 0 0 0.0001343 0.0001378 
727000 1809 247.831 1103.0 0.785 2.8932 0 0 0 0.0001137 0.0001222 
728000 1814 268.591 1106.0 0.768 3.1422 0 0 0 0.0001102 0.0001232 
729000 1835 188.589 1127.0 0.849 2.2023 0 0 0 0.0001223 0.000145 
730000 1839 191.241 1131.0 0.86 2.2297 0 0 0 0.0001245 0.000128 
731000 1841 201.971 1133.0 0.866 2.3676 0 0 0 0.0001258 0.0001315 
732000 1841 201.971 1133.0 0.866 2.3676 0 0 0 0.0001176 0.000117 
733000 1843 223.095 1133.0 0.832 2.6066 0 0 0 0.0001165 0.0001129 
734000 1857 197.794 1145.0 0.843 2.3191 0 0 0 0.0001162 0.0001382 
735000 1860 187.796 1148.0 0.852 2.1903 0 0 0 0.0001107 0.000119 
736000 1865 199.541 1151.0 0.829 2.3341 0 0 0 0.0001145 0.0001421 
737000 1874 184.491 1160.0 0.858 2.1585 0 0 0 0.0001177 0.0001391 
738000 1881 181.365 1167.0 0.876 2.1176 0 0 0 0.000102 0.0001249 
739000 1888 165.198 1174.0 0.893 1.9389 0 0 0 0.0001321 0.0001433 
740000 1892 176.606 1178.0 0.901 2.0716 0 0 0 0.0001348 0.0001534 
741000 1894 181.556 1180.0 0.905 2.1177 0 0 0 0.0001173 0.0001087 
742000 1896 203.209 1180.0 0.869 2.3805 0 0 0 0.0001123 0.00014 
743000 1907 185.175 1191.0 0.895 2.1671 0 0 0 0.0001073 0.0001225 
744000 1911 173.402 1195.0 0.904 2.0297 0 0 0 0.0001111 9.5e-05 
745000 1913 195.318 1195.0 0.868 2.2924 0 0 0 0.0001075 0.0001091 
746000 1913 195.318 1195.0 0.868 2.2924 0 0 0 0.0001048 0.0001114 
747000 1918 204.661 1198.0 0.844 2.3856 0 0 0 0.0001052 0.0001151 
748000 1932 185.122 1212.0 0.882 2.1681 0 0 0 0.0001131 0.000173 
749000 1932 185.122 1212.0 0.882 2.1681 0 0 0 0.0001218 9.06e-05 
750000 1939 189.759 1217.0 0.862 2.2135 0 0 0 0.0001217 0.0001339 
751000 1939 189.759 1217.0 0.862 2.2135 0 0 0 0.0001127 0.0001264 
752000 1940 214.844 1216.0 0.825 2.5177 0 0 0 0.000118 0.0001326 
753000 1942 235.279 1216.0 0.793 2.7432 0 0 0 0.000136 0.000125 
754000 1945 250.462 1217.0 0.767 2.9252 0 0 0 0.0001091 0.0001175 
755000 1957 208.563 1229.0 0.817 2.432 0 0 0 0.0001333 0.0001425 
756000 1957 208.563 1229.0 0.817 2.432 0 0 0 0.0001081 0.0001009 
757000 1972 186.698 1242.0 0.835 2.1866 0 0 0 0.0001068 0.0001181 
758000 1972 186.698 1242.0 0.835 2.1866 0 0 0 0.0001001 0.000123 
759000 1974 208.007 1242.0 0.802 2.4263 0 0 0 9.75e-05 0.0001191 
760000 1975 232.727 1241.0 0.766 2.711 0 0 0 0.0001043 0.0001363 
761000 1975 232.727 1241.0 0.766 2.711 0 0 0 0.0001145 0.0001166 
762000 1977 257.133 1241.0 0.736 3.0066 0 0 0 0.0001041 0.0001135 
763000 1981 267.669 1243.0 0.719 3.1198 0 0 0 0.0001326 0.0001812 
764000 1982 262.716 1244.0 0.724 3.0592 0 0 0 0.0001085 0.0001102 
765000 1986 269.615 1248.0 0.746 3.1478 0 0 0 0.0001251 0.000137 
766000 1988 282.216 1250.0 0.756 3.2914 0 0 0 0.0001291 0.000143 
767000 1994 263.412 1256.0 0.784 3.0735 0 0 0 0.0001107 0.0001146 
768000 1996 282.243 1256.0 0.753 3.2818 0 0 0 0.0001216 0.0001742 
769000 1996 282.243 1256.0 0.753 3.2818 0 0 0 0.0001336 0.0001497 
770000 1999 302.806 1257.0 0.729 3.5217 0 0 0 0.0001182 0.0001056 
771000 2011 258.622 1269.0 0.788 3.0173 0 0 0 0.0001281 0.0001602 
772000 2016 237.597 1274.0 0.808 2.7621 0 0 0 0.0001273 0.000124 
773000 2027 219.904 1283.0 0.814 2.5594 0 0 0 0.0001321 0.000165 
774000 2051 151.009 1307.0 0.885 1.7633 0 0 0 0.000151 0.0001473 
775000 2055 142.252 1311.0 0.894 1.6561 0 0 0 0.0001198 9.42e-05 
776000 2060 161.946 1314.0 0.867 1.8878 0 0 0 0.0001313 0.0001254 
777000 2063 166.569 1317.0 0.875 1.9462 0 0 0 0.0001228 0.000141 
778000 2070 170.089 1324.0 0.892 1.9926 0 0 0 0.0001344 0.000151 
779000 2071 167.288 1325.0 0.894 1.9554 0 0 0 0.0001276 0.0001015 
780000 2081 169.523 1333.0 0.88 1.9814 0 0 0 0.0001038 0.0001295 
781000 2092 148.383 1344.0 0.904 1.723 0 0 0 0.0001219 0.000139 
782000 2092 148.383 1344.0 0.904 1.723 0 0 0 0.0001205 0.000138 
783000 2097 167.565 1347.0 0.876 1.9475 0 0 0 0.0001114 0.0001174 
784000 2101 183.426 1349.0 0.848 2.1312 0 0 0 0.0001341 0.0002119 
785000 2120 139.098 1368.0 0.897 1.6231 0 0 0 0.0001315 0.0001183 
786000 2121 159.176 1369.0 0.899 1.8579 0 0 0 0.0001154 0.0001179 
787000 2123 154.145 1371.0 0.903 1.8077 0 0 0 0.0001099 0.0001332 
788000 2125 176.683 1371.0 0.867 2.0583 0 0 0 0.0001097 8.56e-05 
789000 2126 202.03 1370.0 0.83 2.3503 0 0 0 0.0001138 0.0001477 
790000 2128 198.861 1372.0 0.837 2.3187 0 0 0 0.0001003 8.86e-05 
791000 2130 221.129 1372.0 0.804 2.5756 0 0 0 0.0001096 0.0001446 
792000 2136 205.705 1378.0 0.826 2.3948 0 0 0 0.000122 0.0001577 
793000 2138 226.621 1378.0 0.794 2.6435 0 0 0 0.0001168 0.0001274 
794000 2143 222.768 1383.0 0.814 2.5922 0 0 0 0.0001241 0.0001205 
795000 2157 188.372 1397.0 0.86 2.2031 0 0 0 0.0001136 0.0001355 
796000 2160 185.68 1400.0 0.868 2.1614 0 0 0 0.0001246 0.0001544 
797000 2163 206.647 1401.0 0.837 2.4105 0 0 0 0.0001252 0.0001614 
798000 2179 165.397 1417.0 0.882 1.9223 0 0 0 0.0001316 0.0001089 
799000 2180 163.889 1418.0 0.885 1.9096 0 0 0 0.0001197 0.0001106 
800000 2184 180.005 1420.0 0.856 2.1034 0 0 0 0.0001091 0.0001433 
801000 2197 162.389 1433.0 0.889 1.8913 0 0 0 0.0001189 0.0001341 
802000 2207 140.218 1443.0 0.909 1.63 0 0 0 0.0001301 0.0001514 
803000 2212 156.038 1446.0 0.881 1.8241 0 0 0 0.0001215 0.0001379 
804000 2212 156.038 1446.0 0.881 1.8241 0 0 0 0.0001003 8.45e-05 
805000 2224 154.7 1456.0 0.875 1.8053 0 0 0 0.0001116 0.0001043 
806000 2232 142.85 1464.0 0.893 1.6691 0 0 0 0.0001067 0.0001533 
807000 2233 168.873 1463.0 0.856 1.9665 0 0 0 0.0001055 9.79e-05 
808000 2234 166.276 1464.0 0.858 1.9308 0 0 0 0.0001127 0.0001437 
809000 2237 186.62 1465.0 0.828 2.1804 0 0 0 0.0001114 0.0001376 
810000 2251 162.487 1479.0 0.871 1.8912 0 0 0 0.0001297 0.0001371 
811000 2251 162.487 1479.0 0.871 1.8912 0 0 0 0.0001128 0.0001562 
812000 2255 178.139 1483.0 0.881 2.0808 0 0 0 0.0001137 0.0001148 
813000 2263 174.665 1491.0 0.899 2.04 0 0 0 0.0001145 0.0001272 
814000 2264 187.232 1492.0 0.901 2.1837 0 0 0 0.0001071 0.0001114 
815000 2272 176.316 1500.0 0.915 2.0659 0 0 0 0.0001075 0.0001423 
816000 2278 177.439 1506.0 0.925 2.0799 0 0 0 0.0001103 0.0001129 
817000 2278 177.439 1506.0 0.925 2.0799 0 0 0 9.33e-05 9.94e-05 
818000 2285 193.634 1511.0 0.899 2.2631 0 0 0 9.97e-05 0.0001206 
819000 2286 193.782 1512.0 0.902 2.2556 0 0 0 0.0001057 0.0001015 
820000 2296 188.988 1520.0 0.886 2.1978 0 0 0 0.0001077 0.0001254 
821000 2298 188.668 1522.0 0.891 2.1983 0 0 0 0.0001142 0.0001017 
822000 2299 201.354 1523.0 0.893 2.3531 0 0 0 9.21e-05 0.0001094 
823000 2301 222.083 1523.0 0.858 2.5897 0 0 0 0.0001035 0.0001029 
824000 2304 237.908 1524.0 0.828 2.7775 0 0 0 0.0001107 0.0001491 
825000 2318 192.358 1538.0 0.87 2.2506 0 0 0 0.0001119 0.0001064 
826000 2318 192.358 1538.0 0.87 2.2506 0 0 0 0.0001014 9.65e-05 
827000 2327 191.61 1545.0 0.858 2.2432 0 0 0 0.0001246 0.0001663 
828000 2341 168.485 1559.0 0.893 1.9612 0 0 0 0.0001231 0.0001347 
829000 2347 168.152 1565.0 0.905 1.9652 0 0 0 0.0001099 0.0001109 
830000 2355 148.958 1573.0 0.919 1.7299 0 0 0 0.0001056 0.0001173 
831000 2363 155.043 1579.0 0.897 1.8052 0 0 0 0.0001036 0.0001152 
832000 2373 134.392 1589.0 0.915 1.5588 0 0 0 0.0001059 0.0001037 
833000 2380 145.455 1594.0 0.891 1.6929 0 0 0 9.72e-05 0.0001173 
834000 2388 131.183 1602.0 0.907 1.5283 0 0 0 0.0001118 0.0001287 
835000 2389 157.44 1601.0 0.869 1.83 0 0 0 0.0001261 0.0001419 
836000 2389 157.44 1601.0 0.869 1.83 0 0 0 0.000113 0.0001188 
837000 2406 145.107 1616.0 0.878 1.7033 0 0 0 0.0001207 0.0001278 
838000 2409 139.73 1619.0 0.885 1.6367 0 0 0 0.0001181 0.0001164 
839000 2417 149.576 1625.0 0.868 1.7373 0 0 0 0.0001009 0.0001073 
840000 2424 138.998 1632.0 0.885 1.6182 0 0 0 0.0001148 0.0001148 
841000 2426 162.596 1632.0 0.851 1.9023 0 0 0 0.0001058 0.0001303 
842000 2426 162.596 1632.0 0.851 1.9023 0 0 0 0.0001063 0.0001025 
843000 2443 143.63 1649.0 0.894 1.6718 0 0 0 0.0001107 0.0001051 
844000 2443 143.63 1649.0 0.894 1.6718 0 0 0 0.000102 0.0001403 
845000 2448 162.205 1652.0 0.867 1.8948 0 0 0 0.000113 0.0001086 
846000 2452 166.903 1656.0 0.878 1.9506 0 0 0 0.0001066 0.0001087 
847000 2454 190.576 1656.0 0.843 2.2252 0 0 0 0.0001062 0.0001631 
848000 2458 179.371 1660.0 0.855 2.0855 0 0 0 9.5e-05 7.86e-05 
849000 2468 178.638 1668.0 0.849 2.0798 0 0 0 0.0001088 0.0001506 
850000 2494 117.825 1694.0 0.91 1.3681 0 0 0 0.0001145 9.06e-05 
851000 2494 117.825 1694.0 0.91 1.3681 0 0 0 9.58e-05 0.0001114 
852000 2506 123.58 1704.0 0.898 1.4408 0 0 0 0.0001124 0.000134 
853000 2507 132.149 1705.0 0.9 1.538 0 0 0 0.0001094 0.0001171 
854000 2511 151.466 1707.0 0.87 1.778 0 0 0 0.0001314 0.0001607 
855000 2521 144.726 1717.0 0.894 1.6882 0 0 0 0.0001165 0.0001271 
856000 2544 105.209 1740.0 0.933 1.2339 0 0 0 0.0001217 0.0001311 
857000 2547 114.869 1743.0 0.937 1.3409 0 0 0 0.0001262 0.0001126 
858000 2547 114.869 1743.0 0.937 1.3409 0 0 0 0.00012 0.0001351 
859000 2553 130.4 1747.0 0.908 1.5338 0 0 0 0.0001148 0.0001247 
860000 2554 156.672 1746.0 0.87 1.837 0 0 0 0.0001073 0.0001177 
861000 2554 156.672 1746.0 0.87 1.837 0 0 0 0.0001173 0.0001196 
862000 2563 159.614 1753.0 0.858 1.8659 0 0 0 0.0001125 0.0001294 
863000 2564 185.302 1752.0 0.82 2.1626 0 0 0 0.0001091 8.98e-05 
864000 2568 177.879 1756.0 0.834 2.0745 0 0 0 0.0001035 0.0001382 
865000 2579 172.333 1765.0 0.835 2.0109 0 0 0 0.0001085 0.0001519 
866000 2586 168.704 1772.0 0.856 1.9723 0 0 0 0.0001275 0.0001326 
867000 2586 168.704 1772.0 0.856 1.9723 0 0 0 0.0001095 0.0001462 
868000 2590 184.546 1774.0 0.83 2.1529 0 0 0 0.0001101 0.000103 
869000 2591 209.735 1773.0 0.793 2.4433 0 0 0 0.0001101 0.0001208 
870000 2596 208.62 1778.0 0.813 2.4325 0 0 0 0.0001071 0.000129 
871000 2601 206.815 1783.0 0.831 2.4187 0 0 0 0.0001138 0.0001207 
872000 2602 203.978 1784.0 0.835 2.3763 0 0 0 0.0001077 0.0001036 
873000 2609 206.839 1789.0 0.821 2.4076 0 0 0 0.0001055 0.0001278 
874000 2614 209.827 1794.0 0.838 2.4486 0 0 0 0.0001112 0.0001175 
875000 2619 195.013 1799.0 0.854 2.2757 0 0 0 0.0001161 0.0001107 
876000 2622 202.649 1802.0 0.862 2.3689 0 0 0 0.0001114 0.0001207 
877000 2623 219.136 1803.0 0.865 2.5626 0 0 0 9.92e-05 9.05e-05 
878000 2632 212.619 1810.0 0.853 2.4934 0 0 0 0.0001158 0.0001351 
879000 2641 190.292 1819.0 0.878 2.2207 0 0 0 0.0001075 0.0001073 
880000 2641 190.292 1819.0 0.878 2.2207 0 0 0 9.86e-05 0.0001102 
881000 2645 205.061 1821.0 0.85 2.3925 0 0 0 9.88e-05 0.0001017 
882000 2650 213.069 1826.0 0.864 2.4885 0 0 0 0.0001055 0.000109 
883000 2650 213.069 1826.0 0.864 2.4885 0 0 0 0.0001047 0.0001189 
884000 2666 187.647 1840.0 0.872 2.2 0 0 0 0.0001028 8.59e-05 
885000 2675 164.739 1849.0 0.893 1.9207 0 0 0 0.0001118 0.0001505 
886000 2685 161.903 1859.0 0.913 1.8974 0 0 0 0.0001151 0.0001134 
887000 2685 161.903 1859.0 0.913 1.8974 0 0 0 0.0001168 0.0001318 
888000 2692 177.348 1866.0 0.924 2.0812 0 0 0 0.0001032 0.0001229 
889000 2697 165.348 1871.0 0.932 1.9362 0 0 0 0.0001193 0.0001338 
890000 2698 190.921 1870.0 0.893 2.2291 0 0 0 0.0001014 9.86e-05 
891000 2698 190.921 1870.0 0.893 2.2291 0 0 0 0.0001043 0.0001279 
892000 2704 199.343 1874.0 0.869 2.3292 0 0 0 0.0001055 0.0001203 
893000 2707 219.406 1875.0 0.838 2.5653 0 0 0 0.0001126 0.0001109 
894000 2717 186.121 1885.0 0.868 2.1757 0 0 0 0.000116 9.91e-05 
895000 2723 193.939 1889.0 0.847 2.2607 0 0 0 8.92e-05 8.96e-05 
896000 2725 188.01 1891.0 0.853 2.1987 0 0 0 0.0001031 0.0001285 
897000 2726 213.129 1890.0 0.816 2.4856 0 0 0 0.0001163 0.0001289 
898000 2728 233.772 1890.0 0.784 2.731 0 0 0 0.0001027 8.58e-05 
899000 2733 227.259 1895.0 0.805 2.6499 0 0 0 0.0001063 0.0001257 
900000 2733 227.259 1895.0 0.805 2.6499 0 0 0 0.0001091 0.0001097 
901000 2738 237.377 1898.0 0.787 2.7761 0 0 0 0.000107 0.0001048 
902000 2741 252.185 1899.0 0.761 2.9354 0 0 0 0.0001091 0.0001487 
903000 2751 212.382 1909.0 0.804 2.4739 0 0 0 0.000115 0.000103 
904000 2756 211.421 1914.0 0.823 2.4605 0 0 0 0.0001214 0.0001412 
905000 2758 232.071 1914.0 0.791 2.709 0 0 0 0.0001102 9.68e-05 
906000 2759 232.53 1915.0 0.795 2.7142 0 0 0 0.0001094 0.000129 
907000 2761 244.223 1917.0 0.803 2.8456 0 0 0 0.000105 0.0001146 
908000 2767 243.293 1923.0 0.826 2.8452 0 0 0 0.0001219 0.0001206 
909000 2779 206.218 1935.0 0.863 2.4093 0 0 0 0.0001189 0.0001556 
910000 2779 206.218 1935.0 0.863 2.4093 0 0 0 9.77e-05 8.82e-05 
911000 2798 177.123 1952.0 0.879 2.0729 0 0 0 0.0001256 0.0001418 
912000 2805 172.418 1959.0 0.895 2.0053 0 0 0 0.0001045 0.0001206 
913000 2822 139.117 1976.0 0.926 1.6231 0 0 0 0.0001257 0.0001461 
914000 2825 149.146 1979.0 0.93 1.7531 0 0 0 0.0001194 0.0001172 
915000 2828 144.323 1982.0 0.934 1.6863 0 0 0 0.0001264 0.0001363 
916000 2842 132.869 1996.0 0.95 1.5533 0 0 0 0.0001131 0.0001193 
917000 2843 137.651 1997.0 0.951 1.615 0 0 0 0.0001163 0.000137 
918000 2845 161.183 1997.0 0.914 1.8778 0 0 0 0.0001089 0.0001292 
919000 2847 183.682 1997.0 0.878 2.1484 0 0 0 0.0001029 0.0001226 
920000 2847 183.682 1997.0 0.878 2.1484 0 0 0 9.65e-05 0.0001177 
921000 2852 202.604 2000.0 0.853 2.3644 0 0 0 0.0001062 0.0001292 
922000 2852 202.604 2000.0 0.853 2.3644 0 0 0 0.0001023 9.46e-05 
923000 2873 162.044 2019.0 0.877 1.8909 0 0 0 0.0001131 0.0001296 
924000 2880 150.75 2026.0 0.893 1.7558 0 0 0 0.0001052 0.0001132 
925000 2882 173.883 2026.0 0.858 2.0372 0 0 0 0.0001169 0.0001491 
926000 2890 165.266 2034.0 0.879 1.9304 0 0 0 0.0001226 0.0001417 
927000 2891 164.32 2035.0 0.882 1.92 0 0 0 9.39e-05 8.56e-05 
928000 2892 189.914 2034.0 0.844 2.2163 0 0 0 0.0001148 0.0001453 
929000 2895 207.947 2035.0 0.815 2.4312 0 0 0 0.0001115 9.94e-05 
930000 2902 191.574 2042.0 0.839 2.2464 0 0 0 0.0001193 0.0001366 
931000 2902 191.574 2042.0 0.839 2.2464 0 0 0 9.94e-05 7.34e-05 
932000 2910 193.585 2048.0 0.829 2.2546 0 0 0 9.62e-05 0.0001162 
933000 2912 209.781 2050.0 0.835 2.4532 0 0 0 0.0001008 0.0001019 
934000 2920 204.078 2058.0 0.86 2.3839 0 0 0 0.0001117 0.0001272 
935000 2928 181.184 2066.0 0.881 2.111 0 0 0 0.0001049 0.0001172 
936000 2931 199.866 2067.0 0.849 2.3317 0 0 0 0.000116 0.0001382 
937000 2940 178.517 2076.0 0.875 2.0969 0 0 0 0.0001136 0.0001257 
938000 2941 184.007 2077.0 0.877 2.1478 0 0 0 0.0001031 9.77e-05 
939000 2944 202.676 2078.0 0.846 2.3684 0 0 0 0.0001183 0.0001525 
940000 2944 202.676 2078.0 0.846 2.3684 0 0 0 0.0001288 0.0001316 
941000 2951 205.437 2083.0 0.831 2.4012 0 0 0 0.0001203 9.69e-05 
942000 2956 214.846 2086.0 0.81 2.5096 0 0 0 0.000102 0.0001403 
943000 2956 214.846 2086.0 0.81 2.5096 0 0 0 0.00011 0.0001146 
944000 2969 200.422 2097.0 0.823 2.3471 0 0 0 0.0001169 0.0001559 
945000 2987 156.815 2115.0 0.877 1.8325 0 0 0 0.0001251 0.0001119 
946000 2994 140.532 2122.0 0.893 1.6424 0 0 0 0.0001064 0.0001188 
947000 3003 138.9 2131.0 0.911 1.6245 0 0 0 9.87e-05 9.79e-05 
948000 3005 162.922 2131.0 0.875 1.9129 0 0 0 8.81e-05 9.5e-05 
949000 3006 162.364 2132.0 0.878 1.9055 0 0 0 0.0001055 0.0001091 
950000 3008 184.877 2132.0 0.843 2.1608 0 0 0 9.71e-05 0.000116 
951000 3012 197.041 2136.0 0.855 2.3048 0 0 0 0.0001164 0.0001281 
952000 3023 175.805 2147.0 0.884 2.0614 0 0 0 0.0001074 0.0001172 
953000 3038 146.471 2162.0 0.914 1.7038 0 0 0 0.0001156 0.0001223 
954000 3050 133.991 2174.0 0.933 1.558 0 0 0 0.0001017 9.97e-05 
955000 3062 122.274 2186.0 0.947 1.4301 0 0 0 0.0001076 0.000105 
956000 3079 100.594 2203.0 0.963 1.1728 0 0 0 0.0001046 0.0001208 
957000 3079 100.594 2203.0 0.963 1.1728 0 0 0 0.0001005 0.0001094 
958000 3084 121.407 2206.0 0.929 1.4139 0 0 0 0.0001072 0.0001154 
959000 3089 139.208 2209.0 0.899 1.6329 0 0 0 0.0001074 0.0001207 
960000 3096 133.335 2216.0 0.913 1.5636 0 0 0 0.0001221 0.0001427 
961000 3096 133.335 2216.0 0.913 1.5636 0 0 0 0.0001104 9.94e-05 
962000 3100 151.536 2218.0 0.882 1.7622 0 0 0 9.7e-05 9.27e-05 
963000 3101 177.385 2217.0 0.844 2.0776 0 0 0 0.0001007 0.000133 
964000 3112 156.481 2228.0 0.875 1.8222 0 0 0 0.0001047 0.0001191 
965000 3115 177.163 2229.0 0.844 2.0554 0 0 0 0.000112 0.0001384 
966000 3117 171.196 2231.0 0.85 1.9992 0 0 0 0.0001055 0.0001101 
967000 3124 182.005 2238.0 0.87 2.1152 0 0 0 9.59e-05 0.000104 
968000 3130 175.961 2244.0 0.885 2.0419 0 0 0 0.0001022 0.0001377 
969000 3131 187.542 2245.0 0.887 2.1779 0 0 0 0.0001252 0.0001373 
970000 3155 136.175 2269.0 0.93 1.5764 0 0 0 0.0001147 0.0001067 
971000 3155 136.175 2269.0 0.93 1.5764 0 0 0 9.66e-05 9.9e-05 
972000 3162 153.48 2274.0 0.904 1.7881 0 0 0 0.0001047 0.0001371 
973000 3162 153.48 2274.0 0.904 1.7881 0 0 0 9.94e-05 8.88e-05 
974000 3164 176.344 2274.0 0.869 2.0466 0 0 0 9.42e-05 0.0001344 
975000 3167 194.801 2275.0 0.838 2.2664 0 0 0 0.0001041 0.0001223 
976000 3172 184.495 2280.0 0.854 2.1562 0 0 0 0.0001108 0.0001013 
977000 3177 195.647 2283.0 0.831 2.2802 0 0 0 9.34e-05 0.0001092 
978000 3177 195.647 2283.0 0.831 2.2802 0 0 0 0.0001047 0.0001219 
979000 3188 193.396 2292.0 0.832 2.2578 0 0 0 9.97e-05 8.83e-05 
980000 3204 157.226 2308.0 0.878 1.8388 0 0 0 0.0001115 0.0001161 
981000 3214 141.165 2318.0 0.901 1.6427 0 0 0 9.8e-05 0.0001062 
982000 3214 141.165 2318.0 0.901 1.6427 0 0 0 0.000106 0.0001448 
983000 3220 153.696 2322.0 0.876 1.8029 0 0 0 9.73e-05 0.0001023 
984000 3222 179.212 2322.0 0.841 2.09 0 0 0 0.0001024 0.0001146 
985000 3222 179.212 2322.0 0.841 2.09 0 0 0 8.02e-05 6.53e-05 
986000 3224 200.817 2322.0 0.809 2.3501 0 0 0 0.0001034 0.0001195 
987000 3225 225.681 2321.0 0.772 2.6366 0 0 0 0.0001164 0.0001305 
988000 3229 228.025 2325.0 0.79 2.6577 0 0 0 0.0001132 0.0001213 
989000 3236 219.485 2332.0 0.818 2.5634 0 0 0 0.000113 0.0001025 
990000 3237 215.756 2333.0 0.821 2.5159 0 0 0 0.0001167 0.0001217 
991000 3246 212.501 2340.0 0.817 2.4854 0 0 0 0.0001141 0.000116 
992000 3246 212.501 2340.0 0.817 2.4854 0 0 0 9.84e-05 0.0001157 
993000 3255 207.375 2347.0 0.813 2.4168 0 0 0 0.0001038 0.0001055 
994000 3255 207.375 2347.0 0.813 2.4168 0 0 0 9.19e-05 8.41e-05 
995000 3275 173.955 2365.0 0.848 2.0376 0 0 0 0.0001038 0.0001133 
996000 3286 156.013 2376.0 0.878 1.8314 0 0 0 9.38e-05 8.54e-05 
997000 3286 156.013 2376.0 0.878 1.8314 0 0 0 0.0001154 0.0001447 
998000 3291 170.372 2379.0 0.853 1.9908 0 0 0 9.69e-05 0.0001123 
999000 3294 189.712 2380.0 0.823 2.2197 0 0 0 0.0001022 0.0001115 
